
AVRASM ver. 2.1.30  D:\Projects AVR\BLDC_Atmega8\Debug\List\BLDC_Atmega8.asm Wed Jan 08 22:32:26 2020

D:\Projects AVR\BLDC_Atmega8\Debug\List\BLDC_Atmega8.asm(1086): warning: Register r5 already defined by the .DEF directive
D:\Projects AVR\BLDC_Atmega8\Debug\List\BLDC_Atmega8.asm(1087): warning: Register r4 already defined by the .DEF directive
D:\Projects AVR\BLDC_Atmega8\Debug\List\BLDC_Atmega8.asm(1088): warning: Register r7 already defined by the .DEF directive
D:\Projects AVR\BLDC_Atmega8\Debug\List\BLDC_Atmega8.asm(1089): warning: Register r6 already defined by the .DEF directive
                 
                 
                 ;CodeVisionAVR C Compiler V3.12 Advanced
                 ;(C) Copyright 1998-2014 Pavel Haiduc, HP InfoTech s.r.l.
                 ;http://www.hpinfotech.com
                 
                 ;Build configuration    : Debug
                 ;Chip type              : ATmega8A
                 ;Program type           : Application
                 ;Clock frequency        : 8,000000 MHz
                 ;Memory model           : Small
                 ;Optimize for           : Size
                 ;(s)printf features     : int, width
                 ;(s)scanf features      : int, width
                 ;External RAM size      : 0
                 ;Data Stack size        : 256 byte(s)
                 ;Heap size              : 0 byte(s)
                 ;Promote 'char' to 'int': Yes
                 ;'char' is unsigned     : Yes
                 ;8 bit enums            : Yes
                 ;Global 'const' stored in FLASH: Yes
                 ;Enhanced function parameter passing: Yes
                 ;Enhanced core instructions: On
                 ;Automatic register allocation for global variables: On
                 ;Smart register allocation: On
                 
                 	#define _MODEL_SMALL_
                 
                 	#pragma AVRPART ADMIN PART_NAME ATmega8A
                 	#pragma AVRPART MEMORY PROG_FLASH 8192
                 	#pragma AVRPART MEMORY EEPROM 512
                 	#pragma AVRPART MEMORY INT_SRAM SIZE 1024
                 	#pragma AVRPART MEMORY INT_SRAM START_ADDR 0x60
                 
                 	.LISTMAC
                 	.EQU UDRE=0x5
                 	.EQU RXC=0x7
                 	.EQU USR=0xB
                 	.EQU UDR=0xC
                 	.EQU SPSR=0xE
                 	.EQU SPDR=0xF
                 	.EQU EERE=0x0
                 	.EQU EEWE=0x1
                 	.EQU EEMWE=0x2
                 	.EQU EECR=0x1C
                 	.EQU EEDR=0x1D
                 	.EQU EEARL=0x1E
                 	.EQU EEARH=0x1F
                 	.EQU WDTCR=0x21
                 	.EQU MCUCR=0x35
                 	.EQU GICR=0x3B
                 	.EQU SPL=0x3D
                 	.EQU SPH=0x3E
                 	.EQU SREG=0x3F
                 
                 	.DEF R0X0=R0
                 	.DEF R0X1=R1
                 	.DEF R0X2=R2
                 	.DEF R0X3=R3
                 	.DEF R0X4=R4
                 	.DEF R0X5=R5
                 	.DEF R0X6=R6
                 	.DEF R0X7=R7
                 	.DEF R0X8=R8
                 	.DEF R0X9=R9
                 	.DEF R0XA=R10
                 	.DEF R0XB=R11
                 	.DEF R0XC=R12
                 	.DEF R0XD=R13
                 	.DEF R0XE=R14
                 	.DEF R0XF=R15
                 	.DEF R0X10=R16
                 	.DEF R0X11=R17
                 	.DEF R0X12=R18
                 	.DEF R0X13=R19
                 	.DEF R0X14=R20
                 	.DEF R0X15=R21
                 	.DEF R0X16=R22
                 	.DEF R0X17=R23
                 	.DEF R0X18=R24
                 	.DEF R0X19=R25
                 	.DEF R0X1A=R26
                 	.DEF R0X1B=R27
                 	.DEF R0X1C=R28
                 	.DEF R0X1D=R29
                 	.DEF R0X1E=R30
                 	.DEF R0X1F=R31
                 
                 	.EQU __SRAM_START=0x0060
                 	.EQU __SRAM_END=0x045F
                 	.EQU __DSTACK_SIZE=0x0100
                 	.EQU __HEAP_SIZE=0x0000
                 	.EQU __CLEAR_SRAM_SIZE=__SRAM_END-__SRAM_START+1
                 
                 	.MACRO __CPD1N
                 	CPI  R30,LOW(@0)
                 	LDI  R26,HIGH(@0)
                 	CPC  R31,R26
                 	LDI  R26,BYTE3(@0)
                 	CPC  R22,R26
                 	LDI  R26,BYTE4(@0)
                 	CPC  R23,R26
                 	.ENDM
                 
                 	.MACRO __CPD2N
                 	CPI  R26,LOW(@0)
                 	LDI  R30,HIGH(@0)
                 	CPC  R27,R30
                 	LDI  R30,BYTE3(@0)
                 	CPC  R24,R30
                 	LDI  R30,BYTE4(@0)
                 	CPC  R25,R30
                 	.ENDM
                 
                 	.MACRO __CPWRR
                 	CP   R@0,R@2
                 	CPC  R@1,R@3
                 	.ENDM
                 
                 	.MACRO __CPWRN
                 	CPI  R@0,LOW(@2)
                 	LDI  R30,HIGH(@2)
                 	CPC  R@1,R30
                 	.ENDM
                 
                 	.MACRO __ADDB1MN
                 	SUBI R30,LOW(-@0-(@1))
                 	.ENDM
                 
                 	.MACRO __ADDB2MN
                 	SUBI R26,LOW(-@0-(@1))
                 	.ENDM
                 
                 	.MACRO __ADDW1MN
                 	SUBI R30,LOW(-@0-(@1))
                 	SBCI R31,HIGH(-@0-(@1))
                 	.ENDM
                 
                 	.MACRO __ADDW2MN
                 	SUBI R26,LOW(-@0-(@1))
                 	SBCI R27,HIGH(-@0-(@1))
                 	.ENDM
                 
                 	.MACRO __ADDW1FN
                 	SUBI R30,LOW(-2*@0-(@1))
                 	SBCI R31,HIGH(-2*@0-(@1))
                 	.ENDM
                 
                 	.MACRO __ADDD1FN
                 	SUBI R30,LOW(-2*@0-(@1))
                 	SBCI R31,HIGH(-2*@0-(@1))
                 	SBCI R22,BYTE3(-2*@0-(@1))
                 	.ENDM
                 
                 	.MACRO __ADDD1N
                 	SUBI R30,LOW(-@0)
                 	SBCI R31,HIGH(-@0)
                 	SBCI R22,BYTE3(-@0)
                 	SBCI R23,BYTE4(-@0)
                 	.ENDM
                 
                 	.MACRO __ADDD2N
                 	SUBI R26,LOW(-@0)
                 	SBCI R27,HIGH(-@0)
                 	SBCI R24,BYTE3(-@0)
                 	SBCI R25,BYTE4(-@0)
                 	.ENDM
                 
                 	.MACRO __SUBD1N
                 	SUBI R30,LOW(@0)
                 	SBCI R31,HIGH(@0)
                 	SBCI R22,BYTE3(@0)
                 	SBCI R23,BYTE4(@0)
                 	.ENDM
                 
                 	.MACRO __SUBD2N
                 	SUBI R26,LOW(@0)
                 	SBCI R27,HIGH(@0)
                 	SBCI R24,BYTE3(@0)
                 	SBCI R25,BYTE4(@0)
                 	.ENDM
                 
                 	.MACRO __ANDBMNN
                 	LDS  R30,@0+(@1)
                 	ANDI R30,LOW(@2)
                 	STS  @0+(@1),R30
                 	.ENDM
                 
                 	.MACRO __ANDWMNN
                 	LDS  R30,@0+(@1)
                 	ANDI R30,LOW(@2)
                 	STS  @0+(@1),R30
                 	LDS  R30,@0+(@1)+1
                 	ANDI R30,HIGH(@2)
                 	STS  @0+(@1)+1,R30
                 	.ENDM
                 
                 	.MACRO __ANDD1N
                 	ANDI R30,LOW(@0)
                 	ANDI R31,HIGH(@0)
                 	ANDI R22,BYTE3(@0)
                 	ANDI R23,BYTE4(@0)
                 	.ENDM
                 
                 	.MACRO __ANDD2N
                 	ANDI R26,LOW(@0)
                 	ANDI R27,HIGH(@0)
                 	ANDI R24,BYTE3(@0)
                 	ANDI R25,BYTE4(@0)
                 	.ENDM
                 
                 	.MACRO __ORBMNN
                 	LDS  R30,@0+(@1)
                 	ORI  R30,LOW(@2)
                 	STS  @0+(@1),R30
                 	.ENDM
                 
                 	.MACRO __ORWMNN
                 	LDS  R30,@0+(@1)
                 	ORI  R30,LOW(@2)
                 	STS  @0+(@1),R30
                 	LDS  R30,@0+(@1)+1
                 	ORI  R30,HIGH(@2)
                 	STS  @0+(@1)+1,R30
                 	.ENDM
                 
                 	.MACRO __ORD1N
                 	ORI  R30,LOW(@0)
                 	ORI  R31,HIGH(@0)
                 	ORI  R22,BYTE3(@0)
                 	ORI  R23,BYTE4(@0)
                 	.ENDM
                 
                 	.MACRO __ORD2N
                 	ORI  R26,LOW(@0)
                 	ORI  R27,HIGH(@0)
                 	ORI  R24,BYTE3(@0)
                 	ORI  R25,BYTE4(@0)
                 	.ENDM
                 
                 	.MACRO __DELAY_USB
                 	LDI  R24,LOW(@0)
                 __DELAY_USB_LOOP:
                 	DEC  R24
                 	BRNE __DELAY_USB_LOOP
                 	.ENDM
                 
                 	.MACRO __DELAY_USW
                 	LDI  R24,LOW(@0)
                 	LDI  R25,HIGH(@0)
                 __DELAY_USW_LOOP:
                 	SBIW R24,1
                 	BRNE __DELAY_USW_LOOP
                 	.ENDM
                 
                 	.MACRO __GETD1S
                 	LDD  R30,Y+@0
                 	LDD  R31,Y+@0+1
                 	LDD  R22,Y+@0+2
                 	LDD  R23,Y+@0+3
                 	.ENDM
                 
                 	.MACRO __GETD2S
                 	LDD  R26,Y+@0
                 	LDD  R27,Y+@0+1
                 	LDD  R24,Y+@0+2
                 	LDD  R25,Y+@0+3
                 	.ENDM
                 
                 	.MACRO __PUTD1S
                 	STD  Y+@0,R30
                 	STD  Y+@0+1,R31
                 	STD  Y+@0+2,R22
                 	STD  Y+@0+3,R23
                 	.ENDM
                 
                 	.MACRO __PUTD2S
                 	STD  Y+@0,R26
                 	STD  Y+@0+1,R27
                 	STD  Y+@0+2,R24
                 	STD  Y+@0+3,R25
                 	.ENDM
                 
                 	.MACRO __PUTDZ2
                 	STD  Z+@0,R26
                 	STD  Z+@0+1,R27
                 	STD  Z+@0+2,R24
                 	STD  Z+@0+3,R25
                 	.ENDM
                 
                 	.MACRO __CLRD1S
                 	STD  Y+@0,R30
                 	STD  Y+@0+1,R30
                 	STD  Y+@0+2,R30
                 	STD  Y+@0+3,R30
                 	.ENDM
                 
                 	.MACRO __POINTB1MN
                 	LDI  R30,LOW(@0+(@1))
                 	.ENDM
                 
                 	.MACRO __POINTW1MN
                 	LDI  R30,LOW(@0+(@1))
                 	LDI  R31,HIGH(@0+(@1))
                 	.ENDM
                 
                 	.MACRO __POINTD1M
                 	LDI  R30,LOW(@0)
                 	LDI  R31,HIGH(@0)
                 	LDI  R22,BYTE3(@0)
                 	LDI  R23,BYTE4(@0)
                 	.ENDM
                 
                 	.MACRO __POINTW1FN
                 	LDI  R30,LOW(2*@0+(@1))
                 	LDI  R31,HIGH(2*@0+(@1))
                 	.ENDM
                 
                 	.MACRO __POINTD1FN
                 	LDI  R30,LOW(2*@0+(@1))
                 	LDI  R31,HIGH(2*@0+(@1))
                 	LDI  R22,BYTE3(2*@0+(@1))
                 	LDI  R23,BYTE4(2*@0+(@1))
                 	.ENDM
                 
                 	.MACRO __POINTB2MN
                 	LDI  R26,LOW(@0+(@1))
                 	.ENDM
                 
                 	.MACRO __POINTW2MN
                 	LDI  R26,LOW(@0+(@1))
                 	LDI  R27,HIGH(@0+(@1))
                 	.ENDM
                 
                 	.MACRO __POINTW2FN
                 	LDI  R26,LOW(2*@0+(@1))
                 	LDI  R27,HIGH(2*@0+(@1))
                 	.ENDM
                 
                 	.MACRO __POINTD2FN
                 	LDI  R26,LOW(2*@0+(@1))
                 	LDI  R27,HIGH(2*@0+(@1))
                 	LDI  R24,BYTE3(2*@0+(@1))
                 	LDI  R25,BYTE4(2*@0+(@1))
                 	.ENDM
                 
                 	.MACRO __POINTBRM
                 	LDI  R@0,LOW(@1)
                 	.ENDM
                 
                 	.MACRO __POINTWRM
                 	LDI  R@0,LOW(@2)
                 	LDI  R@1,HIGH(@2)
                 	.ENDM
                 
                 	.MACRO __POINTBRMN
                 	LDI  R@0,LOW(@1+(@2))
                 	.ENDM
                 
                 	.MACRO __POINTWRMN
                 	LDI  R@0,LOW(@2+(@3))
                 	LDI  R@1,HIGH(@2+(@3))
                 	.ENDM
                 
                 	.MACRO __POINTWRFN
                 	LDI  R@0,LOW(@2*2+(@3))
                 	LDI  R@1,HIGH(@2*2+(@3))
                 	.ENDM
                 
                 	.MACRO __GETD1N
                 	LDI  R30,LOW(@0)
                 	LDI  R31,HIGH(@0)
                 	LDI  R22,BYTE3(@0)
                 	LDI  R23,BYTE4(@0)
                 	.ENDM
                 
                 	.MACRO __GETD2N
                 	LDI  R26,LOW(@0)
                 	LDI  R27,HIGH(@0)
                 	LDI  R24,BYTE3(@0)
                 	LDI  R25,BYTE4(@0)
                 	.ENDM
                 
                 	.MACRO __GETB1MN
                 	LDS  R30,@0+(@1)
                 	.ENDM
                 
                 	.MACRO __GETB1HMN
                 	LDS  R31,@0+(@1)
                 	.ENDM
                 
                 	.MACRO __GETW1MN
                 	LDS  R30,@0+(@1)
                 	LDS  R31,@0+(@1)+1
                 	.ENDM
                 
                 	.MACRO __GETD1MN
                 	LDS  R30,@0+(@1)
                 	LDS  R31,@0+(@1)+1
                 	LDS  R22,@0+(@1)+2
                 	LDS  R23,@0+(@1)+3
                 	.ENDM
                 
                 	.MACRO __GETBRMN
                 	LDS  R@0,@1+(@2)
                 	.ENDM
                 
                 	.MACRO __GETWRMN
                 	LDS  R@0,@2+(@3)
                 	LDS  R@1,@2+(@3)+1
                 	.ENDM
                 
                 	.MACRO __GETWRZ
                 	LDD  R@0,Z+@2
                 	LDD  R@1,Z+@2+1
                 	.ENDM
                 
                 	.MACRO __GETD2Z
                 	LDD  R26,Z+@0
                 	LDD  R27,Z+@0+1
                 	LDD  R24,Z+@0+2
                 	LDD  R25,Z+@0+3
                 	.ENDM
                 
                 	.MACRO __GETB2MN
                 	LDS  R26,@0+(@1)
                 	.ENDM
                 
                 	.MACRO __GETW2MN
                 	LDS  R26,@0+(@1)
                 	LDS  R27,@0+(@1)+1
                 	.ENDM
                 
                 	.MACRO __GETD2MN
                 	LDS  R26,@0+(@1)
                 	LDS  R27,@0+(@1)+1
                 	LDS  R24,@0+(@1)+2
                 	LDS  R25,@0+(@1)+3
                 	.ENDM
                 
                 	.MACRO __PUTB1MN
                 	STS  @0+(@1),R30
                 	.ENDM
                 
                 	.MACRO __PUTW1MN
                 	STS  @0+(@1),R30
                 	STS  @0+(@1)+1,R31
                 	.ENDM
                 
                 	.MACRO __PUTD1MN
                 	STS  @0+(@1),R30
                 	STS  @0+(@1)+1,R31
                 	STS  @0+(@1)+2,R22
                 	STS  @0+(@1)+3,R23
                 	.ENDM
                 
                 	.MACRO __PUTB1EN
                 	LDI  R26,LOW(@0+(@1))
                 	LDI  R27,HIGH(@0+(@1))
                 	RCALL __EEPROMWRB
                 	.ENDM
                 
                 	.MACRO __PUTW1EN
                 	LDI  R26,LOW(@0+(@1))
                 	LDI  R27,HIGH(@0+(@1))
                 	RCALL __EEPROMWRW
                 	.ENDM
                 
                 	.MACRO __PUTD1EN
                 	LDI  R26,LOW(@0+(@1))
                 	LDI  R27,HIGH(@0+(@1))
                 	RCALL __EEPROMWRD
                 	.ENDM
                 
                 	.MACRO __PUTBR0MN
                 	STS  @0+(@1),R0
                 	.ENDM
                 
                 	.MACRO __PUTBMRN
                 	STS  @0+(@1),R@2
                 	.ENDM
                 
                 	.MACRO __PUTWMRN
                 	STS  @0+(@1),R@2
                 	STS  @0+(@1)+1,R@3
                 	.ENDM
                 
                 	.MACRO __PUTBZR
                 	STD  Z+@1,R@0
                 	.ENDM
                 
                 	.MACRO __PUTWZR
                 	STD  Z+@2,R@0
                 	STD  Z+@2+1,R@1
                 	.ENDM
                 
                 	.MACRO __GETW1R
                 	MOV  R30,R@0
                 	MOV  R31,R@1
                 	.ENDM
                 
                 	.MACRO __GETW2R
                 	MOV  R26,R@0
                 	MOV  R27,R@1
                 	.ENDM
                 
                 	.MACRO __GETWRN
                 	LDI  R@0,LOW(@2)
                 	LDI  R@1,HIGH(@2)
                 	.ENDM
                 
                 	.MACRO __PUTW1R
                 	MOV  R@0,R30
                 	MOV  R@1,R31
                 	.ENDM
                 
                 	.MACRO __PUTW2R
                 	MOV  R@0,R26
                 	MOV  R@1,R27
                 	.ENDM
                 
                 	.MACRO __ADDWRN
                 	SUBI R@0,LOW(-@2)
                 	SBCI R@1,HIGH(-@2)
                 	.ENDM
                 
                 	.MACRO __ADDWRR
                 	ADD  R@0,R@2
                 	ADC  R@1,R@3
                 	.ENDM
                 
                 	.MACRO __SUBWRN
                 	SUBI R@0,LOW(@2)
                 	SBCI R@1,HIGH(@2)
                 	.ENDM
                 
                 	.MACRO __SUBWRR
                 	SUB  R@0,R@2
                 	SBC  R@1,R@3
                 	.ENDM
                 
                 	.MACRO __ANDWRN
                 	ANDI R@0,LOW(@2)
                 	ANDI R@1,HIGH(@2)
                 	.ENDM
                 
                 	.MACRO __ANDWRR
                 	AND  R@0,R@2
                 	AND  R@1,R@3
                 	.ENDM
                 
                 	.MACRO __ORWRN
                 	ORI  R@0,LOW(@2)
                 	ORI  R@1,HIGH(@2)
                 	.ENDM
                 
                 	.MACRO __ORWRR
                 	OR   R@0,R@2
                 	OR   R@1,R@3
                 	.ENDM
                 
                 	.MACRO __EORWRR
                 	EOR  R@0,R@2
                 	EOR  R@1,R@3
                 	.ENDM
                 
                 	.MACRO __GETWRS
                 	LDD  R@0,Y+@2
                 	LDD  R@1,Y+@2+1
                 	.ENDM
                 
                 	.MACRO __PUTBSR
                 	STD  Y+@1,R@0
                 	.ENDM
                 
                 	.MACRO __PUTWSR
                 	STD  Y+@2,R@0
                 	STD  Y+@2+1,R@1
                 	.ENDM
                 
                 	.MACRO __MOVEWRR
                 	MOV  R@0,R@2
                 	MOV  R@1,R@3
                 	.ENDM
                 
                 	.MACRO __INWR
                 	IN   R@0,@2
                 	IN   R@1,@2+1
                 	.ENDM
                 
                 	.MACRO __OUTWR
                 	OUT  @2+1,R@1
                 	OUT  @2,R@0
                 	.ENDM
                 
                 	.MACRO __CALL1MN
                 	LDS  R30,@0+(@1)
                 	LDS  R31,@0+(@1)+1
                 	ICALL
                 	.ENDM
                 
                 	.MACRO __CALL1FN
                 	LDI  R30,LOW(2*@0+(@1))
                 	LDI  R31,HIGH(2*@0+(@1))
                 	RCALL __GETW1PF
                 	ICALL
                 	.ENDM
                 
                 	.MACRO __CALL2EN
                 	PUSH R26
                 	PUSH R27
                 	LDI  R26,LOW(@0+(@1))
                 	LDI  R27,HIGH(@0+(@1))
                 	RCALL __EEPROMRDW
                 	POP  R27
                 	POP  R26
                 	ICALL
                 	.ENDM
                 
                 	.MACRO __CALL2EX
                 	SUBI R26,LOW(-@0)
                 	SBCI R27,HIGH(-@0)
                 	RCALL __EEPROMRDD
                 	ICALL
                 	.ENDM
                 
                 	.MACRO __GETW1STACK
                 	IN   R30,SPL
                 	IN   R31,SPH
                 	ADIW R30,@0+1
                 	LD   R0,Z+
                 	LD   R31,Z
                 	MOV  R30,R0
                 	.ENDM
                 
                 	.MACRO __GETD1STACK
                 	IN   R30,SPL
                 	IN   R31,SPH
                 	ADIW R30,@0+1
                 	LD   R0,Z+
                 	LD   R1,Z+
                 	LD   R22,Z
                 	MOVW R30,R0
                 	.ENDM
                 
                 	.MACRO __NBST
                 	BST  R@0,@1
                 	IN   R30,SREG
                 	LDI  R31,0x40
                 	EOR  R30,R31
                 	OUT  SREG,R30
                 	.ENDM
                 
                 
                 	.MACRO __PUTB1SN
                 	LDD  R26,Y+@0
                 	LDD  R27,Y+@0+1
                 	SUBI R26,LOW(-@1)
                 	SBCI R27,HIGH(-@1)
                 	ST   X,R30
                 	.ENDM
                 
                 	.MACRO __PUTW1SN
                 	LDD  R26,Y+@0
                 	LDD  R27,Y+@0+1
                 	SUBI R26,LOW(-@1)
                 	SBCI R27,HIGH(-@1)
                 	ST   X+,R30
                 	ST   X,R31
                 	.ENDM
                 
                 	.MACRO __PUTD1SN
                 	LDD  R26,Y+@0
                 	LDD  R27,Y+@0+1
                 	SUBI R26,LOW(-@1)
                 	SBCI R27,HIGH(-@1)
                 	RCALL __PUTDP1
                 	.ENDM
                 
                 	.MACRO __PUTB1SNS
                 	LDD  R26,Y+@0
                 	LDD  R27,Y+@0+1
                 	ADIW R26,@1
                 	ST   X,R30
                 	.ENDM
                 
                 	.MACRO __PUTW1SNS
                 	LDD  R26,Y+@0
                 	LDD  R27,Y+@0+1
                 	ADIW R26,@1
                 	ST   X+,R30
                 	ST   X,R31
                 	.ENDM
                 
                 	.MACRO __PUTD1SNS
                 	LDD  R26,Y+@0
                 	LDD  R27,Y+@0+1
                 	ADIW R26,@1
                 	RCALL __PUTDP1
                 	.ENDM
                 
                 	.MACRO __PUTB1PMN
                 	LDS  R26,@0
                 	LDS  R27,@0+1
                 	SUBI R26,LOW(-@1)
                 	SBCI R27,HIGH(-@1)
                 	ST   X,R30
                 	.ENDM
                 
                 	.MACRO __PUTW1PMN
                 	LDS  R26,@0
                 	LDS  R27,@0+1
                 	SUBI R26,LOW(-@1)
                 	SBCI R27,HIGH(-@1)
                 	ST   X+,R30
                 	ST   X,R31
                 	.ENDM
                 
                 	.MACRO __PUTD1PMN
                 	LDS  R26,@0
                 	LDS  R27,@0+1
                 	SUBI R26,LOW(-@1)
                 	SBCI R27,HIGH(-@1)
                 	RCALL __PUTDP1
                 	.ENDM
                 
                 	.MACRO __PUTB1PMNS
                 	LDS  R26,@0
                 	LDS  R27,@0+1
                 	ADIW R26,@1
                 	ST   X,R30
                 	.ENDM
                 
                 	.MACRO __PUTW1PMNS
                 	LDS  R26,@0
                 	LDS  R27,@0+1
                 	ADIW R26,@1
                 	ST   X+,R30
                 	ST   X,R31
                 	.ENDM
                 
                 	.MACRO __PUTD1PMNS
                 	LDS  R26,@0
                 	LDS  R27,@0+1
                 	ADIW R26,@1
                 	RCALL __PUTDP1
                 	.ENDM
                 
                 	.MACRO __PUTB1RN
                 	MOVW R26,R@0
                 	SUBI R26,LOW(-@1)
                 	SBCI R27,HIGH(-@1)
                 	ST   X,R30
                 	.ENDM
                 
                 	.MACRO __PUTW1RN
                 	MOVW R26,R@0
                 	SUBI R26,LOW(-@1)
                 	SBCI R27,HIGH(-@1)
                 	ST   X+,R30
                 	ST   X,R31
                 	.ENDM
                 
                 	.MACRO __PUTD1RN
                 	MOVW R26,R@0
                 	SUBI R26,LOW(-@1)
                 	SBCI R27,HIGH(-@1)
                 	RCALL __PUTDP1
                 	.ENDM
                 
                 	.MACRO __PUTB1RNS
                 	MOVW R26,R@0
                 	ADIW R26,@1
                 	ST   X,R30
                 	.ENDM
                 
                 	.MACRO __PUTW1RNS
                 	MOVW R26,R@0
                 	ADIW R26,@1
                 	ST   X+,R30
                 	ST   X,R31
                 	.ENDM
                 
                 	.MACRO __PUTD1RNS
                 	MOVW R26,R@0
                 	ADIW R26,@1
                 	RCALL __PUTDP1
                 	.ENDM
                 
                 	.MACRO __PUTB1RON
                 	MOV  R26,R@0
                 	MOV  R27,R@1
                 	SUBI R26,LOW(-@2)
                 	SBCI R27,HIGH(-@2)
                 	ST   X,R30
                 	.ENDM
                 
                 	.MACRO __PUTW1RON
                 	MOV  R26,R@0
                 	MOV  R27,R@1
                 	SUBI R26,LOW(-@2)
                 	SBCI R27,HIGH(-@2)
                 	ST   X+,R30
                 	ST   X,R31
                 	.ENDM
                 
                 	.MACRO __PUTD1RON
                 	MOV  R26,R@0
                 	MOV  R27,R@1
                 	SUBI R26,LOW(-@2)
                 	SBCI R27,HIGH(-@2)
                 	RCALL __PUTDP1
                 	.ENDM
                 
                 	.MACRO __PUTB1RONS
                 	MOV  R26,R@0
                 	MOV  R27,R@1
                 	ADIW R26,@2
                 	ST   X,R30
                 	.ENDM
                 
                 	.MACRO __PUTW1RONS
                 	MOV  R26,R@0
                 	MOV  R27,R@1
                 	ADIW R26,@2
                 	ST   X+,R30
                 	ST   X,R31
                 	.ENDM
                 
                 	.MACRO __PUTD1RONS
                 	MOV  R26,R@0
                 	MOV  R27,R@1
                 	ADIW R26,@2
                 	RCALL __PUTDP1
                 	.ENDM
                 
                 
                 	.MACRO __GETB1SX
                 	MOVW R30,R28
                 	SUBI R30,LOW(-@0)
                 	SBCI R31,HIGH(-@0)
                 	LD   R30,Z
                 	.ENDM
                 
                 	.MACRO __GETB1HSX
                 	MOVW R30,R28
                 	SUBI R30,LOW(-@0)
                 	SBCI R31,HIGH(-@0)
                 	LD   R31,Z
                 	.ENDM
                 
                 	.MACRO __GETW1SX
                 	MOVW R30,R28
                 	SUBI R30,LOW(-@0)
                 	SBCI R31,HIGH(-@0)
                 	LD   R0,Z+
                 	LD   R31,Z
                 	MOV  R30,R0
                 	.ENDM
                 
                 	.MACRO __GETD1SX
                 	MOVW R30,R28
                 	SUBI R30,LOW(-@0)
                 	SBCI R31,HIGH(-@0)
                 	LD   R0,Z+
                 	LD   R1,Z+
                 	LD   R22,Z+
                 	LD   R23,Z
                 	MOVW R30,R0
                 	.ENDM
                 
                 	.MACRO __GETB2SX
                 	MOVW R26,R28
                 	SUBI R26,LOW(-@0)
                 	SBCI R27,HIGH(-@0)
                 	LD   R26,X
                 	.ENDM
                 
                 	.MACRO __GETW2SX
                 	MOVW R26,R28
                 	SUBI R26,LOW(-@0)
                 	SBCI R27,HIGH(-@0)
                 	LD   R0,X+
                 	LD   R27,X
                 	MOV  R26,R0
                 	.ENDM
                 
                 	.MACRO __GETD2SX
                 	MOVW R26,R28
                 	SUBI R26,LOW(-@0)
                 	SBCI R27,HIGH(-@0)
                 	LD   R0,X+
                 	LD   R1,X+
                 	LD   R24,X+
                 	LD   R25,X
                 	MOVW R26,R0
                 	.ENDM
                 
                 	.MACRO __GETBRSX
                 	MOVW R30,R28
                 	SUBI R30,LOW(-@1)
                 	SBCI R31,HIGH(-@1)
                 	LD   R@0,Z
                 	.ENDM
                 
                 	.MACRO __GETWRSX
                 	MOVW R30,R28
                 	SUBI R30,LOW(-@2)
                 	SBCI R31,HIGH(-@2)
                 	LD   R@0,Z+
                 	LD   R@1,Z
                 	.ENDM
                 
                 	.MACRO __GETBRSX2
                 	MOVW R26,R28
                 	SUBI R26,LOW(-@1)
                 	SBCI R27,HIGH(-@1)
                 	LD   R@0,X
                 	.ENDM
                 
                 	.MACRO __GETWRSX2
                 	MOVW R26,R28
                 	SUBI R26,LOW(-@2)
                 	SBCI R27,HIGH(-@2)
                 	LD   R@0,X+
                 	LD   R@1,X
                 	.ENDM
                 
                 	.MACRO __LSLW8SX
                 	MOVW R30,R28
                 	SUBI R30,LOW(-@0)
                 	SBCI R31,HIGH(-@0)
                 	LD   R31,Z
                 	CLR  R30
                 	.ENDM
                 
                 	.MACRO __PUTB1SX
                 	MOVW R26,R28
                 	SUBI R26,LOW(-@0)
                 	SBCI R27,HIGH(-@0)
                 	ST   X,R30
                 	.ENDM
                 
                 	.MACRO __PUTW1SX
                 	MOVW R26,R28
                 	SUBI R26,LOW(-@0)
                 	SBCI R27,HIGH(-@0)
                 	ST   X+,R30
                 	ST   X,R31
                 	.ENDM
                 
                 	.MACRO __PUTD1SX
                 	MOVW R26,R28
                 	SUBI R26,LOW(-@0)
                 	SBCI R27,HIGH(-@0)
                 	ST   X+,R30
                 	ST   X+,R31
                 	ST   X+,R22
                 	ST   X,R23
                 	.ENDM
                 
                 	.MACRO __CLRW1SX
                 	MOVW R26,R28
                 	SUBI R26,LOW(-@0)
                 	SBCI R27,HIGH(-@0)
                 	ST   X+,R30
                 	ST   X,R30
                 	.ENDM
                 
                 	.MACRO __CLRD1SX
                 	MOVW R26,R28
                 	SUBI R26,LOW(-@0)
                 	SBCI R27,HIGH(-@0)
                 	ST   X+,R30
                 	ST   X+,R30
                 	ST   X+,R30
                 	ST   X,R30
                 	.ENDM
                 
                 	.MACRO __PUTB2SX
                 	MOVW R30,R28
                 	SUBI R30,LOW(-@0)
                 	SBCI R31,HIGH(-@0)
                 	ST   Z,R26
                 	.ENDM
                 
                 	.MACRO __PUTW2SX
                 	MOVW R30,R28
                 	SUBI R30,LOW(-@0)
                 	SBCI R31,HIGH(-@0)
                 	ST   Z+,R26
                 	ST   Z,R27
                 	.ENDM
                 
                 	.MACRO __PUTD2SX
                 	MOVW R30,R28
                 	SUBI R30,LOW(-@0)
                 	SBCI R31,HIGH(-@0)
                 	ST   Z+,R26
                 	ST   Z+,R27
                 	ST   Z+,R24
                 	ST   Z,R25
                 	.ENDM
                 
                 	.MACRO __PUTBSRX
                 	MOVW R30,R28
                 	SUBI R30,LOW(-@1)
                 	SBCI R31,HIGH(-@1)
                 	ST   Z,R@0
                 	.ENDM
                 
                 	.MACRO __PUTWSRX
                 	MOVW R30,R28
                 	SUBI R30,LOW(-@2)
                 	SBCI R31,HIGH(-@2)
                 	ST   Z+,R@0
                 	ST   Z,R@1
                 	.ENDM
                 
                 	.MACRO __PUTB1SNX
                 	MOVW R26,R28
                 	SUBI R26,LOW(-@0)
                 	SBCI R27,HIGH(-@0)
                 	LD   R0,X+
                 	LD   R27,X
                 	MOV  R26,R0
                 	SUBI R26,LOW(-@1)
                 	SBCI R27,HIGH(-@1)
                 	ST   X,R30
                 	.ENDM
                 
                 	.MACRO __PUTW1SNX
                 	MOVW R26,R28
                 	SUBI R26,LOW(-@0)
                 	SBCI R27,HIGH(-@0)
                 	LD   R0,X+
                 	LD   R27,X
                 	MOV  R26,R0
                 	SUBI R26,LOW(-@1)
                 	SBCI R27,HIGH(-@1)
                 	ST   X+,R30
                 	ST   X,R31
                 	.ENDM
                 
                 	.MACRO __PUTD1SNX
                 	MOVW R26,R28
                 	SUBI R26,LOW(-@0)
                 	SBCI R27,HIGH(-@0)
                 	LD   R0,X+
                 	LD   R27,X
                 	MOV  R26,R0
                 	SUBI R26,LOW(-@1)
                 	SBCI R27,HIGH(-@1)
                 	ST   X+,R30
                 	ST   X+,R31
                 	ST   X+,R22
                 	ST   X,R23
                 	.ENDM
                 
                 	.MACRO __MULBRR
                 	MULS R@0,R@1
                 	MOVW R30,R0
                 	.ENDM
                 
                 	.MACRO __MULBRRU
                 	MUL  R@0,R@1
                 	MOVW R30,R0
                 	.ENDM
                 
                 	.MACRO __MULBRR0
                 	MULS R@0,R@1
                 	.ENDM
                 
                 	.MACRO __MULBRRU0
                 	MUL  R@0,R@1
                 	.ENDM
                 
                 	.MACRO __MULBNWRU
                 	LDI  R26,@2
                 	MUL  R26,R@0
                 	MOVW R30,R0
                 	MUL  R26,R@1
                 	ADD  R31,R0
                 	.ENDM
                 
                 ;NAME DEFINITIONS FOR GLOBAL VARIABLES ALLOCATED TO REGISTERS
                 	.DEF _start=R5
                 	.DEF _start_stop=R4
                 	.DEF _start_pwm=R7
                 	.DEF _direction=R6
                 
                 	.CSEG
                 	.ORG 0x00
                 
                 ;START OF CODE MARKER
                 __START_OF_CODE:
                 
                 ;INTERRUPT VECTORS
000000 c01c      	RJMP __RESET
000001 c0fa      	RJMP _ext_int0_isr
000002 cffd      	RJMP 0x00
000003 cffc      	RJMP 0x00
000004 cffb      	RJMP 0x00
000005 cffa      	RJMP 0x00
000006 cff9      	RJMP 0x00
000007 cff8      	RJMP 0x00
000008 cff7      	RJMP 0x00
000009 c0d7      	RJMP _timer0_ovf_isr
00000a cff5      	RJMP 0x00
00000b cff4      	RJMP 0x00
00000c cff3      	RJMP 0x00
00000d cff2      	RJMP 0x00
00000e cff1      	RJMP 0x00
00000f cff0      	RJMP 0x00
000010 c0be      	RJMP _ana_comp_isr
000011 cfee      	RJMP 0x00
000012 cfed      	RJMP 0x00
                 
                 ;GLOBAL REGISTER VARIABLES INITIALIZATION
                 __REG_VARS:
000013 0000
D:\Projects AVR\BLDC_Atmega8\Debug\List\BLDC_Atmega8.asm(1120): warning: .cseg .db misalignment - padding zero byte
000014 0001      	.DB  0x0,0x0,0x1
                 
                 _0x3:
D:\Projects AVR\BLDC_Atmega8\Debug\List\BLDC_Atmega8.asm(1123): warning: .cseg .db misalignment - padding zero byte
000015 0064      	.DB  0x64
                 
                 __GLOBAL_INI_TBL:
000016 0003      	.DW  0x03
000017 0004      	.DW  0x04
000018 0026      	.DW  __REG_VARS*2
                 
000019 0001      	.DW  0x01
00001a 0160      	.DW  _motor_pwm
00001b 002a      	.DW  _0x3*2
                 
                 _0xFFFFFFFF:
00001c 0000      	.DW  0
                 
                 #define __GLOBAL_INI_TBL_PRESENT 1
                 
                 __RESET:
00001d 94f8      	CLI
00001e 27ee      	CLR  R30
00001f bbec      	OUT  EECR,R30
                 
                 ;INTERRUPT VECTORS ARE PLACED
                 ;AT THE START OF FLASH
000020 e0f1      	LDI  R31,1
000021 bffb      	OUT  GICR,R31
000022 bfeb      	OUT  GICR,R30
000023 bfe5      	OUT  MCUCR,R30
                 
                 ;CLEAR R2-R14
000024 e08d      	LDI  R24,(14-2)+1
000025 e0a2      	LDI  R26,2
000026 27bb      	CLR  R27
                 __CLEAR_REG:
000027 93ed      	ST   X+,R30
000028 958a      	DEC  R24
000029 f7e9      	BRNE __CLEAR_REG
                 
                 ;CLEAR SRAM
00002a e080      	LDI  R24,LOW(__CLEAR_SRAM_SIZE)
00002b e094      	LDI  R25,HIGH(__CLEAR_SRAM_SIZE)
00002c e6a0      	LDI  R26,__SRAM_START
                 __CLEAR_SRAM:
00002d 93ed      	ST   X+,R30
00002e 9701      	SBIW R24,1
00002f f7e9      	BRNE __CLEAR_SRAM
                 
                 ;GLOBAL VARIABLES INITIALIZATION
000030 e2ec      	LDI  R30,LOW(__GLOBAL_INI_TBL*2)
000031 e0f0      	LDI  R31,HIGH(__GLOBAL_INI_TBL*2)
                 __GLOBAL_INI_NEXT:
000032 9185      	LPM  R24,Z+
000033 9195      	LPM  R25,Z+
000034 9700      	SBIW R24,0
000035 f061      	BREQ __GLOBAL_INI_END
000036 91a5      	LPM  R26,Z+
000037 91b5      	LPM  R27,Z+
000038 9005      	LPM  R0,Z+
000039 9015      	LPM  R1,Z+
00003a 01bf      	MOVW R22,R30
00003b 01f0      	MOVW R30,R0
                 __GLOBAL_INI_LOOP:
00003c 9005      	LPM  R0,Z+
00003d 920d      	ST   X+,R0
00003e 9701      	SBIW R24,1
00003f f7e1      	BRNE __GLOBAL_INI_LOOP
000040 01fb      	MOVW R30,R22
000041 cff0      	RJMP __GLOBAL_INI_NEXT
                 __GLOBAL_INI_END:
                 
                 ;HARDWARE STACK POINTER INITIALIZATION
000042 e5ef      	LDI  R30,LOW(__SRAM_END-__HEAP_SIZE)
000043 bfed      	OUT  SPL,R30
000044 e0e4      	LDI  R30,HIGH(__SRAM_END-__HEAP_SIZE)
000045 bfee      	OUT  SPH,R30
                 
                 ;DATA STACK POINTER INITIALIZATION
000046 e6c0      	LDI  R28,LOW(__SRAM_START+__DSTACK_SIZE)
000047 e0d1      	LDI  R29,HIGH(__SRAM_START+__DSTACK_SIZE)
                 
000048 c0d9      	RJMP _main
                 
                 	.ESEG
                 	.ORG 0
                 
                 	.DSEG
                 	.ORG 0x160
                 
                 	.CSEG
                 ;/*******************************************************
                 ;This program was created by the
                 ;CodeWizardAVR V3.12 Advanced
                 ;Automatic Program Generator
                 ;© Copyright 1998-2014 Pavel Haiduc, HP InfoTech s.r.l.
                 ;http://www.hpinfotech.com
                 ;
                 ;Project : Подключение бесколлекторного двигателя к AVR(без датчиков)
                 ;Version :
                 ;Date    : 28.07.2019
                 ;Author  :
                 ;Company :
                 ;Comments:
                 ;
                 ;
                 ;Chip type               : ATmega8A
                 ;Program type            : Application
                 ;AVR Core Clock frequency: 8,000000 MHz
                 ;Memory model            : Small
                 ;External RAM size       : 0
                 ;Data Stack size         : 256
                 ;*******************************************************/
                 ;
                 ;
                 ;
                 ;#include <mega8.h>
                 	#ifndef __SLEEP_DEFINED__
                 	#define __SLEEP_DEFINED__
                 	.EQU __se_bit=0x80
                 	.EQU __sm_mask=0x70
                 	.EQU __sm_powerdown=0x20
                 	.EQU __sm_powersave=0x30
                 	.EQU __sm_standby=0x60
                 	.EQU __sm_ext_standby=0x70
                 	.EQU __sm_adc_noise_red=0x10
                 	.SET power_ctrl_reg=mcucr
                 	#endif
                 ;#include <delay.h>
                 ;
                 ;// Фаза U(Верхнее плечо)
                 ;#define UH_ON    TCCR1A |= (1 << COM1A1);
                 ;#define UH_OFF    TCCR1A &= ~(1 << COM1A1);
                 ;
                 ;// Фаза U(Нижнее плечо)
                 ;#define UL_ON    PORTB |= (1 << PORTB5);
                 ;#define UL_OFF    PORTB &= ~(1 << PORTB5);
                 ;
                 ;// Фаза V(Верхнее плечо)
                 ;#define VH_ON    TCCR2 |= (1 << COM21);
                 ;#define VH_OFF    TCCR2 &= ~(1 << COM21);
                 ;
                 ;// Фаза V(Нижнее плечо)
                 ;#define VL_ON    PORTB |= (1 << PORTB0);
                 ;#define VL_OFF    PORTB &= ~(1 << PORTB0);
                 ;
                 ;// Фаза W(Верхнее плечо)
                 ;#define WH_ON    TCCR1A |= (1 << COM1B1);
                 ;#define WH_OFF    TCCR1A &= ~(1 << COM1B1);
                 ;
                 ;// Фаза W(Нижнее плечо)
                 ;#define WL_ON    PORTB |= (1 << PORTB4);
                 ;#define WL_OFF    PORTB &= ~(1 << PORTB4);
                 ;
                 ;#define PHASE_ALL_OFF	UH_OFF;UL_OFF;VH_OFF;VL_OFF;WH_OFF;WL_OFF;
                 ;
                 ;#define SENSE_U		ADMUX = 0; // Вход обратной ЭДС фазы U
                 ;#define SENSE_V		ADMUX = 1; // Вход обратной ЭДС фазы V
                 ;#define SENSE_W		ADMUX = 2; // Вход обратной ЭДС фазы W
                 ;
                 ;#define SENSE_UVW	(ACSR&(1 << ACO)) // Выход компаратора
                 ;
                 ;#define START_PWM   10 // Минимальный ШИМ при запуске
                 ;#define WORK_PWM   100 // Максимальный уровень ШИМ при запуске
                 ;
                 ;
                 ;// Declare your global variables here
                 ;
                 ;unsigned char start = 0, start_stop = 0, start_pwm;
                 ;unsigned char direction = 1; // 0 - против часовой, 1 - по часовой
                 ;volatile unsigned char motor_pwm = WORK_PWM;
                 
                 	.DSEG
                 ;volatile unsigned char commutation_step = 0;
                 ;volatile unsigned char rotor_run = 0; // Счетчик импульсов обратной ЭДС
                 ;
                 ;// Функция переключения обмоток двигателя
                 ;void commutation(unsigned char startup)
                 ; 0000 004B {
                 
                 	.CSEG
                 _commutation:
                 ; .FSTART _commutation
                 ; 0000 004C 	switch (commutation_step)
000049 93aa      	ST   -Y,R26
                 ;	startup -> Y+0
00004a 91e0 0161 	LDS  R30,_commutation_step
00004c e0f0      	LDI  R31,0
                 ; 0000 004D 	{
                 ; 0000 004E 		case (0):
00004d 9730      	SBIW R30,0
00004e f4a1      	BRNE _0x7
                 ; 0000 004F 			if(!SENSE_UVW || startup)
00004f 9b45      	SBIS 0x8,5
000050 c002      	RJMP _0x9
000051 d14f      	RCALL SUBOPT_0x0
000052 f079      	BREQ _0x8
                 _0x9:
                 ; 0000 0050 			{
                 ; 0000 0051 				if(direction)
000053 2066      	TST  R6
000054 f029      	BREQ _0xB
                 ; 0000 0052 				{
                 ; 0000 0053 				UH_ON; WH_OFF; SENSE_W;
000055 b5ef      	IN   R30,0x2F
000056 68e0      	ORI  R30,0x80
000057 bdef      	OUT  0x2F,R30
000058 d14b      	RCALL SUBOPT_0x1
000059 c005      	RJMP _0x45
                 ; 0000 0054 				}
                 ; 0000 0055 				else
                 _0xB:
                 ; 0000 0056 				{
                 ; 0000 0057 				UH_OFF; WH_ON; SENSE_U;
00005a d14e      	RCALL SUBOPT_0x2
00005b b5ef      	IN   R30,0x2F
00005c 62e0      	ORI  R30,0x20
00005d bdef      	OUT  0x2F,R30
00005e e0e0      	LDI  R30,LOW(0)
                 _0x45:
00005f b9e7      	OUT  0x7,R30
                 ; 0000 0058 				}
                 ; 0000 0059 				commutation_step = 1; // Следующий шаг
000060 e0e1      	LDI  R30,LOW(1)
000061 d14b      	RCALL SUBOPT_0x3
                 ; 0000 005A 				TCNT0 = 0; // Обнуляем счетчик T0
                 ; 0000 005B 			}
                 ; 0000 005C 			break;
                 _0x8:
000062 c06a      	RJMP _0x6
                 ; 0000 005D 
                 ; 0000 005E 		case (1):
                 _0x7:
000063 30e1      	CPI  R30,LOW(0x1)
000064 e0a0      	LDI  R26,HIGH(0x1)
000065 07fa      	CPC  R31,R26
000066 f481      	BRNE _0xD
                 ; 0000 005F 			if(SENSE_UVW || startup)
000067 9945      	SBIC 0x8,5
000068 c002      	RJMP _0xF
000069 d137      	RCALL SUBOPT_0x0
00006a f059      	BREQ _0xE
                 _0xF:
                 ; 0000 0060 			{
                 ; 0000 0061 				if(direction)
00006b 2066      	TST  R6
00006c f019      	BREQ _0x11
                 ; 0000 0062 				{
                 ; 0000 0063 				VL_OFF;	WL_ON; SENSE_V;
00006d 98c0      	CBI  0x18,0
00006e 9ac4      	SBI  0x18,4
00006f c002      	RJMP _0x46
                 ; 0000 0064 				}
                 ; 0000 0065 				else
                 _0x11:
                 ; 0000 0066 				{
                 ; 0000 0067 				VL_OFF;	UL_ON; SENSE_V;
000070 98c0      	CBI  0x18,0
000071 9ac5      	SBI  0x18,5
                 _0x46:
000072 e0e1      	LDI  R30,LOW(1)
000073 b9e7      	OUT  0x7,R30
                 ; 0000 0068 				}
                 ; 0000 0069 				commutation_step = 2;
000074 e0e2      	LDI  R30,LOW(2)
000075 d137      	RCALL SUBOPT_0x3
                 ; 0000 006A 				TCNT0 = 0; // Обнуляем счетчик T0
                 ; 0000 006B 			}
                 ; 0000 006C 			break;
                 _0xE:
000076 c056      	RJMP _0x6
                 ; 0000 006D 
                 ; 0000 006E 		case (2):
                 _0xD:
000077 30e2      	CPI  R30,LOW(0x2)
000078 e0a0      	LDI  R26,HIGH(0x2)
000079 07fa      	CPC  R31,R26
00007a f4a1      	BRNE _0x13
                 ; 0000 006F 			if(!SENSE_UVW || startup)
00007b 9b45      	SBIS 0x8,5
00007c c002      	RJMP _0x15
00007d d123      	RCALL SUBOPT_0x0
00007e f079      	BREQ _0x14
                 _0x15:
                 ; 0000 0070 			{
                 ; 0000 0071 				if(direction)
00007f 2066      	TST  R6
000080 f031      	BREQ _0x17
                 ; 0000 0072 				{
                 ; 0000 0073 				UH_OFF; VH_ON; SENSE_U;
000081 d127      	RCALL SUBOPT_0x2
000082 b5e5      	IN   R30,0x25
000083 62e0      	ORI  R30,0x20
000084 bde5      	OUT  0x25,R30
000085 e0e0      	LDI  R30,LOW(0)
000086 c004      	RJMP _0x47
                 ; 0000 0074 				}
                 ; 0000 0075 				else
                 _0x17:
                 ; 0000 0076 				{
                 ; 0000 0077 				VH_ON; WH_OFF; SENSE_W;
000087 b5e5      	IN   R30,0x25
000088 62e0      	ORI  R30,0x20
000089 bde5      	OUT  0x25,R30
00008a d119      	RCALL SUBOPT_0x1
                 _0x47:
00008b b9e7      	OUT  0x7,R30
                 ; 0000 0078 				}
                 ; 0000 0079 				commutation_step = 3;
00008c e0e3      	LDI  R30,LOW(3)
00008d d11f      	RCALL SUBOPT_0x3
                 ; 0000 007A 				TCNT0 = 0; // Обнуляем счетчик T0
                 ; 0000 007B 			}
                 ; 0000 007C 			break;
                 _0x14:
00008e c03e      	RJMP _0x6
                 ; 0000 007D 
                 ; 0000 007E 		case (3):
                 _0x13:
00008f 30e3      	CPI  R30,LOW(0x3)
000090 e0a0      	LDI  R26,HIGH(0x3)
000091 07fa      	CPC  R31,R26
000092 f489      	BRNE _0x19
                 ; 0000 007F 			if(SENSE_UVW || startup)
000093 9945      	SBIC 0x8,5
000094 c002      	RJMP _0x1B
000095 d10b      	RCALL SUBOPT_0x0
000096 f061      	BREQ _0x1A
                 _0x1B:
                 ; 0000 0080 			{
                 ; 0000 0081 				if(direction)
000097 2066      	TST  R6
000098 f021      	BREQ _0x1D
                 ; 0000 0082 				{
                 ; 0000 0083 				UL_ON; WL_OFF; SENSE_W;
000099 9ac5      	SBI  0x18,5
00009a 98c4      	CBI  0x18,4
00009b e0e2      	LDI  R30,LOW(2)
00009c c003      	RJMP _0x48
                 ; 0000 0084 				}
                 ; 0000 0085 				else
                 _0x1D:
                 ; 0000 0086 				{
                 ; 0000 0087 				UL_OFF; WL_ON; SENSE_U;
00009d 98c5      	CBI  0x18,5
00009e 9ac4      	SBI  0x18,4
00009f e0e0      	LDI  R30,LOW(0)
                 _0x48:
0000a0 b9e7      	OUT  0x7,R30
                 ; 0000 0088 				}
                 ; 0000 0089 				commutation_step = 4;
0000a1 e0e4      	LDI  R30,LOW(4)
0000a2 d10a      	RCALL SUBOPT_0x3
                 ; 0000 008A 				TCNT0 = 0; // Обнуляем счетчик T0
                 ; 0000 008B 			}
                 ; 0000 008C 			break;
                 _0x1A:
0000a3 c029      	RJMP _0x6
                 ; 0000 008D 
                 ; 0000 008E 		case (4):
                 _0x19:
0000a4 30e4      	CPI  R30,LOW(0x4)
0000a5 e0a0      	LDI  R26,HIGH(0x4)
0000a6 07fa      	CPC  R31,R26
0000a7 f489      	BRNE _0x1F
                 ; 0000 008F 			if(!SENSE_UVW || startup)
0000a8 9b45      	SBIS 0x8,5
0000a9 c002      	RJMP _0x21
0000aa d0f6      	RCALL SUBOPT_0x0
0000ab f061      	BREQ _0x20
                 _0x21:
                 ; 0000 0090 			{
                 ; 0000 0091 				if(direction)
0000ac 2066      	TST  R6
0000ad f019      	BREQ _0x23
                 ; 0000 0092 				{
                 ; 0000 0093 				VH_OFF; WH_ON; SENSE_V;
0000ae d103      	RCALL SUBOPT_0x4
0000af 62e0      	ORI  R30,0x20
0000b0 c002      	RJMP _0x49
                 ; 0000 0094 				}
                 ; 0000 0095 				else
                 _0x23:
                 ; 0000 0096 				{
                 ; 0000 0097 				VH_OFF;	UH_ON; SENSE_V;
0000b1 d100      	RCALL SUBOPT_0x4
0000b2 68e0      	ORI  R30,0x80
                 _0x49:
0000b3 bdef      	OUT  0x2F,R30
0000b4 e0e1      	LDI  R30,LOW(1)
0000b5 b9e7      	OUT  0x7,R30
                 ; 0000 0098 				}
                 ; 0000 0099 				commutation_step = 5;
0000b6 e0e5      	LDI  R30,LOW(5)
0000b7 d0f5      	RCALL SUBOPT_0x3
                 ; 0000 009A 				TCNT0 = 0; // Обнуляем счетчик T0
                 ; 0000 009B 			}
                 ; 0000 009C 			break;
                 _0x20:
0000b8 c014      	RJMP _0x6
                 ; 0000 009D 
                 ; 0000 009E 		case (5):
                 _0x1F:
0000b9 30e5      	CPI  R30,LOW(0x5)
0000ba e0a0      	LDI  R26,HIGH(0x5)
0000bb 07fa      	CPC  R31,R26
0000bc f481      	BRNE _0x6
                 ; 0000 009F 			if(SENSE_UVW || startup)
0000bd 9945      	SBIC 0x8,5
0000be c002      	RJMP _0x27
0000bf d0e1      	RCALL SUBOPT_0x0
0000c0 f061      	BREQ _0x26
                 _0x27:
                 ; 0000 00A0 			{
                 ; 0000 00A1 				if(direction)
0000c1 2066      	TST  R6
0000c2 f021      	BREQ _0x29
                 ; 0000 00A2 				{
                 ; 0000 00A3 				UL_OFF;	VL_ON; SENSE_U;
0000c3 98c5      	CBI  0x18,5
0000c4 9ac0      	SBI  0x18,0
0000c5 e0e0      	LDI  R30,LOW(0)
0000c6 c003      	RJMP _0x4A
                 ; 0000 00A4 				}
                 ; 0000 00A5 				else
                 _0x29:
                 ; 0000 00A6 				{
                 ; 0000 00A7 				VL_ON; WL_OFF; SENSE_W;
0000c7 9ac0      	SBI  0x18,0
0000c8 98c4      	CBI  0x18,4
0000c9 e0e2      	LDI  R30,LOW(2)
                 _0x4A:
0000ca b9e7      	OUT  0x7,R30
                 ; 0000 00A8 				}
                 ; 0000 00A9 				commutation_step = 0;
0000cb e0e0      	LDI  R30,LOW(0)
0000cc d0e0      	RCALL SUBOPT_0x3
                 ; 0000 00AA 				TCNT0 = 0; // Обнуляем счетчик T0
                 ; 0000 00AB 			}
                 ; 0000 00AC 			break;
                 _0x26:
                 ; 0000 00AD 	}
                 _0x6:
                 ; 0000 00AE }
0000cd 9621      	ADIW R28,1
0000ce 9508      	RET
                 ; .FEND
                 ;
                 ;
                 ;
                 ;// Analog Comparator interrupt service routine
                 ;// Обработчик прерывания по компаратору. Детектор обратной ЭДС
                 ;interrupt [ANA_COMP] void ana_comp_isr(void)
                 ; 0000 00B5 {
                 _ana_comp_isr:
                 ; .FSTART _ana_comp_isr
0000cf d0e7      	RCALL SUBOPT_0x5
                 ; 0000 00B6 // Place your code here
                 ; 0000 00B7     rotor_run++; // инкрементируем импульсы
0000d0 91e0 0162 	LDS  R30,_rotor_run
0000d2 5fef      	SUBI R30,-LOW(1)
0000d3 93e0 0162 	STS  _rotor_run,R30
                 ; 0000 00B8     if(rotor_run > 200) rotor_run = 200;
0000d5 d0ef      	RCALL SUBOPT_0x6
0000d6 3ca9      	CPI  R26,LOW(0xC9)
0000d7 f018      	BRLO _0x2B
0000d8 ece8      	LDI  R30,LOW(200)
0000d9 93e0 0162 	STS  _rotor_run,R30
                 ; 0000 00B9     if(rotor_run == 200) // Если импульсы обратной ЭДС присутствуют, крутим наполную
                 _0x2B:
0000db d0e9      	RCALL SUBOPT_0x6
0000dc 3ca8      	CPI  R26,LOW(0xC8)
0000dd f411      	BRNE _0x2C
                 ; 0000 00BA     commutation(0); // Переключаем обмотки по сигналу компаратора
0000de e0a0      	LDI  R26,LOW(0)
0000df df69      	RCALL _commutation
                 ; 0000 00BB 
                 ; 0000 00BC }
                 _0x2C:
0000e0 c00d      	RJMP _0x4B
                 ; .FEND
                 ;
                 ;// Timer 0 overflow interrupt service routine
                 ;// Обработчик прерывания по переполнению Т0. Работа двигателя без сигналов обратной ЭДС
                 ;// Если сработало прерывание, есть пропуски импульсов обратной ЭДС
                 ;interrupt [TIM0_OVF] void timer0_ovf_isr(void)
                 ; 0000 00C2 {
                 _timer0_ovf_isr:
                 ; .FSTART _timer0_ovf_isr
0000e1 d0d5      	RCALL SUBOPT_0x5
                 ; 0000 00C3 // Place your code here
                 ; 0000 00C4     rotor_run = 0; // Сбрасываем счетчик импульсов
0000e2 e0e0      	LDI  R30,LOW(0)
0000e3 93e0 0162 	STS  _rotor_run,R30
                 ; 0000 00C5     OCR1A = START_PWM; // ШИМ минимум
0000e5 e0ea      	LDI  R30,LOW(10)
0000e6 e0f0      	LDI  R31,HIGH(10)
0000e7 bdfb      	OUT  0x2A+1,R31
0000e8 bdea      	OUT  0x2A,R30
                 ; 0000 00C6     OCR1B = START_PWM;
0000e9 bdf9      	OUT  0x28+1,R31
0000ea bde8      	OUT  0x28,R30
                 ; 0000 00C7     OCR2 = START_PWM;
0000eb bde3      	OUT  0x23,R30
                 ; 0000 00C8     commutation(1); // Переключаем обмотки безусловно
0000ec e0a1      	LDI  R26,LOW(1)
0000ed df5b      	RCALL _commutation
                 ; 0000 00C9 
                 ; 0000 00CA }
                 _0x4B:
0000ee 91e9      	LD   R30,Y+
0000ef bfef      	OUT  SREG,R30
0000f0 91f9      	LD   R31,Y+
0000f1 91e9      	LD   R30,Y+
0000f2 91b9      	LD   R27,Y+
0000f3 91a9      	LD   R26,Y+
0000f4 9199      	LD   R25,Y+
0000f5 9189      	LD   R24,Y+
0000f6 9179      	LD   R23,Y+
0000f7 9169      	LD   R22,Y+
0000f8 90f9      	LD   R15,Y+
0000f9 9019      	LD   R1,Y+
0000fa 9009      	LD   R0,Y+
0000fb 9518      	RETI
                 ; .FEND
                 ;
                 ;// External Interrupt 0 service routine
                 ;// Обработчик внешнего прерывания INT0. Энкодер
                 ;interrupt [EXT_INT0] void ext_int0_isr(void)
                 ; 0000 00CF {
                 _ext_int0_isr:
                 ; .FSTART _ext_int0_isr
0000fc 938a      	ST   -Y,R24
0000fd 939a      	ST   -Y,R25
0000fe 93aa      	ST   -Y,R26
0000ff 93ea      	ST   -Y,R30
000100 b7ef      	IN   R30,SREG
000101 93ea      	ST   -Y,R30
                 ; 0000 00D0 // Place your code here
                 ; 0000 00D1     delay_us(100);
000102 d0c5      	RCALL SUBOPT_0x7
                 ; 0000 00D2         if ((PIND & ( 1 << PIND2)) == 0){
000103 9982      	SBIC 0x10,2
000104 c014      	RJMP _0x2D
                 ; 0000 00D3             delay_us(100);
000105 d0c2      	RCALL SUBOPT_0x7
                 ; 0000 00D4     // Крутим против часовой стрелки
                 ; 0000 00D5             if ((PIND & ( 1 << PIND1)) == 0)
000106 9981      	SBIC 0x10,1
000107 c009      	RJMP _0x2E
                 ; 0000 00D6             {
                 ; 0000 00D7               if(motor_pwm != START_PWM) motor_pwm -= 5; // Уменьшаем ШИМ
000108 91a0 0160 	LDS  R26,_motor_pwm
00010a 30aa      	CPI  R26,LOW(0xA)
00010b f021      	BREQ _0x2F
00010c d0c0      	RCALL SUBOPT_0x8
00010d 50e5      	SUBI R30,LOW(5)
00010e 93e0 0160 	STS  _motor_pwm,R30
                 ; 0000 00D8             }
                 _0x2F:
                 ; 0000 00D9     // Крутим по часовой стрелке
                 ; 0000 00DA             else
000110 c008      	RJMP _0x30
                 _0x2E:
                 ; 0000 00DB             {
                 ; 0000 00DC               if(motor_pwm != 255) motor_pwm += 5; // Увеличиваем ШИМ
000111 91a0 0160 	LDS  R26,_motor_pwm
000113 3faf      	CPI  R26,LOW(0xFF)
000114 f021      	BREQ _0x31
000115 d0b7      	RCALL SUBOPT_0x8
000116 5feb      	SUBI R30,-LOW(5)
000117 93e0 0160 	STS  _motor_pwm,R30
                 ; 0000 00DD             }
                 _0x31:
                 _0x30:
                 ; 0000 00DE         }
                 ; 0000 00DF         GIFR = (1 << INTF0); // Сбрасываем флаг внешнего прерывания
                 _0x2D:
000119 e4e0      	LDI  R30,LOW(64)
00011a bfea      	OUT  0x3A,R30
                 ; 0000 00E0         return;
00011b 91e9      	LD   R30,Y+
00011c bfef      	OUT  SREG,R30
00011d 91e9      	LD   R30,Y+
00011e 91a9      	LD   R26,Y+
00011f 9199      	LD   R25,Y+
000120 9189      	LD   R24,Y+
000121 9518      	RETI
                 ; 0000 00E1 
                 ; 0000 00E2 }
                 ; .FEND
                 ;
                 ;
                 ;
                 ;
                 ;
                 ;void main(void)
                 ; 0000 00E9 {
                 _main:
                 ; .FSTART _main
                 ; 0000 00EA // Declare your local variables here
                 ; 0000 00EB 
                 ; 0000 00EC // Input/Output Ports initialization
                 ; 0000 00ED // Port B initialization
                 ; 0000 00EE // Function: Bit7=Out Bit6=Out Bit5=Out Bit4=Out Bit3=Out Bit2=Out Bit1=Out Bit0=Out
                 ; 0000 00EF DDRB=(1<<DDB7) | (1<<DDB6) | (1<<DDB5) | (1<<DDB4) | (1<<DDB3) | (1<<DDB2) | (1<<DDB1) | (1<<DDB0);
000122 efef      	LDI  R30,LOW(255)
000123 bbe7      	OUT  0x17,R30
                 ; 0000 00F0 // State: Bit7=0 Bit6=0 Bit5=0 Bit4=0 Bit3=0 Bit2=0 Bit1=0 Bit0=0
                 ; 0000 00F1 PORTB=(0<<PORTB7) | (0<<PORTB6) | (0<<PORTB5) | (0<<PORTB4) | (0<<PORTB3) | (0<<PORTB2) | (0<<PORTB1) | (0<<PORTB0);
000124 e0e0      	LDI  R30,LOW(0)
000125 bbe8      	OUT  0x18,R30
                 ; 0000 00F2 
                 ; 0000 00F3 // Port C initialization
                 ; 0000 00F4 // Function: Bit6=In Bit5=In Bit4=In Bit3=In Bit2=In Bit1=In Bit0=In
                 ; 0000 00F5 DDRC=(0<<DDC6) | (0<<DDC5) | (0<<DDC4) | (0<<DDC3) | (0<<DDC2) | (0<<DDC1) | (0<<DDC0);
000126 bbe4      	OUT  0x14,R30
                 ; 0000 00F6 // State: Bit6=T Bit5=T Bit4=T Bit3=T Bit2=T Bit1=T Bit0=T
                 ; 0000 00F7 PORTC=(0<<PORTC6) | (0<<PORTC5) | (0<<PORTC4) | (0<<PORTC3) | (0<<PORTC2) | (0<<PORTC1) | (0<<PORTC0);
000127 bbe5      	OUT  0x15,R30
                 ; 0000 00F8 
                 ; 0000 00F9 // Port D initialization
                 ; 0000 00FA // Function: Bit7=Out Bit6=In Bit5=In Bit4=In Bit3=In Bit2=In Bit1=In Bit0=In
                 ; 0000 00FB DDRD=(1<<DDD7) | (0<<DDD6) | (0<<DDD5) | (0<<DDD4) | (0<<DDD3) | (0<<DDD2) | (0<<DDD1) | (0<<DDD0);
000128 e8e0      	LDI  R30,LOW(128)
000129 bbe1      	OUT  0x11,R30
                 ; 0000 00FC // State: Bit7=0 Bit6=T Bit5=T Bit4=T Bit3=P Bit2=P Bit1=P Bit0=P
                 ; 0000 00FD PORTD=(0<<PORTD7) | (0<<PORTD6) | (0<<PORTD5) | (0<<PORTD4) | (1<<PORTD3) | (1<<PORTD2) | (1<<PORTD1) | (1<<PORTD0);
00012a e0ef      	LDI  R30,LOW(15)
00012b bbe2      	OUT  0x12,R30
                 ; 0000 00FE 
                 ; 0000 00FF // Timer/Counter 0 initialization
                 ; 0000 0100 // Clock source: System Clock
                 ; 0000 0101 // Clock value: 15,625 kHz
                 ; 0000 0102 TCCR0=(1<<CS02) | (0<<CS01) | (1<<CS00);
00012c e0e5      	LDI  R30,LOW(5)
00012d bfe3      	OUT  0x33,R30
                 ; 0000 0103 TCNT0=0x00;
00012e e0e0      	LDI  R30,LOW(0)
00012f bfe2      	OUT  0x32,R30
                 ; 0000 0104 
                 ; 0000 0105 // Timer/Counter 1 initialization
                 ; 0000 0106 // Clock source: System Clock
                 ; 0000 0107 // Clock value: 16000,000 kHz
                 ; 0000 0108 // Mode: Fast PWM top=0x00FF
                 ; 0000 0109 // OC1A output: Disconnected
                 ; 0000 010A // OC1B output: Disconnected
                 ; 0000 010B // Noise Canceler: Off
                 ; 0000 010C // Input Capture on Falling Edge
                 ; 0000 010D // Timer Period: 0,016 ms
                 ; 0000 010E // Timer1 Overflow Interrupt: Off
                 ; 0000 010F // Input Capture Interrupt: Off
                 ; 0000 0110 // Compare A Match Interrupt: Off
                 ; 0000 0111 // Compare B Match Interrupt: Off
                 ; 0000 0112 TCCR1A=(1<<COM1A1) | (0<<COM1A0) | (1<<COM1B1) | (0<<COM1B0) | (0<<WGM11) | (1<<WGM10);
000130 eae1      	LDI  R30,LOW(161)
000131 bdef      	OUT  0x2F,R30
                 ; 0000 0113 TCCR1B=(0<<ICNC1) | (0<<ICES1) | (0<<WGM13) | (1<<WGM12) | (0<<CS12) | (0<<CS11) | (1<<CS10);
000132 e0e9      	LDI  R30,LOW(9)
000133 bdee      	OUT  0x2E,R30
                 ; 0000 0114 TCNT1H=0x00;
000134 e0e0      	LDI  R30,LOW(0)
000135 bded      	OUT  0x2D,R30
                 ; 0000 0115 TCNT1L=0x00;
000136 bdec      	OUT  0x2C,R30
                 ; 0000 0116 ICR1H=0x00;
000137 bde7      	OUT  0x27,R30
                 ; 0000 0117 ICR1L=0x00;
000138 bde6      	OUT  0x26,R30
                 ; 0000 0118 OCR1AH=0x00;
000139 bdeb      	OUT  0x2B,R30
                 ; 0000 0119 OCR1AL=0x00;
00013a bdea      	OUT  0x2A,R30
                 ; 0000 011A //OCR1AH=(START_PWM)>>8;
                 ; 0000 011B //OCR1AL=(START_PWM) & 0xFF;
                 ; 0000 011C OCR1BH=0x00;
00013b bde9      	OUT  0x29,R30
                 ; 0000 011D OCR1BL=0x00;
00013c bde8      	OUT  0x28,R30
                 ; 0000 011E 
                 ; 0000 011F 
                 ; 0000 0120 // Timer/Counter 2 initialization
                 ; 0000 0121 // Clock source: System Clock
                 ; 0000 0122 // Clock value: 16000,000 kHz
                 ; 0000 0123 // Mode: Fast PWM top=0xFF
                 ; 0000 0124 // OC2 output: Non-Inverted PWM
                 ; 0000 0125 // Timer Period: 0,016 ms
                 ; 0000 0126 // Output Pulse(s):
                 ; 0000 0127 // OC2 Period: 0,016 ms Width: 0 us
                 ; 0000 0128 ASSR=0<<AS2;
00013d bde2      	OUT  0x22,R30
                 ; 0000 0129 TCCR2= (1<<COM21) | (0<<COM20) | (1<<WGM21) | (1<<WGM20) | (0<<CS22) | (0<<CS21) | (1<<CS20);
00013e e6e9      	LDI  R30,LOW(105)
00013f bde5      	OUT  0x25,R30
                 ; 0000 012A TCNT2=0x00;
000140 e0e0      	LDI  R30,LOW(0)
000141 bde4      	OUT  0x24,R30
                 ; 0000 012B OCR2=0x00;;
000142 bde3      	OUT  0x23,R30
                 ; 0000 012C 
                 ; 0000 012D // Timer(s)/Counter(s) Interrupt(s) initialization
                 ; 0000 012E TIMSK=(0<<OCIE2) | (0<<TOIE2) | (0<<TICIE1) | (0<<OCIE1A) | (0<<OCIE1B) | (0<<TOIE1) | (1<<TOIE0);
000143 e0e1      	LDI  R30,LOW(1)
000144 d08b      	RCALL SUBOPT_0x9
                 ; 0000 012F 
                 ; 0000 0130 // External Interrupt(s) initialization
                 ; 0000 0131 // INT0: On
                 ; 0000 0132 // INT0 Mode: Falling Edge
                 ; 0000 0133 // INT1: Off
                 ; 0000 0134 GICR|=(0<<INT1) | (1<<INT0);
                 ; 0000 0135 MCUCR=(0<<ISC11) | (0<<ISC10) | (1<<ISC01) | (0<<ISC00);
000145 e0e2      	LDI  R30,LOW(2)
000146 bfe5      	OUT  0x35,R30
                 ; 0000 0136 GIFR=(0<<INTF1) | (1<<INTF0);
000147 e4e0      	LDI  R30,LOW(64)
000148 bfea      	OUT  0x3A,R30
                 ; 0000 0137 
                 ; 0000 0138 // USART initialization
                 ; 0000 0139 // USART disabled
                 ; 0000 013A UCSRB=(0<<RXCIE) | (0<<TXCIE) | (0<<UDRIE) | (0<<RXEN) | (0<<TXEN) | (0<<UCSZ2) | (0<<RXB8) | (0<<TXB8);
000149 e0e0      	LDI  R30,LOW(0)
00014a b9ea      	OUT  0xA,R30
                 ; 0000 013B 
                 ; 0000 013C // ADC initialization
                 ; 0000 013D // ADC disabled
                 ; 0000 013E ADCSRA=(0<<ADEN) | (0<<ADSC) | (0<<ADFR) | (0<<ADIF) | (0<<ADIE) | (0<<ADPS2) | (0<<ADPS1) | (0<<ADPS0);
00014b b9e6      	OUT  0x6,R30
                 ; 0000 013F 
                 ; 0000 0140 // Analog Comparator initialization
                 ; 0000 0141 // Analog Comparator: On
                 ; 0000 0142 // The Analog Comparator's positive input is
                 ; 0000 0143 // connected to the AIN0 pin
                 ; 0000 0144 // The Analog Comparator's negative input is
                 ; 0000 0145 // connected to the ADC multiplexer
                 ; 0000 0146 // Interrupt on Output Toggle
                 ; 0000 0147 // Analog Comparator Input Capture by Timer/Counter 1: Off
                 ; 0000 0148 ACSR=(0<<ACD) | (0<<ACBG) | (0<<ACO) | (0<<ACI) | (1<<ACIE) | (0<<ACIC) | (0<<ACIS1) | (0<<ACIS0);
00014c e0e8      	LDI  R30,LOW(8)
00014d b9e8      	OUT  0x8,R30
                 ; 0000 0149 SFIOR=(1<<ACME);
00014e bfe0      	OUT  0x30,R30
                 ; 0000 014A 
                 ; 0000 014B 
                 ; 0000 014C // SPI initialization
                 ; 0000 014D // SPI disabled
                 ; 0000 014E SPCR=(0<<SPIE) | (0<<SPE) | (0<<DORD) | (0<<MSTR) | (0<<CPOL) | (0<<CPHA) | (0<<SPR1) | (0<<SPR0);
00014f e0e0      	LDI  R30,LOW(0)
000150 b9ed      	OUT  0xD,R30
                 ; 0000 014F 
                 ; 0000 0150 // TWI initialization
                 ; 0000 0151 // TWI disabled
                 ; 0000 0152 TWCR=(0<<TWEA) | (0<<TWSTA) | (0<<TWSTO) | (0<<TWEN) | (0<<TWIE);
000151 bfe6      	OUT  0x36,R30
                 ; 0000 0153 
                 ; 0000 0154 PHASE_ALL_OFF; // Выключаем все фазы
000152 d056      	RCALL SUBOPT_0x2
000153 d081      	RCALL SUBOPT_0xA
                 ; 0000 0155 
                 ; 0000 0156 // Global enable interrupts
                 ; 0000 0157 #asm("sei")
000154 9478      	sei
                 ; 0000 0158 
                 ; 0000 0159 while (1)
                 _0x32:
                 ; 0000 015A     {
                 ; 0000 015B       // Place your code here
                 ; 0000 015C       if((PIND&(1 << PIND0)) == 0) // Старт/Стоп
000155 9980      	SBIC 0x10,0
000156 c007      	RJMP _0x35
                 ; 0000 015D         {
                 ; 0000 015E             delay_ms(20);
000157 e1a4      	LDI  R26,LOW(20)
000158 e0b0      	LDI  R27,0
000159 d085      	RCALL _delay_ms
                 ; 0000 015F             start_stop ^= 1; // Переключаем состояние
00015a e0e1      	LDI  R30,LOW(1)
00015b 264e      	EOR  R4,R30
                 ; 0000 0160             while((PIND&(1 << PIND0)) == 0){} // Ждем отпускания кнопки
                 _0x36:
00015c 9b80      	SBIS 0x10,0
00015d cffe      	RJMP _0x36
                 ; 0000 0161            // while((PIND.0) == 0){}
                 ; 0000 0162         }
                 ; 0000 0163 
                 ; 0000 0164         if(start_stop)
                 _0x35:
00015e 2044      	TST  R4
00015f f171      	BREQ _0x39
                 ; 0000 0165         {
                 ; 0000 0166             ACSR |= (1 << ACIE); // Разрешаем прерывание от компаратора
000160 9a43      	SBI  0x8,3
                 ; 0000 0167             TIMSK |= (1 << TOIE0); // Разрешаем прерывание по переполнению T0
000161 b7e9      	IN   R30,0x39
000162 60e1      	ORI  R30,1
000163 d06c      	RCALL SUBOPT_0x9
                 ; 0000 0168             GICR |= (1 << INT0); // Разрешаем внешние прерывания INT0
                 ; 0000 0169             // Плавный старт
                 ; 0000 016A               if(rotor_run == 200 && start == 0) // Если импульсы обратной ЭДС присутствуют и двигатель не был запущен
000164 d060      	RCALL SUBOPT_0x6
000165 3ca8      	CPI  R26,LOW(0xC8)
000166 f411      	BRNE _0x3B
000167 2055      	TST  R5
000168 f009      	BREQ _0x3C
                 _0x3B:
000169 c016      	RJMP _0x3A
                 _0x3C:
                 ; 0000 016B               {
                 ; 0000 016C                 for(start_pwm = START_PWM; start_pwm < motor_pwm; start_pwm++)
00016a e0ea      	LDI  R30,LOW(10)
00016b 2e7e      	MOV  R7,R30
                 _0x3E:
00016c d060      	RCALL SUBOPT_0x8
00016d 167e      	CP   R7,R30
00016e f470      	BRSH _0x3F
                 ; 0000 016D                     {
                 ; 0000 016E                       delay_ms(10); // Задержка
00016f e0aa      	LDI  R26,LOW(10)
000170 e0b0      	LDI  R27,0
000171 d06d      	RCALL _delay_ms
                 ; 0000 016F                       OCR1A = start_pwm;
000172 2de7      	MOV  R30,R7
000173 e0f0      	LDI  R31,0
000174 bdfb      	OUT  0x2A+1,R31
000175 bdea      	OUT  0x2A,R30
                 ; 0000 0170                       OCR1B = start_pwm;
000176 2de7      	MOV  R30,R7
000177 e0f0      	LDI  R31,0
000178 bdf9      	OUT  0x28+1,R31
000179 bde8      	OUT  0x28,R30
                 ; 0000 0171                       OCR2 = start_pwm;
00017a bc73      	OUT  0x23,R7
                 ; 0000 0172                     }
00017b 9473      	INC  R7
00017c cfef      	RJMP _0x3E
                 _0x3F:
                 ; 0000 0173                   start = 1; // Запуск произошел
00017d e0e1      	LDI  R30,LOW(1)
00017e 2e5e      	MOV  R5,R30
                 ; 0000 0174                   PORTD |= (1 << PORTD7); // Включаем светодиод
00017f 9a97      	SBI  0x12,7
                 ; 0000 0175               }
                 ; 0000 0176 
                 ; 0000 0177               if(rotor_run == 200) // Если импульсы обратной ЭДС присутствуют, можем менять ШИМ
                 _0x3A:
000180 d044      	RCALL SUBOPT_0x6
000181 3ca8      	CPI  R26,LOW(0xC8)
000182 f451      	BRNE _0x40
                 ; 0000 0178               {
                 ; 0000 0179                   OCR1A = motor_pwm;
000183 d049      	RCALL SUBOPT_0x8
000184 e0f0      	LDI  R31,0
000185 bdfb      	OUT  0x2A+1,R31
000186 bdea      	OUT  0x2A,R30
                 ; 0000 017A                   OCR1B = motor_pwm;
000187 d045      	RCALL SUBOPT_0x8
000188 e0f0      	LDI  R31,0
000189 bdf9      	OUT  0x28+1,R31
00018a bde8      	OUT  0x28,R30
                 ; 0000 017B                   OCR2 = motor_pwm;
00018b d041      	RCALL SUBOPT_0x8
00018c bde3      	OUT  0x23,R30
                 ; 0000 017C               }
                 ; 0000 017D         }
                 _0x40:
                 ; 0000 017E         else
00018d c011      	RJMP _0x41
                 _0x39:
                 ; 0000 017F         {
                 ; 0000 0180 
                 ; 0000 0181             if(PIND&(1 << PIND3)) direction = 1; // Выбор направления вращения вала
00018e 9b83      	SBIS 0x10,3
00018f c003      	RJMP _0x42
000190 e0e1      	LDI  R30,LOW(1)
000191 2e6e      	MOV  R6,R30
                 ; 0000 0182             else direction = 0;
000192 c001      	RJMP _0x43
                 _0x42:
000193 2466      	CLR  R6
                 ; 0000 0183 
                 ; 0000 0184             start = 0; // Двигатель остановлен
                 _0x43:
000194 2455      	CLR  R5
                 ; 0000 0185             PORTD &= ~(1 << PORTD7); // Выключаем светодиод
000195 9897      	CBI  0x12,7
                 ; 0000 0186             PHASE_ALL_OFF; // Все фазы выключены
000196 d012      	RCALL SUBOPT_0x2
000197 d03d      	RCALL SUBOPT_0xA
                 ; 0000 0187             ACSR &= ~(1 << ACIE); // Запрещаем прерывание от компаратора
000198 9843      	CBI  0x8,3
                 ; 0000 0188             TIMSK &= ~(1 << TOIE0); // Запрещаем прерывание по переполнению T0
000199 b7e9      	IN   R30,0x39
00019a 7fee      	ANDI R30,0xFE
00019b bfe9      	OUT  0x39,R30
                 ; 0000 0189             GICR &= ~(1 << INT0); // Запрещаем внешние прерывания INT0
00019c b7eb      	IN   R30,0x3B
00019d 7bef      	ANDI R30,0xBF
00019e bfeb      	OUT  0x3B,R30
                 ; 0000 018A         }
                 _0x41:
                 ; 0000 018B 
                 ; 0000 018C 
                 ; 0000 018D       }
00019f cfb5      	RJMP _0x32
                 ; 0000 018E }
                 _0x44:
0001a0 cfff      	RJMP _0x44
                 ; .FEND
                 
                 	.DSEG
                 _motor_pwm:
000160           	.BYTE 0x1
                 _commutation_step:
000161           	.BYTE 0x1
                 _rotor_run:
000162           	.BYTE 0x1
                 
                 	.CSEG
                 ;OPTIMIZER ADDED SUBROUTINE, CALLED 6 TIMES, CODE SIZE REDUCTION:3 WORDS
                 SUBOPT_0x0:
0001a1 81e8      	LD   R30,Y
0001a2 30e0      	CPI  R30,0
0001a3 9508      	RET
                 
                 ;OPTIMIZER ADDED SUBROUTINE, CALLED 2 TIMES, CODE SIZE REDUCTION:1 WORDS
                 SUBOPT_0x1:
0001a4 b5ef      	IN   R30,0x2F
0001a5 7def      	ANDI R30,0xDF
0001a6 bdef      	OUT  0x2F,R30
0001a7 e0e2      	LDI  R30,LOW(2)
0001a8 9508      	RET
                 
                 ;OPTIMIZER ADDED SUBROUTINE, CALLED 4 TIMES, CODE SIZE REDUCTION:4 WORDS
                 SUBOPT_0x2:
0001a9 b5ef      	IN   R30,0x2F
0001aa 77ef      	ANDI R30,0x7F
0001ab bdef      	OUT  0x2F,R30
0001ac 9508      	RET
                 
                 ;OPTIMIZER ADDED SUBROUTINE, CALLED 6 TIMES, CODE SIZE REDUCTION:13 WORDS
                 SUBOPT_0x3:
0001ad 93e0 0161 	STS  _commutation_step,R30
0001af e0e0      	LDI  R30,LOW(0)
0001b0 bfe2      	OUT  0x32,R30
0001b1 9508      	RET
                 
                 ;OPTIMIZER ADDED SUBROUTINE, CALLED 2 TIMES, CODE SIZE REDUCTION:1 WORDS
                 SUBOPT_0x4:
0001b2 b5e5      	IN   R30,0x25
0001b3 7def      	ANDI R30,0xDF
0001b4 bde5      	OUT  0x25,R30
0001b5 b5ef      	IN   R30,0x2F
0001b6 9508      	RET
                 
                 ;OPTIMIZER ADDED SUBROUTINE, CALLED 2 TIMES, CODE SIZE REDUCTION:10 WORDS
                 SUBOPT_0x5:
0001b7 920a      	ST   -Y,R0
0001b8 921a      	ST   -Y,R1
0001b9 92fa      	ST   -Y,R15
0001ba 936a      	ST   -Y,R22
0001bb 937a      	ST   -Y,R23
0001bc 938a      	ST   -Y,R24
0001bd 939a      	ST   -Y,R25
0001be 93aa      	ST   -Y,R26
0001bf 93ba      	ST   -Y,R27
0001c0 93ea      	ST   -Y,R30
0001c1 93fa      	ST   -Y,R31
0001c2 b7ef      	IN   R30,SREG
0001c3 93ea      	ST   -Y,R30
0001c4 9508      	RET
                 
                 ;OPTIMIZER ADDED SUBROUTINE, CALLED 4 TIMES, CODE SIZE REDUCTION:1 WORDS
                 SUBOPT_0x6:
0001c5 91a0 0162 	LDS  R26,_rotor_run
0001c7 9508      	RET
                 
                 ;OPTIMIZER ADDED SUBROUTINE, CALLED 2 TIMES, CODE SIZE REDUCTION:1 WORDS
                 SUBOPT_0x7:
                +
0001c8 ec88     +LDI R24 , LOW ( 200 )
0001c9 e090     +LDI R25 , HIGH ( 200 )
                +__DELAY_USW_LOOP :
0001ca 9701     +SBIW R24 , 1
0001cb f7f1     +BRNE __DELAY_USW_LOOP
                 	__DELAY_USW 200
0001cc 9508      	RET
                 
                 ;OPTIMIZER ADDED SUBROUTINE, CALLED 6 TIMES, CODE SIZE REDUCTION:3 WORDS
                 SUBOPT_0x8:
0001cd 91e0 0160 	LDS  R30,_motor_pwm
0001cf 9508      	RET
                 
                 ;OPTIMIZER ADDED SUBROUTINE, CALLED 2 TIMES, CODE SIZE REDUCTION:1 WORDS
                 SUBOPT_0x9:
0001d0 bfe9      	OUT  0x39,R30
0001d1 b7eb      	IN   R30,0x3B
0001d2 64e0      	ORI  R30,0x40
0001d3 bfeb      	OUT  0x3B,R30
0001d4 9508      	RET
                 
                 ;OPTIMIZER ADDED SUBROUTINE, CALLED 2 TIMES, CODE SIZE REDUCTION:6 WORDS
                 SUBOPT_0xA:
0001d5 98c5      	CBI  0x18,5
0001d6 b5e5      	IN   R30,0x25
0001d7 7def      	ANDI R30,0xDF
0001d8 bde5      	OUT  0x25,R30
0001d9 98c0      	CBI  0x18,0
0001da b5ef      	IN   R30,0x2F
0001db 7def      	ANDI R30,0xDF
0001dc bdef      	OUT  0x2F,R30
0001dd 98c4      	CBI  0x18,4
0001de 9508      	RET
                 
                 
                 	.CSEG
                 _delay_ms:
0001df 9610      	adiw r26,0
0001e0 f039      	breq __delay_ms1
                 __delay_ms0:
                +
0001e1 ed80     +LDI R24 , LOW ( 0x7D0 )
0001e2 e097     +LDI R25 , HIGH ( 0x7D0 )
                +__DELAY_USW_LOOP :
0001e3 9701     +SBIW R24 , 1
0001e4 f7f1     +BRNE __DELAY_USW_LOOP
                 	__DELAY_USW 0x7D0
0001e5 95a8      	wdr
0001e6 9711      	sbiw r26,1
0001e7 f7c9      	brne __delay_ms0
                 __delay_ms1:
0001e8 9508      	ret
                 
                 ;END OF CODE MARKER
                 __END_OF_CODE:


RESOURCE USE INFORMATION
------------------------

Notice:
The register and instruction counts are symbol table hit counts,
and hence implicitly used resources are not counted, eg, the
'lpm' instruction without operands implicitly uses r0 and z,
none of which are counted.

x,y,z are separate entities in the symbol table and are
counted separately from r26..r31 here.

.dseg memory usage only counts static data declared with .byte

ATmega8A register use summary:
r0 :   6 r1 :   3 r2 :   0 r3 :   0 r4 :   2 r5 :   3 r6 :   8 r7 :   6 
r8 :   0 r9 :   0 r10:   0 r11:   0 r12:   0 r13:   0 r14:   0 r15:   2 
r16:   0 r17:   0 r18:   0 r19:   0 r20:   0 r21:   0 r22:   4 r23:   2 
r24:  15 r25:   8 r26:  33 r27:   6 r28:   2 r29:   1 r30: 183 r31:  22 
x  :   3 y  :  36 z  :   7 
Registers used: 20 out of 35 (57.1%)

ATmega8A instruction use summary:
.lds  :   0 .lds.l:   0 .sts  :   0 .sts.l:   0 adc   :   0 add   :   0 
adiw  :   2 and   :   0 andi  :   7 asr   :   0 bclr  :   0 bld   :   0 
brbc  :   0 brbs  :   0 brcc  :   0 brcs  :   0 break :   0 breq  :  18 
brge  :   0 brhc  :   0 brhs  :   0 brid  :   0 brie  :   0 brlo  :   1 
brlt  :   0 brmi  :   0 brne  :  15 brpl  :   0 brsh  :   1 brtc  :   0 
brts  :   0 brvc  :   0 brvs  :   0 bset  :   0 bst   :   0 cbi   :  11 
cbr   :   0 clc   :   0 clh   :   0 cli   :   1 cln   :   0 clr   :   4 
cls   :   0 clt   :   0 clv   :   0 clz   :   0 com   :   0 cp    :   1 
cpc   :   5 cpi   :  12 cpse  :   0 dec   :   1 des   :   0 eor   :   1 
fmul  :   0 fmuls :   0 fmulsu:   0 icall :   0 ijmp  :   0 in    :  16 
inc   :   1 ld    :  18 ldd   :   0 ldi   :  74 lds   :   6 lpm   :   7 
lsl   :   0 lsr   :   0 mov   :   5 movw  :   3 mul   :   0 muls  :   0 
mulsu :   0 neg   :   0 nop   :   0 or    :   0 ori   :   8 out   :  75 
pop   :   0 push  :   0 rcall :  42 ret   :  13 reti  :   2 rjmp  :  51 
rol   :   0 ror   :   0 sbc   :   0 sbci  :   0 sbi   :   8 sbic  :   6 
sbis  :   5 sbiw  :   7 sbr   :   0 sbrc  :   0 sbrs  :   0 sec   :   0 
seh   :   0 sei   :   1 sen   :   0 ser   :   0 ses   :   0 set   :   0 
sev   :   0 sez   :   0 sleep :   0 spm   :   0 st    :  21 std   :   0 
sts   :   6 sub   :   0 subi  :   3 swap  :   0 tst   :   8 wdr   :   1 

Instructions used: 38 out of 114 (33.3%)

ATmega8A memory use summary [bytes]:
Segment   Begin    End      Code   Data   Used    Size   Use%
---------------------------------------------------------------
[.cseg] 0x000000 0x0003d2    958     20    978    8192  11.9%
[.dseg] 0x000060 0x000163      0      3      3    1024   0.3%
[.eseg] 0x000000 0x000000      0      0      0     512   0.0%

Assembly complete, 0 errors, 6 warnings
