
AVRASM ver. 2.1.30  D:\Projects AVR\StepperMotorKontr\Debug\List\StepMotor.asm Wed Nov 25 18:34:28 2015

D:\Projects AVR\StepperMotorKontr\Debug\List\StepMotor.asm(1086): warning: Register r5 already defined by the .DEF directive
D:\Projects AVR\StepperMotorKontr\Debug\List\StepMotor.asm(1087): warning: Register r4 already defined by the .DEF directive
D:\Projects AVR\StepperMotorKontr\Debug\List\StepMotor.asm(1088): warning: Register r7 already defined by the .DEF directive
D:\Projects AVR\StepperMotorKontr\Debug\List\StepMotor.asm(1089): warning: Register r6 already defined by the .DEF directive
D:\Projects AVR\StepperMotorKontr\Debug\List\StepMotor.asm(1090): warning: Register r9 already defined by the .DEF directive
D:\Projects AVR\StepperMotorKontr\Debug\List\StepMotor.asm(1091): warning: Register r8 already defined by the .DEF directive
D:\Projects AVR\StepperMotorKontr\Debug\List\StepMotor.asm(1092): warning: Register r11 already defined by the .DEF directive
                 
                 
                 ;CodeVisionAVR C Compiler V3.12 Advanced
                 ;(C) Copyright 1998-2014 Pavel Haiduc, HP InfoTech s.r.l.
                 ;http://www.hpinfotech.com
                 
                 ;Build configuration    : Debug
                 ;Chip type              : ATmega8
                 ;Program type           : Application
                 ;Clock frequency        : 16,000000 MHz
                 ;Memory model           : Small
                 ;Optimize for           : Size
                 ;(s)printf features     : int, width
                 ;(s)scanf features      : int, width
                 ;External RAM size      : 0
                 ;Data Stack size        : 256 byte(s)
                 ;Heap size              : 0 byte(s)
                 ;Promote 'char' to 'int': Yes
                 ;'char' is unsigned     : Yes
                 ;8 bit enums            : Yes
                 ;Global 'const' stored in FLASH: Yes
                 ;Enhanced function parameter passing: Yes
                 ;Enhanced core instructions: On
                 ;Automatic register allocation for global variables: On
                 ;Smart register allocation: On
                 
                 	#define _MODEL_SMALL_
                 
                 	#pragma AVRPART ADMIN PART_NAME ATmega8
                 	#pragma AVRPART MEMORY PROG_FLASH 8192
                 	#pragma AVRPART MEMORY EEPROM 512
                 	#pragma AVRPART MEMORY INT_SRAM SIZE 1024
                 	#pragma AVRPART MEMORY INT_SRAM START_ADDR 0x60
                 
                 	.LISTMAC
                 	.EQU UDRE=0x5
                 	.EQU RXC=0x7
                 	.EQU USR=0xB
                 	.EQU UDR=0xC
                 	.EQU SPSR=0xE
                 	.EQU SPDR=0xF
                 	.EQU EERE=0x0
                 	.EQU EEWE=0x1
                 	.EQU EEMWE=0x2
                 	.EQU EECR=0x1C
                 	.EQU EEDR=0x1D
                 	.EQU EEARL=0x1E
                 	.EQU EEARH=0x1F
                 	.EQU WDTCR=0x21
                 	.EQU MCUCR=0x35
                 	.EQU GICR=0x3B
                 	.EQU SPL=0x3D
                 	.EQU SPH=0x3E
                 	.EQU SREG=0x3F
                 
                 	.DEF R0X0=R0
                 	.DEF R0X1=R1
                 	.DEF R0X2=R2
                 	.DEF R0X3=R3
                 	.DEF R0X4=R4
                 	.DEF R0X5=R5
                 	.DEF R0X6=R6
                 	.DEF R0X7=R7
                 	.DEF R0X8=R8
                 	.DEF R0X9=R9
                 	.DEF R0XA=R10
                 	.DEF R0XB=R11
                 	.DEF R0XC=R12
                 	.DEF R0XD=R13
                 	.DEF R0XE=R14
                 	.DEF R0XF=R15
                 	.DEF R0X10=R16
                 	.DEF R0X11=R17
                 	.DEF R0X12=R18
                 	.DEF R0X13=R19
                 	.DEF R0X14=R20
                 	.DEF R0X15=R21
                 	.DEF R0X16=R22
                 	.DEF R0X17=R23
                 	.DEF R0X18=R24
                 	.DEF R0X19=R25
                 	.DEF R0X1A=R26
                 	.DEF R0X1B=R27
                 	.DEF R0X1C=R28
                 	.DEF R0X1D=R29
                 	.DEF R0X1E=R30
                 	.DEF R0X1F=R31
                 
                 	.EQU __SRAM_START=0x0060
                 	.EQU __SRAM_END=0x045F
                 	.EQU __DSTACK_SIZE=0x0100
                 	.EQU __HEAP_SIZE=0x0000
                 	.EQU __CLEAR_SRAM_SIZE=__SRAM_END-__SRAM_START+1
                 
                 	.MACRO __CPD1N
                 	CPI  R30,LOW(@0)
                 	LDI  R26,HIGH(@0)
                 	CPC  R31,R26
                 	LDI  R26,BYTE3(@0)
                 	CPC  R22,R26
                 	LDI  R26,BYTE4(@0)
                 	CPC  R23,R26
                 	.ENDM
                 
                 	.MACRO __CPD2N
                 	CPI  R26,LOW(@0)
                 	LDI  R30,HIGH(@0)
                 	CPC  R27,R30
                 	LDI  R30,BYTE3(@0)
                 	CPC  R24,R30
                 	LDI  R30,BYTE4(@0)
                 	CPC  R25,R30
                 	.ENDM
                 
                 	.MACRO __CPWRR
                 	CP   R@0,R@2
                 	CPC  R@1,R@3
                 	.ENDM
                 
                 	.MACRO __CPWRN
                 	CPI  R@0,LOW(@2)
                 	LDI  R30,HIGH(@2)
                 	CPC  R@1,R30
                 	.ENDM
                 
                 	.MACRO __ADDB1MN
                 	SUBI R30,LOW(-@0-(@1))
                 	.ENDM
                 
                 	.MACRO __ADDB2MN
                 	SUBI R26,LOW(-@0-(@1))
                 	.ENDM
                 
                 	.MACRO __ADDW1MN
                 	SUBI R30,LOW(-@0-(@1))
                 	SBCI R31,HIGH(-@0-(@1))
                 	.ENDM
                 
                 	.MACRO __ADDW2MN
                 	SUBI R26,LOW(-@0-(@1))
                 	SBCI R27,HIGH(-@0-(@1))
                 	.ENDM
                 
                 	.MACRO __ADDW1FN
                 	SUBI R30,LOW(-2*@0-(@1))
                 	SBCI R31,HIGH(-2*@0-(@1))
                 	.ENDM
                 
                 	.MACRO __ADDD1FN
                 	SUBI R30,LOW(-2*@0-(@1))
                 	SBCI R31,HIGH(-2*@0-(@1))
                 	SBCI R22,BYTE3(-2*@0-(@1))
                 	.ENDM
                 
                 	.MACRO __ADDD1N
                 	SUBI R30,LOW(-@0)
                 	SBCI R31,HIGH(-@0)
                 	SBCI R22,BYTE3(-@0)
                 	SBCI R23,BYTE4(-@0)
                 	.ENDM
                 
                 	.MACRO __ADDD2N
                 	SUBI R26,LOW(-@0)
                 	SBCI R27,HIGH(-@0)
                 	SBCI R24,BYTE3(-@0)
                 	SBCI R25,BYTE4(-@0)
                 	.ENDM
                 
                 	.MACRO __SUBD1N
                 	SUBI R30,LOW(@0)
                 	SBCI R31,HIGH(@0)
                 	SBCI R22,BYTE3(@0)
                 	SBCI R23,BYTE4(@0)
                 	.ENDM
                 
                 	.MACRO __SUBD2N
                 	SUBI R26,LOW(@0)
                 	SBCI R27,HIGH(@0)
                 	SBCI R24,BYTE3(@0)
                 	SBCI R25,BYTE4(@0)
                 	.ENDM
                 
                 	.MACRO __ANDBMNN
                 	LDS  R30,@0+(@1)
                 	ANDI R30,LOW(@2)
                 	STS  @0+(@1),R30
                 	.ENDM
                 
                 	.MACRO __ANDWMNN
                 	LDS  R30,@0+(@1)
                 	ANDI R30,LOW(@2)
                 	STS  @0+(@1),R30
                 	LDS  R30,@0+(@1)+1
                 	ANDI R30,HIGH(@2)
                 	STS  @0+(@1)+1,R30
                 	.ENDM
                 
                 	.MACRO __ANDD1N
                 	ANDI R30,LOW(@0)
                 	ANDI R31,HIGH(@0)
                 	ANDI R22,BYTE3(@0)
                 	ANDI R23,BYTE4(@0)
                 	.ENDM
                 
                 	.MACRO __ANDD2N
                 	ANDI R26,LOW(@0)
                 	ANDI R27,HIGH(@0)
                 	ANDI R24,BYTE3(@0)
                 	ANDI R25,BYTE4(@0)
                 	.ENDM
                 
                 	.MACRO __ORBMNN
                 	LDS  R30,@0+(@1)
                 	ORI  R30,LOW(@2)
                 	STS  @0+(@1),R30
                 	.ENDM
                 
                 	.MACRO __ORWMNN
                 	LDS  R30,@0+(@1)
                 	ORI  R30,LOW(@2)
                 	STS  @0+(@1),R30
                 	LDS  R30,@0+(@1)+1
                 	ORI  R30,HIGH(@2)
                 	STS  @0+(@1)+1,R30
                 	.ENDM
                 
                 	.MACRO __ORD1N
                 	ORI  R30,LOW(@0)
                 	ORI  R31,HIGH(@0)
                 	ORI  R22,BYTE3(@0)
                 	ORI  R23,BYTE4(@0)
                 	.ENDM
                 
                 	.MACRO __ORD2N
                 	ORI  R26,LOW(@0)
                 	ORI  R27,HIGH(@0)
                 	ORI  R24,BYTE3(@0)
                 	ORI  R25,BYTE4(@0)
                 	.ENDM
                 
                 	.MACRO __DELAY_USB
                 	LDI  R24,LOW(@0)
                 __DELAY_USB_LOOP:
                 	DEC  R24
                 	BRNE __DELAY_USB_LOOP
                 	.ENDM
                 
                 	.MACRO __DELAY_USW
                 	LDI  R24,LOW(@0)
                 	LDI  R25,HIGH(@0)
                 __DELAY_USW_LOOP:
                 	SBIW R24,1
                 	BRNE __DELAY_USW_LOOP
                 	.ENDM
                 
                 	.MACRO __GETD1S
                 	LDD  R30,Y+@0
                 	LDD  R31,Y+@0+1
                 	LDD  R22,Y+@0+2
                 	LDD  R23,Y+@0+3
                 	.ENDM
                 
                 	.MACRO __GETD2S
                 	LDD  R26,Y+@0
                 	LDD  R27,Y+@0+1
                 	LDD  R24,Y+@0+2
                 	LDD  R25,Y+@0+3
                 	.ENDM
                 
                 	.MACRO __PUTD1S
                 	STD  Y+@0,R30
                 	STD  Y+@0+1,R31
                 	STD  Y+@0+2,R22
                 	STD  Y+@0+3,R23
                 	.ENDM
                 
                 	.MACRO __PUTD2S
                 	STD  Y+@0,R26
                 	STD  Y+@0+1,R27
                 	STD  Y+@0+2,R24
                 	STD  Y+@0+3,R25
                 	.ENDM
                 
                 	.MACRO __PUTDZ2
                 	STD  Z+@0,R26
                 	STD  Z+@0+1,R27
                 	STD  Z+@0+2,R24
                 	STD  Z+@0+3,R25
                 	.ENDM
                 
                 	.MACRO __CLRD1S
                 	STD  Y+@0,R30
                 	STD  Y+@0+1,R30
                 	STD  Y+@0+2,R30
                 	STD  Y+@0+3,R30
                 	.ENDM
                 
                 	.MACRO __POINTB1MN
                 	LDI  R30,LOW(@0+(@1))
                 	.ENDM
                 
                 	.MACRO __POINTW1MN
                 	LDI  R30,LOW(@0+(@1))
                 	LDI  R31,HIGH(@0+(@1))
                 	.ENDM
                 
                 	.MACRO __POINTD1M
                 	LDI  R30,LOW(@0)
                 	LDI  R31,HIGH(@0)
                 	LDI  R22,BYTE3(@0)
                 	LDI  R23,BYTE4(@0)
                 	.ENDM
                 
                 	.MACRO __POINTW1FN
                 	LDI  R30,LOW(2*@0+(@1))
                 	LDI  R31,HIGH(2*@0+(@1))
                 	.ENDM
                 
                 	.MACRO __POINTD1FN
                 	LDI  R30,LOW(2*@0+(@1))
                 	LDI  R31,HIGH(2*@0+(@1))
                 	LDI  R22,BYTE3(2*@0+(@1))
                 	LDI  R23,BYTE4(2*@0+(@1))
                 	.ENDM
                 
                 	.MACRO __POINTB2MN
                 	LDI  R26,LOW(@0+(@1))
                 	.ENDM
                 
                 	.MACRO __POINTW2MN
                 	LDI  R26,LOW(@0+(@1))
                 	LDI  R27,HIGH(@0+(@1))
                 	.ENDM
                 
                 	.MACRO __POINTW2FN
                 	LDI  R26,LOW(2*@0+(@1))
                 	LDI  R27,HIGH(2*@0+(@1))
                 	.ENDM
                 
                 	.MACRO __POINTD2FN
                 	LDI  R26,LOW(2*@0+(@1))
                 	LDI  R27,HIGH(2*@0+(@1))
                 	LDI  R24,BYTE3(2*@0+(@1))
                 	LDI  R25,BYTE4(2*@0+(@1))
                 	.ENDM
                 
                 	.MACRO __POINTBRM
                 	LDI  R@0,LOW(@1)
                 	.ENDM
                 
                 	.MACRO __POINTWRM
                 	LDI  R@0,LOW(@2)
                 	LDI  R@1,HIGH(@2)
                 	.ENDM
                 
                 	.MACRO __POINTBRMN
                 	LDI  R@0,LOW(@1+(@2))
                 	.ENDM
                 
                 	.MACRO __POINTWRMN
                 	LDI  R@0,LOW(@2+(@3))
                 	LDI  R@1,HIGH(@2+(@3))
                 	.ENDM
                 
                 	.MACRO __POINTWRFN
                 	LDI  R@0,LOW(@2*2+(@3))
                 	LDI  R@1,HIGH(@2*2+(@3))
                 	.ENDM
                 
                 	.MACRO __GETD1N
                 	LDI  R30,LOW(@0)
                 	LDI  R31,HIGH(@0)
                 	LDI  R22,BYTE3(@0)
                 	LDI  R23,BYTE4(@0)
                 	.ENDM
                 
                 	.MACRO __GETD2N
                 	LDI  R26,LOW(@0)
                 	LDI  R27,HIGH(@0)
                 	LDI  R24,BYTE3(@0)
                 	LDI  R25,BYTE4(@0)
                 	.ENDM
                 
                 	.MACRO __GETB1MN
                 	LDS  R30,@0+(@1)
                 	.ENDM
                 
                 	.MACRO __GETB1HMN
                 	LDS  R31,@0+(@1)
                 	.ENDM
                 
                 	.MACRO __GETW1MN
                 	LDS  R30,@0+(@1)
                 	LDS  R31,@0+(@1)+1
                 	.ENDM
                 
                 	.MACRO __GETD1MN
                 	LDS  R30,@0+(@1)
                 	LDS  R31,@0+(@1)+1
                 	LDS  R22,@0+(@1)+2
                 	LDS  R23,@0+(@1)+3
                 	.ENDM
                 
                 	.MACRO __GETBRMN
                 	LDS  R@0,@1+(@2)
                 	.ENDM
                 
                 	.MACRO __GETWRMN
                 	LDS  R@0,@2+(@3)
                 	LDS  R@1,@2+(@3)+1
                 	.ENDM
                 
                 	.MACRO __GETWRZ
                 	LDD  R@0,Z+@2
                 	LDD  R@1,Z+@2+1
                 	.ENDM
                 
                 	.MACRO __GETD2Z
                 	LDD  R26,Z+@0
                 	LDD  R27,Z+@0+1
                 	LDD  R24,Z+@0+2
                 	LDD  R25,Z+@0+3
                 	.ENDM
                 
                 	.MACRO __GETB2MN
                 	LDS  R26,@0+(@1)
                 	.ENDM
                 
                 	.MACRO __GETW2MN
                 	LDS  R26,@0+(@1)
                 	LDS  R27,@0+(@1)+1
                 	.ENDM
                 
                 	.MACRO __GETD2MN
                 	LDS  R26,@0+(@1)
                 	LDS  R27,@0+(@1)+1
                 	LDS  R24,@0+(@1)+2
                 	LDS  R25,@0+(@1)+3
                 	.ENDM
                 
                 	.MACRO __PUTB1MN
                 	STS  @0+(@1),R30
                 	.ENDM
                 
                 	.MACRO __PUTW1MN
                 	STS  @0+(@1),R30
                 	STS  @0+(@1)+1,R31
                 	.ENDM
                 
                 	.MACRO __PUTD1MN
                 	STS  @0+(@1),R30
                 	STS  @0+(@1)+1,R31
                 	STS  @0+(@1)+2,R22
                 	STS  @0+(@1)+3,R23
                 	.ENDM
                 
                 	.MACRO __PUTB1EN
                 	LDI  R26,LOW(@0+(@1))
                 	LDI  R27,HIGH(@0+(@1))
                 	RCALL __EEPROMWRB
                 	.ENDM
                 
                 	.MACRO __PUTW1EN
                 	LDI  R26,LOW(@0+(@1))
                 	LDI  R27,HIGH(@0+(@1))
                 	RCALL __EEPROMWRW
                 	.ENDM
                 
                 	.MACRO __PUTD1EN
                 	LDI  R26,LOW(@0+(@1))
                 	LDI  R27,HIGH(@0+(@1))
                 	RCALL __EEPROMWRD
                 	.ENDM
                 
                 	.MACRO __PUTBR0MN
                 	STS  @0+(@1),R0
                 	.ENDM
                 
                 	.MACRO __PUTBMRN
                 	STS  @0+(@1),R@2
                 	.ENDM
                 
                 	.MACRO __PUTWMRN
                 	STS  @0+(@1),R@2
                 	STS  @0+(@1)+1,R@3
                 	.ENDM
                 
                 	.MACRO __PUTBZR
                 	STD  Z+@1,R@0
                 	.ENDM
                 
                 	.MACRO __PUTWZR
                 	STD  Z+@2,R@0
                 	STD  Z+@2+1,R@1
                 	.ENDM
                 
                 	.MACRO __GETW1R
                 	MOV  R30,R@0
                 	MOV  R31,R@1
                 	.ENDM
                 
                 	.MACRO __GETW2R
                 	MOV  R26,R@0
                 	MOV  R27,R@1
                 	.ENDM
                 
                 	.MACRO __GETWRN
                 	LDI  R@0,LOW(@2)
                 	LDI  R@1,HIGH(@2)
                 	.ENDM
                 
                 	.MACRO __PUTW1R
                 	MOV  R@0,R30
                 	MOV  R@1,R31
                 	.ENDM
                 
                 	.MACRO __PUTW2R
                 	MOV  R@0,R26
                 	MOV  R@1,R27
                 	.ENDM
                 
                 	.MACRO __ADDWRN
                 	SUBI R@0,LOW(-@2)
                 	SBCI R@1,HIGH(-@2)
                 	.ENDM
                 
                 	.MACRO __ADDWRR
                 	ADD  R@0,R@2
                 	ADC  R@1,R@3
                 	.ENDM
                 
                 	.MACRO __SUBWRN
                 	SUBI R@0,LOW(@2)
                 	SBCI R@1,HIGH(@2)
                 	.ENDM
                 
                 	.MACRO __SUBWRR
                 	SUB  R@0,R@2
                 	SBC  R@1,R@3
                 	.ENDM
                 
                 	.MACRO __ANDWRN
                 	ANDI R@0,LOW(@2)
                 	ANDI R@1,HIGH(@2)
                 	.ENDM
                 
                 	.MACRO __ANDWRR
                 	AND  R@0,R@2
                 	AND  R@1,R@3
                 	.ENDM
                 
                 	.MACRO __ORWRN
                 	ORI  R@0,LOW(@2)
                 	ORI  R@1,HIGH(@2)
                 	.ENDM
                 
                 	.MACRO __ORWRR
                 	OR   R@0,R@2
                 	OR   R@1,R@3
                 	.ENDM
                 
                 	.MACRO __EORWRR
                 	EOR  R@0,R@2
                 	EOR  R@1,R@3
                 	.ENDM
                 
                 	.MACRO __GETWRS
                 	LDD  R@0,Y+@2
                 	LDD  R@1,Y+@2+1
                 	.ENDM
                 
                 	.MACRO __PUTBSR
                 	STD  Y+@1,R@0
                 	.ENDM
                 
                 	.MACRO __PUTWSR
                 	STD  Y+@2,R@0
                 	STD  Y+@2+1,R@1
                 	.ENDM
                 
                 	.MACRO __MOVEWRR
                 	MOV  R@0,R@2
                 	MOV  R@1,R@3
                 	.ENDM
                 
                 	.MACRO __INWR
                 	IN   R@0,@2
                 	IN   R@1,@2+1
                 	.ENDM
                 
                 	.MACRO __OUTWR
                 	OUT  @2+1,R@1
                 	OUT  @2,R@0
                 	.ENDM
                 
                 	.MACRO __CALL1MN
                 	LDS  R30,@0+(@1)
                 	LDS  R31,@0+(@1)+1
                 	ICALL
                 	.ENDM
                 
                 	.MACRO __CALL1FN
                 	LDI  R30,LOW(2*@0+(@1))
                 	LDI  R31,HIGH(2*@0+(@1))
                 	RCALL __GETW1PF
                 	ICALL
                 	.ENDM
                 
                 	.MACRO __CALL2EN
                 	PUSH R26
                 	PUSH R27
                 	LDI  R26,LOW(@0+(@1))
                 	LDI  R27,HIGH(@0+(@1))
                 	RCALL __EEPROMRDW
                 	POP  R27
                 	POP  R26
                 	ICALL
                 	.ENDM
                 
                 	.MACRO __CALL2EX
                 	SUBI R26,LOW(-@0)
                 	SBCI R27,HIGH(-@0)
                 	RCALL __EEPROMRDD
                 	ICALL
                 	.ENDM
                 
                 	.MACRO __GETW1STACK
                 	IN   R30,SPL
                 	IN   R31,SPH
                 	ADIW R30,@0+1
                 	LD   R0,Z+
                 	LD   R31,Z
                 	MOV  R30,R0
                 	.ENDM
                 
                 	.MACRO __GETD1STACK
                 	IN   R30,SPL
                 	IN   R31,SPH
                 	ADIW R30,@0+1
                 	LD   R0,Z+
                 	LD   R1,Z+
                 	LD   R22,Z
                 	MOVW R30,R0
                 	.ENDM
                 
                 	.MACRO __NBST
                 	BST  R@0,@1
                 	IN   R30,SREG
                 	LDI  R31,0x40
                 	EOR  R30,R31
                 	OUT  SREG,R30
                 	.ENDM
                 
                 
                 	.MACRO __PUTB1SN
                 	LDD  R26,Y+@0
                 	LDD  R27,Y+@0+1
                 	SUBI R26,LOW(-@1)
                 	SBCI R27,HIGH(-@1)
                 	ST   X,R30
                 	.ENDM
                 
                 	.MACRO __PUTW1SN
                 	LDD  R26,Y+@0
                 	LDD  R27,Y+@0+1
                 	SUBI R26,LOW(-@1)
                 	SBCI R27,HIGH(-@1)
                 	ST   X+,R30
                 	ST   X,R31
                 	.ENDM
                 
                 	.MACRO __PUTD1SN
                 	LDD  R26,Y+@0
                 	LDD  R27,Y+@0+1
                 	SUBI R26,LOW(-@1)
                 	SBCI R27,HIGH(-@1)
                 	RCALL __PUTDP1
                 	.ENDM
                 
                 	.MACRO __PUTB1SNS
                 	LDD  R26,Y+@0
                 	LDD  R27,Y+@0+1
                 	ADIW R26,@1
                 	ST   X,R30
                 	.ENDM
                 
                 	.MACRO __PUTW1SNS
                 	LDD  R26,Y+@0
                 	LDD  R27,Y+@0+1
                 	ADIW R26,@1
                 	ST   X+,R30
                 	ST   X,R31
                 	.ENDM
                 
                 	.MACRO __PUTD1SNS
                 	LDD  R26,Y+@0
                 	LDD  R27,Y+@0+1
                 	ADIW R26,@1
                 	RCALL __PUTDP1
                 	.ENDM
                 
                 	.MACRO __PUTB1PMN
                 	LDS  R26,@0
                 	LDS  R27,@0+1
                 	SUBI R26,LOW(-@1)
                 	SBCI R27,HIGH(-@1)
                 	ST   X,R30
                 	.ENDM
                 
                 	.MACRO __PUTW1PMN
                 	LDS  R26,@0
                 	LDS  R27,@0+1
                 	SUBI R26,LOW(-@1)
                 	SBCI R27,HIGH(-@1)
                 	ST   X+,R30
                 	ST   X,R31
                 	.ENDM
                 
                 	.MACRO __PUTD1PMN
                 	LDS  R26,@0
                 	LDS  R27,@0+1
                 	SUBI R26,LOW(-@1)
                 	SBCI R27,HIGH(-@1)
                 	RCALL __PUTDP1
                 	.ENDM
                 
                 	.MACRO __PUTB1PMNS
                 	LDS  R26,@0
                 	LDS  R27,@0+1
                 	ADIW R26,@1
                 	ST   X,R30
                 	.ENDM
                 
                 	.MACRO __PUTW1PMNS
                 	LDS  R26,@0
                 	LDS  R27,@0+1
                 	ADIW R26,@1
                 	ST   X+,R30
                 	ST   X,R31
                 	.ENDM
                 
                 	.MACRO __PUTD1PMNS
                 	LDS  R26,@0
                 	LDS  R27,@0+1
                 	ADIW R26,@1
                 	RCALL __PUTDP1
                 	.ENDM
                 
                 	.MACRO __PUTB1RN
                 	MOVW R26,R@0
                 	SUBI R26,LOW(-@1)
                 	SBCI R27,HIGH(-@1)
                 	ST   X,R30
                 	.ENDM
                 
                 	.MACRO __PUTW1RN
                 	MOVW R26,R@0
                 	SUBI R26,LOW(-@1)
                 	SBCI R27,HIGH(-@1)
                 	ST   X+,R30
                 	ST   X,R31
                 	.ENDM
                 
                 	.MACRO __PUTD1RN
                 	MOVW R26,R@0
                 	SUBI R26,LOW(-@1)
                 	SBCI R27,HIGH(-@1)
                 	RCALL __PUTDP1
                 	.ENDM
                 
                 	.MACRO __PUTB1RNS
                 	MOVW R26,R@0
                 	ADIW R26,@1
                 	ST   X,R30
                 	.ENDM
                 
                 	.MACRO __PUTW1RNS
                 	MOVW R26,R@0
                 	ADIW R26,@1
                 	ST   X+,R30
                 	ST   X,R31
                 	.ENDM
                 
                 	.MACRO __PUTD1RNS
                 	MOVW R26,R@0
                 	ADIW R26,@1
                 	RCALL __PUTDP1
                 	.ENDM
                 
                 	.MACRO __PUTB1RON
                 	MOV  R26,R@0
                 	MOV  R27,R@1
                 	SUBI R26,LOW(-@2)
                 	SBCI R27,HIGH(-@2)
                 	ST   X,R30
                 	.ENDM
                 
                 	.MACRO __PUTW1RON
                 	MOV  R26,R@0
                 	MOV  R27,R@1
                 	SUBI R26,LOW(-@2)
                 	SBCI R27,HIGH(-@2)
                 	ST   X+,R30
                 	ST   X,R31
                 	.ENDM
                 
                 	.MACRO __PUTD1RON
                 	MOV  R26,R@0
                 	MOV  R27,R@1
                 	SUBI R26,LOW(-@2)
                 	SBCI R27,HIGH(-@2)
                 	RCALL __PUTDP1
                 	.ENDM
                 
                 	.MACRO __PUTB1RONS
                 	MOV  R26,R@0
                 	MOV  R27,R@1
                 	ADIW R26,@2
                 	ST   X,R30
                 	.ENDM
                 
                 	.MACRO __PUTW1RONS
                 	MOV  R26,R@0
                 	MOV  R27,R@1
                 	ADIW R26,@2
                 	ST   X+,R30
                 	ST   X,R31
                 	.ENDM
                 
                 	.MACRO __PUTD1RONS
                 	MOV  R26,R@0
                 	MOV  R27,R@1
                 	ADIW R26,@2
                 	RCALL __PUTDP1
                 	.ENDM
                 
                 
                 	.MACRO __GETB1SX
                 	MOVW R30,R28
                 	SUBI R30,LOW(-@0)
                 	SBCI R31,HIGH(-@0)
                 	LD   R30,Z
                 	.ENDM
                 
                 	.MACRO __GETB1HSX
                 	MOVW R30,R28
                 	SUBI R30,LOW(-@0)
                 	SBCI R31,HIGH(-@0)
                 	LD   R31,Z
                 	.ENDM
                 
                 	.MACRO __GETW1SX
                 	MOVW R30,R28
                 	SUBI R30,LOW(-@0)
                 	SBCI R31,HIGH(-@0)
                 	LD   R0,Z+
                 	LD   R31,Z
                 	MOV  R30,R0
                 	.ENDM
                 
                 	.MACRO __GETD1SX
                 	MOVW R30,R28
                 	SUBI R30,LOW(-@0)
                 	SBCI R31,HIGH(-@0)
                 	LD   R0,Z+
                 	LD   R1,Z+
                 	LD   R22,Z+
                 	LD   R23,Z
                 	MOVW R30,R0
                 	.ENDM
                 
                 	.MACRO __GETB2SX
                 	MOVW R26,R28
                 	SUBI R26,LOW(-@0)
                 	SBCI R27,HIGH(-@0)
                 	LD   R26,X
                 	.ENDM
                 
                 	.MACRO __GETW2SX
                 	MOVW R26,R28
                 	SUBI R26,LOW(-@0)
                 	SBCI R27,HIGH(-@0)
                 	LD   R0,X+
                 	LD   R27,X
                 	MOV  R26,R0
                 	.ENDM
                 
                 	.MACRO __GETD2SX
                 	MOVW R26,R28
                 	SUBI R26,LOW(-@0)
                 	SBCI R27,HIGH(-@0)
                 	LD   R0,X+
                 	LD   R1,X+
                 	LD   R24,X+
                 	LD   R25,X
                 	MOVW R26,R0
                 	.ENDM
                 
                 	.MACRO __GETBRSX
                 	MOVW R30,R28
                 	SUBI R30,LOW(-@1)
                 	SBCI R31,HIGH(-@1)
                 	LD   R@0,Z
                 	.ENDM
                 
                 	.MACRO __GETWRSX
                 	MOVW R30,R28
                 	SUBI R30,LOW(-@2)
                 	SBCI R31,HIGH(-@2)
                 	LD   R@0,Z+
                 	LD   R@1,Z
                 	.ENDM
                 
                 	.MACRO __GETBRSX2
                 	MOVW R26,R28
                 	SUBI R26,LOW(-@1)
                 	SBCI R27,HIGH(-@1)
                 	LD   R@0,X
                 	.ENDM
                 
                 	.MACRO __GETWRSX2
                 	MOVW R26,R28
                 	SUBI R26,LOW(-@2)
                 	SBCI R27,HIGH(-@2)
                 	LD   R@0,X+
                 	LD   R@1,X
                 	.ENDM
                 
                 	.MACRO __LSLW8SX
                 	MOVW R30,R28
                 	SUBI R30,LOW(-@0)
                 	SBCI R31,HIGH(-@0)
                 	LD   R31,Z
                 	CLR  R30
                 	.ENDM
                 
                 	.MACRO __PUTB1SX
                 	MOVW R26,R28
                 	SUBI R26,LOW(-@0)
                 	SBCI R27,HIGH(-@0)
                 	ST   X,R30
                 	.ENDM
                 
                 	.MACRO __PUTW1SX
                 	MOVW R26,R28
                 	SUBI R26,LOW(-@0)
                 	SBCI R27,HIGH(-@0)
                 	ST   X+,R30
                 	ST   X,R31
                 	.ENDM
                 
                 	.MACRO __PUTD1SX
                 	MOVW R26,R28
                 	SUBI R26,LOW(-@0)
                 	SBCI R27,HIGH(-@0)
                 	ST   X+,R30
                 	ST   X+,R31
                 	ST   X+,R22
                 	ST   X,R23
                 	.ENDM
                 
                 	.MACRO __CLRW1SX
                 	MOVW R26,R28
                 	SUBI R26,LOW(-@0)
                 	SBCI R27,HIGH(-@0)
                 	ST   X+,R30
                 	ST   X,R30
                 	.ENDM
                 
                 	.MACRO __CLRD1SX
                 	MOVW R26,R28
                 	SUBI R26,LOW(-@0)
                 	SBCI R27,HIGH(-@0)
                 	ST   X+,R30
                 	ST   X+,R30
                 	ST   X+,R30
                 	ST   X,R30
                 	.ENDM
                 
                 	.MACRO __PUTB2SX
                 	MOVW R30,R28
                 	SUBI R30,LOW(-@0)
                 	SBCI R31,HIGH(-@0)
                 	ST   Z,R26
                 	.ENDM
                 
                 	.MACRO __PUTW2SX
                 	MOVW R30,R28
                 	SUBI R30,LOW(-@0)
                 	SBCI R31,HIGH(-@0)
                 	ST   Z+,R26
                 	ST   Z,R27
                 	.ENDM
                 
                 	.MACRO __PUTD2SX
                 	MOVW R30,R28
                 	SUBI R30,LOW(-@0)
                 	SBCI R31,HIGH(-@0)
                 	ST   Z+,R26
                 	ST   Z+,R27
                 	ST   Z+,R24
                 	ST   Z,R25
                 	.ENDM
                 
                 	.MACRO __PUTBSRX
                 	MOVW R30,R28
                 	SUBI R30,LOW(-@1)
                 	SBCI R31,HIGH(-@1)
                 	ST   Z,R@0
                 	.ENDM
                 
                 	.MACRO __PUTWSRX
                 	MOVW R30,R28
                 	SUBI R30,LOW(-@2)
                 	SBCI R31,HIGH(-@2)
                 	ST   Z+,R@0
                 	ST   Z,R@1
                 	.ENDM
                 
                 	.MACRO __PUTB1SNX
                 	MOVW R26,R28
                 	SUBI R26,LOW(-@0)
                 	SBCI R27,HIGH(-@0)
                 	LD   R0,X+
                 	LD   R27,X
                 	MOV  R26,R0
                 	SUBI R26,LOW(-@1)
                 	SBCI R27,HIGH(-@1)
                 	ST   X,R30
                 	.ENDM
                 
                 	.MACRO __PUTW1SNX
                 	MOVW R26,R28
                 	SUBI R26,LOW(-@0)
                 	SBCI R27,HIGH(-@0)
                 	LD   R0,X+
                 	LD   R27,X
                 	MOV  R26,R0
                 	SUBI R26,LOW(-@1)
                 	SBCI R27,HIGH(-@1)
                 	ST   X+,R30
                 	ST   X,R31
                 	.ENDM
                 
                 	.MACRO __PUTD1SNX
                 	MOVW R26,R28
                 	SUBI R26,LOW(-@0)
                 	SBCI R27,HIGH(-@0)
                 	LD   R0,X+
                 	LD   R27,X
                 	MOV  R26,R0
                 	SUBI R26,LOW(-@1)
                 	SBCI R27,HIGH(-@1)
                 	ST   X+,R30
                 	ST   X+,R31
                 	ST   X+,R22
                 	ST   X,R23
                 	.ENDM
                 
                 	.MACRO __MULBRR
                 	MULS R@0,R@1
                 	MOVW R30,R0
                 	.ENDM
                 
                 	.MACRO __MULBRRU
                 	MUL  R@0,R@1
                 	MOVW R30,R0
                 	.ENDM
                 
                 	.MACRO __MULBRR0
                 	MULS R@0,R@1
                 	.ENDM
                 
                 	.MACRO __MULBRRU0
                 	MUL  R@0,R@1
                 	.ENDM
                 
                 	.MACRO __MULBNWRU
                 	LDI  R26,@2
                 	MUL  R26,R@0
                 	MOVW R30,R0
                 	MUL  R26,R@1
                 	ADD  R31,R0
                 	.ENDM
                 
                 ;NAME DEFINITIONS FOR GLOBAL VARIABLES ALLOCATED TO REGISTERS
                 	.DEF _OldStep=R5
                 	.DEF _OldDir=R4
                 	.DEF _OldSpeed=R7
                 	.DEF _EncData=R6
                 	.DEF __lcd_x=R9
                 	.DEF __lcd_y=R8
                 	.DEF __lcd_maxx=R11
                 
                 	.CSEG
                 	.ORG 0x00
                 
                 ;START OF CODE MARKER
                 __START_OF_CODE:
                 
                 ;INTERRUPT VECTORS
000000 c066      	RJMP __RESET
000001 cffe      	RJMP 0x00
000002 cffd      	RJMP 0x00
000003 cffc      	RJMP 0x00
000004 cffb      	RJMP 0x00
000005 cffa      	RJMP 0x00
000006 cff9      	RJMP 0x00
000007 cff8      	RJMP 0x00
000008 c08f      	RJMP _timer1_ovf_isr
000009 c089      	RJMP _timer0_ovf_isr
00000a cff5      	RJMP 0x00
00000b cff4      	RJMP 0x00
00000c cff3      	RJMP 0x00
00000d cff2      	RJMP 0x00
00000e cff1      	RJMP 0x00
00000f cff0      	RJMP 0x00
000010 cfef      	RJMP 0x00
000011 cfee      	RJMP 0x00
000012 cfed      	RJMP 0x00
                 
                 _Step2:
000013 61ac
000014 3db4
000015 2f31
000016 0032      	.DB  0xAC,0x61,0xB4,0x3D,0x31,0x2F,0x32,0x0
                 _Step4:
000017 61ac
000018 3db4
000019 2f31
00001a 0034      	.DB  0xAC,0x61,0xB4,0x3D,0x31,0x2F,0x34,0x0
                 _rDir:
00001b 6148
00001c 70be
00001d b361
00001e 65bb      	.DB  0x48,0x61,0xBE,0x70,0x61,0xB3,0xBB,0x65
00001f b8bd
000020 2065
000021 3e3e
000022 003e      	.DB  0xBD,0xB8,0x65,0x20,0x3E,0x3E,0x3E,0x0
                 _lDir:
000023 6148
000024 70be
000025 b361
000026 65bb      	.DB  0x48,0x61,0xBE,0x70,0x61,0xB3,0xBB,0x65
000027 b8bd
000028 2065
000029 3c3c
00002a 003c      	.DB  0xBD,0xB8,0x65,0x20,0x3C,0x3C,0x3C,0x0
                 _mSpd:
00002b 4380
00002c 6fba
00002d 2e70
00002e 003d      	.DB  0x80,0x43,0xBA,0x6F,0x70,0x2E,0x3D,0x0
                 _msteps16:
00002f 0203
000030 1009
000031 3018
000032 2229      	.DB  0x3,0x2,0x9,0x10,0x18,0x30,0x29,0x22
000033 2623
000034 342d
000035 141c
000036 060d      	.DB  0x23,0x26,0x2D,0x34,0x1C,0x14,0xD,0x6
                 _msteps8:
000037 0903
000038 2918
000039 2d23
00003a 0d1c      	.DB  0x3,0x9,0x18,0x29,0x23,0x2D,0x1C,0xD
                 _mspeed:
00003b facb
00003c fb1e
00003d fb68
00003e fba9      	.DB  0xCB,0xFA,0x1E,0xFB,0x68,0xFB,0xA9,0xFB
00003f fbe3
000040 fc18
000041 fc48
000042 fc73      	.DB  0xE3,0xFB,0x18,0xFC,0x48,0xFC,0x73,0xFC
000043 fc9a
000044 fcbf      	.DB  0x9A,0xFC,0xBF,0xFC
                 
                 ;GLOBAL REGISTER VARIABLES INITIALIZATION
                 __REG_VARS:
D:\Projects AVR\StepperMotorKontr\Debug\List\StepMotor.asm(1145): warning: .cseg .db misalignment - padding zero byte
000045 0000      	.DB  0x0
                 
                 ;DATA STACK END MARKER INITIALIZATION
                 __DSTACK_END_INIT:
000046 5344
000047 4154
000048 4b43
000049 4e45
00004a 0044      	.DB  'D','S','T','A','C','K','E','N','D',0
                 
                 ;HARDWARE STACK END MARKER INITIALIZATION
                 __HSTACK_END_INIT:
00004b 5348
00004c 4154
00004d 4b43
00004e 4e45
00004f 0044      	.DB  'H','S','T','A','C','K','E','N','D',0
                 
                 _0x2000003:
000050 c080      	.DB  0x80,0xC0
                 _0x2020060:
D:\Projects AVR\StepperMotorKontr\Debug\List\StepMotor.asm(1158): warning: .cseg .db misalignment - padding zero byte
000051 0001      	.DB  0x1
                 _0x2020000:
000052 4e2d
000053 4e41
000054 4900
000055 464e      	.DB  0x2D,0x4E,0x41,0x4E,0x0,0x49,0x4E,0x46
D:\Projects AVR\StepperMotorKontr\Debug\List\StepMotor.asm(1161): warning: .cseg .db misalignment - padding zero byte
000056 0000      	.DB  0x0
                 
                 __GLOBAL_INI_TBL:
000057 0001      	.DW  0x01
000058 0006      	.DW  0x06
000059 008a      	.DW  __REG_VARS*2
                 
00005a 0009      	.DW  0x09
00005b 0060      	.DW  __SRAM_START
00005c 008c      	.DW  __DSTACK_END_INIT*2
                 
00005d 0009      	.DW  0x09
00005e 016d      	.DW  0x16D
00005f 0096      	.DW  __HSTACK_END_INIT*2
                 
000060 0002      	.DW  0x02
000061 0165      	.DW  __base_y_G100
000062 00a0      	.DW  _0x2000003*2
                 
000063 0001      	.DW  0x01
000064 0169      	.DW  __seed_G101
000065 00a2      	.DW  _0x2020060*2
                 
                 _0xFFFFFFFF:
000066 0000      	.DW  0
                 
                 #define __GLOBAL_INI_TBL_PRESENT 1
                 
                 __RESET:
000067 94f8      	CLI
000068 27ee      	CLR  R30
000069 bbec      	OUT  EECR,R30
                 
                 ;INTERRUPT VECTORS ARE PLACED
                 ;AT THE START OF FLASH
00006a e0f1      	LDI  R31,1
00006b bffb      	OUT  GICR,R31
00006c bfeb      	OUT  GICR,R30
00006d bfe5      	OUT  MCUCR,R30
                 
                 ;CLEAR R2-R14
00006e e08d      	LDI  R24,(14-2)+1
00006f e0a2      	LDI  R26,2
000070 27bb      	CLR  R27
                 __CLEAR_REG:
000071 93ed      	ST   X+,R30
000072 958a      	DEC  R24
000073 f7e9      	BRNE __CLEAR_REG
                 
                 ;CLEAR SRAM
000074 e080      	LDI  R24,LOW(__CLEAR_SRAM_SIZE)
000075 e094      	LDI  R25,HIGH(__CLEAR_SRAM_SIZE)
000076 e6a0      	LDI  R26,__SRAM_START
                 __CLEAR_SRAM:
000077 93ed      	ST   X+,R30
000078 9701      	SBIW R24,1
000079 f7e9      	BRNE __CLEAR_SRAM
                 
                 ;GLOBAL VARIABLES INITIALIZATION
00007a eaee      	LDI  R30,LOW(__GLOBAL_INI_TBL*2)
00007b e0f0      	LDI  R31,HIGH(__GLOBAL_INI_TBL*2)
                 __GLOBAL_INI_NEXT:
00007c 9185      	LPM  R24,Z+
00007d 9195      	LPM  R25,Z+
00007e 9700      	SBIW R24,0
00007f f061      	BREQ __GLOBAL_INI_END
000080 91a5      	LPM  R26,Z+
000081 91b5      	LPM  R27,Z+
000082 9005      	LPM  R0,Z+
000083 9015      	LPM  R1,Z+
000084 01bf      	MOVW R22,R30
000085 01f0      	MOVW R30,R0
                 __GLOBAL_INI_LOOP:
000086 9005      	LPM  R0,Z+
000087 920d      	ST   X+,R0
000088 9701      	SBIW R24,1
000089 f7e1      	BRNE __GLOBAL_INI_LOOP
00008a 01fb      	MOVW R30,R22
00008b cff0      	RJMP __GLOBAL_INI_NEXT
                 __GLOBAL_INI_END:
                 
                 ;HARDWARE STACK POINTER INITIALIZATION
00008c e5ef      	LDI  R30,LOW(__SRAM_END-__HEAP_SIZE)
00008d bfed      	OUT  SPL,R30
00008e e0e4      	LDI  R30,HIGH(__SRAM_END-__HEAP_SIZE)
00008f bfee      	OUT  SPH,R30
                 
                 ;DATA STACK POINTER INITIALIZATION
000090 e6c0      	LDI  R28,LOW(__SRAM_START+__DSTACK_SIZE)
000091 e0d1      	LDI  R29,HIGH(__SRAM_START+__DSTACK_SIZE)
                 
000092 c05c      	RJMP _main
                 
                 	.ESEG
                 	.ORG 0
                 
                 	.DSEG
                 	.ORG 0x160
                 
                 	.CSEG
                 ;/*******************************************************
                 ;This program was created by the
                 ;CodeWizardAVR V3.12 Advanced
                 ;Automatic Program Generator
                 ;© Copyright 1998-2014 Pavel Haiduc, HP InfoTech s.r.l.
                 ;http://www.hpinfotech.com
                 ;
                 ;Project :
                 ;Version :
                 ;Date    : 14.11.2015
                 ;Author  :
                 ;Company :
                 ;Comments:
                 ;
                 ;
                 ;Chip type               : ATmega8
                 ;Program type            : Application
                 ;AVR Core Clock frequency: 16,000000 MHz
                 ;Memory model            : Small
                 ;External RAM size       : 0
                 ;Data Stack size         : 256
                 ;*******************************************************/
                 ;
                 ;#include <mega8.h>
                 	#ifndef __SLEEP_DEFINED__
                 	#define __SLEEP_DEFINED__
                 	.EQU __se_bit=0x80
                 	.EQU __sm_mask=0x70
                 	.EQU __sm_powerdown=0x20
                 	.EQU __sm_powersave=0x30
                 	.EQU __sm_standby=0x60
                 	.EQU __sm_ext_standby=0x70
                 	.EQU __sm_adc_noise_red=0x10
                 	.SET power_ctrl_reg=mcucr
                 	#endif
                 ;
                 ;
                 ;// Alphanumeric LCD functions
                 ;#include <alcd.h>
                 ;#include <stdlib.h>
                 ;#include "encoder.h"
                 ;
                 ;// Declare your global variables here
                 ;char OldStep, OldDir, OldSpeed;  // переменные для хранения предыдущих значений
                 ;char Speed[2];
                 ;
                 ;static char x = 0 ;            // переменные для работы с энкодером
                 ;unsigned char EncData = 0;
                 ;
                 ;
                 ;flash unsigned char Step2[]={172,97,180,61,49,47,50,0}; /*  "Шаг=1/2"  */
                 ;flash unsigned char Step4[]={172,97,180,61,49,47,52,0};   /* "Шаг=1/4"  */
                 ;flash unsigned char rDir[]={72,97,190,112,97,179,187,101,189,184,101,32,62,62,62,0};  /* "Направление >>>" */
                 ;flash unsigned char lDir[]={72,97,190,112,97,179,187,101,189,184,101,32,60,60,60,0};  /* "Направление <<<" */
                 ;flash unsigned char mSpd[]={128,67,186,111,112,46,61,0}; /* "Скор.=" */
                 ;
                 ;
                 ;
                 ;
                 ;// значения для управления драйверов ШД
                 ;// в режиме 1/4 шага
                 ;const unsigned char msteps16[16] = {
                 ; 0b00000011,
                 ; 0b00000010,
                 ; 0b00001001,
                 ; 0b00010000,
                 ; 0b00011000,
                 ; 0b00110000,
                 ; 0b00101001,
                 ; 0b00100010,
                 ; 0b00100011,
                 ; 0b00100110,
                 ; 0b00101101,
                 ; 0b00110100,
                 ; 0b00011100,
                 ; 0b00010100,
                 ; 0b00001101,
                 ; 0b00000110};
                 ;
                 ;// значения для управления драйверов ШД
                 ;// в режиме 1/2 шага
                 ;const unsigned char msteps8[8] = {
                 ; 0b00000011,
                 ; 0b00001001,
                 ; 0b00011000,
                 ; 0b00101001,
                 ; 0b00100011,
                 ; 0b00101101,
                 ; 0b00011100,
                 ; 0b00001101};
                 ;
                 ;// значения начальной установки таймера TIM1
                 ;// для задания разных скоростей
                 ;const unsigned int mspeed[10] = {
                 ; 0xFACB,  // 1500 шагов в секунду
                 ; 0xFB1E,  // 1600
                 ; 0xFB68,  // 1700
                 ; 0xFBA9,  // 1800
                 ; 0xFBE3,  // 1900
                 ; 0xFC18,  // 2000
                 ; 0xFC48,  // 2100
                 ; 0xFC73,  // 2200
                 ; 0xFC9A,  // 2300
                 ; 0xFCBF   // 2400
                 ;};
                 ;
                 ;// Объявления функций
                 ;void LcdOut( char, char, char);
                 ;void Step(char);
                 ;
                 ;// Timer 0 overflow interrupt service routine
                 ;interrupt [TIM0_OVF] void timer0_ovf_isr(void)
                 ; 0000 0066 {
                 
                 	.CSEG
                 _timer0_ovf_isr:
                 ; .FSTART _timer0_ovf_isr
000093 d1c1      	RCALL SUBOPT_0x0
                 ; 0000 0067     // Reinitialize Timer 0 value
                 ; 0000 0068     TCNT0=0x83;
000094 e8e3      	LDI  R30,LOW(131)
000095 bfe2      	OUT  0x32,R30
                 ; 0000 0069 
                 ; 0000 006A     // Place your code here
                 ; 0000 006B     // опрос энкодера
                 ; 0000 006C     ENC_PollEncoder();
000096 d0c3      	RCALL _ENC_PollEncoder
                 ; 0000 006D 
                 ; 0000 006E }
000097 c00b      	RJMP _0x1D
                 ; .FEND
                 ;
                 ;// Timer1 overflow interrupt service routine
                 ;interrupt [TIM1_OVF] void timer1_ovf_isr(void)
                 ; 0000 0072 {
                 _timer1_ovf_isr:
                 ; .FSTART _timer1_ovf_isr
000098 d1bc      	RCALL SUBOPT_0x0
                 ; 0000 0073     // Reinitialize Timer1 value
                 ; 0000 0074     TCNT1H=mspeed[EncData] >> 8;
000099 d1c9      	RCALL SUBOPT_0x1
00009a d1d1      	RCALL SUBOPT_0x2
                 ; 0000 0075     TCNT1L=mspeed[EncData] & 0xff;
00009b 91e4      	LPM  R30,Z
00009c bdec      	OUT  0x2C,R30
                 ; 0000 0076 
                 ; 0000 0077     // Place your code here
                 ; 0000 0078     //вывод управляющей последовательности на доайвер ШД
                 ; 0000 0079     //в режиме шага зависящего от состояния кнопки
                 ; 0000 007A     if (PINB.2) {
00009d 9bb2      	SBIS 0x16,2
00009e c002      	RJMP _0x3
                 ; 0000 007B                 Step(1);
00009f e0a1      	LDI  R26,LOW(1)
0000a0 c001      	RJMP _0x19
                 ; 0000 007C             }
                 ; 0000 007D             else  {
                 _0x3:
                 ; 0000 007E                 Step(-1);
0000a1 efaf      	LDI  R26,LOW(255)
                 _0x19:
0000a2 d035      	RCALL _Step
                 ; 0000 007F             };
                 ; 0000 0080 
                 ; 0000 0081 }
                 _0x1D:
0000a3 91e9      	LD   R30,Y+
0000a4 bfef      	OUT  SREG,R30
0000a5 91f9      	LD   R31,Y+
0000a6 91e9      	LD   R30,Y+
0000a7 91b9      	LD   R27,Y+
0000a8 91a9      	LD   R26,Y+
0000a9 9199      	LD   R25,Y+
0000aa 9189      	LD   R24,Y+
0000ab 9179      	LD   R23,Y+
0000ac 9169      	LD   R22,Y+
0000ad 90f9      	LD   R15,Y+
0000ae 9019      	LD   R1,Y+
0000af 9009      	LD   R0,Y+
0000b0 9518      	RETI
                 ; .FEND
                 ;
                 ;
                 ;
                 ;// функция для вывода значений на LCD
                 ;void LcdOut(char Dir, char NStp, char Spd)
                 ; 0000 0087 {
                 _LcdOut:
                 ; .FSTART _LcdOut
                 ; 0000 0088     lcd_clear();
0000b1 93aa      	ST   -Y,R26
                 ;	Dir -> Y+2
                 ;	NStp -> Y+1
                 ;	Spd -> Y+0
0000b2 d108      	RCALL _lcd_clear
                 ; 0000 0089     if (NStp) {
0000b3 81e9      	LDD  R30,Y+1
0000b4 30e0      	CPI  R30,0
0000b5 f019      	BREQ _0x5
                 ; 0000 008A             //lcd_putsf("Step=1/2");
                 ; 0000 008B             lcd_putsf(Step2);
0000b6 e2a6      	LDI  R26,LOW(_Step2*2)
0000b7 e0b0      	LDI  R27,HIGH(_Step2*2)
0000b8 c002      	RJMP _0x1A
                 ; 0000 008C          }
                 ; 0000 008D          else  {
                 _0x5:
                 ; 0000 008E             //lcd_putsf("Step=1/4");
                 ; 0000 008F             lcd_putsf(Step4);
0000b9 e2ae      	LDI  R26,LOW(_Step4*2)
0000ba e0b0      	LDI  R27,HIGH(_Step4*2)
                 _0x1A:
0000bb d12d      	RCALL _lcd_putsf
                 ; 0000 0090     };
                 ; 0000 0091     itoa(Spd+1,Speed);
0000bc 81e8      	LD   R30,Y
0000bd e0f0      	LDI  R31,0
0000be 9631      	ADIW R30,1
0000bf 93fa      	ST   -Y,R31
0000c0 93ea      	ST   -Y,R30
0000c1 e6a0      	LDI  R26,LOW(_Speed)
0000c2 e0b1      	LDI  R27,HIGH(_Speed)
0000c3 d163      	RCALL _itoa
                 ; 0000 0092     //lcd_putsf(" Speed=");
                 ; 0000 0093     #pragma rl+
                 ; 0000 0094     lcd_putsf(mSpd);
0000c4 e5a6      	LDI  R26,LOW(_mSpd*2)
0000c5 e0b0      	LDI  R27,HIGH(_mSpd*2)
0000c6 d122      	RCALL _lcd_putsf
                 ; 0000 0095     lcd_puts(Speed);
0000c7 e6a0      	LDI  R26,LOW(_Speed)
0000c8 e0b1      	LDI  R27,HIGH(_Speed)
0000c9 d110      	RCALL _lcd_puts
                 ; 0000 0096     #pragma rl-
                 ; 0000 0097     lcd_gotoxy(0,1);
0000ca e0e0      	LDI  R30,LOW(0)
0000cb 93ea      	ST   -Y,R30
0000cc e0a1      	LDI  R26,LOW(1)
0000cd d0e0      	RCALL _lcd_gotoxy
                 ; 0000 0098     if (Dir) {
0000ce 81ea      	LDD  R30,Y+2
0000cf 30e0      	CPI  R30,0
0000d0 f019      	BREQ _0x7
                 ; 0000 0099             //lcd_putsf(" Direction >>>");
                 ; 0000 009A             lcd_putsf(rDir);
0000d1 e3a6      	LDI  R26,LOW(_rDir*2)
0000d2 e0b0      	LDI  R27,HIGH(_rDir*2)
0000d3 c002      	RJMP _0x1B
                 ; 0000 009B          }
                 ; 0000 009C          else  {
                 _0x7:
                 ; 0000 009D             //lcd_putsf(" Direction <<<");
                 ; 0000 009E             lcd_putsf(lDir);
0000d4 e4a6      	LDI  R26,LOW(_lDir*2)
0000d5 e0b0      	LDI  R27,HIGH(_lDir*2)
                 _0x1B:
0000d6 d112      	RCALL _lcd_putsf
                 ; 0000 009F     };
                 ; 0000 00A0 
                 ; 0000 00A1 }
0000d7 c122      	RJMP _0x20A0003
                 ; .FEND
                 ;
                 ;// функция для вывода управляющих последовательностей
                 ;// в порт упавления драйверов ШД
                 ;void Step(char Dir)
                 ; 0000 00A6 {
                 _Step:
                 ; .FSTART _Step
                 ; 0000 00A7     if (PINB.3) {
0000d8 93aa      	ST   -Y,R26
                 ;	Dir -> Y+0
0000d9 9bb3      	SBIS 0x16,3
0000da c009      	RJMP _0x9
                 ; 0000 00A8         x = (8 + x + Dir) & 7;
0000db d195      	RCALL SUBOPT_0x3
0000dc 5fe8      	SUBI R30,-LOW(8)
0000dd 81a8      	LD   R26,Y
0000de 0fae      	ADD  R26,R30
0000df e0e7      	LDI  R30,LOW(7)
0000e0 d193      	RCALL SUBOPT_0x4
                 ; 0000 00A9         PORTD = msteps8[x];
0000e1 59e2      	SUBI R30,LOW(-_msteps8*2)
0000e2 4fff      	SBCI R31,HIGH(-_msteps8*2)
0000e3 c008      	RJMP _0x1C
                 ; 0000 00AA     }
                 ; 0000 00AB     else  {
                 _0x9:
                 ; 0000 00AC         x = (16 + x + Dir) & 15;
0000e4 d18c      	RCALL SUBOPT_0x3
0000e5 5fe0      	SUBI R30,-LOW(16)
0000e6 81a8      	LD   R26,Y
0000e7 0fae      	ADD  R26,R30
0000e8 e0ef      	LDI  R30,LOW(15)
0000e9 d18a      	RCALL SUBOPT_0x4
                 ; 0000 00AD         PORTD = msteps16[x];
0000ea 5ae2      	SUBI R30,LOW(-_msteps16*2)
0000eb 4fff      	SBCI R31,HIGH(-_msteps16*2)
                 _0x1C:
0000ec 9004      	LPM  R0,Z
0000ed ba02      	OUT  0x12,R0
                 ; 0000 00AE 
                 ; 0000 00AF     };
                 ; 0000 00B0 
                 ; 0000 00B1 }
0000ee c136      	RJMP _0x20A0001
                 ; .FEND
                 ;
                 ;
                 ;void main(void)
                 ; 0000 00B5 {
                 _main:
                 ; .FSTART _main
                 ; 0000 00B6 // Declare your local variables here
                 ; 0000 00B7 ENC_InitEncoder();
0000ef d065      	RCALL _ENC_InitEncoder
                 ; 0000 00B8 // Input/Output Ports initialization
                 ; 0000 00B9 // Port B initialization
                 ; 0000 00BA // Function: Bit7=In Bit6=In Bit5=In Bit4=Out Bit3=In Bit2=In Bit1=In Bit0=In
                 ; 0000 00BB DDRB=(0<<DDB7) | (0<<DDB6) | (0<<DDB5) | (1<<DDB4) | (0<<DDB3) | (0<<DDB2) | (0<<DDB1) | (0<<DDB0);
0000f0 e1e0      	LDI  R30,LOW(16)
0000f1 bbe7      	OUT  0x17,R30
                 ; 0000 00BC // State: Bit7=T Bit6=T Bit5=T Bit4=0 Bit3=P Bit2=P Bit1=P Bit0=P
                 ; 0000 00BD PORTB=(0<<PORTB7) | (0<<PORTB6) | (0<<PORTB5) | (0<<PORTB4) | (1<<PORTB3) | (1<<PORTB2) | (1<<PORTB1) | (1<<PORTB0);
0000f2 e0ef      	LDI  R30,LOW(15)
0000f3 bbe8      	OUT  0x18,R30
                 ; 0000 00BE 
                 ; 0000 00BF // Port C initialization
                 ; 0000 00C0 // Function: Bit6=In Bit5=Out Bit4=Out Bit3=Out Bit2=Out Bit1=Out Bit0=Out
                 ; 0000 00C1 DDRC=(0<<DDC6) | (1<<DDC5) | (1<<DDC4) | (1<<DDC3) | (1<<DDC2) | (1<<DDC1) | (1<<DDC0);
0000f4 e3ef      	LDI  R30,LOW(63)
0000f5 bbe4      	OUT  0x14,R30
                 ; 0000 00C2 // State: Bit6=T Bit5=0 Bit4=0 Bit3=0 Bit2=0 Bit1=0 Bit0=0
                 ; 0000 00C3 PORTC=(0<<PORTC6) | (0<<PORTC5) | (0<<PORTC4) | (0<<PORTC3) | (0<<PORTC2) | (0<<PORTC1) | (0<<PORTC0);
0000f6 e0e0      	LDI  R30,LOW(0)
0000f7 bbe5      	OUT  0x15,R30
                 ; 0000 00C4 
                 ; 0000 00C5 // Port D initialization
                 ; 0000 00C6 // Function: Bit7=Out Bit6=Out Bit5=Out Bit4=Out Bit3=Out Bit2=Out Bit1=Out Bit0=Out
                 ; 0000 00C7 DDRD=(1<<DDD7) | (1<<DDD6) | (1<<DDD5) | (1<<DDD4) | (1<<DDD3) | (1<<DDD2) | (1<<DDD1) | (1<<DDD0);
0000f8 efef      	LDI  R30,LOW(255)
0000f9 bbe1      	OUT  0x11,R30
                 ; 0000 00C8 // State: Bit7=0 Bit6=0 Bit5=0 Bit4=0 Bit3=0 Bit2=0 Bit1=0 Bit0=0
                 ; 0000 00C9 PORTD=(0<<PORTD7) | (0<<PORTD6) | (0<<PORTD5) | (0<<PORTD4) | (0<<PORTD3) | (0<<PORTD2) | (0<<PORTD1) | (0<<PORTD0);
0000fa e0e0      	LDI  R30,LOW(0)
0000fb bbe2      	OUT  0x12,R30
                 ; 0000 00CA 
                 ; 0000 00CB // Timer/Counter 0 initialization
                 ; 0000 00CC // Clock source: System Clock
                 ; 0000 00CD // Clock value: 250,000 kHz
                 ; 0000 00CE TCCR0=(0<<CS02) | (1<<CS01) | (1<<CS00);
0000fc e0e3      	LDI  R30,LOW(3)
0000fd bfe3      	OUT  0x33,R30
                 ; 0000 00CF TCNT0=0x83;
0000fe e8e3      	LDI  R30,LOW(131)
0000ff bfe2      	OUT  0x32,R30
                 ; 0000 00D0 
                 ; 0000 00D1 // Timer/Counter 1 initialization
                 ; 0000 00D2 // Clock source: System Clock
                 ; 0000 00D3 // Clock value: 2000,000 kHz
                 ; 0000 00D4 // Mode: Normal top=0xFFFF
                 ; 0000 00D5 // OC1A output: Disconnected
                 ; 0000 00D6 // OC1B output: Disconnected
                 ; 0000 00D7 // Noise Canceler: Off
                 ; 0000 00D8 // Input Capture on Falling Edge
                 ; 0000 00D9 // Timer Period: 5 ms
                 ; 0000 00DA // Timer1 Overflow Interrupt: On
                 ; 0000 00DB // Input Capture Interrupt: Off
                 ; 0000 00DC // Compare A Match Interrupt: Off
                 ; 0000 00DD // Compare B Match Interrupt: Off
                 ; 0000 00DE TCCR1A=(0<<COM1A1) | (0<<COM1A0) | (0<<COM1B1) | (0<<COM1B0) | (0<<WGM11) | (0<<WGM10);
000100 e0e0      	LDI  R30,LOW(0)
000101 bdef      	OUT  0x2F,R30
                 ; 0000 00DF TCCR1B=(0<<ICNC1) | (0<<ICES1) | (0<<WGM13) | (0<<WGM12) | (0<<CS12) | (1<<CS11) | (0<<CS10);
000102 e0e2      	LDI  R30,LOW(2)
000103 bdee      	OUT  0x2E,R30
                 ; 0000 00E0 TCNT1H=mspeed[EncData] >> 8;
000104 d15e      	RCALL SUBOPT_0x1
000105 d166      	RCALL SUBOPT_0x2
                 ; 0000 00E1 TCNT1L=mspeed[EncData] & 0xff;
000106 91e4      	LPM  R30,Z
000107 bdec      	OUT  0x2C,R30
                 ; 0000 00E2 ICR1H=0x00;
000108 e0e0      	LDI  R30,LOW(0)
000109 bde7      	OUT  0x27,R30
                 ; 0000 00E3 ICR1L=0x00;
00010a bde6      	OUT  0x26,R30
                 ; 0000 00E4 OCR1AH=0x00;
00010b bdeb      	OUT  0x2B,R30
                 ; 0000 00E5 OCR1AL=0x00;
00010c bdea      	OUT  0x2A,R30
                 ; 0000 00E6 OCR1BH=0x00;
00010d bde9      	OUT  0x29,R30
                 ; 0000 00E7 OCR1BL=0x00;
00010e bde8      	OUT  0x28,R30
                 ; 0000 00E8 
                 ; 0000 00E9 // Timer/Counter 2 initialization
                 ; 0000 00EA // Clock source: System Clock
                 ; 0000 00EB // Clock value: Timer2 Stopped
                 ; 0000 00EC // Mode: Normal top=0xFF
                 ; 0000 00ED // OC2 output: Disconnected
                 ; 0000 00EE ASSR=0<<AS2;
00010f bde2      	OUT  0x22,R30
                 ; 0000 00EF TCCR2=(0<<PWM2) | (0<<COM21) | (0<<COM20) | (0<<CTC2) | (0<<CS22) | (0<<CS21) | (0<<CS20);
000110 bde5      	OUT  0x25,R30
                 ; 0000 00F0 TCNT2=0x00;
000111 bde4      	OUT  0x24,R30
                 ; 0000 00F1 OCR2=0x00;
000112 bde3      	OUT  0x23,R30
                 ; 0000 00F2 
                 ; 0000 00F3 // Timer(s)/Counter(s) Interrupt(s) initialization
                 ; 0000 00F4 TIMSK=(0<<OCIE2) | (0<<TOIE2) | (0<<TICIE1) | (0<<OCIE1A) | (0<<OCIE1B) | (1<<TOIE1) | (1<<TOIE0);
000113 e0e5      	LDI  R30,LOW(5)
000114 bfe9      	OUT  0x39,R30
                 ; 0000 00F5 
                 ; 0000 00F6 // External Interrupt(s) initialization
                 ; 0000 00F7 // INT0: Off
                 ; 0000 00F8 // INT1: Off
                 ; 0000 00F9 MCUCR=(0<<ISC11) | (0<<ISC10) | (0<<ISC01) | (0<<ISC00);
000115 e0e0      	LDI  R30,LOW(0)
000116 bfe5      	OUT  0x35,R30
                 ; 0000 00FA 
                 ; 0000 00FB // USART initialization
                 ; 0000 00FC // USART disabled
                 ; 0000 00FD UCSRB=(0<<RXCIE) | (0<<TXCIE) | (0<<UDRIE) | (0<<RXEN) | (0<<TXEN) | (0<<UCSZ2) | (0<<RXB8) | (0<<TXB8);
000117 b9ea      	OUT  0xA,R30
                 ; 0000 00FE 
                 ; 0000 00FF // Analog Comparator initialization
                 ; 0000 0100 // Analog Comparator: Off
                 ; 0000 0101 // The Analog Comparator's positive input is
                 ; 0000 0102 // connected to the AIN0 pin
                 ; 0000 0103 // The Analog Comparator's negative input is
                 ; 0000 0104 // connected to the AIN1 pin
                 ; 0000 0105 ACSR=(1<<ACD) | (0<<ACBG) | (0<<ACO) | (0<<ACI) | (0<<ACIE) | (0<<ACIC) | (0<<ACIS1) | (0<<ACIS0);
000118 e8e0      	LDI  R30,LOW(128)
000119 b9e8      	OUT  0x8,R30
                 ; 0000 0106 SFIOR=(0<<ACME);
00011a e0e0      	LDI  R30,LOW(0)
00011b bfe0      	OUT  0x30,R30
                 ; 0000 0107 
                 ; 0000 0108 // ADC initialization
                 ; 0000 0109 // ADC disabled
                 ; 0000 010A ADCSRA=(0<<ADEN) | (0<<ADSC) | (0<<ADFR) | (0<<ADIF) | (0<<ADIE) | (0<<ADPS2) | (0<<ADPS1) | (0<<ADPS0);
00011c b9e6      	OUT  0x6,R30
                 ; 0000 010B 
                 ; 0000 010C // SPI initialization
                 ; 0000 010D // SPI disabled
                 ; 0000 010E SPCR=(0<<SPIE) | (0<<SPE) | (0<<DORD) | (0<<MSTR) | (0<<CPOL) | (0<<CPHA) | (0<<SPR1) | (0<<SPR0);
00011d b9ed      	OUT  0xD,R30
                 ; 0000 010F 
                 ; 0000 0110 // TWI initialization
                 ; 0000 0111 // TWI disabled
                 ; 0000 0112 TWCR=(0<<TWEA) | (0<<TWSTA) | (0<<TWSTO) | (0<<TWEN) | (0<<TWIE);
00011e bfe6      	OUT  0x36,R30
                 ; 0000 0113 
                 ; 0000 0114 // Alphanumeric LCD initialization
                 ; 0000 0115 // Connections are specified in the
                 ; 0000 0116 // Project|Configure|C Compiler|Libraries|Alphanumeric LCD menu:
                 ; 0000 0117 // RS - PORTC Bit 0
                 ; 0000 0118 // RD - PORTB Bit 4
                 ; 0000 0119 // EN - PORTC Bit 1
                 ; 0000 011A // D4 - PORTC Bit 2
                 ; 0000 011B // D5 - PORTC Bit 3
                 ; 0000 011C // D6 - PORTC Bit 4
                 ; 0000 011D // D7 - PORTC Bit 5
                 ; 0000 011E // Characters/line: 16
                 ; 0000 011F lcd_init(16);
00011f e1a0      	LDI  R26,LOW(16)
000120 d0db      	RCALL _lcd_init
                 ; 0000 0120 
                 ; 0000 0121 // Вывод на индикатор начальных состояний кнопок и скорости
                 ; 0000 0122 LcdOut(PINB.2, PINB.3, EncData);
000121 d158      	RCALL SUBOPT_0x5
000122 d15b      	RCALL SUBOPT_0x6
                 ; 0000 0123 
                 ; 0000 0124 // Global enable interrupts
                 ; 0000 0125 #asm("sei")
000123 9478      	sei
                 ; 0000 0126 
                 ; 0000 0127 while (1)
                 _0xB:
                 ; 0000 0128       {
                 ; 0000 0129       // Place your code here
                 ; 0000 012A         //считываем содержимое буфера энкодера
                 ; 0000 012B           //после считывания он очищается
                 ; 0000 012C           unsigned char stateEnc = ENC_GetStateEncoder();
                 ; 0000 012D 
                 ; 0000 012E           //если не пустой
                 ; 0000 012F           if (stateEnc != 0){
000124 9721      	SBIW R28,1
                 ;	stateEnc -> Y+0
000125 d053      	RCALL _ENC_GetStateEncoder
000126 83e8      	ST   Y,R30
000127 30e0      	CPI  R30,0
000128 f091      	BREQ _0xE
                 ; 0000 0130                //определяем направление вращения и изменяем переменную timerValue
                 ; 0000 0131                if (stateEnc == RIGHT_SPIN){
000129 81a8      	LD   R26,Y
00012a 30a1      	CPI  R26,LOW(0x1)
00012b f431      	BRNE _0xF
                 ; 0000 0132                  if (EncData == MAX_ENC_VALUE) EncData = MIN_ENC_VALUE;
00012c e0e9      	LDI  R30,LOW(9)
00012d 15e6      	CP   R30,R6
00012e f411      	BRNE _0x10
00012f 2466      	CLR  R6
                 ; 0000 0133                  else EncData++;
000130 c001      	RJMP _0x11
                 _0x10:
000131 9463      	INC  R6
                 ; 0000 0134                }
                 _0x11:
                 ; 0000 0135               if (stateEnc == LEFT_SPIN) {
                 _0xF:
000132 81a8      	LD   R26,Y
000133 3faf      	CPI  R26,LOW(0xFF)
000134 f431      	BRNE _0x12
                 ; 0000 0136                   if (EncData == MIN_ENC_VALUE) EncData = MAX_ENC_VALUE;
000135 2066      	TST  R6
000136 f419      	BRNE _0x13
000137 e0e9      	LDI  R30,LOW(9)
000138 2e6e      	MOV  R6,R30
                 ; 0000 0137                   else EncData--;
000139 c001      	RJMP _0x14
                 _0x13:
00013a 946a      	DEC  R6
                 ; 0000 0138                }
                 _0x14:
                 ; 0000 0139           }
                 _0x12:
                 ; 0000 013A 
                 ; 0000 013B          // проверка не изменялись ли состояния кнопок и энкодера
                 ; 0000 013C          if ((PINB.2 != OldDir) || (PINB.3 != OldStep)||(EncData != OldSpeed)) {
                 _0xE:
00013b e0a0      	LDI  R26,0
00013c 99b2      	SBIC 0x16,2
00013d e0a1      	LDI  R26,1
00013e 2de4      	MOV  R30,R4
00013f d145      	RCALL SUBOPT_0x7
000140 f441      	BRNE _0x16
000141 e0a0      	LDI  R26,0
000142 99b3      	SBIC 0x16,3
000143 e0a1      	LDI  R26,1
000144 2de5      	MOV  R30,R5
000145 d13f      	RCALL SUBOPT_0x7
000146 f411      	BRNE _0x16
000147 1476      	CP   R7,R6
000148 f049      	BREQ _0x15
                 _0x16:
                 ; 0000 013D 
                 ; 0000 013E              // присвоения переменным текущих состояний кнопок и энкодера
                 ; 0000 013F              OldDir = PINB.2;
000149 d130      	RCALL SUBOPT_0x5
00014a 2e4e      	MOV  R4,R30
                 ; 0000 0140              OldStep = PINB.3;
00014b e0e0      	LDI  R30,0
00014c 99b3      	SBIC 0x16,3
00014d e0e1      	LDI  R30,1
00014e 2e5e      	MOV  R5,R30
                 ; 0000 0141              OldSpeed = EncData;
00014f 2c76      	MOV  R7,R6
                 ; 0000 0142 
                 ; 0000 0143              // вывод на LCD состояний кнопок и энкодера
                 ; 0000 0144              LcdOut(PINB.2, PINB.3, EncData);
000150 d129      	RCALL SUBOPT_0x5
000151 d12c      	RCALL SUBOPT_0x6
                 ; 0000 0145 
                 ; 0000 0146          };
                 _0x15:
                 ; 0000 0147 
                 ; 0000 0148       }
000152 9621      	ADIW R28,1
000153 cfd0      	RJMP _0xB
                 ; 0000 0149 }
                 _0x18:
000154 cfff      	RJMP _0x18
                 ; .FEND
                 ;#include "encoder.h"
                 	#ifndef __SLEEP_DEFINED__
                 	#endif
                 ;
                 ;#define SBR(port, bit) port|= (1<<bit)
                 ;#define CBR(port, bit) port&= ~(1<<bit)
                 ;
                 ;//это для наглядности кода
                 ;#define b00000011 3
                 ;#define b11010010 210
                 ;#define b11100001 225
                 ;
                 ;volatile unsigned char bufEnc = 0; //буфер энкодера
                 ;
                 ;//функция инициализации
                 ;//__________________________________________
                 ;void ENC_InitEncoder(void)
                 ; 0001 0010 {
                 
                 	.CSEG
                 _ENC_InitEncoder:
                 ; .FSTART _ENC_InitEncoder
                 ; 0001 0011   CBR(DDR_Enc, Pin1_Enc); //вход
000155 98b8      	CBI  0x17,0
                 ; 0001 0012   CBR(DDR_Enc, Pin2_Enc);
000156 98b9      	CBI  0x17,1
                 ; 0001 0013   SBR(PORT_Enc, Pin1_Enc);//вкл подтягивающий резистор
000157 9ac0      	SBI  0x18,0
                 ; 0001 0014   SBR(PORT_Enc, Pin2_Enc);
000158 9ac1      	SBI  0x18,1
                 ; 0001 0015 }
000159 9508      	RET
                 ; .FEND
                 ;
                 ;//функция опроса энкодера
                 ;//___________________________________________
                 ;void ENC_PollEncoder(void)
                 ; 0001 001A {
                 _ENC_PollEncoder:
                 ; .FSTART _ENC_PollEncoder
                 ; 0001 001B static unsigned char stateEnc; 	//хранит последовательность состояний энкодера
                 ; 0001 001C unsigned char tmp;
                 ; 0001 001D unsigned char currentState = 0;
                 ; 0001 001E 
                 ; 0001 001F //проверяем состояние выводов микроконтроллера
                 ; 0001 0020 if ((PIN_Enc & (1<<Pin1_Enc))!= 0) {SBR(currentState,0);}
00015a d14e      	RCALL __SAVELOCR2
                 ;	tmp -> R17
                 ;	currentState -> R16
00015b e000      	LDI  R16,0
00015c 99b0      	SBIC 0x16,0
00015d 6001      	ORI  R16,LOW(1)
                 ; 0001 0021 if ((PIN_Enc & (1<<Pin2_Enc))!= 0) {SBR(currentState,1);}
00015e 99b1      	SBIC 0x16,1
00015f 6002      	ORI  R16,LOW(2)
                 ; 0001 0022 
                 ; 0001 0023 //если равно предыдущему, то выходим
                 ; 0001 0024 tmp = stateEnc;
000160 9110 0164 	LDS  R17,_stateEnc_S0010001000
                 ; 0001 0025 if (currentState == (tmp & b00000011)) return;
000162 2fe1      	MOV  R30,R17
000163 70e3      	ANDI R30,LOW(0x3)
000164 17e0      	CP   R30,R16
000165 f081      	BREQ _0x20A0004
                 ; 0001 0026 
                 ; 0001 0027 //если не равно, то сдвигаем и сохраняем в озу
                 ; 0001 0028 stateEnc = (tmp<<2)|currentState;
000166 2fe1      	MOV  R30,R17
000167 0fee      	LSL  R30
000168 0fee      	LSL  R30
000169 2be0      	OR   R30,R16
00016a 93e0 0164 	STS  _stateEnc_S0010001000,R30
                 ; 0001 0029 
                 ; 0001 002A //сравниваем получившуюся последовательность
                 ; 0001 002B if (tmp == b11100001) bufEnc = LEFT_SPIN;
00016c 3e11      	CPI  R17,225
00016d f419      	BRNE _0x20006
00016e efef      	LDI  R30,LOW(255)
00016f 93e0 0163 	STS  _bufEnc,R30
                 ; 0001 002C if (tmp == b11010010) bufEnc = RIGHT_SPIN;
                 _0x20006:
000171 3d12      	CPI  R17,210
000172 f419      	BRNE _0x20007
000173 e0e1      	LDI  R30,LOW(1)
000174 93e0 0163 	STS  _bufEnc,R30
                 ; 0001 002D return;
                 _0x20007:
                 _0x20A0004:
000176 9109      	LD   R16,Y+
000177 9119      	LD   R17,Y+
000178 9508      	RET
                 ; 0001 002E }
                 ; .FEND
                 ;
                 ;//функция возвращающая значение буфера энкодера
                 ;//_____________________________________________
                 ;unsigned char ENC_GetStateEncoder(void)
                 ; 0001 0033 {
                 _ENC_GetStateEncoder:
                 ; .FSTART _ENC_GetStateEncoder
                 ; 0001 0034   unsigned char tmp = bufEnc;
                 ; 0001 0035   bufEnc = 0;
000179 931a      	ST   -Y,R17
                 ;	tmp -> R17
00017a 9110 0163 	LDS  R17,_bufEnc
00017c e0e0      	LDI  R30,LOW(0)
00017d 93e0 0163 	STS  _bufEnc,R30
                 ; 0001 0036   return tmp;
00017f 2fe1      	MOV  R30,R17
000180 9119      	LD   R17,Y+
000181 9508      	RET
                 ; 0001 0037 }
                 ; .FEND
                 ;
                 ;
                 	#ifndef __SLEEP_DEFINED__
                 	#endif
                 
                 	.DSEG
                 
                 	.CSEG
                 __lcd_write_nibble_G100:
                 ; .FSTART __lcd_write_nibble_G100
000182 93aa      	ST   -Y,R26
000183 81e8      	LD   R30,Y
000184 71e0      	ANDI R30,LOW(0x10)
000185 f011      	BREQ _0x2000004
000186 9aaa      	SBI  0x15,2
000187 c001      	RJMP _0x2000005
                 _0x2000004:
000188 98aa      	CBI  0x15,2
                 _0x2000005:
000189 81e8      	LD   R30,Y
00018a 72e0      	ANDI R30,LOW(0x20)
00018b f011      	BREQ _0x2000006
00018c 9aab      	SBI  0x15,3
00018d c001      	RJMP _0x2000007
                 _0x2000006:
00018e 98ab      	CBI  0x15,3
                 _0x2000007:
00018f 81e8      	LD   R30,Y
000190 74e0      	ANDI R30,LOW(0x40)
000191 f011      	BREQ _0x2000008
000192 9aac      	SBI  0x15,4
000193 c001      	RJMP _0x2000009
                 _0x2000008:
000194 98ac      	CBI  0x15,4
                 _0x2000009:
000195 81e8      	LD   R30,Y
000196 78e0      	ANDI R30,LOW(0x80)
000197 f011      	BREQ _0x200000A
000198 9aad      	SBI  0x15,5
000199 c001      	RJMP _0x200000B
                 _0x200000A:
00019a 98ad      	CBI  0x15,5
                 _0x200000B:
00019b d0f0      	RCALL SUBOPT_0x8
00019c 9aa9      	SBI  0x15,1
00019d d0ee      	RCALL SUBOPT_0x8
00019e 98a9      	CBI  0x15,1
00019f d0ec      	RCALL SUBOPT_0x8
0001a0 c084      	RJMP _0x20A0001
                 ; .FEND
                 __lcd_write_data:
                 ; .FSTART __lcd_write_data
0001a1 93aa      	ST   -Y,R26
0001a2 81a8      	LD   R26,Y
0001a3 dfde      	RCALL __lcd_write_nibble_G100
0001a4 81e8          ld    r30,y
0001a5 95e2          swap  r30
0001a6 83e8          st    y,r30
0001a7 81a8      	LD   R26,Y
0001a8 dfd9      	RCALL __lcd_write_nibble_G100
                +
0001a9 ec88     +LDI R24 , LOW ( 200 )
0001aa e090     +LDI R25 , HIGH ( 200 )
                +__DELAY_USW_LOOP :
0001ab 9701     +SBIW R24 , 1
0001ac f7f1     +BRNE __DELAY_USW_LOOP
                 	__DELAY_USW 200
0001ad c077      	RJMP _0x20A0001
                 ; .FEND
                 _lcd_gotoxy:
                 ; .FSTART _lcd_gotoxy
0001ae 93aa      	ST   -Y,R26
0001af 81e8      	LD   R30,Y
0001b0 e0f0      	LDI  R31,0
0001b1 59eb      	SUBI R30,LOW(-__base_y_G100)
0001b2 4ffe      	SBCI R31,HIGH(-__base_y_G100)
0001b3 81e0      	LD   R30,Z
0001b4 81a9      	LDD  R26,Y+1
0001b5 0fae      	ADD  R26,R30
0001b6 dfea      	RCALL __lcd_write_data
0001b7 8099      	LDD  R9,Y+1
0001b8 8088      	LDD  R8,Y+0
0001b9 9622      	ADIW R28,2
0001ba 9508      	RET
                 ; .FEND
                 _lcd_clear:
                 ; .FSTART _lcd_clear
0001bb e0a2      	LDI  R26,LOW(2)
0001bc d0d3      	RCALL SUBOPT_0x9
0001bd e0ac      	LDI  R26,LOW(12)
0001be dfe2      	RCALL __lcd_write_data
0001bf e0a1      	LDI  R26,LOW(1)
0001c0 d0cf      	RCALL SUBOPT_0x9
0001c1 e0e0      	LDI  R30,LOW(0)
0001c2 2e8e      	MOV  R8,R30
0001c3 2e9e      	MOV  R9,R30
0001c4 9508      	RET
                 ; .FEND
                 _lcd_putchar:
                 ; .FSTART _lcd_putchar
0001c5 93aa      	ST   -Y,R26
0001c6 81a8      	LD   R26,Y
0001c7 30aa      	CPI  R26,LOW(0xA)
0001c8 f011      	BREQ _0x2000011
0001c9 149b      	CP   R9,R11
0001ca f048      	BRLO _0x2000010
                 _0x2000011:
0001cb e0e0      	LDI  R30,LOW(0)
0001cc 93ea      	ST   -Y,R30
0001cd 9483      	INC  R8
0001ce 2da8      	MOV  R26,R8
0001cf dfde      	RCALL _lcd_gotoxy
0001d0 81a8      	LD   R26,Y
0001d1 30aa      	CPI  R26,LOW(0xA)
0001d2 f409      	BRNE _0x2000013
0001d3 c051      	RJMP _0x20A0001
                 _0x2000013:
                 _0x2000010:
0001d4 9493      	INC  R9
0001d5 9aa8      	SBI  0x15,0
0001d6 81a8      	LD   R26,Y
0001d7 dfc9      	RCALL __lcd_write_data
0001d8 98a8      	CBI  0x15,0
0001d9 c04b      	RJMP _0x20A0001
                 ; .FEND
                 _lcd_puts:
                 ; .FSTART _lcd_puts
0001da 93ba      	ST   -Y,R27
0001db 93aa      	ST   -Y,R26
0001dc 931a      	ST   -Y,R17
                 _0x2000014:
0001dd 81a9      	LDD  R26,Y+1
0001de 81ba      	LDD  R27,Y+1+1
0001df 91ed      	LD   R30,X+
0001e0 83a9      	STD  Y+1,R26
0001e1 83ba      	STD  Y+1+1,R27
0001e2 2f1e      	MOV  R17,R30
0001e3 30e0      	CPI  R30,0
0001e4 f019      	BREQ _0x2000016
0001e5 2fa1      	MOV  R26,R17
0001e6 dfde      	RCALL _lcd_putchar
0001e7 cff5      	RJMP _0x2000014
                 _0x2000016:
0001e8 c010      	RJMP _0x20A0002
                 ; .FEND
                 _lcd_putsf:
                 ; .FSTART _lcd_putsf
0001e9 93ba      	ST   -Y,R27
0001ea 93aa      	ST   -Y,R26
0001eb 931a      	ST   -Y,R17
                 _0x2000017:
0001ec 81e9      	LDD  R30,Y+1
0001ed 81fa      	LDD  R31,Y+1+1
0001ee 9631      	ADIW R30,1
0001ef 83e9      	STD  Y+1,R30
0001f0 83fa      	STD  Y+1+1,R31
0001f1 9731      	SBIW R30,1
0001f2 91e4      	LPM  R30,Z
0001f3 2f1e      	MOV  R17,R30
0001f4 30e0      	CPI  R30,0
0001f5 f019      	BREQ _0x2000019
0001f6 2fa1      	MOV  R26,R17
0001f7 dfcd      	RCALL _lcd_putchar
0001f8 cff3      	RJMP _0x2000017
                 _0x2000019:
                 _0x20A0002:
0001f9 8118      	LDD  R17,Y+0
                 _0x20A0003:
0001fa 9623      	ADIW R28,3
0001fb 9508      	RET
                 ; .FEND
                 _lcd_init:
                 ; .FSTART _lcd_init
0001fc 93aa      	ST   -Y,R26
0001fd 9aa2      	SBI  0x14,2
0001fe 9aa3      	SBI  0x14,3
0001ff 9aa4      	SBI  0x14,4
000200 9aa5      	SBI  0x14,5
000201 9aa1      	SBI  0x14,1
000202 9aa0      	SBI  0x14,0
000203 9abc      	SBI  0x17,4
000204 98a9      	CBI  0x15,1
000205 98a8      	CBI  0x15,0
000206 98c4      	CBI  0x18,4
000207 80b8      	LDD  R11,Y+0
000208 81e8      	LD   R30,Y
000209 58e0      	SUBI R30,-LOW(128)
                +
00020a 93e0 0167+STS __base_y_G100 + ( 2 ) , R30
                 	__PUTB1MN __base_y_G100,2
00020c 81e8      	LD   R30,Y
00020d 54e0      	SUBI R30,-LOW(192)
                +
00020e 93e0 0168+STS __base_y_G100 + ( 3 ) , R30
                 	__PUTB1MN __base_y_G100,3
000210 e1a4      	LDI  R26,LOW(20)
000211 e0b0      	LDI  R27,0
000212 d088      	RCALL _delay_ms
000213 d080      	RCALL SUBOPT_0xA
000214 d07f      	RCALL SUBOPT_0xA
000215 d07e      	RCALL SUBOPT_0xA
000216 e2a0      	LDI  R26,LOW(32)
000217 df6a      	RCALL __lcd_write_nibble_G100
                +
000218 e980     +LDI R24 , LOW ( 400 )
000219 e091     +LDI R25 , HIGH ( 400 )
                +__DELAY_USW_LOOP :
00021a 9701     +SBIW R24 , 1
00021b f7f1     +BRNE __DELAY_USW_LOOP
                 	__DELAY_USW 400
00021c e2a8      	LDI  R26,LOW(40)
00021d df83      	RCALL __lcd_write_data
00021e e0a4      	LDI  R26,LOW(4)
00021f df81      	RCALL __lcd_write_data
000220 e8a5      	LDI  R26,LOW(133)
000221 df7f      	RCALL __lcd_write_data
000222 e0a6      	LDI  R26,LOW(6)
000223 df7d      	RCALL __lcd_write_data
000224 df96      	RCALL _lcd_clear
                 _0x20A0001:
000225 9621      	ADIW R28,1
000226 9508      	RET
                 ; .FEND
                 
                 	.CSEG
                 _itoa:
                 ; .FSTART _itoa
000227 93ba      	ST   -Y,R27
000228 93aa      	ST   -Y,R26
000229 91a9          ld   r26,y+
00022a 91b9          ld   r27,y+
00022b 91e9          ld   r30,y+
00022c 91f9          ld   r31,y+
00022d 9630          adiw r30,0
00022e f42a          brpl __itoa0
00022f 95e0          com  r30
000230 95f0          com  r31
000231 9631          adiw r30,1
000232 e26d          ldi  r22,'-'
000233 936d          st   x+,r22
                 __itoa0:
000234 94e8          clt
000235 e180          ldi  r24,low(10000)
000236 e297          ldi  r25,high(10000)
000237 d00d          rcall __itoa1
000238 ee88          ldi  r24,low(1000)
000239 e093          ldi  r25,high(1000)
00023a d00a          rcall __itoa1
00023b e684          ldi  r24,100
00023c 2799          clr  r25
00023d d007          rcall __itoa1
00023e e08a          ldi  r24,10
00023f d005          rcall __itoa1
000240 2f6e          mov  r22,r30
000241 d010          rcall __itoa5
000242 2766          clr  r22
000243 936c          st   x,r22
000244 9508          ret
                 
                 __itoa1:
000245 2766          clr	 r22
                 __itoa2:
000246 17e8          cp   r30,r24
000247 07f9          cpc  r31,r25
000248 f020          brlo __itoa3
000249 9563          inc  r22
00024a 1be8          sub  r30,r24
00024b 0bf9          sbc  r31,r25
00024c f7c9          brne __itoa2
                 __itoa3:
00024d 2366          tst  r22
00024e f411          brne __itoa4
00024f f016          brts __itoa5
000250 9508          ret
                 __itoa4:
000251 9468          set
                 __itoa5:
000252 5d60          subi r22,-0x30
000253 936d          st   x+,r22
000254 9508          ret
                 ; .FEND
                 
                 	.DSEG
                 
                 	.CSEG
                 
                 	.CSEG
                 
                 	.CSEG
                 
                 	.CSEG
                 
                 	.DSEG
                 _Speed:
000160           	.BYTE 0x2
                 _x_G000:
000162           	.BYTE 0x1
                 _bufEnc:
000163           	.BYTE 0x1
                 _stateEnc_S0010001000:
000164           	.BYTE 0x1
                 __base_y_G100:
000165           	.BYTE 0x4
                 __seed_G101:
000169           	.BYTE 0x4
                 
                 	.CSEG
                 ;OPTIMIZER ADDED SUBROUTINE, CALLED 2 TIMES, CODE SIZE REDUCTION:10 WORDS
                 SUBOPT_0x0:
000255 920a      	ST   -Y,R0
000256 921a      	ST   -Y,R1
000257 92fa      	ST   -Y,R15
000258 936a      	ST   -Y,R22
000259 937a      	ST   -Y,R23
00025a 938a      	ST   -Y,R24
00025b 939a      	ST   -Y,R25
00025c 93aa      	ST   -Y,R26
00025d 93ba      	ST   -Y,R27
00025e 93ea      	ST   -Y,R30
00025f 93fa      	ST   -Y,R31
000260 b7ef      	IN   R30,SREG
000261 93ea      	ST   -Y,R30
000262 9508      	RET
                 
                 ;OPTIMIZER ADDED SUBROUTINE, CALLED 4 TIMES, CODE SIZE REDUCTION:19 WORDS
                 SUBOPT_0x1:
000263 2de6      	MOV  R30,R6
000264 e7a6      	LDI  R26,LOW(_mspeed*2)
000265 e0b0      	LDI  R27,HIGH(_mspeed*2)
000266 e0f0      	LDI  R31,0
000267 0fee      	LSL  R30
000268 1fff      	ROL  R31
000269 0fea      	ADD  R30,R26
00026a 1ffb      	ADC  R31,R27
00026b 9508      	RET
                 
                 ;OPTIMIZER ADDED SUBROUTINE, CALLED 2 TIMES, CODE SIZE REDUCTION:2 WORDS
                 SUBOPT_0x2:
00026c d038      	RCALL __GETW1PF
00026d 2fef      	MOV  R30,R31
00026e e0f0      	LDI  R31,0
00026f bded      	OUT  0x2D,R30
000270 cff2      	RJMP SUBOPT_0x1
                 
                 ;OPTIMIZER ADDED SUBROUTINE, CALLED 4 TIMES, CODE SIZE REDUCTION:1 WORDS
                 SUBOPT_0x3:
000271 91e0 0162 	LDS  R30,_x_G000
000273 9508      	RET
                 
                 ;OPTIMIZER ADDED SUBROUTINE, CALLED 2 TIMES, CODE SIZE REDUCTION:2 WORDS
                 SUBOPT_0x4:
000274 23ea      	AND  R30,R26
000275 93e0 0162 	STS  _x_G000,R30
000277 dff9      	RCALL SUBOPT_0x3
000278 e0f0      	LDI  R31,0
000279 9508      	RET
                 
                 ;OPTIMIZER ADDED SUBROUTINE, CALLED 3 TIMES, CODE SIZE REDUCTION:2 WORDS
                 SUBOPT_0x5:
00027a e0e0      	LDI  R30,0
00027b 99b2      	SBIC 0x16,2
00027c e0e1      	LDI  R30,1
00027d 9508      	RET
                 
                 ;OPTIMIZER ADDED SUBROUTINE, CALLED 2 TIMES, CODE SIZE REDUCTION:4 WORDS
                 SUBOPT_0x6:
00027e 93ea      	ST   -Y,R30
00027f e0e0      	LDI  R30,0
000280 99b3      	SBIC 0x16,3
000281 e0e1      	LDI  R30,1
000282 93ea      	ST   -Y,R30
000283 2da6      	MOV  R26,R6
000284 ce2c      	RJMP _LcdOut
                 
                 ;OPTIMIZER ADDED SUBROUTINE, CALLED 2 TIMES, CODE SIZE REDUCTION:3 WORDS
                 SUBOPT_0x7:
000285 e0b0      	LDI  R27,0
000286 fda7      	SBRC R26,7
000287 efbf      	SER  R27
000288 e0f0      	LDI  R31,0
000289 17ea      	CP   R30,R26
00028a 07fb      	CPC  R31,R27
00028b 9508      	RET
                 
                 ;OPTIMIZER ADDED SUBROUTINE, CALLED 3 TIMES, CODE SIZE REDUCTION:2 WORDS
                 SUBOPT_0x8:
                +
00028c e18b     +LDI R24 , LOW ( 27 )
                +__DELAY_USB_LOOP :
00028d 958a     +DEC R24
00028e f7f1     +BRNE __DELAY_USB_LOOP
                 	__DELAY_USB 27
00028f 9508      	RET
                 
                 ;OPTIMIZER ADDED SUBROUTINE, CALLED 2 TIMES, CODE SIZE REDUCTION:1 WORDS
                 SUBOPT_0x9:
000290 df10      	RCALL __lcd_write_data
000291 e0a3      	LDI  R26,LOW(3)
000292 e0b0      	LDI  R27,0
000293 c007      	RJMP _delay_ms
                 
                 ;OPTIMIZER ADDED SUBROUTINE, CALLED 3 TIMES, CODE SIZE REDUCTION:8 WORDS
                 SUBOPT_0xA:
000294 e3a0      	LDI  R26,LOW(48)
000295 deec      	RCALL __lcd_write_nibble_G100
                +
000296 e980     +LDI R24 , LOW ( 400 )
000297 e091     +LDI R25 , HIGH ( 400 )
                +__DELAY_USW_LOOP :
000298 9701     +SBIW R24 , 1
000299 f7f1     +BRNE __DELAY_USW_LOOP
                 	__DELAY_USW 400
00029a 9508      	RET
                 
                 
                 	.CSEG
                 _delay_ms:
00029b 9610      	adiw r26,0
00029c f039      	breq __delay_ms1
                 __delay_ms0:
                +
00029d ea80     +LDI R24 , LOW ( 0xFA0 )
00029e e09f     +LDI R25 , HIGH ( 0xFA0 )
                +__DELAY_USW_LOOP :
00029f 9701     +SBIW R24 , 1
0002a0 f7f1     +BRNE __DELAY_USW_LOOP
                 	__DELAY_USW 0xFA0
0002a1 95a8      	wdr
0002a2 9711      	sbiw r26,1
0002a3 f7c9      	brne __delay_ms0
                 __delay_ms1:
0002a4 9508      	ret
                 
                 __GETW1PF:
0002a5 9005      	LPM  R0,Z+
0002a6 91f4      	LPM  R31,Z
0002a7 2de0      	MOV  R30,R0
0002a8 9508      	RET
                 
                 __SAVELOCR2:
0002a9 931a      	ST   -Y,R17
0002aa 930a      	ST   -Y,R16
0002ab 9508      	RET
                 
                 ;END OF CODE MARKER
                 __END_OF_CODE:


RESOURCE USE INFORMATION
------------------------

Notice:
The register and instruction counts are symbol table hit counts,
and hence implicitly used resources are not counted, eg, the
'lpm' instruction without operands implicitly uses r0 and z,
none of which are counted.

x,y,z are separate entities in the symbol table and are
counted separately from r26..r31 here.

.dseg memory usage only counts static data declared with .byte

ATmega8 register use summary:
r0 :  10 r1 :   3 r2 :   0 r3 :   0 r4 :   2 r5 :   2 r6 :  10 r7 :   2 
r8 :   4 r9 :   4 r10:   0 r11:   2 r12:   0 r13:   0 r14:   0 r15:   2 
r16:   7 r17:  18 r18:   0 r19:   0 r20:   0 r21:   0 r22:  14 r23:   2 
r24:  25 r25:  13 r26:  72 r27:  24 r28:   6 r29:   1 r30: 172 r31:  26 
x  :   7 y  :  90 z  :  14 
Registers used: 25 out of 35 (71.4%)

ATmega8 instruction use summary:
.lds  :   0 .lds.l:   0 .sts  :   0 .sts.l:   0 adc   :   1 add   :   4 
adiw  :   9 and   :   1 andi  :   5 asr   :   0 bclr  :   0 bld   :   0 
brbc  :   0 brbs  :   0 brcc  :   0 brcs  :   0 break :   0 breq  :  14 
brge  :   0 brhc  :   0 brhs  :   0 brid  :   0 brie  :   0 brlo  :   2 
brlt  :   0 brmi  :   0 brne  :  20 brpl  :   1 brsh  :   0 brtc  :   0 
brts  :   1 brvc  :   0 brvs  :   0 bset  :   0 bst   :   0 cbi   :  11 
cbr   :   0 clc   :   0 clh   :   0 cli   :   1 cln   :   0 clr   :   6 
cls   :   0 clt   :   1 clv   :   0 clz   :   0 com   :   2 cp    :   6 
cpc   :   2 cpi   :  11 cpse  :   0 dec   :   3 des   :   0 eor   :   0 
fmul  :   0 fmuls :   0 fmulsu:   0 icall :   0 ijmp  :   0 in    :   1 
inc   :   4 ld    :  39 ldd   :  11 ldi   : 105 lds   :   3 lpm   :  18 
lsl   :   3 lsr   :   0 mov   :  21 movw  :   3 mul   :   0 muls  :   0 
mulsu :   0 neg   :   0 nop   :   0 or    :   1 ori   :   2 out   :  40 
pop   :   0 push  :   0 rcall :  62 ret   :  21 reti  :   1 rjmp  :  48 
rol   :   1 ror   :   0 sbc   :   1 sbci  :   3 sbi   :  15 sbic  :   7 
sbis  :   2 sbiw  :  10 sbr   :   0 sbrc  :   1 sbrs  :   0 sec   :   0 
seh   :   0 sei   :   1 sen   :   0 ser   :   1 ses   :   0 set   :   1 
sev   :   0 sez   :   0 sleep :   0 spm   :   0 st    :  44 std   :   4 
sts   :   7 sub   :   1 subi  :   8 swap  :   1 tst   :   2 wdr   :   1 

Instructions used: 55 out of 114 (48.2%)

ATmega8 memory use summary [bytes]:
Segment   Begin    End      Code   Data   Used    Size   Use%
---------------------------------------------------------------
[.cseg] 0x000000 0x000558   1200    168   1368    8192  16.7%
[.dseg] 0x000060 0x00016d      0     13     13    1024   1.3%
[.eseg] 0x000000 0x000000      0      0      0     512   0.0%

Assembly complete, 0 errors, 10 warnings
