
AVRASM ver. 2.1.30  D:\Projects AVR\StepperMotorKontr\Release\List\StepMotor.asm Sat Nov 21 20:31:51 2015

D:\Projects AVR\StepperMotorKontr\Release\List\StepMotor.asm(1086): warning: Register r5 already defined by the .DEF directive
D:\Projects AVR\StepperMotorKontr\Release\List\StepMotor.asm(1087): warning: Register r4 already defined by the .DEF directive
D:\Projects AVR\StepperMotorKontr\Release\List\StepMotor.asm(1088): warning: Register r7 already defined by the .DEF directive
D:\Projects AVR\StepperMotorKontr\Release\List\StepMotor.asm(1089): warning: Register r6 already defined by the .DEF directive
D:\Projects AVR\StepperMotorKontr\Release\List\StepMotor.asm(1090): warning: Register r9 already defined by the .DEF directive
D:\Projects AVR\StepperMotorKontr\Release\List\StepMotor.asm(1091): warning: Register r8 already defined by the .DEF directive
D:\Projects AVR\StepperMotorKontr\Release\List\StepMotor.asm(1092): warning: Register r11 already defined by the .DEF directive
D:\Projects AVR\StepperMotorKontr\Release\List\StepMotor.asm(1093): warning: Register r10 already defined by the .DEF directive
                 
                 
                 ;CodeVisionAVR C Compiler V3.12 Advanced
                 ;(C) Copyright 1998-2014 Pavel Haiduc, HP InfoTech s.r.l.
                 ;http://www.hpinfotech.com
                 
                 ;Build configuration    : Release
                 ;Chip type              : ATmega8
                 ;Program type           : Application
                 ;Clock frequency        : 16,000000 MHz
                 ;Memory model           : Small
                 ;Optimize for           : Size
                 ;(s)printf features     : int, width
                 ;(s)scanf features      : int, width
                 ;External RAM size      : 0
                 ;Data Stack size        : 256 byte(s)
                 ;Heap size              : 0 byte(s)
                 ;Promote 'char' to 'int': Yes
                 ;'char' is unsigned     : Yes
                 ;8 bit enums            : Yes
                 ;Global 'const' stored in FLASH: Yes
                 ;Enhanced function parameter passing: Yes
                 ;Enhanced core instructions: On
                 ;Automatic register allocation for global variables: On
                 ;Smart register allocation: On
                 
                 	#define _MODEL_SMALL_
                 
                 	#pragma AVRPART ADMIN PART_NAME ATmega8
                 	#pragma AVRPART MEMORY PROG_FLASH 8192
                 	#pragma AVRPART MEMORY EEPROM 512
                 	#pragma AVRPART MEMORY INT_SRAM SIZE 1024
                 	#pragma AVRPART MEMORY INT_SRAM START_ADDR 0x60
                 
                 	.LISTMAC
                 	.EQU UDRE=0x5
                 	.EQU RXC=0x7
                 	.EQU USR=0xB
                 	.EQU UDR=0xC
                 	.EQU SPSR=0xE
                 	.EQU SPDR=0xF
                 	.EQU EERE=0x0
                 	.EQU EEWE=0x1
                 	.EQU EEMWE=0x2
                 	.EQU EECR=0x1C
                 	.EQU EEDR=0x1D
                 	.EQU EEARL=0x1E
                 	.EQU EEARH=0x1F
                 	.EQU WDTCR=0x21
                 	.EQU MCUCR=0x35
                 	.EQU GICR=0x3B
                 	.EQU SPL=0x3D
                 	.EQU SPH=0x3E
                 	.EQU SREG=0x3F
                 
                 	.DEF R0X0=R0
                 	.DEF R0X1=R1
                 	.DEF R0X2=R2
                 	.DEF R0X3=R3
                 	.DEF R0X4=R4
                 	.DEF R0X5=R5
                 	.DEF R0X6=R6
                 	.DEF R0X7=R7
                 	.DEF R0X8=R8
                 	.DEF R0X9=R9
                 	.DEF R0XA=R10
                 	.DEF R0XB=R11
                 	.DEF R0XC=R12
                 	.DEF R0XD=R13
                 	.DEF R0XE=R14
                 	.DEF R0XF=R15
                 	.DEF R0X10=R16
                 	.DEF R0X11=R17
                 	.DEF R0X12=R18
                 	.DEF R0X13=R19
                 	.DEF R0X14=R20
                 	.DEF R0X15=R21
                 	.DEF R0X16=R22
                 	.DEF R0X17=R23
                 	.DEF R0X18=R24
                 	.DEF R0X19=R25
                 	.DEF R0X1A=R26
                 	.DEF R0X1B=R27
                 	.DEF R0X1C=R28
                 	.DEF R0X1D=R29
                 	.DEF R0X1E=R30
                 	.DEF R0X1F=R31
                 
                 	.EQU __SRAM_START=0x0060
                 	.EQU __SRAM_END=0x045F
                 	.EQU __DSTACK_SIZE=0x0100
                 	.EQU __HEAP_SIZE=0x0000
                 	.EQU __CLEAR_SRAM_SIZE=__SRAM_END-__SRAM_START+1
                 
                 	.MACRO __CPD1N
                 	CPI  R30,LOW(@0)
                 	LDI  R26,HIGH(@0)
                 	CPC  R31,R26
                 	LDI  R26,BYTE3(@0)
                 	CPC  R22,R26
                 	LDI  R26,BYTE4(@0)
                 	CPC  R23,R26
                 	.ENDM
                 
                 	.MACRO __CPD2N
                 	CPI  R26,LOW(@0)
                 	LDI  R30,HIGH(@0)
                 	CPC  R27,R30
                 	LDI  R30,BYTE3(@0)
                 	CPC  R24,R30
                 	LDI  R30,BYTE4(@0)
                 	CPC  R25,R30
                 	.ENDM
                 
                 	.MACRO __CPWRR
                 	CP   R@0,R@2
                 	CPC  R@1,R@3
                 	.ENDM
                 
                 	.MACRO __CPWRN
                 	CPI  R@0,LOW(@2)
                 	LDI  R30,HIGH(@2)
                 	CPC  R@1,R30
                 	.ENDM
                 
                 	.MACRO __ADDB1MN
                 	SUBI R30,LOW(-@0-(@1))
                 	.ENDM
                 
                 	.MACRO __ADDB2MN
                 	SUBI R26,LOW(-@0-(@1))
                 	.ENDM
                 
                 	.MACRO __ADDW1MN
                 	SUBI R30,LOW(-@0-(@1))
                 	SBCI R31,HIGH(-@0-(@1))
                 	.ENDM
                 
                 	.MACRO __ADDW2MN
                 	SUBI R26,LOW(-@0-(@1))
                 	SBCI R27,HIGH(-@0-(@1))
                 	.ENDM
                 
                 	.MACRO __ADDW1FN
                 	SUBI R30,LOW(-2*@0-(@1))
                 	SBCI R31,HIGH(-2*@0-(@1))
                 	.ENDM
                 
                 	.MACRO __ADDD1FN
                 	SUBI R30,LOW(-2*@0-(@1))
                 	SBCI R31,HIGH(-2*@0-(@1))
                 	SBCI R22,BYTE3(-2*@0-(@1))
                 	.ENDM
                 
                 	.MACRO __ADDD1N
                 	SUBI R30,LOW(-@0)
                 	SBCI R31,HIGH(-@0)
                 	SBCI R22,BYTE3(-@0)
                 	SBCI R23,BYTE4(-@0)
                 	.ENDM
                 
                 	.MACRO __ADDD2N
                 	SUBI R26,LOW(-@0)
                 	SBCI R27,HIGH(-@0)
                 	SBCI R24,BYTE3(-@0)
                 	SBCI R25,BYTE4(-@0)
                 	.ENDM
                 
                 	.MACRO __SUBD1N
                 	SUBI R30,LOW(@0)
                 	SBCI R31,HIGH(@0)
                 	SBCI R22,BYTE3(@0)
                 	SBCI R23,BYTE4(@0)
                 	.ENDM
                 
                 	.MACRO __SUBD2N
                 	SUBI R26,LOW(@0)
                 	SBCI R27,HIGH(@0)
                 	SBCI R24,BYTE3(@0)
                 	SBCI R25,BYTE4(@0)
                 	.ENDM
                 
                 	.MACRO __ANDBMNN
                 	LDS  R30,@0+(@1)
                 	ANDI R30,LOW(@2)
                 	STS  @0+(@1),R30
                 	.ENDM
                 
                 	.MACRO __ANDWMNN
                 	LDS  R30,@0+(@1)
                 	ANDI R30,LOW(@2)
                 	STS  @0+(@1),R30
                 	LDS  R30,@0+(@1)+1
                 	ANDI R30,HIGH(@2)
                 	STS  @0+(@1)+1,R30
                 	.ENDM
                 
                 	.MACRO __ANDD1N
                 	ANDI R30,LOW(@0)
                 	ANDI R31,HIGH(@0)
                 	ANDI R22,BYTE3(@0)
                 	ANDI R23,BYTE4(@0)
                 	.ENDM
                 
                 	.MACRO __ANDD2N
                 	ANDI R26,LOW(@0)
                 	ANDI R27,HIGH(@0)
                 	ANDI R24,BYTE3(@0)
                 	ANDI R25,BYTE4(@0)
                 	.ENDM
                 
                 	.MACRO __ORBMNN
                 	LDS  R30,@0+(@1)
                 	ORI  R30,LOW(@2)
                 	STS  @0+(@1),R30
                 	.ENDM
                 
                 	.MACRO __ORWMNN
                 	LDS  R30,@0+(@1)
                 	ORI  R30,LOW(@2)
                 	STS  @0+(@1),R30
                 	LDS  R30,@0+(@1)+1
                 	ORI  R30,HIGH(@2)
                 	STS  @0+(@1)+1,R30
                 	.ENDM
                 
                 	.MACRO __ORD1N
                 	ORI  R30,LOW(@0)
                 	ORI  R31,HIGH(@0)
                 	ORI  R22,BYTE3(@0)
                 	ORI  R23,BYTE4(@0)
                 	.ENDM
                 
                 	.MACRO __ORD2N
                 	ORI  R26,LOW(@0)
                 	ORI  R27,HIGH(@0)
                 	ORI  R24,BYTE3(@0)
                 	ORI  R25,BYTE4(@0)
                 	.ENDM
                 
                 	.MACRO __DELAY_USB
                 	LDI  R24,LOW(@0)
                 __DELAY_USB_LOOP:
                 	DEC  R24
                 	BRNE __DELAY_USB_LOOP
                 	.ENDM
                 
                 	.MACRO __DELAY_USW
                 	LDI  R24,LOW(@0)
                 	LDI  R25,HIGH(@0)
                 __DELAY_USW_LOOP:
                 	SBIW R24,1
                 	BRNE __DELAY_USW_LOOP
                 	.ENDM
                 
                 	.MACRO __GETD1S
                 	LDD  R30,Y+@0
                 	LDD  R31,Y+@0+1
                 	LDD  R22,Y+@0+2
                 	LDD  R23,Y+@0+3
                 	.ENDM
                 
                 	.MACRO __GETD2S
                 	LDD  R26,Y+@0
                 	LDD  R27,Y+@0+1
                 	LDD  R24,Y+@0+2
                 	LDD  R25,Y+@0+3
                 	.ENDM
                 
                 	.MACRO __PUTD1S
                 	STD  Y+@0,R30
                 	STD  Y+@0+1,R31
                 	STD  Y+@0+2,R22
                 	STD  Y+@0+3,R23
                 	.ENDM
                 
                 	.MACRO __PUTD2S
                 	STD  Y+@0,R26
                 	STD  Y+@0+1,R27
                 	STD  Y+@0+2,R24
                 	STD  Y+@0+3,R25
                 	.ENDM
                 
                 	.MACRO __PUTDZ2
                 	STD  Z+@0,R26
                 	STD  Z+@0+1,R27
                 	STD  Z+@0+2,R24
                 	STD  Z+@0+3,R25
                 	.ENDM
                 
                 	.MACRO __CLRD1S
                 	STD  Y+@0,R30
                 	STD  Y+@0+1,R30
                 	STD  Y+@0+2,R30
                 	STD  Y+@0+3,R30
                 	.ENDM
                 
                 	.MACRO __POINTB1MN
                 	LDI  R30,LOW(@0+(@1))
                 	.ENDM
                 
                 	.MACRO __POINTW1MN
                 	LDI  R30,LOW(@0+(@1))
                 	LDI  R31,HIGH(@0+(@1))
                 	.ENDM
                 
                 	.MACRO __POINTD1M
                 	LDI  R30,LOW(@0)
                 	LDI  R31,HIGH(@0)
                 	LDI  R22,BYTE3(@0)
                 	LDI  R23,BYTE4(@0)
                 	.ENDM
                 
                 	.MACRO __POINTW1FN
                 	LDI  R30,LOW(2*@0+(@1))
                 	LDI  R31,HIGH(2*@0+(@1))
                 	.ENDM
                 
                 	.MACRO __POINTD1FN
                 	LDI  R30,LOW(2*@0+(@1))
                 	LDI  R31,HIGH(2*@0+(@1))
                 	LDI  R22,BYTE3(2*@0+(@1))
                 	LDI  R23,BYTE4(2*@0+(@1))
                 	.ENDM
                 
                 	.MACRO __POINTB2MN
                 	LDI  R26,LOW(@0+(@1))
                 	.ENDM
                 
                 	.MACRO __POINTW2MN
                 	LDI  R26,LOW(@0+(@1))
                 	LDI  R27,HIGH(@0+(@1))
                 	.ENDM
                 
                 	.MACRO __POINTW2FN
                 	LDI  R26,LOW(2*@0+(@1))
                 	LDI  R27,HIGH(2*@0+(@1))
                 	.ENDM
                 
                 	.MACRO __POINTD2FN
                 	LDI  R26,LOW(2*@0+(@1))
                 	LDI  R27,HIGH(2*@0+(@1))
                 	LDI  R24,BYTE3(2*@0+(@1))
                 	LDI  R25,BYTE4(2*@0+(@1))
                 	.ENDM
                 
                 	.MACRO __POINTBRM
                 	LDI  R@0,LOW(@1)
                 	.ENDM
                 
                 	.MACRO __POINTWRM
                 	LDI  R@0,LOW(@2)
                 	LDI  R@1,HIGH(@2)
                 	.ENDM
                 
                 	.MACRO __POINTBRMN
                 	LDI  R@0,LOW(@1+(@2))
                 	.ENDM
                 
                 	.MACRO __POINTWRMN
                 	LDI  R@0,LOW(@2+(@3))
                 	LDI  R@1,HIGH(@2+(@3))
                 	.ENDM
                 
                 	.MACRO __POINTWRFN
                 	LDI  R@0,LOW(@2*2+(@3))
                 	LDI  R@1,HIGH(@2*2+(@3))
                 	.ENDM
                 
                 	.MACRO __GETD1N
                 	LDI  R30,LOW(@0)
                 	LDI  R31,HIGH(@0)
                 	LDI  R22,BYTE3(@0)
                 	LDI  R23,BYTE4(@0)
                 	.ENDM
                 
                 	.MACRO __GETD2N
                 	LDI  R26,LOW(@0)
                 	LDI  R27,HIGH(@0)
                 	LDI  R24,BYTE3(@0)
                 	LDI  R25,BYTE4(@0)
                 	.ENDM
                 
                 	.MACRO __GETB1MN
                 	LDS  R30,@0+(@1)
                 	.ENDM
                 
                 	.MACRO __GETB1HMN
                 	LDS  R31,@0+(@1)
                 	.ENDM
                 
                 	.MACRO __GETW1MN
                 	LDS  R30,@0+(@1)
                 	LDS  R31,@0+(@1)+1
                 	.ENDM
                 
                 	.MACRO __GETD1MN
                 	LDS  R30,@0+(@1)
                 	LDS  R31,@0+(@1)+1
                 	LDS  R22,@0+(@1)+2
                 	LDS  R23,@0+(@1)+3
                 	.ENDM
                 
                 	.MACRO __GETBRMN
                 	LDS  R@0,@1+(@2)
                 	.ENDM
                 
                 	.MACRO __GETWRMN
                 	LDS  R@0,@2+(@3)
                 	LDS  R@1,@2+(@3)+1
                 	.ENDM
                 
                 	.MACRO __GETWRZ
                 	LDD  R@0,Z+@2
                 	LDD  R@1,Z+@2+1
                 	.ENDM
                 
                 	.MACRO __GETD2Z
                 	LDD  R26,Z+@0
                 	LDD  R27,Z+@0+1
                 	LDD  R24,Z+@0+2
                 	LDD  R25,Z+@0+3
                 	.ENDM
                 
                 	.MACRO __GETB2MN
                 	LDS  R26,@0+(@1)
                 	.ENDM
                 
                 	.MACRO __GETW2MN
                 	LDS  R26,@0+(@1)
                 	LDS  R27,@0+(@1)+1
                 	.ENDM
                 
                 	.MACRO __GETD2MN
                 	LDS  R26,@0+(@1)
                 	LDS  R27,@0+(@1)+1
                 	LDS  R24,@0+(@1)+2
                 	LDS  R25,@0+(@1)+3
                 	.ENDM
                 
                 	.MACRO __PUTB1MN
                 	STS  @0+(@1),R30
                 	.ENDM
                 
                 	.MACRO __PUTW1MN
                 	STS  @0+(@1),R30
                 	STS  @0+(@1)+1,R31
                 	.ENDM
                 
                 	.MACRO __PUTD1MN
                 	STS  @0+(@1),R30
                 	STS  @0+(@1)+1,R31
                 	STS  @0+(@1)+2,R22
                 	STS  @0+(@1)+3,R23
                 	.ENDM
                 
                 	.MACRO __PUTB1EN
                 	LDI  R26,LOW(@0+(@1))
                 	LDI  R27,HIGH(@0+(@1))
                 	RCALL __EEPROMWRB
                 	.ENDM
                 
                 	.MACRO __PUTW1EN
                 	LDI  R26,LOW(@0+(@1))
                 	LDI  R27,HIGH(@0+(@1))
                 	RCALL __EEPROMWRW
                 	.ENDM
                 
                 	.MACRO __PUTD1EN
                 	LDI  R26,LOW(@0+(@1))
                 	LDI  R27,HIGH(@0+(@1))
                 	RCALL __EEPROMWRD
                 	.ENDM
                 
                 	.MACRO __PUTBR0MN
                 	STS  @0+(@1),R0
                 	.ENDM
                 
                 	.MACRO __PUTBMRN
                 	STS  @0+(@1),R@2
                 	.ENDM
                 
                 	.MACRO __PUTWMRN
                 	STS  @0+(@1),R@2
                 	STS  @0+(@1)+1,R@3
                 	.ENDM
                 
                 	.MACRO __PUTBZR
                 	STD  Z+@1,R@0
                 	.ENDM
                 
                 	.MACRO __PUTWZR
                 	STD  Z+@2,R@0
                 	STD  Z+@2+1,R@1
                 	.ENDM
                 
                 	.MACRO __GETW1R
                 	MOV  R30,R@0
                 	MOV  R31,R@1
                 	.ENDM
                 
                 	.MACRO __GETW2R
                 	MOV  R26,R@0
                 	MOV  R27,R@1
                 	.ENDM
                 
                 	.MACRO __GETWRN
                 	LDI  R@0,LOW(@2)
                 	LDI  R@1,HIGH(@2)
                 	.ENDM
                 
                 	.MACRO __PUTW1R
                 	MOV  R@0,R30
                 	MOV  R@1,R31
                 	.ENDM
                 
                 	.MACRO __PUTW2R
                 	MOV  R@0,R26
                 	MOV  R@1,R27
                 	.ENDM
                 
                 	.MACRO __ADDWRN
                 	SUBI R@0,LOW(-@2)
                 	SBCI R@1,HIGH(-@2)
                 	.ENDM
                 
                 	.MACRO __ADDWRR
                 	ADD  R@0,R@2
                 	ADC  R@1,R@3
                 	.ENDM
                 
                 	.MACRO __SUBWRN
                 	SUBI R@0,LOW(@2)
                 	SBCI R@1,HIGH(@2)
                 	.ENDM
                 
                 	.MACRO __SUBWRR
                 	SUB  R@0,R@2
                 	SBC  R@1,R@3
                 	.ENDM
                 
                 	.MACRO __ANDWRN
                 	ANDI R@0,LOW(@2)
                 	ANDI R@1,HIGH(@2)
                 	.ENDM
                 
                 	.MACRO __ANDWRR
                 	AND  R@0,R@2
                 	AND  R@1,R@3
                 	.ENDM
                 
                 	.MACRO __ORWRN
                 	ORI  R@0,LOW(@2)
                 	ORI  R@1,HIGH(@2)
                 	.ENDM
                 
                 	.MACRO __ORWRR
                 	OR   R@0,R@2
                 	OR   R@1,R@3
                 	.ENDM
                 
                 	.MACRO __EORWRR
                 	EOR  R@0,R@2
                 	EOR  R@1,R@3
                 	.ENDM
                 
                 	.MACRO __GETWRS
                 	LDD  R@0,Y+@2
                 	LDD  R@1,Y+@2+1
                 	.ENDM
                 
                 	.MACRO __PUTBSR
                 	STD  Y+@1,R@0
                 	.ENDM
                 
                 	.MACRO __PUTWSR
                 	STD  Y+@2,R@0
                 	STD  Y+@2+1,R@1
                 	.ENDM
                 
                 	.MACRO __MOVEWRR
                 	MOV  R@0,R@2
                 	MOV  R@1,R@3
                 	.ENDM
                 
                 	.MACRO __INWR
                 	IN   R@0,@2
                 	IN   R@1,@2+1
                 	.ENDM
                 
                 	.MACRO __OUTWR
                 	OUT  @2+1,R@1
                 	OUT  @2,R@0
                 	.ENDM
                 
                 	.MACRO __CALL1MN
                 	LDS  R30,@0+(@1)
                 	LDS  R31,@0+(@1)+1
                 	ICALL
                 	.ENDM
                 
                 	.MACRO __CALL1FN
                 	LDI  R30,LOW(2*@0+(@1))
                 	LDI  R31,HIGH(2*@0+(@1))
                 	RCALL __GETW1PF
                 	ICALL
                 	.ENDM
                 
                 	.MACRO __CALL2EN
                 	PUSH R26
                 	PUSH R27
                 	LDI  R26,LOW(@0+(@1))
                 	LDI  R27,HIGH(@0+(@1))
                 	RCALL __EEPROMRDW
                 	POP  R27
                 	POP  R26
                 	ICALL
                 	.ENDM
                 
                 	.MACRO __CALL2EX
                 	SUBI R26,LOW(-@0)
                 	SBCI R27,HIGH(-@0)
                 	RCALL __EEPROMRDD
                 	ICALL
                 	.ENDM
                 
                 	.MACRO __GETW1STACK
                 	IN   R30,SPL
                 	IN   R31,SPH
                 	ADIW R30,@0+1
                 	LD   R0,Z+
                 	LD   R31,Z
                 	MOV  R30,R0
                 	.ENDM
                 
                 	.MACRO __GETD1STACK
                 	IN   R30,SPL
                 	IN   R31,SPH
                 	ADIW R30,@0+1
                 	LD   R0,Z+
                 	LD   R1,Z+
                 	LD   R22,Z
                 	MOVW R30,R0
                 	.ENDM
                 
                 	.MACRO __NBST
                 	BST  R@0,@1
                 	IN   R30,SREG
                 	LDI  R31,0x40
                 	EOR  R30,R31
                 	OUT  SREG,R30
                 	.ENDM
                 
                 
                 	.MACRO __PUTB1SN
                 	LDD  R26,Y+@0
                 	LDD  R27,Y+@0+1
                 	SUBI R26,LOW(-@1)
                 	SBCI R27,HIGH(-@1)
                 	ST   X,R30
                 	.ENDM
                 
                 	.MACRO __PUTW1SN
                 	LDD  R26,Y+@0
                 	LDD  R27,Y+@0+1
                 	SUBI R26,LOW(-@1)
                 	SBCI R27,HIGH(-@1)
                 	ST   X+,R30
                 	ST   X,R31
                 	.ENDM
                 
                 	.MACRO __PUTD1SN
                 	LDD  R26,Y+@0
                 	LDD  R27,Y+@0+1
                 	SUBI R26,LOW(-@1)
                 	SBCI R27,HIGH(-@1)
                 	RCALL __PUTDP1
                 	.ENDM
                 
                 	.MACRO __PUTB1SNS
                 	LDD  R26,Y+@0
                 	LDD  R27,Y+@0+1
                 	ADIW R26,@1
                 	ST   X,R30
                 	.ENDM
                 
                 	.MACRO __PUTW1SNS
                 	LDD  R26,Y+@0
                 	LDD  R27,Y+@0+1
                 	ADIW R26,@1
                 	ST   X+,R30
                 	ST   X,R31
                 	.ENDM
                 
                 	.MACRO __PUTD1SNS
                 	LDD  R26,Y+@0
                 	LDD  R27,Y+@0+1
                 	ADIW R26,@1
                 	RCALL __PUTDP1
                 	.ENDM
                 
                 	.MACRO __PUTB1PMN
                 	LDS  R26,@0
                 	LDS  R27,@0+1
                 	SUBI R26,LOW(-@1)
                 	SBCI R27,HIGH(-@1)
                 	ST   X,R30
                 	.ENDM
                 
                 	.MACRO __PUTW1PMN
                 	LDS  R26,@0
                 	LDS  R27,@0+1
                 	SUBI R26,LOW(-@1)
                 	SBCI R27,HIGH(-@1)
                 	ST   X+,R30
                 	ST   X,R31
                 	.ENDM
                 
                 	.MACRO __PUTD1PMN
                 	LDS  R26,@0
                 	LDS  R27,@0+1
                 	SUBI R26,LOW(-@1)
                 	SBCI R27,HIGH(-@1)
                 	RCALL __PUTDP1
                 	.ENDM
                 
                 	.MACRO __PUTB1PMNS
                 	LDS  R26,@0
                 	LDS  R27,@0+1
                 	ADIW R26,@1
                 	ST   X,R30
                 	.ENDM
                 
                 	.MACRO __PUTW1PMNS
                 	LDS  R26,@0
                 	LDS  R27,@0+1
                 	ADIW R26,@1
                 	ST   X+,R30
                 	ST   X,R31
                 	.ENDM
                 
                 	.MACRO __PUTD1PMNS
                 	LDS  R26,@0
                 	LDS  R27,@0+1
                 	ADIW R26,@1
                 	RCALL __PUTDP1
                 	.ENDM
                 
                 	.MACRO __PUTB1RN
                 	MOVW R26,R@0
                 	SUBI R26,LOW(-@1)
                 	SBCI R27,HIGH(-@1)
                 	ST   X,R30
                 	.ENDM
                 
                 	.MACRO __PUTW1RN
                 	MOVW R26,R@0
                 	SUBI R26,LOW(-@1)
                 	SBCI R27,HIGH(-@1)
                 	ST   X+,R30
                 	ST   X,R31
                 	.ENDM
                 
                 	.MACRO __PUTD1RN
                 	MOVW R26,R@0
                 	SUBI R26,LOW(-@1)
                 	SBCI R27,HIGH(-@1)
                 	RCALL __PUTDP1
                 	.ENDM
                 
                 	.MACRO __PUTB1RNS
                 	MOVW R26,R@0
                 	ADIW R26,@1
                 	ST   X,R30
                 	.ENDM
                 
                 	.MACRO __PUTW1RNS
                 	MOVW R26,R@0
                 	ADIW R26,@1
                 	ST   X+,R30
                 	ST   X,R31
                 	.ENDM
                 
                 	.MACRO __PUTD1RNS
                 	MOVW R26,R@0
                 	ADIW R26,@1
                 	RCALL __PUTDP1
                 	.ENDM
                 
                 	.MACRO __PUTB1RON
                 	MOV  R26,R@0
                 	MOV  R27,R@1
                 	SUBI R26,LOW(-@2)
                 	SBCI R27,HIGH(-@2)
                 	ST   X,R30
                 	.ENDM
                 
                 	.MACRO __PUTW1RON
                 	MOV  R26,R@0
                 	MOV  R27,R@1
                 	SUBI R26,LOW(-@2)
                 	SBCI R27,HIGH(-@2)
                 	ST   X+,R30
                 	ST   X,R31
                 	.ENDM
                 
                 	.MACRO __PUTD1RON
                 	MOV  R26,R@0
                 	MOV  R27,R@1
                 	SUBI R26,LOW(-@2)
                 	SBCI R27,HIGH(-@2)
                 	RCALL __PUTDP1
                 	.ENDM
                 
                 	.MACRO __PUTB1RONS
                 	MOV  R26,R@0
                 	MOV  R27,R@1
                 	ADIW R26,@2
                 	ST   X,R30
                 	.ENDM
                 
                 	.MACRO __PUTW1RONS
                 	MOV  R26,R@0
                 	MOV  R27,R@1
                 	ADIW R26,@2
                 	ST   X+,R30
                 	ST   X,R31
                 	.ENDM
                 
                 	.MACRO __PUTD1RONS
                 	MOV  R26,R@0
                 	MOV  R27,R@1
                 	ADIW R26,@2
                 	RCALL __PUTDP1
                 	.ENDM
                 
                 
                 	.MACRO __GETB1SX
                 	MOVW R30,R28
                 	SUBI R30,LOW(-@0)
                 	SBCI R31,HIGH(-@0)
                 	LD   R30,Z
                 	.ENDM
                 
                 	.MACRO __GETB1HSX
                 	MOVW R30,R28
                 	SUBI R30,LOW(-@0)
                 	SBCI R31,HIGH(-@0)
                 	LD   R31,Z
                 	.ENDM
                 
                 	.MACRO __GETW1SX
                 	MOVW R30,R28
                 	SUBI R30,LOW(-@0)
                 	SBCI R31,HIGH(-@0)
                 	LD   R0,Z+
                 	LD   R31,Z
                 	MOV  R30,R0
                 	.ENDM
                 
                 	.MACRO __GETD1SX
                 	MOVW R30,R28
                 	SUBI R30,LOW(-@0)
                 	SBCI R31,HIGH(-@0)
                 	LD   R0,Z+
                 	LD   R1,Z+
                 	LD   R22,Z+
                 	LD   R23,Z
                 	MOVW R30,R0
                 	.ENDM
                 
                 	.MACRO __GETB2SX
                 	MOVW R26,R28
                 	SUBI R26,LOW(-@0)
                 	SBCI R27,HIGH(-@0)
                 	LD   R26,X
                 	.ENDM
                 
                 	.MACRO __GETW2SX
                 	MOVW R26,R28
                 	SUBI R26,LOW(-@0)
                 	SBCI R27,HIGH(-@0)
                 	LD   R0,X+
                 	LD   R27,X
                 	MOV  R26,R0
                 	.ENDM
                 
                 	.MACRO __GETD2SX
                 	MOVW R26,R28
                 	SUBI R26,LOW(-@0)
                 	SBCI R27,HIGH(-@0)
                 	LD   R0,X+
                 	LD   R1,X+
                 	LD   R24,X+
                 	LD   R25,X
                 	MOVW R26,R0
                 	.ENDM
                 
                 	.MACRO __GETBRSX
                 	MOVW R30,R28
                 	SUBI R30,LOW(-@1)
                 	SBCI R31,HIGH(-@1)
                 	LD   R@0,Z
                 	.ENDM
                 
                 	.MACRO __GETWRSX
                 	MOVW R30,R28
                 	SUBI R30,LOW(-@2)
                 	SBCI R31,HIGH(-@2)
                 	LD   R@0,Z+
                 	LD   R@1,Z
                 	.ENDM
                 
                 	.MACRO __GETBRSX2
                 	MOVW R26,R28
                 	SUBI R26,LOW(-@1)
                 	SBCI R27,HIGH(-@1)
                 	LD   R@0,X
                 	.ENDM
                 
                 	.MACRO __GETWRSX2
                 	MOVW R26,R28
                 	SUBI R26,LOW(-@2)
                 	SBCI R27,HIGH(-@2)
                 	LD   R@0,X+
                 	LD   R@1,X
                 	.ENDM
                 
                 	.MACRO __LSLW8SX
                 	MOVW R30,R28
                 	SUBI R30,LOW(-@0)
                 	SBCI R31,HIGH(-@0)
                 	LD   R31,Z
                 	CLR  R30
                 	.ENDM
                 
                 	.MACRO __PUTB1SX
                 	MOVW R26,R28
                 	SUBI R26,LOW(-@0)
                 	SBCI R27,HIGH(-@0)
                 	ST   X,R30
                 	.ENDM
                 
                 	.MACRO __PUTW1SX
                 	MOVW R26,R28
                 	SUBI R26,LOW(-@0)
                 	SBCI R27,HIGH(-@0)
                 	ST   X+,R30
                 	ST   X,R31
                 	.ENDM
                 
                 	.MACRO __PUTD1SX
                 	MOVW R26,R28
                 	SUBI R26,LOW(-@0)
                 	SBCI R27,HIGH(-@0)
                 	ST   X+,R30
                 	ST   X+,R31
                 	ST   X+,R22
                 	ST   X,R23
                 	.ENDM
                 
                 	.MACRO __CLRW1SX
                 	MOVW R26,R28
                 	SUBI R26,LOW(-@0)
                 	SBCI R27,HIGH(-@0)
                 	ST   X+,R30
                 	ST   X,R30
                 	.ENDM
                 
                 	.MACRO __CLRD1SX
                 	MOVW R26,R28
                 	SUBI R26,LOW(-@0)
                 	SBCI R27,HIGH(-@0)
                 	ST   X+,R30
                 	ST   X+,R30
                 	ST   X+,R30
                 	ST   X,R30
                 	.ENDM
                 
                 	.MACRO __PUTB2SX
                 	MOVW R30,R28
                 	SUBI R30,LOW(-@0)
                 	SBCI R31,HIGH(-@0)
                 	ST   Z,R26
                 	.ENDM
                 
                 	.MACRO __PUTW2SX
                 	MOVW R30,R28
                 	SUBI R30,LOW(-@0)
                 	SBCI R31,HIGH(-@0)
                 	ST   Z+,R26
                 	ST   Z,R27
                 	.ENDM
                 
                 	.MACRO __PUTD2SX
                 	MOVW R30,R28
                 	SUBI R30,LOW(-@0)
                 	SBCI R31,HIGH(-@0)
                 	ST   Z+,R26
                 	ST   Z+,R27
                 	ST   Z+,R24
                 	ST   Z,R25
                 	.ENDM
                 
                 	.MACRO __PUTBSRX
                 	MOVW R30,R28
                 	SUBI R30,LOW(-@1)
                 	SBCI R31,HIGH(-@1)
                 	ST   Z,R@0
                 	.ENDM
                 
                 	.MACRO __PUTWSRX
                 	MOVW R30,R28
                 	SUBI R30,LOW(-@2)
                 	SBCI R31,HIGH(-@2)
                 	ST   Z+,R@0
                 	ST   Z,R@1
                 	.ENDM
                 
                 	.MACRO __PUTB1SNX
                 	MOVW R26,R28
                 	SUBI R26,LOW(-@0)
                 	SBCI R27,HIGH(-@0)
                 	LD   R0,X+
                 	LD   R27,X
                 	MOV  R26,R0
                 	SUBI R26,LOW(-@1)
                 	SBCI R27,HIGH(-@1)
                 	ST   X,R30
                 	.ENDM
                 
                 	.MACRO __PUTW1SNX
                 	MOVW R26,R28
                 	SUBI R26,LOW(-@0)
                 	SBCI R27,HIGH(-@0)
                 	LD   R0,X+
                 	LD   R27,X
                 	MOV  R26,R0
                 	SUBI R26,LOW(-@1)
                 	SBCI R27,HIGH(-@1)
                 	ST   X+,R30
                 	ST   X,R31
                 	.ENDM
                 
                 	.MACRO __PUTD1SNX
                 	MOVW R26,R28
                 	SUBI R26,LOW(-@0)
                 	SBCI R27,HIGH(-@0)
                 	LD   R0,X+
                 	LD   R27,X
                 	MOV  R26,R0
                 	SUBI R26,LOW(-@1)
                 	SBCI R27,HIGH(-@1)
                 	ST   X+,R30
                 	ST   X+,R31
                 	ST   X+,R22
                 	ST   X,R23
                 	.ENDM
                 
                 	.MACRO __MULBRR
                 	MULS R@0,R@1
                 	MOVW R30,R0
                 	.ENDM
                 
                 	.MACRO __MULBRRU
                 	MUL  R@0,R@1
                 	MOVW R30,R0
                 	.ENDM
                 
                 	.MACRO __MULBRR0
                 	MULS R@0,R@1
                 	.ENDM
                 
                 	.MACRO __MULBRRU0
                 	MUL  R@0,R@1
                 	.ENDM
                 
                 	.MACRO __MULBNWRU
                 	LDI  R26,@2
                 	MUL  R26,R@0
                 	MOVW R30,R0
                 	MUL  R26,R@1
                 	ADD  R31,R0
                 	.ENDM
                 
                 ;NAME DEFINITIONS FOR GLOBAL VARIABLES ALLOCATED TO REGISTERS
                 	.DEF _OldStep=R5
                 	.DEF _OldDir=R4
                 	.DEF _OldSpeed=R7
                 	.DEF _EncState=R6
                 	.DEF _EncData=R9
                 	.DEF __lcd_x=R8
                 	.DEF __lcd_y=R11
                 	.DEF __lcd_maxx=R10
                 
                 	.CSEG
                 	.ORG 0x00
                 
                 ;START OF CODE MARKER
                 __START_OF_CODE:
                 
                 ;INTERRUPT VECTORS
000000 c059      	RJMP __RESET
000001 cffe      	RJMP 0x00
000002 cffd      	RJMP 0x00
000003 cffc      	RJMP 0x00
000004 cffb      	RJMP 0x00
000005 cffa      	RJMP 0x00
000006 cff9      	RJMP 0x00
000007 cff8      	RJMP 0x00
000008 c09b      	RJMP _timer1_ovf_isr
000009 c07c      	RJMP _timer0_ovf_isr
00000a cff5      	RJMP 0x00
00000b cff4      	RJMP 0x00
00000c cff3      	RJMP 0x00
00000d cff2      	RJMP 0x00
00000e cff1      	RJMP 0x00
00000f cff0      	RJMP 0x00
000010 cfef      	RJMP 0x00
000011 cfee      	RJMP 0x00
000012 cfed      	RJMP 0x00
                 
                 _Step2:
000013 7453
000014 7065
000015 313d
000016 322f      	.DB  0x53,0x74,0x65,0x70,0x3D,0x31,0x2F,0x32
D:\Projects AVR\StepperMotorKontr\Release\List\StepMotor.asm(1124): warning: .cseg .db misalignment - padding zero byte
000017 0000      	.DB  0x0
                 _Step4:
000018 7453
000019 7065
00001a 313d
00001b 342f      	.DB  0x53,0x74,0x65,0x70,0x3D,0x31,0x2F,0x34
D:\Projects AVR\StepperMotorKontr\Release\List\StepMotor.asm(1127): warning: .cseg .db misalignment - padding zero byte
00001c 0000      	.DB  0x0
                 _rDir:
00001d 4490
00001e 7269
00001f 6365
000020 6974      	.DB  0x90,0x44,0x69,0x72,0x65,0x63,0x74,0x69
000021 6e6f
000022 3e20
000023 3e3e
D:\Projects AVR\StepperMotorKontr\Release\List\StepMotor.asm(1130): warning: .cseg .db misalignment - padding zero byte
000024 0000      	.DB  0x6F,0x6E,0x20,0x3E,0x3E,0x3E,0x0
                 _lDir:
000025 4450
000026 7269
000027 6365
000028 6974      	.DB  0x50,0x44,0x69,0x72,0x65,0x63,0x74,0x69
000029 6e6f
00002a 3c20
00002b 3c3c
D:\Projects AVR\StepperMotorKontr\Release\List\StepMotor.asm(1133): warning: .cseg .db misalignment - padding zero byte
00002c 0000      	.DB  0x6F,0x6E,0x20,0x3C,0x3C,0x3C,0x0
                 _mSpd:
00002d 5380
00002e 6570
00002f 6465
000030 3d20      	.DB  0x80,0x53,0x70,0x65,0x65,0x64,0x20,0x3D
D:\Projects AVR\StepperMotorKontr\Release\List\StepMotor.asm(1136): warning: .cseg .db misalignment - padding zero byte
000031 0000      	.DB  0x0
                 _msteps16:
000032 0203
000033 1009
000034 3018
000035 2229      	.DB  0x3,0x2,0x9,0x10,0x18,0x30,0x29,0x22
000036 2623
000037 342d
000038 141c
000039 060d      	.DB  0x23,0x26,0x2D,0x34,0x1C,0x14,0xD,0x6
                 _msteps8:
00003a 0903
00003b 2918
00003c 2d23
00003d 0d1c      	.DB  0x3,0x9,0x18,0x29,0x23,0x2D,0x1C,0xD
                 _mspeed:
00003e d8f0
00003f ec78
000040 f2fb
000041 f63c      	.DB  0xF0,0xD8,0x78,0xEC,0xFB,0xF2,0x3C,0xF6
000042 f830
000043 f97d
000044 fa6b
000045 fb1e      	.DB  0x30,0xF8,0x7D,0xF9,0x6B,0xFA,0x1E,0xFB
000046 fba9
000047 fc18      	.DB  0xA9,0xFB,0x18,0xFC
                 
                 ;GLOBAL REGISTER VARIABLES INITIALIZATION
                 __REG_VARS:
D:\Projects AVR\StepperMotorKontr\Release\List\StepMotor.asm(1149): warning: .cseg .db misalignment - padding zero byte
000048 0000      	.DB  0x0
                 
                 _0x2000003:
000049 c080      	.DB  0x80,0xC0
                 _0x2020060:
D:\Projects AVR\StepperMotorKontr\Release\List\StepMotor.asm(1154): warning: .cseg .db misalignment - padding zero byte
00004a 0001      	.DB  0x1
                 _0x2020000:
00004b 4e2d
00004c 4e41
00004d 4900
00004e 464e      	.DB  0x2D,0x4E,0x41,0x4E,0x0,0x49,0x4E,0x46
D:\Projects AVR\StepperMotorKontr\Release\List\StepMotor.asm(1157): warning: .cseg .db misalignment - padding zero byte
00004f 0000      	.DB  0x0
                 
                 __GLOBAL_INI_TBL:
000050 0001      	.DW  0x01
000051 0009      	.DW  0x09
000052 0090      	.DW  __REG_VARS*2
                 
000053 0002      	.DW  0x02
000054 0162      	.DW  __base_y_G100
000055 0092      	.DW  _0x2000003*2
                 
000056 0001      	.DW  0x01
000057 0166      	.DW  __seed_G101
000058 0094      	.DW  _0x2020060*2
                 
                 _0xFFFFFFFF:
000059 0000      	.DW  0
                 
                 #define __GLOBAL_INI_TBL_PRESENT 1
                 
                 __RESET:
00005a 94f8      	CLI
00005b 27ee      	CLR  R30
00005c bbec      	OUT  EECR,R30
                 
                 ;INTERRUPT VECTORS ARE PLACED
                 ;AT THE START OF FLASH
00005d e0f1      	LDI  R31,1
00005e bffb      	OUT  GICR,R31
00005f bfeb      	OUT  GICR,R30
000060 bfe5      	OUT  MCUCR,R30
                 
                 ;CLEAR R2-R14
000061 e08d      	LDI  R24,(14-2)+1
000062 e0a2      	LDI  R26,2
000063 27bb      	CLR  R27
                 __CLEAR_REG:
000064 93ed      	ST   X+,R30
000065 958a      	DEC  R24
000066 f7e9      	BRNE __CLEAR_REG
                 
                 ;CLEAR SRAM
000067 e080      	LDI  R24,LOW(__CLEAR_SRAM_SIZE)
000068 e094      	LDI  R25,HIGH(__CLEAR_SRAM_SIZE)
000069 e6a0      	LDI  R26,__SRAM_START
                 __CLEAR_SRAM:
00006a 93ed      	ST   X+,R30
00006b 9701      	SBIW R24,1
00006c f7e9      	BRNE __CLEAR_SRAM
                 
                 ;GLOBAL VARIABLES INITIALIZATION
00006d eae0      	LDI  R30,LOW(__GLOBAL_INI_TBL*2)
00006e e0f0      	LDI  R31,HIGH(__GLOBAL_INI_TBL*2)
                 __GLOBAL_INI_NEXT:
00006f 9185      	LPM  R24,Z+
000070 9195      	LPM  R25,Z+
000071 9700      	SBIW R24,0
000072 f061      	BREQ __GLOBAL_INI_END
000073 91a5      	LPM  R26,Z+
000074 91b5      	LPM  R27,Z+
000075 9005      	LPM  R0,Z+
000076 9015      	LPM  R1,Z+
000077 01bf      	MOVW R22,R30
000078 01f0      	MOVW R30,R0
                 __GLOBAL_INI_LOOP:
000079 9005      	LPM  R0,Z+
00007a 920d      	ST   X+,R0
00007b 9701      	SBIW R24,1
00007c f7e1      	BRNE __GLOBAL_INI_LOOP
00007d 01fb      	MOVW R30,R22
00007e cff0      	RJMP __GLOBAL_INI_NEXT
                 __GLOBAL_INI_END:
                 
                 ;HARDWARE STACK POINTER INITIALIZATION
00007f e5ef      	LDI  R30,LOW(__SRAM_END-__HEAP_SIZE)
000080 bfed      	OUT  SPL,R30
000081 e0e4      	LDI  R30,HIGH(__SRAM_END-__HEAP_SIZE)
000082 bfee      	OUT  SPH,R30
                 
                 ;DATA STACK POINTER INITIALIZATION
000083 e6c0      	LDI  R28,LOW(__SRAM_START+__DSTACK_SIZE)
000084 e0d1      	LDI  R29,HIGH(__SRAM_START+__DSTACK_SIZE)
                 
000085 c0a7      	RJMP _main
                 
                 	.ESEG
                 	.ORG 0
                 
                 	.DSEG
                 	.ORG 0x160
                 
                 	.CSEG
                 ;/*******************************************************
                 ;This program was created by the
                 ;CodeWizardAVR V3.12 Advanced
                 ;Automatic Program Generator
                 ;© Copyright 1998-2014 Pavel Haiduc, HP InfoTech s.r.l.
                 ;http://www.hpinfotech.com
                 ;
                 ;Project :
                 ;Version :
                 ;Date    : 14.11.2015
                 ;Author  :
                 ;Company :
                 ;Comments:
                 ;
                 ;
                 ;Chip type               : ATmega8
                 ;Program type            : Application
                 ;AVR Core Clock frequency: 16,000000 MHz
                 ;Memory model            : Small
                 ;External RAM size       : 0
                 ;Data Stack size         : 256
                 ;*******************************************************/
                 ;
                 ;#include <mega8.h>
                 	#ifndef __SLEEP_DEFINED__
                 	#define __SLEEP_DEFINED__
                 	.EQU __se_bit=0x80
                 	.EQU __sm_mask=0x70
                 	.EQU __sm_powerdown=0x20
                 	.EQU __sm_powersave=0x30
                 	.EQU __sm_standby=0x60
                 	.EQU __sm_ext_standby=0x70
                 	.EQU __sm_adc_noise_red=0x10
                 	.SET power_ctrl_reg=mcucr
                 	#endif
                 ;
                 ;
                 ;// Alphanumeric LCD functions
                 ;#include <alcd.h>
                 ;#include <stdlib.h>
                 ;
                 ;// Declare your global variables here
                 ;char OldStep, OldDir, OldSpeed;  // переменные для хранения предыдущих значений
                 ;char Speed[];
                 ;
                 ;static char x = 0 ;            // переменные для работы с энкодером
                 ;unsigned char EncState;
                 ;unsigned char EncData = 0;
                 ;
                 ;
                 ;
                 ;flash unsigned char Step2[]={83,116,101,112,61,49,47,50,0}; /* "Step=1/2"      */
                 ;flash unsigned char Step4[]={83,116,101,112,61,49,47,52,0};   /* "Step=1/4"      */
                 ;flash unsigned char rDir[]={144,68,105,114,101,99,116,105,111,110,32,62,62,62,0};  /* "Direction >>>" */
                 ;flash unsigned char lDir[]={80,68,105,114,101,99,116,105,111,110,32,60,60,60,0};  /* "Direction <<<" */
                 ;flash unsigned char mSpd[]={128,83,112,101,101,100,32,61,0}; /* "Speed =" */
                 ;
                 ;
                 ;
                 ;
                 ;// значения для управления драйверов ШД
                 ;// в режиме 1/4 шага
                 ;const unsigned char msteps16[16] = {
                 ; 0b00000011,
                 ; 0b00000010,
                 ; 0b00001001,
                 ; 0b00010000,
                 ; 0b00011000,
                 ; 0b00110000,
                 ; 0b00101001,
                 ; 0b00100010,
                 ; 0b00100011,
                 ; 0b00100110,
                 ; 0b00101101,
                 ; 0b00110100,
                 ; 0b00011100,
                 ; 0b00010100,
                 ; 0b00001101,
                 ; 0b00000110};
                 ;
                 ;// значения для управления драйверов ШД
                 ;// в режиме 1/2 шага
                 ;const unsigned char msteps8[8] = {
                 ; 0b00000011,
                 ; 0b00001001,
                 ; 0b00011000,
                 ; 0b00101001,
                 ; 0b00100011,
                 ; 0b00101101,
                 ; 0b00011100,
                 ; 0b00001101};
                 ;
                 ;// значения начальной установки таймера TIM1
                 ;// для задания разных скоростей
                 ;const unsigned int mspeed[10] = {
                 ; 0xD8F0,  // 200 шагов в секунду
                 ; 0xEC78,  // 400
                 ; 0xF2FB,  // 600
                 ; 0xF63C,  // 800
                 ; 0xF830,  // 1000
                 ; 0xF97D,  // 1200
                 ; 0xFA6B,  // 1400
                 ; 0xFB1E,  // 1600
                 ; 0xFBA9,  // 1800
                 ; 0xFC18   // 2000
                 ;};
                 ;
                 ;// Объявления функций
                 ;void LcdOut( char, char, char);
                 ;void Step(char);
                 ;void EncoderScan(void);
                 ;
                 ;// Timer 0 overflow interrupt service routine
                 ;interrupt [TIM0_OVF] void timer0_ovf_isr(void)
                 ; 0000 0068 {
                 
                 	.CSEG
                 _timer0_ovf_isr:
                 ; .FSTART _timer0_ovf_isr
000086 d1b3      	RCALL SUBOPT_0x0
                 ; 0000 0069     // Reinitialize Timer 0 value
                 ; 0000 006A     TCNT0=0x06;
000087 e0e6      	LDI  R30,LOW(6)
000088 bfe2      	OUT  0x32,R30
                 ; 0000 006B 
                 ; 0000 006C     // Place your code here
                 ; 0000 006D     // опрос энкодера
                 ; 0000 006E     EncoderScan();
000089 d033      	RCALL _EncoderScan
                 ; 0000 006F 
                 ; 0000 0070      // проверка не изменялись ли состояния кнопок и энкодера
                 ; 0000 0071      if ((PINB.2 != OldDir) || (PINB.3 != OldStep)||(EncData != OldSpeed)) {
00008a e0a0      	LDI  R26,0
00008b 99b2      	SBIC 0x16,2
00008c e0a1      	LDI  R26,1
00008d 2de4      	MOV  R30,R4
00008e d1b9      	RCALL SUBOPT_0x1
00008f f441      	BRNE _0x4
000090 e0a0      	LDI  R26,0
000091 99b3      	SBIC 0x16,3
000092 e0a1      	LDI  R26,1
000093 2de5      	MOV  R30,R5
000094 d1b3      	RCALL SUBOPT_0x1
000095 f411      	BRNE _0x4
000096 1479      	CP   R7,R9
000097 f059      	BREQ _0x3
                 _0x4:
                 ; 0000 0072 
                 ; 0000 0073      // присвоения переменным текущих состояний кнопок и энкодера
                 ; 0000 0074      OldDir = PINB.2;
000098 d1b6      	RCALL SUBOPT_0x2
000099 2e4e      	MOV  R4,R30
                 ; 0000 0075      OldStep = PINB.3;
00009a d1b8      	RCALL SUBOPT_0x3
00009b 2e5e      	MOV  R5,R30
                 ; 0000 0076      OldSpeed = EncData;
00009c 2c79      	MOV  R7,R9
                 ; 0000 0077 
                 ; 0000 0078      // вывод на LCD состояний кнопок и энкодера
                 ; 0000 0079      LcdOut(PINB.2, PINB.3, EncData);
00009d d1b1      	RCALL SUBOPT_0x2
00009e 93ea      	ST   -Y,R30
00009f d1b3      	RCALL SUBOPT_0x3
0000a0 93ea      	ST   -Y,R30
0000a1 2da9      	MOV  R26,R9
0000a2 d050      	RCALL _LcdOut
                 ; 0000 007A 
                 ; 0000 007B      };
                 _0x3:
                 ; 0000 007C 
                 ; 0000 007D }
0000a3 c00b      	RJMP _0x26
                 ; .FEND
                 ;
                 ;// Timer1 overflow interrupt service routine
                 ;interrupt [TIM1_OVF] void timer1_ovf_isr(void)
                 ; 0000 0081 {
                 _timer1_ovf_isr:
                 ; .FSTART _timer1_ovf_isr
0000a4 d195      	RCALL SUBOPT_0x0
                 ; 0000 0082     // Reinitialize Timer1 value
                 ; 0000 0083     TCNT1H=mspeed[EncData] >> 8;
0000a5 d1b1      	RCALL SUBOPT_0x4
0000a6 d1b9      	RCALL SUBOPT_0x5
                 ; 0000 0084     TCNT1L=mspeed[EncData] & 0xff;
0000a7 91e4      	LPM  R30,Z
0000a8 bdec      	OUT  0x2C,R30
                 ; 0000 0085 
                 ; 0000 0086     // Place your code here
                 ; 0000 0087     //вывод управляющей последовательности на доайвер ШД
                 ; 0000 0088     //в режиме шага зависящего от состояния кнопки
                 ; 0000 0089     if (PINB.2) {
0000a9 9bb2      	SBIS 0x16,2
0000aa c002      	RJMP _0x6
                 ; 0000 008A                 Step(1);
0000ab e0a1      	LDI  R26,LOW(1)
0000ac c001      	RJMP _0x22
                 ; 0000 008B             }
                 ; 0000 008C             else  {
                 _0x6:
                 ; 0000 008D                 Step(-1);
0000ad efaf      	LDI  R26,LOW(255)
                 _0x22:
0000ae d067      	RCALL _Step
                 ; 0000 008E             };
                 ; 0000 008F 
                 ; 0000 0090 }
                 _0x26:
0000af 91e9      	LD   R30,Y+
0000b0 bfef      	OUT  SREG,R30
0000b1 91f9      	LD   R31,Y+
0000b2 91e9      	LD   R30,Y+
0000b3 91b9      	LD   R27,Y+
0000b4 91a9      	LD   R26,Y+
0000b5 9199      	LD   R25,Y+
0000b6 9189      	LD   R24,Y+
0000b7 9179      	LD   R23,Y+
0000b8 9169      	LD   R22,Y+
0000b9 90f9      	LD   R15,Y+
0000ba 9019      	LD   R1,Y+
0000bb 9009      	LD   R0,Y+
0000bc 9518      	RETI
                 ; .FEND
                 ;
                 ;
                 ;// Функция для работы с энкодером
                 ;// EncState глобальная переменная  -- предыдущее состояние энкодера
                 ;// EncData глобальная переменная  -- счетный регистр энкодера
                 ;void EncoderScan(void)
                 ; 0000 0097 {
                 _EncoderScan:
                 ; .FSTART _EncoderScan
                 ; 0000 0098     unsigned char New;
                 ; 0000 0099     New = PINB & 0x03;   // Берем текущее значение
0000bd 931a      	ST   -Y,R17
                 ;	New -> R17
0000be b3e6      	IN   R30,0x16
0000bf 70e3      	ANDI R30,LOW(0x3)
0000c0 2f1e      	MOV  R17,R30
                 ; 0000 009A                         // И сравниваем со старым
                 ; 0000 009B                         // Смотря в какую сторону оно поменялось -- увеличиваем
                 ; 0000 009C                         // Или уменьшаем счетный регистр
                 ; 0000 009D     switch(EncState)
0000c1 2de6      	MOV  R30,R6
0000c2 e0f0      	LDI  R31,0
                 ; 0000 009E         {
                 ; 0000 009F         case 2:
0000c3 30e2      	CPI  R30,LOW(0x2)
0000c4 e0a0      	LDI  R26,HIGH(0x2)
0000c5 07fa      	CPC  R31,R26
0000c6 f439      	BRNE _0xB
                 ; 0000 00A0                 {
                 ; 0000 00A1                 if(New == 3) EncData++;
0000c7 3013      	CPI  R17,3
0000c8 f409      	BRNE _0xC
0000c9 9493      	INC  R9
                 ; 0000 00A2                 if(New == 0) EncData--;
                 _0xC:
0000ca 3010      	CPI  R17,0
0000cb f409      	BRNE _0xD
0000cc 949a      	DEC  R9
                 ; 0000 00A3                 break;
                 _0xD:
0000cd c01e      	RJMP _0xA
                 ; 0000 00A4                 }
                 ; 0000 00A5         case 0:
                 _0xB:
0000ce 9730      	SBIW R30,0
0000cf f439      	BRNE _0xE
                 ; 0000 00A6                 {
                 ; 0000 00A7                 if(New == 2) EncData++;
0000d0 3012      	CPI  R17,2
0000d1 f409      	BRNE _0xF
0000d2 9493      	INC  R9
                 ; 0000 00A8                 if(New == 1) EncData--;
                 _0xF:
0000d3 3011      	CPI  R17,1
0000d4 f409      	BRNE _0x10
0000d5 949a      	DEC  R9
                 ; 0000 00A9                 break;
                 _0x10:
0000d6 c015      	RJMP _0xA
                 ; 0000 00AA                 }
                 ; 0000 00AB         case 1:
                 _0xE:
0000d7 30e1      	CPI  R30,LOW(0x1)
0000d8 e0a0      	LDI  R26,HIGH(0x1)
0000d9 07fa      	CPC  R31,R26
0000da f439      	BRNE _0x11
                 ; 0000 00AC                 {
                 ; 0000 00AD                 if(New == 0) EncData++;
0000db 3010      	CPI  R17,0
0000dc f409      	BRNE _0x12
0000dd 9493      	INC  R9
                 ; 0000 00AE                 if(New == 3) EncData--;
                 _0x12:
0000de 3013      	CPI  R17,3
0000df f409      	BRNE _0x13
0000e0 949a      	DEC  R9
                 ; 0000 00AF                 break;
                 _0x13:
0000e1 c00a      	RJMP _0xA
                 ; 0000 00B0                 }
                 ; 0000 00B1         case 3:
                 _0x11:
0000e2 30e3      	CPI  R30,LOW(0x3)
0000e3 e0a0      	LDI  R26,HIGH(0x3)
0000e4 07fa      	CPC  R31,R26
0000e5 f431      	BRNE _0xA
                 ; 0000 00B2                 {
                 ; 0000 00B3                 if(New == 1) EncData++;
0000e6 3011      	CPI  R17,1
0000e7 f409      	BRNE _0x15
0000e8 9493      	INC  R9
                 ; 0000 00B4                 if(New == 2) EncData--;
                 _0x15:
0000e9 3012      	CPI  R17,2
0000ea f409      	BRNE _0x16
0000eb 949a      	DEC  R9
                 ; 0000 00B5                 break;
                 _0x16:
                 ; 0000 00B6                 }
                 ; 0000 00B7         }
                 _0xA:
                 ; 0000 00B8     EncState = New; // Записываем новое значение
0000ec 2e61      	MOV  R6,R17
                 ; 0000 00B9                     // Предыдущего состояния
                 ; 0000 00BA     if (EncData > 9) {
0000ed e0e9      	LDI  R30,LOW(9)
0000ee 15e9      	CP   R30,R9
0000ef f408      	BRSH _0x17
                 ; 0000 00BB        EncData = 0;     // ограничиваем выходное значение
0000f0 2499      	CLR  R9
                 ; 0000 00BC     };
                 _0x17:
                 ; 0000 00BD 
                 ; 0000 00BE }
0000f1 9119      	LD   R17,Y+
0000f2 9508      	RET
                 ; .FEND
                 ;
                 ;
                 ;// функция для вывода значений на LCD
                 ;void LcdOut(char Dir, char NStp, char Spd)
                 ; 0000 00C3 {
                 _LcdOut:
                 ; .FSTART _LcdOut
                 ; 0000 00C4     lcd_clear();
0000f3 93aa      	ST   -Y,R26
                 ;	Dir -> Y+2
                 ;	NStp -> Y+1
                 ;	Spd -> Y+0
0000f4 d0ab      	RCALL _lcd_clear
                 ; 0000 00C5     if (NStp) {
0000f5 81e9      	LDD  R30,Y+1
0000f6 30e0      	CPI  R30,0
0000f7 f019      	BREQ _0x18
                 ; 0000 00C6             //lcd_putsf("Step=1/2");
                 ; 0000 00C7             lcd_putsf(Step2);
0000f8 e2a6      	LDI  R26,LOW(_Step2*2)
0000f9 e0b0      	LDI  R27,HIGH(_Step2*2)
0000fa c002      	RJMP _0x23
                 ; 0000 00C8          }
                 ; 0000 00C9          else  {
                 _0x18:
                 ; 0000 00CA             //lcd_putsf("Step=1/4");
                 ; 0000 00CB             lcd_putsf(Step4);
0000fb e3a0      	LDI  R26,LOW(_Step4*2)
0000fc e0b0      	LDI  R27,HIGH(_Step4*2)
                 _0x23:
0000fd d0d0      	RCALL _lcd_putsf
                 ; 0000 00CC     };
                 ; 0000 00CD     itoa(Spd+1,Speed);
0000fe 81e8      	LD   R30,Y
0000ff e0f0      	LDI  R31,0
000100 9631      	ADIW R30,1
000101 93fa      	ST   -Y,R31
000102 93ea      	ST   -Y,R30
000103 e6a0      	LDI  R26,LOW(_Speed)
000104 e0b1      	LDI  R27,HIGH(_Speed)
000105 d106      	RCALL _itoa
                 ; 0000 00CE     //lcd_putsf(" Speed=");
                 ; 0000 00CF     lcd_putsf(mSpd);
000106 e5aa      	LDI  R26,LOW(_mSpd*2)
000107 e0b0      	LDI  R27,HIGH(_mSpd*2)
000108 d0c5      	RCALL _lcd_putsf
                 ; 0000 00D0     lcd_puts(Speed);
000109 e6a0      	LDI  R26,LOW(_Speed)
00010a e0b1      	LDI  R27,HIGH(_Speed)
00010b d0b3      	RCALL _lcd_puts
                 ; 0000 00D1     if (Dir) {
00010c 81ea      	LDD  R30,Y+2
00010d 30e0      	CPI  R30,0
00010e f019      	BREQ _0x1A
                 ; 0000 00D2             //lcd_putsf(" Direction >>>");
                 ; 0000 00D3             lcd_putsf(rDir);
00010f e3aa      	LDI  R26,LOW(_rDir*2)
000110 e0b0      	LDI  R27,HIGH(_rDir*2)
000111 c002      	RJMP _0x24
                 ; 0000 00D4          }
                 ; 0000 00D5          else  {
                 _0x1A:
                 ; 0000 00D6             //lcd_putsf(" Direction <<<");
                 ; 0000 00D7             lcd_putsf(lDir);
000112 e4aa      	LDI  R26,LOW(_lDir*2)
000113 e0b0      	LDI  R27,HIGH(_lDir*2)
                 _0x24:
000114 d0b9      	RCALL _lcd_putsf
                 ; 0000 00D8     };
                 ; 0000 00D9 
                 ; 0000 00DA }
000115 c0c9      	RJMP _0x20A0003
                 ; .FEND
                 ;
                 ;// функция для вывода управляющих последовательностей
                 ;// в порт упавления драйверов ШД
                 ;void Step(char Dir)
                 ; 0000 00DF {
                 _Step:
                 ; .FSTART _Step
                 ; 0000 00E0     if (PINB.3) {
000116 93aa      	ST   -Y,R26
                 ;	Dir -> Y+0
000117 9bb3      	SBIS 0x16,3
000118 c009      	RJMP _0x1C
                 ; 0000 00E1         x = (8 + x + Dir) & 7;
000119 d14b      	RCALL SUBOPT_0x6
00011a 5fe8      	SUBI R30,-LOW(8)
00011b 81a8      	LD   R26,Y
00011c 0fae      	ADD  R26,R30
00011d e0e7      	LDI  R30,LOW(7)
00011e d149      	RCALL SUBOPT_0x7
                 ; 0000 00E2         PORTD = msteps8[x];
00011f 58ec      	SUBI R30,LOW(-_msteps8*2)
000120 4fff      	SBCI R31,HIGH(-_msteps8*2)
000121 c008      	RJMP _0x25
                 ; 0000 00E3     }
                 ; 0000 00E4     else  {
                 _0x1C:
                 ; 0000 00E5         x = (16 + x + Dir) & 15;
000122 d142      	RCALL SUBOPT_0x6
000123 5fe0      	SUBI R30,-LOW(16)
000124 81a8      	LD   R26,Y
000125 0fae      	ADD  R26,R30
000126 e0ef      	LDI  R30,LOW(15)
000127 d140      	RCALL SUBOPT_0x7
                 ; 0000 00E6         PORTD = msteps16[x];
000128 59ec      	SUBI R30,LOW(-_msteps16*2)
000129 4fff      	SBCI R31,HIGH(-_msteps16*2)
                 _0x25:
00012a 9004      	LPM  R0,Z
00012b ba02      	OUT  0x12,R0
                 ; 0000 00E7 
                 ; 0000 00E8     };
                 ; 0000 00E9 
                 ; 0000 00EA }
00012c c0dd      	RJMP _0x20A0001
                 ; .FEND
                 ;
                 ;
                 ;void main(void)
                 ; 0000 00EE {
                 _main:
                 ; .FSTART _main
                 ; 0000 00EF // Declare your local variables here
                 ; 0000 00F0 
                 ; 0000 00F1 // Input/Output Ports initialization
                 ; 0000 00F2 // Port B initialization
                 ; 0000 00F3 // Function: Bit7=In Bit6=In Bit5=In Bit4=Out Bit3=In Bit2=In Bit1=In Bit0=In
                 ; 0000 00F4 DDRB=(0<<DDB7) | (0<<DDB6) | (0<<DDB5) | (1<<DDB4) | (0<<DDB3) | (0<<DDB2) | (0<<DDB1) | (0<<DDB0);
00012d e1e0      	LDI  R30,LOW(16)
00012e bbe7      	OUT  0x17,R30
                 ; 0000 00F5 // State: Bit7=T Bit6=T Bit5=T Bit4=0 Bit3=P Bit2=P Bit1=P Bit0=P
                 ; 0000 00F6 PORTB=(0<<PORTB7) | (0<<PORTB6) | (0<<PORTB5) | (0<<PORTB4) | (1<<PORTB3) | (1<<PORTB2) | (1<<PORTB1) | (1<<PORTB0);
00012f e0ef      	LDI  R30,LOW(15)
000130 bbe8      	OUT  0x18,R30
                 ; 0000 00F7 
                 ; 0000 00F8 // Port C initialization
                 ; 0000 00F9 // Function: Bit6=In Bit5=Out Bit4=Out Bit3=Out Bit2=Out Bit1=Out Bit0=Out
                 ; 0000 00FA DDRC=(0<<DDC6) | (1<<DDC5) | (1<<DDC4) | (1<<DDC3) | (1<<DDC2) | (1<<DDC1) | (1<<DDC0);
000131 e3ef      	LDI  R30,LOW(63)
000132 bbe4      	OUT  0x14,R30
                 ; 0000 00FB // State: Bit6=T Bit5=0 Bit4=0 Bit3=0 Bit2=0 Bit1=0 Bit0=0
                 ; 0000 00FC PORTC=(0<<PORTC6) | (0<<PORTC5) | (0<<PORTC4) | (0<<PORTC3) | (0<<PORTC2) | (0<<PORTC1) | (0<<PORTC0);
000133 e0e0      	LDI  R30,LOW(0)
000134 bbe5      	OUT  0x15,R30
                 ; 0000 00FD 
                 ; 0000 00FE // Port D initialization
                 ; 0000 00FF // Function: Bit7=Out Bit6=Out Bit5=Out Bit4=Out Bit3=Out Bit2=Out Bit1=Out Bit0=Out
                 ; 0000 0100 DDRD=(1<<DDD7) | (1<<DDD6) | (1<<DDD5) | (1<<DDD4) | (1<<DDD3) | (1<<DDD2) | (1<<DDD1) | (1<<DDD0);
000135 efef      	LDI  R30,LOW(255)
000136 bbe1      	OUT  0x11,R30
                 ; 0000 0101 // State: Bit7=0 Bit6=0 Bit5=0 Bit4=0 Bit3=0 Bit2=0 Bit1=0 Bit0=0
                 ; 0000 0102 PORTD=(0<<PORTD7) | (0<<PORTD6) | (0<<PORTD5) | (0<<PORTD4) | (0<<PORTD3) | (0<<PORTD2) | (0<<PORTD1) | (0<<PORTD0);
000137 e0e0      	LDI  R30,LOW(0)
000138 bbe2      	OUT  0x12,R30
                 ; 0000 0103 
                 ; 0000 0104 // Timer/Counter 0 initialization
                 ; 0000 0105 // Clock source: System Clock
                 ; 0000 0106 // Clock value: 250,000 kHz
                 ; 0000 0107 TCCR0=(0<<CS02) | (1<<CS01) | (1<<CS00);
000139 e0e3      	LDI  R30,LOW(3)
00013a bfe3      	OUT  0x33,R30
                 ; 0000 0108 TCNT0=0x06;
00013b e0e6      	LDI  R30,LOW(6)
00013c bfe2      	OUT  0x32,R30
                 ; 0000 0109 
                 ; 0000 010A // Timer/Counter 1 initialization
                 ; 0000 010B // Clock source: System Clock
                 ; 0000 010C // Clock value: 2000,000 kHz
                 ; 0000 010D // Mode: Normal top=0xFFFF
                 ; 0000 010E // OC1A output: Disconnected
                 ; 0000 010F // OC1B output: Disconnected
                 ; 0000 0110 // Noise Canceler: Off
                 ; 0000 0111 // Input Capture on Falling Edge
                 ; 0000 0112 // Timer Period: 5 ms
                 ; 0000 0113 // Timer1 Overflow Interrupt: On
                 ; 0000 0114 // Input Capture Interrupt: Off
                 ; 0000 0115 // Compare A Match Interrupt: Off
                 ; 0000 0116 // Compare B Match Interrupt: Off
                 ; 0000 0117 TCCR1A=(0<<COM1A1) | (0<<COM1A0) | (0<<COM1B1) | (0<<COM1B0) | (0<<WGM11) | (0<<WGM10);
00013d e0e0      	LDI  R30,LOW(0)
00013e bdef      	OUT  0x2F,R30
                 ; 0000 0118 TCCR1B=(0<<ICNC1) | (0<<ICES1) | (0<<WGM13) | (0<<WGM12) | (0<<CS12) | (1<<CS11) | (0<<CS10);
00013f e0e2      	LDI  R30,LOW(2)
000140 bdee      	OUT  0x2E,R30
                 ; 0000 0119 TCNT1H=mspeed[EncData] >> 8;
000141 d115      	RCALL SUBOPT_0x4
000142 d11d      	RCALL SUBOPT_0x5
                 ; 0000 011A TCNT1L=mspeed[EncData] & 0xff;
000143 91e4      	LPM  R30,Z
000144 bdec      	OUT  0x2C,R30
                 ; 0000 011B ICR1H=0x00;
000145 e0e0      	LDI  R30,LOW(0)
000146 bde7      	OUT  0x27,R30
                 ; 0000 011C ICR1L=0x00;
000147 bde6      	OUT  0x26,R30
                 ; 0000 011D OCR1AH=0x00;
000148 bdeb      	OUT  0x2B,R30
                 ; 0000 011E OCR1AL=0x00;
000149 bdea      	OUT  0x2A,R30
                 ; 0000 011F OCR1BH=0x00;
00014a bde9      	OUT  0x29,R30
                 ; 0000 0120 OCR1BL=0x00;
00014b bde8      	OUT  0x28,R30
                 ; 0000 0121 
                 ; 0000 0122 // Timer/Counter 2 initialization
                 ; 0000 0123 // Clock source: System Clock
                 ; 0000 0124 // Clock value: Timer2 Stopped
                 ; 0000 0125 // Mode: Normal top=0xFF
                 ; 0000 0126 // OC2 output: Disconnected
                 ; 0000 0127 ASSR=0<<AS2;
00014c bde2      	OUT  0x22,R30
                 ; 0000 0128 TCCR2=(0<<PWM2) | (0<<COM21) | (0<<COM20) | (0<<CTC2) | (0<<CS22) | (0<<CS21) | (0<<CS20);
00014d bde5      	OUT  0x25,R30
                 ; 0000 0129 TCNT2=0x00;
00014e bde4      	OUT  0x24,R30
                 ; 0000 012A OCR2=0x00;
00014f bde3      	OUT  0x23,R30
                 ; 0000 012B 
                 ; 0000 012C // Timer(s)/Counter(s) Interrupt(s) initialization
                 ; 0000 012D TIMSK=(0<<OCIE2) | (0<<TOIE2) | (0<<TICIE1) | (0<<OCIE1A) | (0<<OCIE1B) | (1<<TOIE1) | (1<<TOIE0);
000150 e0e5      	LDI  R30,LOW(5)
000151 bfe9      	OUT  0x39,R30
                 ; 0000 012E 
                 ; 0000 012F // External Interrupt(s) initialization
                 ; 0000 0130 // INT0: Off
                 ; 0000 0131 // INT1: Off
                 ; 0000 0132 MCUCR=(0<<ISC11) | (0<<ISC10) | (0<<ISC01) | (0<<ISC00);
000152 e0e0      	LDI  R30,LOW(0)
000153 bfe5      	OUT  0x35,R30
                 ; 0000 0133 
                 ; 0000 0134 // USART initialization
                 ; 0000 0135 // USART disabled
                 ; 0000 0136 UCSRB=(0<<RXCIE) | (0<<TXCIE) | (0<<UDRIE) | (0<<RXEN) | (0<<TXEN) | (0<<UCSZ2) | (0<<RXB8) | (0<<TXB8);
000154 b9ea      	OUT  0xA,R30
                 ; 0000 0137 
                 ; 0000 0138 // Analog Comparator initialization
                 ; 0000 0139 // Analog Comparator: Off
                 ; 0000 013A // The Analog Comparator's positive input is
                 ; 0000 013B // connected to the AIN0 pin
                 ; 0000 013C // The Analog Comparator's negative input is
                 ; 0000 013D // connected to the AIN1 pin
                 ; 0000 013E ACSR=(1<<ACD) | (0<<ACBG) | (0<<ACO) | (0<<ACI) | (0<<ACIE) | (0<<ACIC) | (0<<ACIS1) | (0<<ACIS0);
000155 e8e0      	LDI  R30,LOW(128)
000156 b9e8      	OUT  0x8,R30
                 ; 0000 013F SFIOR=(0<<ACME);
000157 e0e0      	LDI  R30,LOW(0)
000158 bfe0      	OUT  0x30,R30
                 ; 0000 0140 
                 ; 0000 0141 // ADC initialization
                 ; 0000 0142 // ADC disabled
                 ; 0000 0143 ADCSRA=(0<<ADEN) | (0<<ADSC) | (0<<ADFR) | (0<<ADIF) | (0<<ADIE) | (0<<ADPS2) | (0<<ADPS1) | (0<<ADPS0);
000159 b9e6      	OUT  0x6,R30
                 ; 0000 0144 
                 ; 0000 0145 // SPI initialization
                 ; 0000 0146 // SPI disabled
                 ; 0000 0147 SPCR=(0<<SPIE) | (0<<SPE) | (0<<DORD) | (0<<MSTR) | (0<<CPOL) | (0<<CPHA) | (0<<SPR1) | (0<<SPR0);
00015a b9ed      	OUT  0xD,R30
                 ; 0000 0148 
                 ; 0000 0149 // TWI initialization
                 ; 0000 014A // TWI disabled
                 ; 0000 014B TWCR=(0<<TWEA) | (0<<TWSTA) | (0<<TWSTO) | (0<<TWEN) | (0<<TWIE);
00015b bfe6      	OUT  0x36,R30
                 ; 0000 014C 
                 ; 0000 014D // Alphanumeric LCD initialization
                 ; 0000 014E // Connections are specified in the
                 ; 0000 014F // Project|Configure|C Compiler|Libraries|Alphanumeric LCD menu:
                 ; 0000 0150 // RS - PORTC Bit 0
                 ; 0000 0151 // RD - PORTB Bit 4
                 ; 0000 0152 // EN - PORTC Bit 1
                 ; 0000 0153 // D4 - PORTC Bit 2
                 ; 0000 0154 // D5 - PORTC Bit 3
                 ; 0000 0155 // D6 - PORTC Bit 4
                 ; 0000 0156 // D7 - PORTC Bit 5
                 ; 0000 0157 // Characters/line: 16
                 ; 0000 0158 lcd_init(16);
00015c e1a0      	LDI  R26,LOW(16)
00015d d083      	RCALL _lcd_init
                 ; 0000 0159 
                 ; 0000 015A // Вывод на индикатор начальных состояний кнопок и скорости
                 ; 0000 015B LcdOut(PINB.2, PINB.3, EncData);
00015e d0f0      	RCALL SUBOPT_0x2
00015f 93ea      	ST   -Y,R30
000160 d0f2      	RCALL SUBOPT_0x3
000161 93ea      	ST   -Y,R30
000162 2da9      	MOV  R26,R9
000163 df8f      	RCALL _LcdOut
                 ; 0000 015C 
                 ; 0000 015D // Global enable interrupts
                 ; 0000 015E #asm("sei")
000164 9478      	sei
                 ; 0000 015F 
                 ; 0000 0160 while (1)
                 _0x1E:
                 ; 0000 0161       {
                 ; 0000 0162       // Place your code here
                 ; 0000 0163 
                 ; 0000 0164       }
000165 cfff      	RJMP _0x1E
                 ; 0000 0165 }
                 _0x21:
000166 cfff      	RJMP _0x21
                 ; .FEND
                 	#ifndef __SLEEP_DEFINED__
                 	#endif
                 
                 	.DSEG
                 
                 	.CSEG
                 __lcd_write_nibble_G100:
                 ; .FSTART __lcd_write_nibble_G100
000167 93aa      	ST   -Y,R26
000168 81e8      	LD   R30,Y
000169 71e0      	ANDI R30,LOW(0x10)
00016a f011      	BREQ _0x2000004
00016b 9aaa      	SBI  0x15,2
00016c c001      	RJMP _0x2000005
                 _0x2000004:
00016d 98aa      	CBI  0x15,2
                 _0x2000005:
00016e 81e8      	LD   R30,Y
00016f 72e0      	ANDI R30,LOW(0x20)
000170 f011      	BREQ _0x2000006
000171 9aab      	SBI  0x15,3
000172 c001      	RJMP _0x2000007
                 _0x2000006:
000173 98ab      	CBI  0x15,3
                 _0x2000007:
000174 81e8      	LD   R30,Y
000175 74e0      	ANDI R30,LOW(0x40)
000176 f011      	BREQ _0x2000008
000177 9aac      	SBI  0x15,4
000178 c001      	RJMP _0x2000009
                 _0x2000008:
000179 98ac      	CBI  0x15,4
                 _0x2000009:
00017a 81e8      	LD   R30,Y
00017b 78e0      	ANDI R30,LOW(0x80)
00017c f011      	BREQ _0x200000A
00017d 9aad      	SBI  0x15,5
00017e c001      	RJMP _0x200000B
                 _0x200000A:
00017f 98ad      	CBI  0x15,5
                 _0x200000B:
000180 d0ed      	RCALL SUBOPT_0x8
000181 9aa9      	SBI  0x15,1
000182 d0eb      	RCALL SUBOPT_0x8
000183 98a9      	CBI  0x15,1
000184 d0e9      	RCALL SUBOPT_0x8
000185 c084      	RJMP _0x20A0001
                 ; .FEND
                 __lcd_write_data:
                 ; .FSTART __lcd_write_data
000186 93aa      	ST   -Y,R26
000187 81a8      	LD   R26,Y
000188 dfde      	RCALL __lcd_write_nibble_G100
000189 81e8          ld    r30,y
00018a 95e2          swap  r30
00018b 83e8          st    y,r30
00018c 81a8      	LD   R26,Y
00018d dfd9      	RCALL __lcd_write_nibble_G100
                +
00018e ec88     +LDI R24 , LOW ( 200 )
00018f e090     +LDI R25 , HIGH ( 200 )
                +__DELAY_USW_LOOP :
000190 9701     +SBIW R24 , 1
000191 f7f1     +BRNE __DELAY_USW_LOOP
                 	__DELAY_USW 200
000192 c077      	RJMP _0x20A0001
                 ; .FEND
                 _lcd_gotoxy:
                 ; .FSTART _lcd_gotoxy
000193 93aa      	ST   -Y,R26
000194 81e8      	LD   R30,Y
000195 e0f0      	LDI  R31,0
000196 59ee      	SUBI R30,LOW(-__base_y_G100)
000197 4ffe      	SBCI R31,HIGH(-__base_y_G100)
000198 81e0      	LD   R30,Z
000199 81a9      	LDD  R26,Y+1
00019a 0fae      	ADD  R26,R30
00019b dfea      	RCALL __lcd_write_data
00019c 8089      	LDD  R8,Y+1
00019d 80b8      	LDD  R11,Y+0
00019e 9622      	ADIW R28,2
00019f 9508      	RET
                 ; .FEND
                 _lcd_clear:
                 ; .FSTART _lcd_clear
0001a0 e0a2      	LDI  R26,LOW(2)
0001a1 d0d0      	RCALL SUBOPT_0x9
0001a2 e0ac      	LDI  R26,LOW(12)
0001a3 dfe2      	RCALL __lcd_write_data
0001a4 e0a1      	LDI  R26,LOW(1)
0001a5 d0cc      	RCALL SUBOPT_0x9
0001a6 e0e0      	LDI  R30,LOW(0)
0001a7 2ebe      	MOV  R11,R30
0001a8 2e8e      	MOV  R8,R30
0001a9 9508      	RET
                 ; .FEND
                 _lcd_putchar:
                 ; .FSTART _lcd_putchar
0001aa 93aa      	ST   -Y,R26
0001ab 81a8      	LD   R26,Y
0001ac 30aa      	CPI  R26,LOW(0xA)
0001ad f011      	BREQ _0x2000011
0001ae 148a      	CP   R8,R10
0001af f048      	BRLO _0x2000010
                 _0x2000011:
0001b0 e0e0      	LDI  R30,LOW(0)
0001b1 93ea      	ST   -Y,R30
0001b2 94b3      	INC  R11
0001b3 2dab      	MOV  R26,R11
0001b4 dfde      	RCALL _lcd_gotoxy
0001b5 81a8      	LD   R26,Y
0001b6 30aa      	CPI  R26,LOW(0xA)
0001b7 f409      	BRNE _0x2000013
0001b8 c051      	RJMP _0x20A0001
                 _0x2000013:
                 _0x2000010:
0001b9 9483      	INC  R8
0001ba 9aa8      	SBI  0x15,0
0001bb 81a8      	LD   R26,Y
0001bc dfc9      	RCALL __lcd_write_data
0001bd 98a8      	CBI  0x15,0
0001be c04b      	RJMP _0x20A0001
                 ; .FEND
                 _lcd_puts:
                 ; .FSTART _lcd_puts
0001bf 93ba      	ST   -Y,R27
0001c0 93aa      	ST   -Y,R26
0001c1 931a      	ST   -Y,R17
                 _0x2000014:
0001c2 81a9      	LDD  R26,Y+1
0001c3 81ba      	LDD  R27,Y+1+1
0001c4 91ed      	LD   R30,X+
0001c5 83a9      	STD  Y+1,R26
0001c6 83ba      	STD  Y+1+1,R27
0001c7 2f1e      	MOV  R17,R30
0001c8 30e0      	CPI  R30,0
0001c9 f019      	BREQ _0x2000016
0001ca 2fa1      	MOV  R26,R17
0001cb dfde      	RCALL _lcd_putchar
0001cc cff5      	RJMP _0x2000014
                 _0x2000016:
0001cd c010      	RJMP _0x20A0002
                 ; .FEND
                 _lcd_putsf:
                 ; .FSTART _lcd_putsf
0001ce 93ba      	ST   -Y,R27
0001cf 93aa      	ST   -Y,R26
0001d0 931a      	ST   -Y,R17
                 _0x2000017:
0001d1 81e9      	LDD  R30,Y+1
0001d2 81fa      	LDD  R31,Y+1+1
0001d3 9631      	ADIW R30,1
0001d4 83e9      	STD  Y+1,R30
0001d5 83fa      	STD  Y+1+1,R31
0001d6 9731      	SBIW R30,1
0001d7 91e4      	LPM  R30,Z
0001d8 2f1e      	MOV  R17,R30
0001d9 30e0      	CPI  R30,0
0001da f019      	BREQ _0x2000019
0001db 2fa1      	MOV  R26,R17
0001dc dfcd      	RCALL _lcd_putchar
0001dd cff3      	RJMP _0x2000017
                 _0x2000019:
                 _0x20A0002:
0001de 8118      	LDD  R17,Y+0
                 _0x20A0003:
0001df 9623      	ADIW R28,3
0001e0 9508      	RET
                 ; .FEND
                 _lcd_init:
                 ; .FSTART _lcd_init
0001e1 93aa      	ST   -Y,R26
0001e2 9aa2      	SBI  0x14,2
0001e3 9aa3      	SBI  0x14,3
0001e4 9aa4      	SBI  0x14,4
0001e5 9aa5      	SBI  0x14,5
0001e6 9aa1      	SBI  0x14,1
0001e7 9aa0      	SBI  0x14,0
0001e8 9abc      	SBI  0x17,4
0001e9 98a9      	CBI  0x15,1
0001ea 98a8      	CBI  0x15,0
0001eb 98c4      	CBI  0x18,4
0001ec 80a8      	LDD  R10,Y+0
0001ed 81e8      	LD   R30,Y
0001ee 58e0      	SUBI R30,-LOW(128)
                +
0001ef 93e0 0164+STS __base_y_G100 + ( 2 ) , R30
                 	__PUTB1MN __base_y_G100,2
0001f1 81e8      	LD   R30,Y
0001f2 54e0      	SUBI R30,-LOW(192)
                +
0001f3 93e0 0165+STS __base_y_G100 + ( 3 ) , R30
                 	__PUTB1MN __base_y_G100,3
0001f5 e1a4      	LDI  R26,LOW(20)
0001f6 e0b0      	LDI  R27,0
0001f7 d085      	RCALL _delay_ms
0001f8 d07d      	RCALL SUBOPT_0xA
0001f9 d07c      	RCALL SUBOPT_0xA
0001fa d07b      	RCALL SUBOPT_0xA
0001fb e2a0      	LDI  R26,LOW(32)
0001fc df6a      	RCALL __lcd_write_nibble_G100
                +
0001fd e980     +LDI R24 , LOW ( 400 )
0001fe e091     +LDI R25 , HIGH ( 400 )
                +__DELAY_USW_LOOP :
0001ff 9701     +SBIW R24 , 1
000200 f7f1     +BRNE __DELAY_USW_LOOP
                 	__DELAY_USW 400
000201 e2a8      	LDI  R26,LOW(40)
000202 df83      	RCALL __lcd_write_data
000203 e0a4      	LDI  R26,LOW(4)
000204 df81      	RCALL __lcd_write_data
000205 e8a5      	LDI  R26,LOW(133)
000206 df7f      	RCALL __lcd_write_data
000207 e0a6      	LDI  R26,LOW(6)
000208 df7d      	RCALL __lcd_write_data
000209 df96      	RCALL _lcd_clear
                 _0x20A0001:
00020a 9621      	ADIW R28,1
00020b 9508      	RET
                 ; .FEND
                 
                 	.CSEG
                 _itoa:
                 ; .FSTART _itoa
00020c 93ba      	ST   -Y,R27
00020d 93aa      	ST   -Y,R26
00020e 91a9          ld   r26,y+
00020f 91b9          ld   r27,y+
000210 91e9          ld   r30,y+
000211 91f9          ld   r31,y+
000212 9630          adiw r30,0
000213 f42a          brpl __itoa0
000214 95e0          com  r30
000215 95f0          com  r31
000216 9631          adiw r30,1
000217 e26d          ldi  r22,'-'
000218 936d          st   x+,r22
                 __itoa0:
000219 94e8          clt
00021a e180          ldi  r24,low(10000)
00021b e297          ldi  r25,high(10000)
00021c d00d          rcall __itoa1
00021d ee88          ldi  r24,low(1000)
00021e e093          ldi  r25,high(1000)
00021f d00a          rcall __itoa1
000220 e684          ldi  r24,100
000221 2799          clr  r25
000222 d007          rcall __itoa1
000223 e08a          ldi  r24,10
000224 d005          rcall __itoa1
000225 2f6e          mov  r22,r30
000226 d010          rcall __itoa5
000227 2766          clr  r22
000228 936c          st   x,r22
000229 9508          ret
                 
                 __itoa1:
00022a 2766          clr	 r22
                 __itoa2:
00022b 17e8          cp   r30,r24
00022c 07f9          cpc  r31,r25
00022d f020          brlo __itoa3
00022e 9563          inc  r22
00022f 1be8          sub  r30,r24
000230 0bf9          sbc  r31,r25
000231 f7c9          brne __itoa2
                 __itoa3:
000232 2366          tst  r22
000233 f411          brne __itoa4
000234 f016          brts __itoa5
000235 9508          ret
                 __itoa4:
000236 9468          set
                 __itoa5:
000237 5d60          subi r22,-0x30
000238 936d          st   x+,r22
000239 9508          ret
                 ; .FEND
                 
                 	.DSEG
                 
                 	.CSEG
                 
                 	.CSEG
                 
                 	.CSEG
                 
                 	.CSEG
                 
                 	.DSEG
                 _Speed:
000160           	.BYTE 0x1
                 _x_G000:
000161           	.BYTE 0x1
                 __base_y_G100:
000162           	.BYTE 0x4
                 __seed_G101:
000166           	.BYTE 0x4
                 
                 	.CSEG
                 ;OPTIMIZER ADDED SUBROUTINE, CALLED 2 TIMES, CODE SIZE REDUCTION:10 WORDS
                 SUBOPT_0x0:
00023a 920a      	ST   -Y,R0
00023b 921a      	ST   -Y,R1
00023c 92fa      	ST   -Y,R15
00023d 936a      	ST   -Y,R22
00023e 937a      	ST   -Y,R23
00023f 938a      	ST   -Y,R24
000240 939a      	ST   -Y,R25
000241 93aa      	ST   -Y,R26
000242 93ba      	ST   -Y,R27
000243 93ea      	ST   -Y,R30
000244 93fa      	ST   -Y,R31
000245 b7ef      	IN   R30,SREG
000246 93ea      	ST   -Y,R30
000247 9508      	RET
                 
                 ;OPTIMIZER ADDED SUBROUTINE, CALLED 2 TIMES, CODE SIZE REDUCTION:3 WORDS
                 SUBOPT_0x1:
000248 e0b0      	LDI  R27,0
000249 fda7      	SBRC R26,7
00024a efbf      	SER  R27
00024b e0f0      	LDI  R31,0
00024c 17ea      	CP   R30,R26
00024d 07fb      	CPC  R31,R27
00024e 9508      	RET
                 
                 ;OPTIMIZER ADDED SUBROUTINE, CALLED 3 TIMES, CODE SIZE REDUCTION:2 WORDS
                 SUBOPT_0x2:
00024f e0e0      	LDI  R30,0
000250 99b2      	SBIC 0x16,2
000251 e0e1      	LDI  R30,1
000252 9508      	RET
                 
                 ;OPTIMIZER ADDED SUBROUTINE, CALLED 3 TIMES, CODE SIZE REDUCTION:2 WORDS
                 SUBOPT_0x3:
000253 e0e0      	LDI  R30,0
000254 99b3      	SBIC 0x16,3
000255 e0e1      	LDI  R30,1
000256 9508      	RET
                 
                 ;OPTIMIZER ADDED SUBROUTINE, CALLED 4 TIMES, CODE SIZE REDUCTION:19 WORDS
                 SUBOPT_0x4:
000257 2de9      	MOV  R30,R9
000258 e7ac      	LDI  R26,LOW(_mspeed*2)
000259 e0b0      	LDI  R27,HIGH(_mspeed*2)
00025a e0f0      	LDI  R31,0
00025b 0fee      	LSL  R30
00025c 1fff      	ROL  R31
00025d 0fea      	ADD  R30,R26
00025e 1ffb      	ADC  R31,R27
00025f 9508      	RET
                 
                 ;OPTIMIZER ADDED SUBROUTINE, CALLED 2 TIMES, CODE SIZE REDUCTION:2 WORDS
                 SUBOPT_0x5:
000260 d026      	RCALL __GETW1PF
000261 2fef      	MOV  R30,R31
000262 e0f0      	LDI  R31,0
000263 bded      	OUT  0x2D,R30
000264 cff2      	RJMP SUBOPT_0x4
                 
                 ;OPTIMIZER ADDED SUBROUTINE, CALLED 4 TIMES, CODE SIZE REDUCTION:1 WORDS
                 SUBOPT_0x6:
000265 91e0 0161 	LDS  R30,_x_G000
000267 9508      	RET
                 
                 ;OPTIMIZER ADDED SUBROUTINE, CALLED 2 TIMES, CODE SIZE REDUCTION:2 WORDS
                 SUBOPT_0x7:
000268 23ea      	AND  R30,R26
000269 93e0 0161 	STS  _x_G000,R30
00026b dff9      	RCALL SUBOPT_0x6
00026c e0f0      	LDI  R31,0
00026d 9508      	RET
                 
                 ;OPTIMIZER ADDED SUBROUTINE, CALLED 3 TIMES, CODE SIZE REDUCTION:2 WORDS
                 SUBOPT_0x8:
                +
00026e e18b     +LDI R24 , LOW ( 27 )
                +__DELAY_USB_LOOP :
00026f 958a     +DEC R24
000270 f7f1     +BRNE __DELAY_USB_LOOP
                 	__DELAY_USB 27
000271 9508      	RET
                 
                 ;OPTIMIZER ADDED SUBROUTINE, CALLED 2 TIMES, CODE SIZE REDUCTION:1 WORDS
                 SUBOPT_0x9:
000272 df13      	RCALL __lcd_write_data
000273 e0a3      	LDI  R26,LOW(3)
000274 e0b0      	LDI  R27,0
000275 c007      	RJMP _delay_ms
                 
                 ;OPTIMIZER ADDED SUBROUTINE, CALLED 3 TIMES, CODE SIZE REDUCTION:8 WORDS
                 SUBOPT_0xA:
000276 e3a0      	LDI  R26,LOW(48)
000277 deef      	RCALL __lcd_write_nibble_G100
                +
000278 e980     +LDI R24 , LOW ( 400 )
000279 e091     +LDI R25 , HIGH ( 400 )
                +__DELAY_USW_LOOP :
00027a 9701     +SBIW R24 , 1
00027b f7f1     +BRNE __DELAY_USW_LOOP
                 	__DELAY_USW 400
00027c 9508      	RET
                 
                 
                 	.CSEG
                 _delay_ms:
00027d 9610      	adiw r26,0
00027e f039      	breq __delay_ms1
                 __delay_ms0:
                +
00027f ea80     +LDI R24 , LOW ( 0xFA0 )
000280 e09f     +LDI R25 , HIGH ( 0xFA0 )
                +__DELAY_USW_LOOP :
000281 9701     +SBIW R24 , 1
000282 f7f1     +BRNE __DELAY_USW_LOOP
                 	__DELAY_USW 0xFA0
000283 95a8      	wdr
000284 9711      	sbiw r26,1
000285 f7c9      	brne __delay_ms0
                 __delay_ms1:
000286 9508      	ret
                 
                 __GETW1PF:
000287 9005      	LPM  R0,Z+
000288 91f4      	LPM  R31,Z
000289 2de0      	MOV  R30,R0
00028a 9508      	RET
                 
                 ;END OF CODE MARKER
                 __END_OF_CODE:


RESOURCE USE INFORMATION
------------------------

Notice:
The register and instruction counts are symbol table hit counts,
and hence implicitly used resources are not counted, eg, the
'lpm' instruction without operands implicitly uses r0 and z,
none of which are counted.

x,y,z are separate entities in the symbol table and are
counted separately from r26..r31 here.

.dseg memory usage only counts static data declared with .byte

ATmega8 register use summary:
r0 :  10 r1 :   3 r2 :   0 r3 :   0 r4 :   2 r5 :   2 r6 :   2 r7 :   2 
r8 :   4 r9 :  15 r10:   2 r11:   4 r12:   0 r13:   0 r14:   0 r15:   2 
r16:   0 r17:  19 r18:   0 r19:   0 r20:   0 r21:   0 r22:  14 r23:   2 
r24:  25 r25:  13 r26:  74 r27:  24 r28:   4 r29:   1 r30: 159 r31:  30 
x  :   7 y  :  84 z  :  14 
Registers used: 25 out of 35 (71.4%)

ATmega8 instruction use summary:
.lds  :   0 .lds.l:   0 .sts  :   0 .sts.l:   0 adc   :   1 add   :   4 
adiw  :   8 and   :   1 andi  :   5 asr   :   0 bclr  :   0 bld   :   0 
brbc  :   0 brbs  :   0 brcc  :   0 brcs  :   0 break :   0 breq  :  12 
brge  :   0 brhc  :   0 brhs  :   0 brid  :   0 brie  :   0 brlo  :   2 
brlt  :   0 brmi  :   0 brne  :  26 brpl  :   1 brsh  :   1 brtc  :   0 
brts  :   1 brvc  :   0 brvs  :   0 bset  :   0 bst   :   0 cbi   :   9 
cbr   :   0 clc   :   0 clh   :   0 cli   :   1 cln   :   0 clr   :   6 
cls   :   0 clt   :   1 clv   :   0 clz   :   0 com   :   2 cp    :   5 
cpc   :   5 cpi   :  17 cpse  :   0 dec   :   6 des   :   0 eor   :   0 
fmul  :   0 fmuls :   0 fmulsu:   0 icall :   0 ijmp  :   0 in    :   2 
inc   :   7 ld    :  35 ldd   :  11 ldi   : 100 lds   :   1 lpm   :  18 
lsl   :   1 lsr   :   0 mov   :  21 movw  :   3 mul   :   0 muls  :   0 
mulsu :   0 neg   :   0 nop   :   0 or    :   0 ori   :   0 out   :  40 
pop   :   0 push  :   0 rcall :  61 ret   :  19 reti  :   1 rjmp  :  48 
rol   :   1 ror   :   0 sbc   :   1 sbci  :   3 sbi   :  13 sbic  :   4 
sbis  :   2 sbiw  :  10 sbr   :   0 sbrc  :   1 sbrs  :   0 sec   :   0 
seh   :   0 sei   :   1 sen   :   0 ser   :   1 ses   :   0 set   :   1 
sev   :   0 sez   :   0 sleep :   0 spm   :   0 st    :  42 std   :   4 
sts   :   3 sub   :   1 subi  :   8 swap  :   1 tst   :   1 wdr   :   1 

Instructions used: 54 out of 114 (47.4%)

ATmega8 memory use summary [bytes]:
Segment   Begin    End      Code   Data   Used    Size   Use%
---------------------------------------------------------------
[.cseg] 0x000000 0x000516   1160    142   1302    8192  15.9%
[.dseg] 0x000060 0x00016a      0     10     10    1024   1.0%
[.eseg] 0x000000 0x000000      0      0      0     512   0.0%

Assembly complete, 0 errors, 16 warnings
