
AVRASM ver. 2.1.30  D:\Projects AVR\LED_PWM\Debug\List\LED_PWM.asm Tue Aug 28 17:55:23 2018

D:\Projects AVR\LED_PWM\Debug\List\LED_PWM.asm(1086): warning: Register r5 already defined by the .DEF directive
D:\Projects AVR\LED_PWM\Debug\List\LED_PWM.asm(1087): warning: Register r6 already defined by the .DEF directive
D:\Projects AVR\LED_PWM\Debug\List\LED_PWM.asm(1088): warning: Register r7 already defined by the .DEF directive
D:\Projects AVR\LED_PWM\Debug\List\LED_PWM.asm(1089): warning: Register r4 already defined by the .DEF directive
D:\Projects AVR\LED_PWM\Debug\List\LED_PWM.asm(1090): warning: Register r9 already defined by the .DEF directive
D:\Projects AVR\LED_PWM\Debug\List\LED_PWM.asm(1091): warning: Register r8 already defined by the .DEF directive
                 
                 
                 ;CodeVisionAVR C Compiler V3.12 Advanced
                 ;(C) Copyright 1998-2014 Pavel Haiduc, HP InfoTech s.r.l.
                 ;http://www.hpinfotech.com
                 
                 ;Build configuration    : Debug
                 ;Chip type              : ATmega8
                 ;Program type           : Application
                 ;Clock frequency        : 8,000000 MHz
                 ;Memory model           : Small
                 ;Optimize for           : Speed
                 ;(s)printf features     : int, width
                 ;(s)scanf features      : int, width
                 ;External RAM size      : 0
                 ;Data Stack size        : 256 byte(s)
                 ;Heap size              : 0 byte(s)
                 ;Promote 'char' to 'int': Yes
                 ;'char' is unsigned     : Yes
                 ;8 bit enums            : Yes
                 ;Global 'const' stored in FLASH: Yes
                 ;Enhanced function parameter passing: Yes
                 ;Enhanced core instructions: On
                 ;Automatic register allocation for global variables: On
                 ;Smart register allocation: On
                 
                 	#define _MODEL_SMALL_
                 
                 	#pragma AVRPART ADMIN PART_NAME ATmega8
                 	#pragma AVRPART MEMORY PROG_FLASH 8192
                 	#pragma AVRPART MEMORY EEPROM 512
                 	#pragma AVRPART MEMORY INT_SRAM SIZE 1024
                 	#pragma AVRPART MEMORY INT_SRAM START_ADDR 0x60
                 
                 	.LISTMAC
                 	.EQU UDRE=0x5
                 	.EQU RXC=0x7
                 	.EQU USR=0xB
                 	.EQU UDR=0xC
                 	.EQU SPSR=0xE
                 	.EQU SPDR=0xF
                 	.EQU EERE=0x0
                 	.EQU EEWE=0x1
                 	.EQU EEMWE=0x2
                 	.EQU EECR=0x1C
                 	.EQU EEDR=0x1D
                 	.EQU EEARL=0x1E
                 	.EQU EEARH=0x1F
                 	.EQU WDTCR=0x21
                 	.EQU MCUCR=0x35
                 	.EQU GICR=0x3B
                 	.EQU SPL=0x3D
                 	.EQU SPH=0x3E
                 	.EQU SREG=0x3F
                 
                 	.DEF R0X0=R0
                 	.DEF R0X1=R1
                 	.DEF R0X2=R2
                 	.DEF R0X3=R3
                 	.DEF R0X4=R4
                 	.DEF R0X5=R5
                 	.DEF R0X6=R6
                 	.DEF R0X7=R7
                 	.DEF R0X8=R8
                 	.DEF R0X9=R9
                 	.DEF R0XA=R10
                 	.DEF R0XB=R11
                 	.DEF R0XC=R12
                 	.DEF R0XD=R13
                 	.DEF R0XE=R14
                 	.DEF R0XF=R15
                 	.DEF R0X10=R16
                 	.DEF R0X11=R17
                 	.DEF R0X12=R18
                 	.DEF R0X13=R19
                 	.DEF R0X14=R20
                 	.DEF R0X15=R21
                 	.DEF R0X16=R22
                 	.DEF R0X17=R23
                 	.DEF R0X18=R24
                 	.DEF R0X19=R25
                 	.DEF R0X1A=R26
                 	.DEF R0X1B=R27
                 	.DEF R0X1C=R28
                 	.DEF R0X1D=R29
                 	.DEF R0X1E=R30
                 	.DEF R0X1F=R31
                 
                 	.EQU __SRAM_START=0x0060
                 	.EQU __SRAM_END=0x045F
                 	.EQU __DSTACK_SIZE=0x0100
                 	.EQU __HEAP_SIZE=0x0000
                 	.EQU __CLEAR_SRAM_SIZE=__SRAM_END-__SRAM_START+1
                 
                 	.MACRO __CPD1N
                 	CPI  R30,LOW(@0)
                 	LDI  R26,HIGH(@0)
                 	CPC  R31,R26
                 	LDI  R26,BYTE3(@0)
                 	CPC  R22,R26
                 	LDI  R26,BYTE4(@0)
                 	CPC  R23,R26
                 	.ENDM
                 
                 	.MACRO __CPD2N
                 	CPI  R26,LOW(@0)
                 	LDI  R30,HIGH(@0)
                 	CPC  R27,R30
                 	LDI  R30,BYTE3(@0)
                 	CPC  R24,R30
                 	LDI  R30,BYTE4(@0)
                 	CPC  R25,R30
                 	.ENDM
                 
                 	.MACRO __CPWRR
                 	CP   R@0,R@2
                 	CPC  R@1,R@3
                 	.ENDM
                 
                 	.MACRO __CPWRN
                 	CPI  R@0,LOW(@2)
                 	LDI  R30,HIGH(@2)
                 	CPC  R@1,R30
                 	.ENDM
                 
                 	.MACRO __ADDB1MN
                 	SUBI R30,LOW(-@0-(@1))
                 	.ENDM
                 
                 	.MACRO __ADDB2MN
                 	SUBI R26,LOW(-@0-(@1))
                 	.ENDM
                 
                 	.MACRO __ADDW1MN
                 	SUBI R30,LOW(-@0-(@1))
                 	SBCI R31,HIGH(-@0-(@1))
                 	.ENDM
                 
                 	.MACRO __ADDW2MN
                 	SUBI R26,LOW(-@0-(@1))
                 	SBCI R27,HIGH(-@0-(@1))
                 	.ENDM
                 
                 	.MACRO __ADDW1FN
                 	SUBI R30,LOW(-2*@0-(@1))
                 	SBCI R31,HIGH(-2*@0-(@1))
                 	.ENDM
                 
                 	.MACRO __ADDD1FN
                 	SUBI R30,LOW(-2*@0-(@1))
                 	SBCI R31,HIGH(-2*@0-(@1))
                 	SBCI R22,BYTE3(-2*@0-(@1))
                 	.ENDM
                 
                 	.MACRO __ADDD1N
                 	SUBI R30,LOW(-@0)
                 	SBCI R31,HIGH(-@0)
                 	SBCI R22,BYTE3(-@0)
                 	SBCI R23,BYTE4(-@0)
                 	.ENDM
                 
                 	.MACRO __ADDD2N
                 	SUBI R26,LOW(-@0)
                 	SBCI R27,HIGH(-@0)
                 	SBCI R24,BYTE3(-@0)
                 	SBCI R25,BYTE4(-@0)
                 	.ENDM
                 
                 	.MACRO __SUBD1N
                 	SUBI R30,LOW(@0)
                 	SBCI R31,HIGH(@0)
                 	SBCI R22,BYTE3(@0)
                 	SBCI R23,BYTE4(@0)
                 	.ENDM
                 
                 	.MACRO __SUBD2N
                 	SUBI R26,LOW(@0)
                 	SBCI R27,HIGH(@0)
                 	SBCI R24,BYTE3(@0)
                 	SBCI R25,BYTE4(@0)
                 	.ENDM
                 
                 	.MACRO __ANDBMNN
                 	LDS  R30,@0+(@1)
                 	ANDI R30,LOW(@2)
                 	STS  @0+(@1),R30
                 	.ENDM
                 
                 	.MACRO __ANDWMNN
                 	LDS  R30,@0+(@1)
                 	ANDI R30,LOW(@2)
                 	STS  @0+(@1),R30
                 	LDS  R30,@0+(@1)+1
                 	ANDI R30,HIGH(@2)
                 	STS  @0+(@1)+1,R30
                 	.ENDM
                 
                 	.MACRO __ANDD1N
                 	ANDI R30,LOW(@0)
                 	ANDI R31,HIGH(@0)
                 	ANDI R22,BYTE3(@0)
                 	ANDI R23,BYTE4(@0)
                 	.ENDM
                 
                 	.MACRO __ANDD2N
                 	ANDI R26,LOW(@0)
                 	ANDI R27,HIGH(@0)
                 	ANDI R24,BYTE3(@0)
                 	ANDI R25,BYTE4(@0)
                 	.ENDM
                 
                 	.MACRO __ORBMNN
                 	LDS  R30,@0+(@1)
                 	ORI  R30,LOW(@2)
                 	STS  @0+(@1),R30
                 	.ENDM
                 
                 	.MACRO __ORWMNN
                 	LDS  R30,@0+(@1)
                 	ORI  R30,LOW(@2)
                 	STS  @0+(@1),R30
                 	LDS  R30,@0+(@1)+1
                 	ORI  R30,HIGH(@2)
                 	STS  @0+(@1)+1,R30
                 	.ENDM
                 
                 	.MACRO __ORD1N
                 	ORI  R30,LOW(@0)
                 	ORI  R31,HIGH(@0)
                 	ORI  R22,BYTE3(@0)
                 	ORI  R23,BYTE4(@0)
                 	.ENDM
                 
                 	.MACRO __ORD2N
                 	ORI  R26,LOW(@0)
                 	ORI  R27,HIGH(@0)
                 	ORI  R24,BYTE3(@0)
                 	ORI  R25,BYTE4(@0)
                 	.ENDM
                 
                 	.MACRO __DELAY_USB
                 	LDI  R24,LOW(@0)
                 __DELAY_USB_LOOP:
                 	DEC  R24
                 	BRNE __DELAY_USB_LOOP
                 	.ENDM
                 
                 	.MACRO __DELAY_USW
                 	LDI  R24,LOW(@0)
                 	LDI  R25,HIGH(@0)
                 __DELAY_USW_LOOP:
                 	SBIW R24,1
                 	BRNE __DELAY_USW_LOOP
                 	.ENDM
                 
                 	.MACRO __GETD1S
                 	LDD  R30,Y+@0
                 	LDD  R31,Y+@0+1
                 	LDD  R22,Y+@0+2
                 	LDD  R23,Y+@0+3
                 	.ENDM
                 
                 	.MACRO __GETD2S
                 	LDD  R26,Y+@0
                 	LDD  R27,Y+@0+1
                 	LDD  R24,Y+@0+2
                 	LDD  R25,Y+@0+3
                 	.ENDM
                 
                 	.MACRO __PUTD1S
                 	STD  Y+@0,R30
                 	STD  Y+@0+1,R31
                 	STD  Y+@0+2,R22
                 	STD  Y+@0+3,R23
                 	.ENDM
                 
                 	.MACRO __PUTD2S
                 	STD  Y+@0,R26
                 	STD  Y+@0+1,R27
                 	STD  Y+@0+2,R24
                 	STD  Y+@0+3,R25
                 	.ENDM
                 
                 	.MACRO __PUTDZ2
                 	STD  Z+@0,R26
                 	STD  Z+@0+1,R27
                 	STD  Z+@0+2,R24
                 	STD  Z+@0+3,R25
                 	.ENDM
                 
                 	.MACRO __CLRD1S
                 	STD  Y+@0,R30
                 	STD  Y+@0+1,R30
                 	STD  Y+@0+2,R30
                 	STD  Y+@0+3,R30
                 	.ENDM
                 
                 	.MACRO __POINTB1MN
                 	LDI  R30,LOW(@0+(@1))
                 	.ENDM
                 
                 	.MACRO __POINTW1MN
                 	LDI  R30,LOW(@0+(@1))
                 	LDI  R31,HIGH(@0+(@1))
                 	.ENDM
                 
                 	.MACRO __POINTD1M
                 	LDI  R30,LOW(@0)
                 	LDI  R31,HIGH(@0)
                 	LDI  R22,BYTE3(@0)
                 	LDI  R23,BYTE4(@0)
                 	.ENDM
                 
                 	.MACRO __POINTW1FN
                 	LDI  R30,LOW(2*@0+(@1))
                 	LDI  R31,HIGH(2*@0+(@1))
                 	.ENDM
                 
                 	.MACRO __POINTD1FN
                 	LDI  R30,LOW(2*@0+(@1))
                 	LDI  R31,HIGH(2*@0+(@1))
                 	LDI  R22,BYTE3(2*@0+(@1))
                 	LDI  R23,BYTE4(2*@0+(@1))
                 	.ENDM
                 
                 	.MACRO __POINTB2MN
                 	LDI  R26,LOW(@0+(@1))
                 	.ENDM
                 
                 	.MACRO __POINTW2MN
                 	LDI  R26,LOW(@0+(@1))
                 	LDI  R27,HIGH(@0+(@1))
                 	.ENDM
                 
                 	.MACRO __POINTW2FN
                 	LDI  R26,LOW(2*@0+(@1))
                 	LDI  R27,HIGH(2*@0+(@1))
                 	.ENDM
                 
                 	.MACRO __POINTD2FN
                 	LDI  R26,LOW(2*@0+(@1))
                 	LDI  R27,HIGH(2*@0+(@1))
                 	LDI  R24,BYTE3(2*@0+(@1))
                 	LDI  R25,BYTE4(2*@0+(@1))
                 	.ENDM
                 
                 	.MACRO __POINTBRM
                 	LDI  R@0,LOW(@1)
                 	.ENDM
                 
                 	.MACRO __POINTWRM
                 	LDI  R@0,LOW(@2)
                 	LDI  R@1,HIGH(@2)
                 	.ENDM
                 
                 	.MACRO __POINTBRMN
                 	LDI  R@0,LOW(@1+(@2))
                 	.ENDM
                 
                 	.MACRO __POINTWRMN
                 	LDI  R@0,LOW(@2+(@3))
                 	LDI  R@1,HIGH(@2+(@3))
                 	.ENDM
                 
                 	.MACRO __POINTWRFN
                 	LDI  R@0,LOW(@2*2+(@3))
                 	LDI  R@1,HIGH(@2*2+(@3))
                 	.ENDM
                 
                 	.MACRO __GETD1N
                 	LDI  R30,LOW(@0)
                 	LDI  R31,HIGH(@0)
                 	LDI  R22,BYTE3(@0)
                 	LDI  R23,BYTE4(@0)
                 	.ENDM
                 
                 	.MACRO __GETD2N
                 	LDI  R26,LOW(@0)
                 	LDI  R27,HIGH(@0)
                 	LDI  R24,BYTE3(@0)
                 	LDI  R25,BYTE4(@0)
                 	.ENDM
                 
                 	.MACRO __GETB1MN
                 	LDS  R30,@0+(@1)
                 	.ENDM
                 
                 	.MACRO __GETB1HMN
                 	LDS  R31,@0+(@1)
                 	.ENDM
                 
                 	.MACRO __GETW1MN
                 	LDS  R30,@0+(@1)
                 	LDS  R31,@0+(@1)+1
                 	.ENDM
                 
                 	.MACRO __GETD1MN
                 	LDS  R30,@0+(@1)
                 	LDS  R31,@0+(@1)+1
                 	LDS  R22,@0+(@1)+2
                 	LDS  R23,@0+(@1)+3
                 	.ENDM
                 
                 	.MACRO __GETBRMN
                 	LDS  R@0,@1+(@2)
                 	.ENDM
                 
                 	.MACRO __GETWRMN
                 	LDS  R@0,@2+(@3)
                 	LDS  R@1,@2+(@3)+1
                 	.ENDM
                 
                 	.MACRO __GETWRZ
                 	LDD  R@0,Z+@2
                 	LDD  R@1,Z+@2+1
                 	.ENDM
                 
                 	.MACRO __GETD2Z
                 	LDD  R26,Z+@0
                 	LDD  R27,Z+@0+1
                 	LDD  R24,Z+@0+2
                 	LDD  R25,Z+@0+3
                 	.ENDM
                 
                 	.MACRO __GETB2MN
                 	LDS  R26,@0+(@1)
                 	.ENDM
                 
                 	.MACRO __GETW2MN
                 	LDS  R26,@0+(@1)
                 	LDS  R27,@0+(@1)+1
                 	.ENDM
                 
                 	.MACRO __GETD2MN
                 	LDS  R26,@0+(@1)
                 	LDS  R27,@0+(@1)+1
                 	LDS  R24,@0+(@1)+2
                 	LDS  R25,@0+(@1)+3
                 	.ENDM
                 
                 	.MACRO __PUTB1MN
                 	STS  @0+(@1),R30
                 	.ENDM
                 
                 	.MACRO __PUTW1MN
                 	STS  @0+(@1),R30
                 	STS  @0+(@1)+1,R31
                 	.ENDM
                 
                 	.MACRO __PUTD1MN
                 	STS  @0+(@1),R30
                 	STS  @0+(@1)+1,R31
                 	STS  @0+(@1)+2,R22
                 	STS  @0+(@1)+3,R23
                 	.ENDM
                 
                 	.MACRO __PUTB1EN
                 	LDI  R26,LOW(@0+(@1))
                 	LDI  R27,HIGH(@0+(@1))
                 	RCALL __EEPROMWRB
                 	.ENDM
                 
                 	.MACRO __PUTW1EN
                 	LDI  R26,LOW(@0+(@1))
                 	LDI  R27,HIGH(@0+(@1))
                 	RCALL __EEPROMWRW
                 	.ENDM
                 
                 	.MACRO __PUTD1EN
                 	LDI  R26,LOW(@0+(@1))
                 	LDI  R27,HIGH(@0+(@1))
                 	RCALL __EEPROMWRD
                 	.ENDM
                 
                 	.MACRO __PUTBR0MN
                 	STS  @0+(@1),R0
                 	.ENDM
                 
                 	.MACRO __PUTBMRN
                 	STS  @0+(@1),R@2
                 	.ENDM
                 
                 	.MACRO __PUTWMRN
                 	STS  @0+(@1),R@2
                 	STS  @0+(@1)+1,R@3
                 	.ENDM
                 
                 	.MACRO __PUTBZR
                 	STD  Z+@1,R@0
                 	.ENDM
                 
                 	.MACRO __PUTWZR
                 	STD  Z+@2,R@0
                 	STD  Z+@2+1,R@1
                 	.ENDM
                 
                 	.MACRO __GETW1R
                 	MOV  R30,R@0
                 	MOV  R31,R@1
                 	.ENDM
                 
                 	.MACRO __GETW2R
                 	MOV  R26,R@0
                 	MOV  R27,R@1
                 	.ENDM
                 
                 	.MACRO __GETWRN
                 	LDI  R@0,LOW(@2)
                 	LDI  R@1,HIGH(@2)
                 	.ENDM
                 
                 	.MACRO __PUTW1R
                 	MOV  R@0,R30
                 	MOV  R@1,R31
                 	.ENDM
                 
                 	.MACRO __PUTW2R
                 	MOV  R@0,R26
                 	MOV  R@1,R27
                 	.ENDM
                 
                 	.MACRO __ADDWRN
                 	SUBI R@0,LOW(-@2)
                 	SBCI R@1,HIGH(-@2)
                 	.ENDM
                 
                 	.MACRO __ADDWRR
                 	ADD  R@0,R@2
                 	ADC  R@1,R@3
                 	.ENDM
                 
                 	.MACRO __SUBWRN
                 	SUBI R@0,LOW(@2)
                 	SBCI R@1,HIGH(@2)
                 	.ENDM
                 
                 	.MACRO __SUBWRR
                 	SUB  R@0,R@2
                 	SBC  R@1,R@3
                 	.ENDM
                 
                 	.MACRO __ANDWRN
                 	ANDI R@0,LOW(@2)
                 	ANDI R@1,HIGH(@2)
                 	.ENDM
                 
                 	.MACRO __ANDWRR
                 	AND  R@0,R@2
                 	AND  R@1,R@3
                 	.ENDM
                 
                 	.MACRO __ORWRN
                 	ORI  R@0,LOW(@2)
                 	ORI  R@1,HIGH(@2)
                 	.ENDM
                 
                 	.MACRO __ORWRR
                 	OR   R@0,R@2
                 	OR   R@1,R@3
                 	.ENDM
                 
                 	.MACRO __EORWRR
                 	EOR  R@0,R@2
                 	EOR  R@1,R@3
                 	.ENDM
                 
                 	.MACRO __GETWRS
                 	LDD  R@0,Y+@2
                 	LDD  R@1,Y+@2+1
                 	.ENDM
                 
                 	.MACRO __PUTBSR
                 	STD  Y+@1,R@0
                 	.ENDM
                 
                 	.MACRO __PUTWSR
                 	STD  Y+@2,R@0
                 	STD  Y+@2+1,R@1
                 	.ENDM
                 
                 	.MACRO __MOVEWRR
                 	MOV  R@0,R@2
                 	MOV  R@1,R@3
                 	.ENDM
                 
                 	.MACRO __INWR
                 	IN   R@0,@2
                 	IN   R@1,@2+1
                 	.ENDM
                 
                 	.MACRO __OUTWR
                 	OUT  @2+1,R@1
                 	OUT  @2,R@0
                 	.ENDM
                 
                 	.MACRO __CALL1MN
                 	LDS  R30,@0+(@1)
                 	LDS  R31,@0+(@1)+1
                 	ICALL
                 	.ENDM
                 
                 	.MACRO __CALL1FN
                 	LDI  R30,LOW(2*@0+(@1))
                 	LDI  R31,HIGH(2*@0+(@1))
                 	RCALL __GETW1PF
                 	ICALL
                 	.ENDM
                 
                 	.MACRO __CALL2EN
                 	PUSH R26
                 	PUSH R27
                 	LDI  R26,LOW(@0+(@1))
                 	LDI  R27,HIGH(@0+(@1))
                 	RCALL __EEPROMRDW
                 	POP  R27
                 	POP  R26
                 	ICALL
                 	.ENDM
                 
                 	.MACRO __CALL2EX
                 	SUBI R26,LOW(-@0)
                 	SBCI R27,HIGH(-@0)
                 	RCALL __EEPROMRDD
                 	ICALL
                 	.ENDM
                 
                 	.MACRO __GETW1STACK
                 	IN   R30,SPL
                 	IN   R31,SPH
                 	ADIW R30,@0+1
                 	LD   R0,Z+
                 	LD   R31,Z
                 	MOV  R30,R0
                 	.ENDM
                 
                 	.MACRO __GETD1STACK
                 	IN   R30,SPL
                 	IN   R31,SPH
                 	ADIW R30,@0+1
                 	LD   R0,Z+
                 	LD   R1,Z+
                 	LD   R22,Z
                 	MOVW R30,R0
                 	.ENDM
                 
                 	.MACRO __NBST
                 	BST  R@0,@1
                 	IN   R30,SREG
                 	LDI  R31,0x40
                 	EOR  R30,R31
                 	OUT  SREG,R30
                 	.ENDM
                 
                 
                 	.MACRO __PUTB1SN
                 	LDD  R26,Y+@0
                 	LDD  R27,Y+@0+1
                 	SUBI R26,LOW(-@1)
                 	SBCI R27,HIGH(-@1)
                 	ST   X,R30
                 	.ENDM
                 
                 	.MACRO __PUTW1SN
                 	LDD  R26,Y+@0
                 	LDD  R27,Y+@0+1
                 	SUBI R26,LOW(-@1)
                 	SBCI R27,HIGH(-@1)
                 	ST   X+,R30
                 	ST   X,R31
                 	.ENDM
                 
                 	.MACRO __PUTD1SN
                 	LDD  R26,Y+@0
                 	LDD  R27,Y+@0+1
                 	SUBI R26,LOW(-@1)
                 	SBCI R27,HIGH(-@1)
                 	RCALL __PUTDP1
                 	.ENDM
                 
                 	.MACRO __PUTB1SNS
                 	LDD  R26,Y+@0
                 	LDD  R27,Y+@0+1
                 	ADIW R26,@1
                 	ST   X,R30
                 	.ENDM
                 
                 	.MACRO __PUTW1SNS
                 	LDD  R26,Y+@0
                 	LDD  R27,Y+@0+1
                 	ADIW R26,@1
                 	ST   X+,R30
                 	ST   X,R31
                 	.ENDM
                 
                 	.MACRO __PUTD1SNS
                 	LDD  R26,Y+@0
                 	LDD  R27,Y+@0+1
                 	ADIW R26,@1
                 	RCALL __PUTDP1
                 	.ENDM
                 
                 	.MACRO __PUTB1PMN
                 	LDS  R26,@0
                 	LDS  R27,@0+1
                 	SUBI R26,LOW(-@1)
                 	SBCI R27,HIGH(-@1)
                 	ST   X,R30
                 	.ENDM
                 
                 	.MACRO __PUTW1PMN
                 	LDS  R26,@0
                 	LDS  R27,@0+1
                 	SUBI R26,LOW(-@1)
                 	SBCI R27,HIGH(-@1)
                 	ST   X+,R30
                 	ST   X,R31
                 	.ENDM
                 
                 	.MACRO __PUTD1PMN
                 	LDS  R26,@0
                 	LDS  R27,@0+1
                 	SUBI R26,LOW(-@1)
                 	SBCI R27,HIGH(-@1)
                 	RCALL __PUTDP1
                 	.ENDM
                 
                 	.MACRO __PUTB1PMNS
                 	LDS  R26,@0
                 	LDS  R27,@0+1
                 	ADIW R26,@1
                 	ST   X,R30
                 	.ENDM
                 
                 	.MACRO __PUTW1PMNS
                 	LDS  R26,@0
                 	LDS  R27,@0+1
                 	ADIW R26,@1
                 	ST   X+,R30
                 	ST   X,R31
                 	.ENDM
                 
                 	.MACRO __PUTD1PMNS
                 	LDS  R26,@0
                 	LDS  R27,@0+1
                 	ADIW R26,@1
                 	RCALL __PUTDP1
                 	.ENDM
                 
                 	.MACRO __PUTB1RN
                 	MOVW R26,R@0
                 	SUBI R26,LOW(-@1)
                 	SBCI R27,HIGH(-@1)
                 	ST   X,R30
                 	.ENDM
                 
                 	.MACRO __PUTW1RN
                 	MOVW R26,R@0
                 	SUBI R26,LOW(-@1)
                 	SBCI R27,HIGH(-@1)
                 	ST   X+,R30
                 	ST   X,R31
                 	.ENDM
                 
                 	.MACRO __PUTD1RN
                 	MOVW R26,R@0
                 	SUBI R26,LOW(-@1)
                 	SBCI R27,HIGH(-@1)
                 	RCALL __PUTDP1
                 	.ENDM
                 
                 	.MACRO __PUTB1RNS
                 	MOVW R26,R@0
                 	ADIW R26,@1
                 	ST   X,R30
                 	.ENDM
                 
                 	.MACRO __PUTW1RNS
                 	MOVW R26,R@0
                 	ADIW R26,@1
                 	ST   X+,R30
                 	ST   X,R31
                 	.ENDM
                 
                 	.MACRO __PUTD1RNS
                 	MOVW R26,R@0
                 	ADIW R26,@1
                 	RCALL __PUTDP1
                 	.ENDM
                 
                 	.MACRO __PUTB1RON
                 	MOV  R26,R@0
                 	MOV  R27,R@1
                 	SUBI R26,LOW(-@2)
                 	SBCI R27,HIGH(-@2)
                 	ST   X,R30
                 	.ENDM
                 
                 	.MACRO __PUTW1RON
                 	MOV  R26,R@0
                 	MOV  R27,R@1
                 	SUBI R26,LOW(-@2)
                 	SBCI R27,HIGH(-@2)
                 	ST   X+,R30
                 	ST   X,R31
                 	.ENDM
                 
                 	.MACRO __PUTD1RON
                 	MOV  R26,R@0
                 	MOV  R27,R@1
                 	SUBI R26,LOW(-@2)
                 	SBCI R27,HIGH(-@2)
                 	RCALL __PUTDP1
                 	.ENDM
                 
                 	.MACRO __PUTB1RONS
                 	MOV  R26,R@0
                 	MOV  R27,R@1
                 	ADIW R26,@2
                 	ST   X,R30
                 	.ENDM
                 
                 	.MACRO __PUTW1RONS
                 	MOV  R26,R@0
                 	MOV  R27,R@1
                 	ADIW R26,@2
                 	ST   X+,R30
                 	ST   X,R31
                 	.ENDM
                 
                 	.MACRO __PUTD1RONS
                 	MOV  R26,R@0
                 	MOV  R27,R@1
                 	ADIW R26,@2
                 	RCALL __PUTDP1
                 	.ENDM
                 
                 
                 	.MACRO __GETB1SX
                 	MOVW R30,R28
                 	SUBI R30,LOW(-@0)
                 	SBCI R31,HIGH(-@0)
                 	LD   R30,Z
                 	.ENDM
                 
                 	.MACRO __GETB1HSX
                 	MOVW R30,R28
                 	SUBI R30,LOW(-@0)
                 	SBCI R31,HIGH(-@0)
                 	LD   R31,Z
                 	.ENDM
                 
                 	.MACRO __GETW1SX
                 	MOVW R30,R28
                 	SUBI R30,LOW(-@0)
                 	SBCI R31,HIGH(-@0)
                 	LD   R0,Z+
                 	LD   R31,Z
                 	MOV  R30,R0
                 	.ENDM
                 
                 	.MACRO __GETD1SX
                 	MOVW R30,R28
                 	SUBI R30,LOW(-@0)
                 	SBCI R31,HIGH(-@0)
                 	LD   R0,Z+
                 	LD   R1,Z+
                 	LD   R22,Z+
                 	LD   R23,Z
                 	MOVW R30,R0
                 	.ENDM
                 
                 	.MACRO __GETB2SX
                 	MOVW R26,R28
                 	SUBI R26,LOW(-@0)
                 	SBCI R27,HIGH(-@0)
                 	LD   R26,X
                 	.ENDM
                 
                 	.MACRO __GETW2SX
                 	MOVW R26,R28
                 	SUBI R26,LOW(-@0)
                 	SBCI R27,HIGH(-@0)
                 	LD   R0,X+
                 	LD   R27,X
                 	MOV  R26,R0
                 	.ENDM
                 
                 	.MACRO __GETD2SX
                 	MOVW R26,R28
                 	SUBI R26,LOW(-@0)
                 	SBCI R27,HIGH(-@0)
                 	LD   R0,X+
                 	LD   R1,X+
                 	LD   R24,X+
                 	LD   R25,X
                 	MOVW R26,R0
                 	.ENDM
                 
                 	.MACRO __GETBRSX
                 	MOVW R30,R28
                 	SUBI R30,LOW(-@1)
                 	SBCI R31,HIGH(-@1)
                 	LD   R@0,Z
                 	.ENDM
                 
                 	.MACRO __GETWRSX
                 	MOVW R30,R28
                 	SUBI R30,LOW(-@2)
                 	SBCI R31,HIGH(-@2)
                 	LD   R@0,Z+
                 	LD   R@1,Z
                 	.ENDM
                 
                 	.MACRO __GETBRSX2
                 	MOVW R26,R28
                 	SUBI R26,LOW(-@1)
                 	SBCI R27,HIGH(-@1)
                 	LD   R@0,X
                 	.ENDM
                 
                 	.MACRO __GETWRSX2
                 	MOVW R26,R28
                 	SUBI R26,LOW(-@2)
                 	SBCI R27,HIGH(-@2)
                 	LD   R@0,X+
                 	LD   R@1,X
                 	.ENDM
                 
                 	.MACRO __LSLW8SX
                 	MOVW R30,R28
                 	SUBI R30,LOW(-@0)
                 	SBCI R31,HIGH(-@0)
                 	LD   R31,Z
                 	CLR  R30
                 	.ENDM
                 
                 	.MACRO __PUTB1SX
                 	MOVW R26,R28
                 	SUBI R26,LOW(-@0)
                 	SBCI R27,HIGH(-@0)
                 	ST   X,R30
                 	.ENDM
                 
                 	.MACRO __PUTW1SX
                 	MOVW R26,R28
                 	SUBI R26,LOW(-@0)
                 	SBCI R27,HIGH(-@0)
                 	ST   X+,R30
                 	ST   X,R31
                 	.ENDM
                 
                 	.MACRO __PUTD1SX
                 	MOVW R26,R28
                 	SUBI R26,LOW(-@0)
                 	SBCI R27,HIGH(-@0)
                 	ST   X+,R30
                 	ST   X+,R31
                 	ST   X+,R22
                 	ST   X,R23
                 	.ENDM
                 
                 	.MACRO __CLRW1SX
                 	MOVW R26,R28
                 	SUBI R26,LOW(-@0)
                 	SBCI R27,HIGH(-@0)
                 	ST   X+,R30
                 	ST   X,R30
                 	.ENDM
                 
                 	.MACRO __CLRD1SX
                 	MOVW R26,R28
                 	SUBI R26,LOW(-@0)
                 	SBCI R27,HIGH(-@0)
                 	ST   X+,R30
                 	ST   X+,R30
                 	ST   X+,R30
                 	ST   X,R30
                 	.ENDM
                 
                 	.MACRO __PUTB2SX
                 	MOVW R30,R28
                 	SUBI R30,LOW(-@0)
                 	SBCI R31,HIGH(-@0)
                 	ST   Z,R26
                 	.ENDM
                 
                 	.MACRO __PUTW2SX
                 	MOVW R30,R28
                 	SUBI R30,LOW(-@0)
                 	SBCI R31,HIGH(-@0)
                 	ST   Z+,R26
                 	ST   Z,R27
                 	.ENDM
                 
                 	.MACRO __PUTD2SX
                 	MOVW R30,R28
                 	SUBI R30,LOW(-@0)
                 	SBCI R31,HIGH(-@0)
                 	ST   Z+,R26
                 	ST   Z+,R27
                 	ST   Z+,R24
                 	ST   Z,R25
                 	.ENDM
                 
                 	.MACRO __PUTBSRX
                 	MOVW R30,R28
                 	SUBI R30,LOW(-@1)
                 	SBCI R31,HIGH(-@1)
                 	ST   Z,R@0
                 	.ENDM
                 
                 	.MACRO __PUTWSRX
                 	MOVW R30,R28
                 	SUBI R30,LOW(-@2)
                 	SBCI R31,HIGH(-@2)
                 	ST   Z+,R@0
                 	ST   Z,R@1
                 	.ENDM
                 
                 	.MACRO __PUTB1SNX
                 	MOVW R26,R28
                 	SUBI R26,LOW(-@0)
                 	SBCI R27,HIGH(-@0)
                 	LD   R0,X+
                 	LD   R27,X
                 	MOV  R26,R0
                 	SUBI R26,LOW(-@1)
                 	SBCI R27,HIGH(-@1)
                 	ST   X,R30
                 	.ENDM
                 
                 	.MACRO __PUTW1SNX
                 	MOVW R26,R28
                 	SUBI R26,LOW(-@0)
                 	SBCI R27,HIGH(-@0)
                 	LD   R0,X+
                 	LD   R27,X
                 	MOV  R26,R0
                 	SUBI R26,LOW(-@1)
                 	SBCI R27,HIGH(-@1)
                 	ST   X+,R30
                 	ST   X,R31
                 	.ENDM
                 
                 	.MACRO __PUTD1SNX
                 	MOVW R26,R28
                 	SUBI R26,LOW(-@0)
                 	SBCI R27,HIGH(-@0)
                 	LD   R0,X+
                 	LD   R27,X
                 	MOV  R26,R0
                 	SUBI R26,LOW(-@1)
                 	SBCI R27,HIGH(-@1)
                 	ST   X+,R30
                 	ST   X+,R31
                 	ST   X+,R22
                 	ST   X,R23
                 	.ENDM
                 
                 	.MACRO __MULBRR
                 	MULS R@0,R@1
                 	MOVW R30,R0
                 	.ENDM
                 
                 	.MACRO __MULBRRU
                 	MUL  R@0,R@1
                 	MOVW R30,R0
                 	.ENDM
                 
                 	.MACRO __MULBRR0
                 	MULS R@0,R@1
                 	.ENDM
                 
                 	.MACRO __MULBRRU0
                 	MUL  R@0,R@1
                 	.ENDM
                 
                 	.MACRO __MULBNWRU
                 	LDI  R26,@2
                 	MUL  R26,R@0
                 	MOVW R30,R0
                 	MUL  R26,R@1
                 	ADD  R31,R0
                 	.ENDM
                 
                 ;NAME DEFINITIONS FOR GLOBAL VARIABLES ALLOCATED TO REGISTERS
                 	.DEF _counter=R5
                 	.DEF _PWM_step=R6
                 	.DEF _PWM_step_msb=R7
                 	.DEF _R=R4
                 	.DEF _G=R9
                 	.DEF _B=R8
                 
                 	.CSEG
                 	.ORG 0x00
                 
                 ;START OF CODE MARKER
                 __START_OF_CODE:
                 
                 ;INTERRUPT VECTORS
000000 c04c      	RJMP __RESET
000001 cffe      	RJMP 0x00
000002 cffd      	RJMP 0x00
000003 cffc      	RJMP 0x00
000004 cffb      	RJMP 0x00
000005 cffa      	RJMP 0x00
000006 cff9      	RJMP 0x00
000007 cff8      	RJMP 0x00
000008 cff7      	RJMP 0x00
000009 c06f      	RJMP _timer0_ovf_isr
00000a cff5      	RJMP 0x00
00000b cff4      	RJMP 0x00
00000c cff3      	RJMP 0x00
00000d cff2      	RJMP 0x00
00000e cff1      	RJMP 0x00
00000f cff0      	RJMP 0x00
000010 cfef      	RJMP 0x00
000011 cfee      	RJMP 0x00
000012 cfed      	RJMP 0x00
                 
                 ;GLOBAL REGISTER VARIABLES INITIALIZATION
                 __REG_VARS:
000013 0000
000014 0000      	.DB  0x0,0x0,0x0,0x0
000015 2040      	.DB  0x40,0x20
                 
                 _0x3:
000016 0201
000017 0403
000018 0605
000019 0807      	.DB  0x1,0x2,0x3,0x4,0x5,0x6,0x7,0x8
00001a 0a09
00001b 0e0c
00001c 1210
00001d 1614      	.DB  0x9,0xA,0xC,0xE,0x10,0x12,0x14,0x16
00001e 1a18
00001f 1e1c
000020 2220
000021 2624      	.DB  0x18,0x1A,0x1C,0x1E,0x20,0x22,0x24,0x26
000022 2a28
000023 2e2c
000024 3230
000025 3634      	.DB  0x28,0x2A,0x2C,0x2E,0x30,0x32,0x34,0x36
000026 3a38
000027 3f3c
000028 4542
000029 4b48      	.DB  0x38,0x3A,0x3C,0x3F,0x42,0x45,0x48,0x4B
00002a 514e
00002b 5754
00002c 5d5a
00002d 6360      	.DB  0x4E,0x51,0x54,0x57,0x5A,0x5D,0x60,0x63
00002e 5d60
00002f 575a
000030 5154
000031 4b4e      	.DB  0x60,0x5D,0x5A,0x57,0x54,0x51,0x4E,0x4B
000032 4548
000033 3f42
000034 3a3c
000035 3638      	.DB  0x48,0x45,0x42,0x3F,0x3C,0x3A,0x38,0x36
000036 3234
000037 2e30
000038 2a2c
000039 2628      	.DB  0x34,0x32,0x30,0x2E,0x2C,0x2A,0x28,0x26
00003a 2224
00003b 1e20
00003c 1a1c
00003d 1618      	.DB  0x24,0x22,0x20,0x1E,0x1C,0x1A,0x18,0x16
00003e 1214
00003f 0e10
000040 0a0c
000041 0809      	.DB  0x14,0x12,0x10,0xE,0xC,0xA,0x9,0x8
000042 0607
000043 0405
000044 0203
D:\Projects AVR\LED_PWM\Debug\List\LED_PWM.asm(1137): warning: .cseg .db misalignment - padding zero byte
000045 0001      	.DB  0x7,0x6,0x5,0x4,0x3,0x2,0x1
                 
                 __GLOBAL_INI_TBL:
000046 0006      	.DW  0x06
000047 0004      	.DW  0x04
000048 0026      	.DW  __REG_VARS*2
                 
000049 005f      	.DW  0x5F
00004a 0160      	.DW  _PWM96
00004b 002c      	.DW  _0x3*2
                 
                 _0xFFFFFFFF:
00004c 0000      	.DW  0
                 
                 #define __GLOBAL_INI_TBL_PRESENT 1
                 
                 __RESET:
00004d 94f8      	CLI
00004e 27ee      	CLR  R30
00004f bbec      	OUT  EECR,R30
                 
                 ;INTERRUPT VECTORS ARE PLACED
                 ;AT THE START OF FLASH
000050 e0f1      	LDI  R31,1
000051 bffb      	OUT  GICR,R31
000052 bfeb      	OUT  GICR,R30
000053 bfe5      	OUT  MCUCR,R30
                 
                 ;CLEAR R2-R14
000054 e08d      	LDI  R24,(14-2)+1
000055 e0a2      	LDI  R26,2
000056 27bb      	CLR  R27
                 __CLEAR_REG:
000057 93ed      	ST   X+,R30
000058 958a      	DEC  R24
000059 f7e9      	BRNE __CLEAR_REG
                 
                 ;CLEAR SRAM
00005a e080      	LDI  R24,LOW(__CLEAR_SRAM_SIZE)
00005b e094      	LDI  R25,HIGH(__CLEAR_SRAM_SIZE)
00005c e6a0      	LDI  R26,__SRAM_START
                 __CLEAR_SRAM:
00005d 93ed      	ST   X+,R30
00005e 9701      	SBIW R24,1
00005f f7e9      	BRNE __CLEAR_SRAM
                 
                 ;GLOBAL VARIABLES INITIALIZATION
000060 e8ec      	LDI  R30,LOW(__GLOBAL_INI_TBL*2)
000061 e0f0      	LDI  R31,HIGH(__GLOBAL_INI_TBL*2)
                 __GLOBAL_INI_NEXT:
000062 9185      	LPM  R24,Z+
000063 9195      	LPM  R25,Z+
000064 9700      	SBIW R24,0
000065 f061      	BREQ __GLOBAL_INI_END
000066 91a5      	LPM  R26,Z+
000067 91b5      	LPM  R27,Z+
000068 9005      	LPM  R0,Z+
000069 9015      	LPM  R1,Z+
00006a 01bf      	MOVW R22,R30
00006b 01f0      	MOVW R30,R0
                 __GLOBAL_INI_LOOP:
00006c 9005      	LPM  R0,Z+
00006d 920d      	ST   X+,R0
00006e 9701      	SBIW R24,1
00006f f7e1      	BRNE __GLOBAL_INI_LOOP
000070 01fb      	MOVW R30,R22
000071 cff0      	RJMP __GLOBAL_INI_NEXT
                 __GLOBAL_INI_END:
                 
                 ;HARDWARE STACK POINTER INITIALIZATION
000072 e5ef      	LDI  R30,LOW(__SRAM_END-__HEAP_SIZE)
000073 bfed      	OUT  SPL,R30
000074 e0e4      	LDI  R30,HIGH(__SRAM_END-__HEAP_SIZE)
000075 bfee      	OUT  SPH,R30
                 
                 ;DATA STACK POINTER INITIALIZATION
000076 e6c0      	LDI  R28,LOW(__SRAM_START+__DSTACK_SIZE)
000077 e0d1      	LDI  R29,HIGH(__SRAM_START+__DSTACK_SIZE)
                 
000078 c02a      	RJMP _main
                 
                 	.ESEG
                 	.ORG 0
                 
                 	.DSEG
                 	.ORG 0x160
                 
                 	.CSEG
                 ;/*******************************************************
                 ;This program was created by the
                 ;CodeWizardAVR V3.12 Advanced
                 ;Automatic Program Generator
                 ;© Copyright 1998-2014 Pavel Haiduc, HP InfoTech s.r.l.
                 ;http://www.hpinfotech.com
                 ;
                 ;Project :
                 ;Version :
                 ;Date    : 05.07.2018
                 ;Author  :
                 ;Company :
                 ;Comments:
                 ;
                 ;
                 ;Chip type               : ATmega8A
                 ;Program type            : Application
                 ;AVR Core Clock frequency: 8,000000 MHz
                 ;Memory model            : Small
                 ;External RAM size       : 0
                 ;Data Stack size         : 256
                 ;*******************************************************/
                 ;
                 ;#include <mega8.h>
                 	#ifndef __SLEEP_DEFINED__
                 	#define __SLEEP_DEFINED__
                 	.EQU __se_bit=0x80
                 	.EQU __sm_mask=0x70
                 	.EQU __sm_powerdown=0x20
                 	.EQU __sm_powersave=0x30
                 	.EQU __sm_standby=0x60
                 	.EQU __sm_ext_standby=0x70
                 	.EQU __sm_adc_noise_red=0x10
                 	.SET power_ctrl_reg=mcucr
                 	#endif
                 ;
                 ;// Declare your global variables here
                 ;
                 ;unsigned char counter = 0;
                 ;unsigned int PWM_step = 0;
                 ;unsigned char R = 0;
                 ;unsigned char G = 32;
                 ;unsigned char B = 64;
                 ;unsigned char PWM96[96] ={1,2,3,4,5,6,7,8,9,10,12,14,16,18,20,22,24,26,28,30,32,34,36,38,40,42,44,46,48,50,52,54,56,58,6 ...
                 ;                          63,66,69,72,75,78,81,84,87,90,93,96,99,96,93,90,87,84,81,78,75,72,69,66,63,60,58,56,54,52,50,4 ...
                 ;                          46,44,42,40,38,36,34,32,30,28,26,24,22,20,18,16,14,12,10,9,8,7,6,5,4,3,2,1,0};
                 
                 	.DSEG
                 ;
                 ;
                 ;
                 ;// Timer 0 overflow interrupt service routine
                 ;interrupt [TIM0_OVF] void timer0_ovf_isr(void)
                 ; 0000 0029 {
                 
                 	.CSEG
                 _timer0_ovf_isr:
                 ; .FSTART _timer0_ovf_isr
000079 93ea      	ST   -Y,R30
00007a 93fa      	ST   -Y,R31
00007b b7ef      	IN   R30,SREG
00007c 93ea      	ST   -Y,R30
                 ; 0000 002A 	TCNT0=0xB0;
00007d ebe0      	LDI  R30,LOW(176)
00007e bfe2      	OUT  0x32,R30
                 ; 0000 002B // Place your code here
                 ; 0000 002C     if (counter == 99) {
00007f e6e3      	LDI  R30,LOW(99)
000080 15e5      	CP   R30,R5
000081 f4d9      	BRNE _0x4
                 ; 0000 002D         counter = 0;
000082 2455      	CLR  R5
                 ; 0000 002E         PWM_step++;
000083 01f3      	MOVW R30,R6
000084 9631      	ADIW R30,1
000085 013f      	MOVW R6,R30
                 ; 0000 002F         if (PWM_step == 30) {
000086 e1ee      	LDI  R30,LOW(30)
000087 e0f0      	LDI  R31,HIGH(30)
000088 15e6      	CP   R30,R6
000089 05f7      	CPC  R31,R7
00008a f489      	BRNE _0x5
                 ; 0000 0030            PWM_step = 0;
00008b 2466      	CLR  R6
00008c 2477      	CLR  R7
                 ; 0000 0031            R++;
00008d 9443      	INC  R4
                 ; 0000 0032            G++;
00008e 9493      	INC  R9
                 ; 0000 0033            B++;
00008f 9483      	INC  R8
                 ; 0000 0034            if (R == 95) {
000090 e5ef      	LDI  R30,LOW(95)
000091 15e4      	CP   R30,R4
000092 f409      	BRNE _0x6
                 ; 0000 0035              R = 0;
000093 2444      	CLR  R4
                 ; 0000 0036              }
                 ; 0000 0037            if (G == 95) {
                 _0x6:
000094 e5ef      	LDI  R30,LOW(95)
000095 15e9      	CP   R30,R9
000096 f409      	BRNE _0x7
                 ; 0000 0038              G = 0;
000097 2499      	CLR  R9
                 ; 0000 0039              }
                 ; 0000 003A            if (B == 95) {
                 _0x7:
000098 e5ef      	LDI  R30,LOW(95)
000099 15e8      	CP   R30,R8
00009a f409      	BRNE _0x8
                 ; 0000 003B              B = 0;
00009b 2488      	CLR  R8
                 ; 0000 003C              }
                 ; 0000 003D         }
                 _0x8:
                 ; 0000 003E     }
                 _0x5:
                 ; 0000 003F     else  {
00009c c001      	RJMP _0x9
                 _0x4:
                 ; 0000 0040         counter++ ;
00009d 9453      	INC  R5
                 ; 0000 0041     };
                 _0x9:
                 ; 0000 0042 
                 ; 0000 0043 
                 ; 0000 0044 }
00009e 91e9      	LD   R30,Y+
00009f bfef      	OUT  SREG,R30
0000a0 91f9      	LD   R31,Y+
0000a1 91e9      	LD   R30,Y+
0000a2 9518      	RETI
                 ; .FEND
                 ;
                 ;void main(void)
                 ; 0000 0047 {
                 _main:
                 ; .FSTART _main
                 ; 0000 0048 // Declare your local variables here
                 ; 0000 0049 
                 ; 0000 004A // Input/Output Ports initialization
                 ; 0000 004B // Port B initialization
                 ; 0000 004C // Function: Bit7=In Bit6=In Bit5=In Bit4=In Bit3=In Bit2=Out Bit1=Out Bit0=Out
                 ; 0000 004D DDRB=(0<<DDB7) | (0<<DDB6) | (0<<DDB5) | (0<<DDB4) | (0<<DDB3) | (1<<DDB2) | (1<<DDB1) | (1<<DDB0);
0000a3 e0e7      	LDI  R30,LOW(7)
0000a4 bbe7      	OUT  0x17,R30
                 ; 0000 004E // State: Bit7=T Bit6=T Bit5=T Bit4=T Bit3=T Bit2=0 Bit1=0 Bit0=0
                 ; 0000 004F PORTB=(0<<PORTB7) | (0<<PORTB6) | (0<<PORTB5) | (0<<PORTB4) | (0<<PORTB3) | (1<<PORTB2) | (1<<PORTB1) | (1<<PORTB0);
0000a5 bbe8      	OUT  0x18,R30
                 ; 0000 0050 
                 ; 0000 0051 // Port C initialization
                 ; 0000 0052 // Function: Bit6=In Bit5=In Bit4=In Bit3=In Bit2=In Bit1=In Bit0=In
                 ; 0000 0053 DDRC=(0<<DDC6) | (0<<DDC5) | (0<<DDC4) | (0<<DDC3) | (0<<DDC2) | (0<<DDC1) | (0<<DDC0);
0000a6 e0e0      	LDI  R30,LOW(0)
0000a7 bbe4      	OUT  0x14,R30
                 ; 0000 0054 // State: Bit6=T Bit5=T Bit4=T Bit3=T Bit2=T Bit1=T Bit0=T
                 ; 0000 0055 PORTC=(0<<PORTC6) | (0<<PORTC5) | (0<<PORTC4) | (0<<PORTC3) | (0<<PORTC2) | (0<<PORTC1) | (0<<PORTC0);
0000a8 bbe5      	OUT  0x15,R30
                 ; 0000 0056 
                 ; 0000 0057 // Port D initialization
                 ; 0000 0058 // Function: Bit7=In Bit6=In Bit5=In Bit4=In Bit3=In Bit2=In Bit1=In Bit0=In
                 ; 0000 0059 DDRD=(0<<DDD7) | (0<<DDD6) | (0<<DDD5) | (0<<DDD4) | (0<<DDD3) | (0<<DDD2) | (0<<DDD1) | (0<<DDD0);
0000a9 bbe1      	OUT  0x11,R30
                 ; 0000 005A // State: Bit7=T Bit6=T Bit5=T Bit4=T Bit3=T Bit2=T Bit1=T Bit0=T
                 ; 0000 005B PORTD=(0<<PORTD7) | (0<<PORTD6) | (0<<PORTD5) | (0<<PORTD4) | (0<<PORTD3) | (0<<PORTD2) | (0<<PORTD1) | (0<<PORTD0);
0000aa bbe2      	OUT  0x12,R30
                 ; 0000 005C 
                 ; 0000 005D // Timer/Counter 0 initialization
                 ; 0000 005E // Clock source: System Clock
                 ; 0000 005F // Clock value: 100,000 kHz
                 ; 0000 0060 TCCR0=(0<<CS02) | (1<<CS01) | (0<<CS00);
0000ab e0e2      	LDI  R30,LOW(2)
0000ac bfe3      	OUT  0x33,R30
                 ; 0000 0061 TCNT0=0xB0;
0000ad ebe0      	LDI  R30,LOW(176)
0000ae bfe2      	OUT  0x32,R30
                 ; 0000 0062 
                 ; 0000 0063 // Timer/Counter 1 initialization
                 ; 0000 0064 // Clock source: System Clock
                 ; 0000 0065 // Clock value: Timer1 Stopped
                 ; 0000 0066 // Mode: Normal top=0xFFFF
                 ; 0000 0067 // OC1A output: Disconnected
                 ; 0000 0068 // OC1B output: Disconnected
                 ; 0000 0069 // Noise Canceler: Off
                 ; 0000 006A // Input Capture on Falling Edge
                 ; 0000 006B // Timer1 Overflow Interrupt: Off
                 ; 0000 006C // Input Capture Interrupt: Off
                 ; 0000 006D // Compare A Match Interrupt: Off
                 ; 0000 006E // Compare B Match Interrupt: Off
                 ; 0000 006F TCCR1A=(0<<COM1A1) | (0<<COM1A0) | (0<<COM1B1) | (0<<COM1B0) | (0<<WGM11) | (0<<WGM10);
0000af e0e0      	LDI  R30,LOW(0)
0000b0 bdef      	OUT  0x2F,R30
                 ; 0000 0070 TCCR1B=(0<<ICNC1) | (0<<ICES1) | (0<<WGM13) | (0<<WGM12) | (0<<CS12) | (0<<CS11) | (0<<CS10);
0000b1 bdee      	OUT  0x2E,R30
                 ; 0000 0071 TCNT1H=0x00;
0000b2 bded      	OUT  0x2D,R30
                 ; 0000 0072 TCNT1L=0x00;
0000b3 bdec      	OUT  0x2C,R30
                 ; 0000 0073 ICR1H=0x00;
0000b4 bde7      	OUT  0x27,R30
                 ; 0000 0074 ICR1L=0x00;
0000b5 bde6      	OUT  0x26,R30
                 ; 0000 0075 OCR1AH=0x00;
0000b6 bdeb      	OUT  0x2B,R30
                 ; 0000 0076 OCR1AL=0x00;
0000b7 bdea      	OUT  0x2A,R30
                 ; 0000 0077 OCR1BH=0x00;
0000b8 bde9      	OUT  0x29,R30
                 ; 0000 0078 OCR1BL=0x00;
0000b9 bde8      	OUT  0x28,R30
                 ; 0000 0079 
                 ; 0000 007A // Timer/Counter 2 initialization
                 ; 0000 007B // Clock source: System Clock
                 ; 0000 007C // Clock value: Timer2 Stopped
                 ; 0000 007D // Mode: Normal top=0xFF
                 ; 0000 007E // OC2 output: Disconnected
                 ; 0000 007F ASSR=0<<AS2;
0000ba bde2      	OUT  0x22,R30
                 ; 0000 0080 TCCR2=(0<<PWM2) | (0<<COM21) | (0<<COM20) | (0<<CTC2) | (0<<CS22) | (0<<CS21) | (0<<CS20);
0000bb bde5      	OUT  0x25,R30
                 ; 0000 0081 TCNT2=0x00;
0000bc bde4      	OUT  0x24,R30
                 ; 0000 0082 OCR2=0x00;
0000bd bde3      	OUT  0x23,R30
                 ; 0000 0083 
                 ; 0000 0084 // Timer(s)/Counter(s) Interrupt(s) initialization
                 ; 0000 0085 TIMSK=(0<<OCIE2) | (0<<TOIE2) | (0<<TICIE1) | (0<<OCIE1A) | (0<<OCIE1B) | (0<<TOIE1) | (1<<TOIE0);
0000be e0e1      	LDI  R30,LOW(1)
0000bf bfe9      	OUT  0x39,R30
                 ; 0000 0086 
                 ; 0000 0087 // External Interrupt(s) initialization
                 ; 0000 0088 // INT0: Off
                 ; 0000 0089 // INT1: Off
                 ; 0000 008A MCUCR=(0<<ISC11) | (0<<ISC10) | (0<<ISC01) | (0<<ISC00);
0000c0 e0e0      	LDI  R30,LOW(0)
0000c1 bfe5      	OUT  0x35,R30
                 ; 0000 008B 
                 ; 0000 008C // USART initialization
                 ; 0000 008D // USART disabled
                 ; 0000 008E UCSRB=(0<<RXCIE) | (0<<TXCIE) | (0<<UDRIE) | (0<<RXEN) | (0<<TXEN) | (0<<UCSZ2) | (0<<RXB8) | (0<<TXB8);
0000c2 b9ea      	OUT  0xA,R30
                 ; 0000 008F 
                 ; 0000 0090 // Analog Comparator initialization
                 ; 0000 0091 // Analog Comparator: Off
                 ; 0000 0092 // The Analog Comparator's positive input is
                 ; 0000 0093 // connected to the AIN0 pin
                 ; 0000 0094 // The Analog Comparator's negative input is
                 ; 0000 0095 // connected to the AIN1 pin
                 ; 0000 0096 ACSR=(1<<ACD) | (0<<ACBG) | (0<<ACO) | (0<<ACI) | (0<<ACIE) | (0<<ACIC) | (0<<ACIS1) | (0<<ACIS0);
0000c3 e8e0      	LDI  R30,LOW(128)
0000c4 b9e8      	OUT  0x8,R30
                 ; 0000 0097 SFIOR=(0<<ACME);
0000c5 e0e0      	LDI  R30,LOW(0)
0000c6 bfe0      	OUT  0x30,R30
                 ; 0000 0098 
                 ; 0000 0099 // ADC initialization
                 ; 0000 009A // ADC disabled
                 ; 0000 009B ADCSRA=(0<<ADEN) | (0<<ADSC) | (0<<ADFR) | (0<<ADIF) | (0<<ADIE) | (0<<ADPS2) | (0<<ADPS1) | (0<<ADPS0);
0000c7 b9e6      	OUT  0x6,R30
                 ; 0000 009C 
                 ; 0000 009D // SPI initialization
                 ; 0000 009E // SPI disabled
                 ; 0000 009F SPCR=(0<<SPIE) | (0<<SPE) | (0<<DORD) | (0<<MSTR) | (0<<CPOL) | (0<<CPHA) | (0<<SPR1) | (0<<SPR0);
0000c8 b9ed      	OUT  0xD,R30
                 ; 0000 00A0 
                 ; 0000 00A1 // TWI initialization
                 ; 0000 00A2 // TWI disabled
                 ; 0000 00A3 TWCR=(0<<TWEA) | (0<<TWSTA) | (0<<TWSTO) | (0<<TWEN) | (0<<TWIE);
0000c9 bfe6      	OUT  0x36,R30
                 ; 0000 00A4 
                 ; 0000 00A5 // Global enable interrupts
                 ; 0000 00A6 #asm("sei")
0000ca 9478      	sei
                 ; 0000 00A7 
                 ; 0000 00A8 while (1)
                 _0xA:
                 ; 0000 00A9       {
                 ; 0000 00AA       // Place your code here
                 ; 0000 00AB       if(counter == 0){
0000cb 2055      	TST  R5
0000cc f419      	BRNE _0xD
                 ; 0000 00AC         PORTB |= (1<<PORTB2) | (1<<PORTB1) | (1<<PORTB0);
0000cd b3e8      	IN   R30,0x18
0000ce 60e7      	ORI  R30,LOW(0x7)
0000cf bbe8      	OUT  0x18,R30
                 ; 0000 00AD 
                 ; 0000 00AE       }
                 ; 0000 00AF       if(counter == PWM96[R]){
                 _0xD:
0000d0 2de4      	MOV  R30,R4
0000d1 e0f0      	LDI  R31,0
0000d2 5ae0      	SUBI R30,LOW(-_PWM96)
0000d3 4ffe      	SBCI R31,HIGH(-_PWM96)
0000d4 81e0      	LD   R30,Z
0000d5 15e5      	CP   R30,R5
0000d6 f409      	BRNE _0xE
                 ; 0000 00B0         PORTB &= ~(1<<PORTB0);
0000d7 98c0      	CBI  0x18,0
                 ; 0000 00B1       }
                 ; 0000 00B2       if(counter == PWM96[G]){
                 _0xE:
0000d8 2de9      	MOV  R30,R9
0000d9 e0f0      	LDI  R31,0
0000da 5ae0      	SUBI R30,LOW(-_PWM96)
0000db 4ffe      	SBCI R31,HIGH(-_PWM96)
0000dc 81e0      	LD   R30,Z
0000dd 15e5      	CP   R30,R5
0000de f409      	BRNE _0xF
                 ; 0000 00B3         PORTB &= ~(1<<PORTB1);
0000df 98c1      	CBI  0x18,1
                 ; 0000 00B4       }
                 ; 0000 00B5       if(counter == PWM96[B]){
                 _0xF:
0000e0 2de8      	MOV  R30,R8
0000e1 e0f0      	LDI  R31,0
0000e2 5ae0      	SUBI R30,LOW(-_PWM96)
0000e3 4ffe      	SBCI R31,HIGH(-_PWM96)
0000e4 81e0      	LD   R30,Z
0000e5 15e5      	CP   R30,R5
0000e6 f409      	BRNE _0x10
                 ; 0000 00B6         PORTB &= ~(1<<PORTB2);
0000e7 98c2      	CBI  0x18,2
                 ; 0000 00B7       }
                 ; 0000 00B8 
                 ; 0000 00B9       }
                 _0x10:
0000e8 cfe2      	RJMP _0xA
                 ; 0000 00BA }
                 _0x11:
0000e9 cfff      	RJMP _0x11
                 ; .FEND
                 
                 	.DSEG
                 _PWM96:
000160           	.BYTE 0x60
                 
                 	.CSEG
                 
                 	.CSEG
                 ;END OF CODE MARKER
                 __END_OF_CODE:


RESOURCE USE INFORMATION
------------------------

Notice:
The register and instruction counts are symbol table hit counts,
and hence implicitly used resources are not counted, eg, the
'lpm' instruction without operands implicitly uses r0 and z,
none of which are counted.

x,y,z are separate entities in the symbol table and are
counted separately from r26..r31 here.

.dseg memory usage only counts static data declared with .byte

ATmega8 register use summary:
r0 :   4 r1 :   1 r2 :   0 r3 :   0 r4 :   4 r5 :   7 r6 :   4 r7 :   2 
r8 :   4 r9 :   4 r10:   0 r11:   0 r12:   0 r13:   0 r14:   0 r15:   0 
r16:   0 r17:   0 r18:   0 r19:   0 r20:   0 r21:   0 r22:   2 r23:   0 
r24:   7 r25:   2 r26:   3 r27:   2 r28:   1 r29:   1 r30:  89 r31:  13 
x  :   3 y  :   6 z  :  10 
Registers used: 20 out of 35 (57.1%)

ATmega8 instruction use summary:
.lds  :   0 .lds.l:   0 .sts  :   0 .sts.l:   0 adc   :   0 add   :   0 
adiw  :   1 and   :   0 andi  :   0 asr   :   0 bclr  :   0 bld   :   0 
brbc  :   0 brbs  :   0 brcc  :   0 brcs  :   0 break :   0 breq  :   1 
brge  :   0 brhc  :   0 brhs  :   0 brid  :   0 brie  :   0 brlo  :   0 
brlt  :   0 brmi  :   0 brne  :  12 brpl  :   0 brsh  :   0 brtc  :   0 
brts  :   0 brvc  :   0 brvs  :   0 bset  :   0 bst   :   0 cbi   :   3 
cbr   :   0 clc   :   0 clh   :   0 cli   :   1 cln   :   0 clr   :   8 
cls   :   0 clt   :   0 clv   :   0 clz   :   0 com   :   0 cp    :   8 
cpc   :   1 cpi   :   0 cpse  :   0 dec   :   1 des   :   0 eor   :   0 
fmul  :   0 fmuls :   0 fmulsu:   0 icall :   0 ijmp  :   0 in    :   2 
inc   :   4 ld    :   6 ldd   :   0 ldi   :  31 lds   :   0 lpm   :   7 
lsl   :   0 lsr   :   0 mov   :   3 movw  :   5 mul   :   0 muls  :   0 
mulsu :   0 neg   :   0 nop   :   0 or    :   0 ori   :   1 out   :  39 
pop   :   0 push  :   0 rcall :   0 ret   :   0 reti  :   1 rjmp  :  24 
rol   :   0 ror   :   0 sbc   :   0 sbci  :   3 sbi   :   0 sbic  :   0 
sbis  :   0 sbiw  :   3 sbr   :   0 sbrc  :   0 sbrs  :   0 sec   :   0 
seh   :   0 sei   :   1 sen   :   0 ser   :   0 ses   :   0 set   :   0 
sev   :   0 sez   :   0 sleep :   0 spm   :   0 st    :   6 std   :   0 
sts   :   0 sub   :   0 subi  :   3 swap  :   0 tst   :   1 wdr   :   0 

Instructions used: 26 out of 114 (22.8%)

ATmega8 memory use summary [bytes]:
Segment   Begin    End      Code   Data   Used    Size   Use%
---------------------------------------------------------------
[.cseg] 0x000000 0x0001d4    352    116    468    8192   5.7%
[.dseg] 0x000060 0x0001c0      0     96     96    1024   9.4%
[.eseg] 0x000000 0x000000      0      0      0     512   0.0%

Assembly complete, 0 errors, 7 warnings
