
AVRASM ver. 2.1.30  D:\Projects AVR\TM1637_Pin\Debug\List\TM1637_Pin.asm Fri Feb 16 21:29:19 2018

D:\Projects AVR\TM1637_Pin\Debug\List\TM1637_Pin.asm(1086): warning: Register r5 already defined by the .DEF directive
D:\Projects AVR\TM1637_Pin\Debug\List\TM1637_Pin.asm(1087): warning: Register r4 already defined by the .DEF directive
D:\Projects AVR\TM1637_Pin\Debug\List\TM1637_Pin.asm(1088): warning: Register r7 already defined by the .DEF directive
D:\Projects AVR\TM1637_Pin\Debug\List\TM1637_Pin.asm(1089): warning: Register r6 already defined by the .DEF directive
D:\Projects AVR\TM1637_Pin\Debug\List\TM1637_Pin.asm(1090): warning: Register r9 already defined by the .DEF directive
D:\Projects AVR\TM1637_Pin\Debug\List\TM1637_Pin.asm(1091): warning: Register r8 already defined by the .DEF directive
                 
                 
                 ;CodeVisionAVR C Compiler V3.12 Advanced
                 ;(C) Copyright 1998-2014 Pavel Haiduc, HP InfoTech s.r.l.
                 ;http://www.hpinfotech.com
                 
                 ;Build configuration    : Debug
                 ;Chip type              : ATmega8A
                 ;Program type           : Application
                 ;Clock frequency        : 8,000000 MHz
                 ;Memory model           : Small
                 ;Optimize for           : Size
                 ;(s)printf features     : int, width
                 ;(s)scanf features      : int, width
                 ;External RAM size      : 0
                 ;Data Stack size        : 256 byte(s)
                 ;Heap size              : 0 byte(s)
                 ;Promote 'char' to 'int': Yes
                 ;'char' is unsigned     : Yes
                 ;8 bit enums            : Yes
                 ;Global 'const' stored in FLASH: Yes
                 ;Enhanced function parameter passing: Yes
                 ;Enhanced core instructions: On
                 ;Automatic register allocation for global variables: On
                 ;Smart register allocation: On
                 
                 	#define _MODEL_SMALL_
                 
                 	#pragma AVRPART ADMIN PART_NAME ATmega8A
                 	#pragma AVRPART MEMORY PROG_FLASH 8192
                 	#pragma AVRPART MEMORY EEPROM 512
                 	#pragma AVRPART MEMORY INT_SRAM SIZE 1024
                 	#pragma AVRPART MEMORY INT_SRAM START_ADDR 0x60
                 
                 	.LISTMAC
                 	.EQU UDRE=0x5
                 	.EQU RXC=0x7
                 	.EQU USR=0xB
                 	.EQU UDR=0xC
                 	.EQU SPSR=0xE
                 	.EQU SPDR=0xF
                 	.EQU EERE=0x0
                 	.EQU EEWE=0x1
                 	.EQU EEMWE=0x2
                 	.EQU EECR=0x1C
                 	.EQU EEDR=0x1D
                 	.EQU EEARL=0x1E
                 	.EQU EEARH=0x1F
                 	.EQU WDTCR=0x21
                 	.EQU MCUCR=0x35
                 	.EQU GICR=0x3B
                 	.EQU SPL=0x3D
                 	.EQU SPH=0x3E
                 	.EQU SREG=0x3F
                 
                 	.DEF R0X0=R0
                 	.DEF R0X1=R1
                 	.DEF R0X2=R2
                 	.DEF R0X3=R3
                 	.DEF R0X4=R4
                 	.DEF R0X5=R5
                 	.DEF R0X6=R6
                 	.DEF R0X7=R7
                 	.DEF R0X8=R8
                 	.DEF R0X9=R9
                 	.DEF R0XA=R10
                 	.DEF R0XB=R11
                 	.DEF R0XC=R12
                 	.DEF R0XD=R13
                 	.DEF R0XE=R14
                 	.DEF R0XF=R15
                 	.DEF R0X10=R16
                 	.DEF R0X11=R17
                 	.DEF R0X12=R18
                 	.DEF R0X13=R19
                 	.DEF R0X14=R20
                 	.DEF R0X15=R21
                 	.DEF R0X16=R22
                 	.DEF R0X17=R23
                 	.DEF R0X18=R24
                 	.DEF R0X19=R25
                 	.DEF R0X1A=R26
                 	.DEF R0X1B=R27
                 	.DEF R0X1C=R28
                 	.DEF R0X1D=R29
                 	.DEF R0X1E=R30
                 	.DEF R0X1F=R31
                 
                 	.EQU __SRAM_START=0x0060
                 	.EQU __SRAM_END=0x045F
                 	.EQU __DSTACK_SIZE=0x0100
                 	.EQU __HEAP_SIZE=0x0000
                 	.EQU __CLEAR_SRAM_SIZE=__SRAM_END-__SRAM_START+1
                 
                 	.MACRO __CPD1N
                 	CPI  R30,LOW(@0)
                 	LDI  R26,HIGH(@0)
                 	CPC  R31,R26
                 	LDI  R26,BYTE3(@0)
                 	CPC  R22,R26
                 	LDI  R26,BYTE4(@0)
                 	CPC  R23,R26
                 	.ENDM
                 
                 	.MACRO __CPD2N
                 	CPI  R26,LOW(@0)
                 	LDI  R30,HIGH(@0)
                 	CPC  R27,R30
                 	LDI  R30,BYTE3(@0)
                 	CPC  R24,R30
                 	LDI  R30,BYTE4(@0)
                 	CPC  R25,R30
                 	.ENDM
                 
                 	.MACRO __CPWRR
                 	CP   R@0,R@2
                 	CPC  R@1,R@3
                 	.ENDM
                 
                 	.MACRO __CPWRN
                 	CPI  R@0,LOW(@2)
                 	LDI  R30,HIGH(@2)
                 	CPC  R@1,R30
                 	.ENDM
                 
                 	.MACRO __ADDB1MN
                 	SUBI R30,LOW(-@0-(@1))
                 	.ENDM
                 
                 	.MACRO __ADDB2MN
                 	SUBI R26,LOW(-@0-(@1))
                 	.ENDM
                 
                 	.MACRO __ADDW1MN
                 	SUBI R30,LOW(-@0-(@1))
                 	SBCI R31,HIGH(-@0-(@1))
                 	.ENDM
                 
                 	.MACRO __ADDW2MN
                 	SUBI R26,LOW(-@0-(@1))
                 	SBCI R27,HIGH(-@0-(@1))
                 	.ENDM
                 
                 	.MACRO __ADDW1FN
                 	SUBI R30,LOW(-2*@0-(@1))
                 	SBCI R31,HIGH(-2*@0-(@1))
                 	.ENDM
                 
                 	.MACRO __ADDD1FN
                 	SUBI R30,LOW(-2*@0-(@1))
                 	SBCI R31,HIGH(-2*@0-(@1))
                 	SBCI R22,BYTE3(-2*@0-(@1))
                 	.ENDM
                 
                 	.MACRO __ADDD1N
                 	SUBI R30,LOW(-@0)
                 	SBCI R31,HIGH(-@0)
                 	SBCI R22,BYTE3(-@0)
                 	SBCI R23,BYTE4(-@0)
                 	.ENDM
                 
                 	.MACRO __ADDD2N
                 	SUBI R26,LOW(-@0)
                 	SBCI R27,HIGH(-@0)
                 	SBCI R24,BYTE3(-@0)
                 	SBCI R25,BYTE4(-@0)
                 	.ENDM
                 
                 	.MACRO __SUBD1N
                 	SUBI R30,LOW(@0)
                 	SBCI R31,HIGH(@0)
                 	SBCI R22,BYTE3(@0)
                 	SBCI R23,BYTE4(@0)
                 	.ENDM
                 
                 	.MACRO __SUBD2N
                 	SUBI R26,LOW(@0)
                 	SBCI R27,HIGH(@0)
                 	SBCI R24,BYTE3(@0)
                 	SBCI R25,BYTE4(@0)
                 	.ENDM
                 
                 	.MACRO __ANDBMNN
                 	LDS  R30,@0+(@1)
                 	ANDI R30,LOW(@2)
                 	STS  @0+(@1),R30
                 	.ENDM
                 
                 	.MACRO __ANDWMNN
                 	LDS  R30,@0+(@1)
                 	ANDI R30,LOW(@2)
                 	STS  @0+(@1),R30
                 	LDS  R30,@0+(@1)+1
                 	ANDI R30,HIGH(@2)
                 	STS  @0+(@1)+1,R30
                 	.ENDM
                 
                 	.MACRO __ANDD1N
                 	ANDI R30,LOW(@0)
                 	ANDI R31,HIGH(@0)
                 	ANDI R22,BYTE3(@0)
                 	ANDI R23,BYTE4(@0)
                 	.ENDM
                 
                 	.MACRO __ANDD2N
                 	ANDI R26,LOW(@0)
                 	ANDI R27,HIGH(@0)
                 	ANDI R24,BYTE3(@0)
                 	ANDI R25,BYTE4(@0)
                 	.ENDM
                 
                 	.MACRO __ORBMNN
                 	LDS  R30,@0+(@1)
                 	ORI  R30,LOW(@2)
                 	STS  @0+(@1),R30
                 	.ENDM
                 
                 	.MACRO __ORWMNN
                 	LDS  R30,@0+(@1)
                 	ORI  R30,LOW(@2)
                 	STS  @0+(@1),R30
                 	LDS  R30,@0+(@1)+1
                 	ORI  R30,HIGH(@2)
                 	STS  @0+(@1)+1,R30
                 	.ENDM
                 
                 	.MACRO __ORD1N
                 	ORI  R30,LOW(@0)
                 	ORI  R31,HIGH(@0)
                 	ORI  R22,BYTE3(@0)
                 	ORI  R23,BYTE4(@0)
                 	.ENDM
                 
                 	.MACRO __ORD2N
                 	ORI  R26,LOW(@0)
                 	ORI  R27,HIGH(@0)
                 	ORI  R24,BYTE3(@0)
                 	ORI  R25,BYTE4(@0)
                 	.ENDM
                 
                 	.MACRO __DELAY_USB
                 	LDI  R24,LOW(@0)
                 __DELAY_USB_LOOP:
                 	DEC  R24
                 	BRNE __DELAY_USB_LOOP
                 	.ENDM
                 
                 	.MACRO __DELAY_USW
                 	LDI  R24,LOW(@0)
                 	LDI  R25,HIGH(@0)
                 __DELAY_USW_LOOP:
                 	SBIW R24,1
                 	BRNE __DELAY_USW_LOOP
                 	.ENDM
                 
                 	.MACRO __GETD1S
                 	LDD  R30,Y+@0
                 	LDD  R31,Y+@0+1
                 	LDD  R22,Y+@0+2
                 	LDD  R23,Y+@0+3
                 	.ENDM
                 
                 	.MACRO __GETD2S
                 	LDD  R26,Y+@0
                 	LDD  R27,Y+@0+1
                 	LDD  R24,Y+@0+2
                 	LDD  R25,Y+@0+3
                 	.ENDM
                 
                 	.MACRO __PUTD1S
                 	STD  Y+@0,R30
                 	STD  Y+@0+1,R31
                 	STD  Y+@0+2,R22
                 	STD  Y+@0+3,R23
                 	.ENDM
                 
                 	.MACRO __PUTD2S
                 	STD  Y+@0,R26
                 	STD  Y+@0+1,R27
                 	STD  Y+@0+2,R24
                 	STD  Y+@0+3,R25
                 	.ENDM
                 
                 	.MACRO __PUTDZ2
                 	STD  Z+@0,R26
                 	STD  Z+@0+1,R27
                 	STD  Z+@0+2,R24
                 	STD  Z+@0+3,R25
                 	.ENDM
                 
                 	.MACRO __CLRD1S
                 	STD  Y+@0,R30
                 	STD  Y+@0+1,R30
                 	STD  Y+@0+2,R30
                 	STD  Y+@0+3,R30
                 	.ENDM
                 
                 	.MACRO __POINTB1MN
                 	LDI  R30,LOW(@0+(@1))
                 	.ENDM
                 
                 	.MACRO __POINTW1MN
                 	LDI  R30,LOW(@0+(@1))
                 	LDI  R31,HIGH(@0+(@1))
                 	.ENDM
                 
                 	.MACRO __POINTD1M
                 	LDI  R30,LOW(@0)
                 	LDI  R31,HIGH(@0)
                 	LDI  R22,BYTE3(@0)
                 	LDI  R23,BYTE4(@0)
                 	.ENDM
                 
                 	.MACRO __POINTW1FN
                 	LDI  R30,LOW(2*@0+(@1))
                 	LDI  R31,HIGH(2*@0+(@1))
                 	.ENDM
                 
                 	.MACRO __POINTD1FN
                 	LDI  R30,LOW(2*@0+(@1))
                 	LDI  R31,HIGH(2*@0+(@1))
                 	LDI  R22,BYTE3(2*@0+(@1))
                 	LDI  R23,BYTE4(2*@0+(@1))
                 	.ENDM
                 
                 	.MACRO __POINTB2MN
                 	LDI  R26,LOW(@0+(@1))
                 	.ENDM
                 
                 	.MACRO __POINTW2MN
                 	LDI  R26,LOW(@0+(@1))
                 	LDI  R27,HIGH(@0+(@1))
                 	.ENDM
                 
                 	.MACRO __POINTW2FN
                 	LDI  R26,LOW(2*@0+(@1))
                 	LDI  R27,HIGH(2*@0+(@1))
                 	.ENDM
                 
                 	.MACRO __POINTD2FN
                 	LDI  R26,LOW(2*@0+(@1))
                 	LDI  R27,HIGH(2*@0+(@1))
                 	LDI  R24,BYTE3(2*@0+(@1))
                 	LDI  R25,BYTE4(2*@0+(@1))
                 	.ENDM
                 
                 	.MACRO __POINTBRM
                 	LDI  R@0,LOW(@1)
                 	.ENDM
                 
                 	.MACRO __POINTWRM
                 	LDI  R@0,LOW(@2)
                 	LDI  R@1,HIGH(@2)
                 	.ENDM
                 
                 	.MACRO __POINTBRMN
                 	LDI  R@0,LOW(@1+(@2))
                 	.ENDM
                 
                 	.MACRO __POINTWRMN
                 	LDI  R@0,LOW(@2+(@3))
                 	LDI  R@1,HIGH(@2+(@3))
                 	.ENDM
                 
                 	.MACRO __POINTWRFN
                 	LDI  R@0,LOW(@2*2+(@3))
                 	LDI  R@1,HIGH(@2*2+(@3))
                 	.ENDM
                 
                 	.MACRO __GETD1N
                 	LDI  R30,LOW(@0)
                 	LDI  R31,HIGH(@0)
                 	LDI  R22,BYTE3(@0)
                 	LDI  R23,BYTE4(@0)
                 	.ENDM
                 
                 	.MACRO __GETD2N
                 	LDI  R26,LOW(@0)
                 	LDI  R27,HIGH(@0)
                 	LDI  R24,BYTE3(@0)
                 	LDI  R25,BYTE4(@0)
                 	.ENDM
                 
                 	.MACRO __GETB1MN
                 	LDS  R30,@0+(@1)
                 	.ENDM
                 
                 	.MACRO __GETB1HMN
                 	LDS  R31,@0+(@1)
                 	.ENDM
                 
                 	.MACRO __GETW1MN
                 	LDS  R30,@0+(@1)
                 	LDS  R31,@0+(@1)+1
                 	.ENDM
                 
                 	.MACRO __GETD1MN
                 	LDS  R30,@0+(@1)
                 	LDS  R31,@0+(@1)+1
                 	LDS  R22,@0+(@1)+2
                 	LDS  R23,@0+(@1)+3
                 	.ENDM
                 
                 	.MACRO __GETBRMN
                 	LDS  R@0,@1+(@2)
                 	.ENDM
                 
                 	.MACRO __GETWRMN
                 	LDS  R@0,@2+(@3)
                 	LDS  R@1,@2+(@3)+1
                 	.ENDM
                 
                 	.MACRO __GETWRZ
                 	LDD  R@0,Z+@2
                 	LDD  R@1,Z+@2+1
                 	.ENDM
                 
                 	.MACRO __GETD2Z
                 	LDD  R26,Z+@0
                 	LDD  R27,Z+@0+1
                 	LDD  R24,Z+@0+2
                 	LDD  R25,Z+@0+3
                 	.ENDM
                 
                 	.MACRO __GETB2MN
                 	LDS  R26,@0+(@1)
                 	.ENDM
                 
                 	.MACRO __GETW2MN
                 	LDS  R26,@0+(@1)
                 	LDS  R27,@0+(@1)+1
                 	.ENDM
                 
                 	.MACRO __GETD2MN
                 	LDS  R26,@0+(@1)
                 	LDS  R27,@0+(@1)+1
                 	LDS  R24,@0+(@1)+2
                 	LDS  R25,@0+(@1)+3
                 	.ENDM
                 
                 	.MACRO __PUTB1MN
                 	STS  @0+(@1),R30
                 	.ENDM
                 
                 	.MACRO __PUTW1MN
                 	STS  @0+(@1),R30
                 	STS  @0+(@1)+1,R31
                 	.ENDM
                 
                 	.MACRO __PUTD1MN
                 	STS  @0+(@1),R30
                 	STS  @0+(@1)+1,R31
                 	STS  @0+(@1)+2,R22
                 	STS  @0+(@1)+3,R23
                 	.ENDM
                 
                 	.MACRO __PUTB1EN
                 	LDI  R26,LOW(@0+(@1))
                 	LDI  R27,HIGH(@0+(@1))
                 	RCALL __EEPROMWRB
                 	.ENDM
                 
                 	.MACRO __PUTW1EN
                 	LDI  R26,LOW(@0+(@1))
                 	LDI  R27,HIGH(@0+(@1))
                 	RCALL __EEPROMWRW
                 	.ENDM
                 
                 	.MACRO __PUTD1EN
                 	LDI  R26,LOW(@0+(@1))
                 	LDI  R27,HIGH(@0+(@1))
                 	RCALL __EEPROMWRD
                 	.ENDM
                 
                 	.MACRO __PUTBR0MN
                 	STS  @0+(@1),R0
                 	.ENDM
                 
                 	.MACRO __PUTBMRN
                 	STS  @0+(@1),R@2
                 	.ENDM
                 
                 	.MACRO __PUTWMRN
                 	STS  @0+(@1),R@2
                 	STS  @0+(@1)+1,R@3
                 	.ENDM
                 
                 	.MACRO __PUTBZR
                 	STD  Z+@1,R@0
                 	.ENDM
                 
                 	.MACRO __PUTWZR
                 	STD  Z+@2,R@0
                 	STD  Z+@2+1,R@1
                 	.ENDM
                 
                 	.MACRO __GETW1R
                 	MOV  R30,R@0
                 	MOV  R31,R@1
                 	.ENDM
                 
                 	.MACRO __GETW2R
                 	MOV  R26,R@0
                 	MOV  R27,R@1
                 	.ENDM
                 
                 	.MACRO __GETWRN
                 	LDI  R@0,LOW(@2)
                 	LDI  R@1,HIGH(@2)
                 	.ENDM
                 
                 	.MACRO __PUTW1R
                 	MOV  R@0,R30
                 	MOV  R@1,R31
                 	.ENDM
                 
                 	.MACRO __PUTW2R
                 	MOV  R@0,R26
                 	MOV  R@1,R27
                 	.ENDM
                 
                 	.MACRO __ADDWRN
                 	SUBI R@0,LOW(-@2)
                 	SBCI R@1,HIGH(-@2)
                 	.ENDM
                 
                 	.MACRO __ADDWRR
                 	ADD  R@0,R@2
                 	ADC  R@1,R@3
                 	.ENDM
                 
                 	.MACRO __SUBWRN
                 	SUBI R@0,LOW(@2)
                 	SBCI R@1,HIGH(@2)
                 	.ENDM
                 
                 	.MACRO __SUBWRR
                 	SUB  R@0,R@2
                 	SBC  R@1,R@3
                 	.ENDM
                 
                 	.MACRO __ANDWRN
                 	ANDI R@0,LOW(@2)
                 	ANDI R@1,HIGH(@2)
                 	.ENDM
                 
                 	.MACRO __ANDWRR
                 	AND  R@0,R@2
                 	AND  R@1,R@3
                 	.ENDM
                 
                 	.MACRO __ORWRN
                 	ORI  R@0,LOW(@2)
                 	ORI  R@1,HIGH(@2)
                 	.ENDM
                 
                 	.MACRO __ORWRR
                 	OR   R@0,R@2
                 	OR   R@1,R@3
                 	.ENDM
                 
                 	.MACRO __EORWRR
                 	EOR  R@0,R@2
                 	EOR  R@1,R@3
                 	.ENDM
                 
                 	.MACRO __GETWRS
                 	LDD  R@0,Y+@2
                 	LDD  R@1,Y+@2+1
                 	.ENDM
                 
                 	.MACRO __PUTBSR
                 	STD  Y+@1,R@0
                 	.ENDM
                 
                 	.MACRO __PUTWSR
                 	STD  Y+@2,R@0
                 	STD  Y+@2+1,R@1
                 	.ENDM
                 
                 	.MACRO __MOVEWRR
                 	MOV  R@0,R@2
                 	MOV  R@1,R@3
                 	.ENDM
                 
                 	.MACRO __INWR
                 	IN   R@0,@2
                 	IN   R@1,@2+1
                 	.ENDM
                 
                 	.MACRO __OUTWR
                 	OUT  @2+1,R@1
                 	OUT  @2,R@0
                 	.ENDM
                 
                 	.MACRO __CALL1MN
                 	LDS  R30,@0+(@1)
                 	LDS  R31,@0+(@1)+1
                 	ICALL
                 	.ENDM
                 
                 	.MACRO __CALL1FN
                 	LDI  R30,LOW(2*@0+(@1))
                 	LDI  R31,HIGH(2*@0+(@1))
                 	RCALL __GETW1PF
                 	ICALL
                 	.ENDM
                 
                 	.MACRO __CALL2EN
                 	PUSH R26
                 	PUSH R27
                 	LDI  R26,LOW(@0+(@1))
                 	LDI  R27,HIGH(@0+(@1))
                 	RCALL __EEPROMRDW
                 	POP  R27
                 	POP  R26
                 	ICALL
                 	.ENDM
                 
                 	.MACRO __CALL2EX
                 	SUBI R26,LOW(-@0)
                 	SBCI R27,HIGH(-@0)
                 	RCALL __EEPROMRDD
                 	ICALL
                 	.ENDM
                 
                 	.MACRO __GETW1STACK
                 	IN   R30,SPL
                 	IN   R31,SPH
                 	ADIW R30,@0+1
                 	LD   R0,Z+
                 	LD   R31,Z
                 	MOV  R30,R0
                 	.ENDM
                 
                 	.MACRO __GETD1STACK
                 	IN   R30,SPL
                 	IN   R31,SPH
                 	ADIW R30,@0+1
                 	LD   R0,Z+
                 	LD   R1,Z+
                 	LD   R22,Z
                 	MOVW R30,R0
                 	.ENDM
                 
                 	.MACRO __NBST
                 	BST  R@0,@1
                 	IN   R30,SREG
                 	LDI  R31,0x40
                 	EOR  R30,R31
                 	OUT  SREG,R30
                 	.ENDM
                 
                 
                 	.MACRO __PUTB1SN
                 	LDD  R26,Y+@0
                 	LDD  R27,Y+@0+1
                 	SUBI R26,LOW(-@1)
                 	SBCI R27,HIGH(-@1)
                 	ST   X,R30
                 	.ENDM
                 
                 	.MACRO __PUTW1SN
                 	LDD  R26,Y+@0
                 	LDD  R27,Y+@0+1
                 	SUBI R26,LOW(-@1)
                 	SBCI R27,HIGH(-@1)
                 	ST   X+,R30
                 	ST   X,R31
                 	.ENDM
                 
                 	.MACRO __PUTD1SN
                 	LDD  R26,Y+@0
                 	LDD  R27,Y+@0+1
                 	SUBI R26,LOW(-@1)
                 	SBCI R27,HIGH(-@1)
                 	RCALL __PUTDP1
                 	.ENDM
                 
                 	.MACRO __PUTB1SNS
                 	LDD  R26,Y+@0
                 	LDD  R27,Y+@0+1
                 	ADIW R26,@1
                 	ST   X,R30
                 	.ENDM
                 
                 	.MACRO __PUTW1SNS
                 	LDD  R26,Y+@0
                 	LDD  R27,Y+@0+1
                 	ADIW R26,@1
                 	ST   X+,R30
                 	ST   X,R31
                 	.ENDM
                 
                 	.MACRO __PUTD1SNS
                 	LDD  R26,Y+@0
                 	LDD  R27,Y+@0+1
                 	ADIW R26,@1
                 	RCALL __PUTDP1
                 	.ENDM
                 
                 	.MACRO __PUTB1PMN
                 	LDS  R26,@0
                 	LDS  R27,@0+1
                 	SUBI R26,LOW(-@1)
                 	SBCI R27,HIGH(-@1)
                 	ST   X,R30
                 	.ENDM
                 
                 	.MACRO __PUTW1PMN
                 	LDS  R26,@0
                 	LDS  R27,@0+1
                 	SUBI R26,LOW(-@1)
                 	SBCI R27,HIGH(-@1)
                 	ST   X+,R30
                 	ST   X,R31
                 	.ENDM
                 
                 	.MACRO __PUTD1PMN
                 	LDS  R26,@0
                 	LDS  R27,@0+1
                 	SUBI R26,LOW(-@1)
                 	SBCI R27,HIGH(-@1)
                 	RCALL __PUTDP1
                 	.ENDM
                 
                 	.MACRO __PUTB1PMNS
                 	LDS  R26,@0
                 	LDS  R27,@0+1
                 	ADIW R26,@1
                 	ST   X,R30
                 	.ENDM
                 
                 	.MACRO __PUTW1PMNS
                 	LDS  R26,@0
                 	LDS  R27,@0+1
                 	ADIW R26,@1
                 	ST   X+,R30
                 	ST   X,R31
                 	.ENDM
                 
                 	.MACRO __PUTD1PMNS
                 	LDS  R26,@0
                 	LDS  R27,@0+1
                 	ADIW R26,@1
                 	RCALL __PUTDP1
                 	.ENDM
                 
                 	.MACRO __PUTB1RN
                 	MOVW R26,R@0
                 	SUBI R26,LOW(-@1)
                 	SBCI R27,HIGH(-@1)
                 	ST   X,R30
                 	.ENDM
                 
                 	.MACRO __PUTW1RN
                 	MOVW R26,R@0
                 	SUBI R26,LOW(-@1)
                 	SBCI R27,HIGH(-@1)
                 	ST   X+,R30
                 	ST   X,R31
                 	.ENDM
                 
                 	.MACRO __PUTD1RN
                 	MOVW R26,R@0
                 	SUBI R26,LOW(-@1)
                 	SBCI R27,HIGH(-@1)
                 	RCALL __PUTDP1
                 	.ENDM
                 
                 	.MACRO __PUTB1RNS
                 	MOVW R26,R@0
                 	ADIW R26,@1
                 	ST   X,R30
                 	.ENDM
                 
                 	.MACRO __PUTW1RNS
                 	MOVW R26,R@0
                 	ADIW R26,@1
                 	ST   X+,R30
                 	ST   X,R31
                 	.ENDM
                 
                 	.MACRO __PUTD1RNS
                 	MOVW R26,R@0
                 	ADIW R26,@1
                 	RCALL __PUTDP1
                 	.ENDM
                 
                 	.MACRO __PUTB1RON
                 	MOV  R26,R@0
                 	MOV  R27,R@1
                 	SUBI R26,LOW(-@2)
                 	SBCI R27,HIGH(-@2)
                 	ST   X,R30
                 	.ENDM
                 
                 	.MACRO __PUTW1RON
                 	MOV  R26,R@0
                 	MOV  R27,R@1
                 	SUBI R26,LOW(-@2)
                 	SBCI R27,HIGH(-@2)
                 	ST   X+,R30
                 	ST   X,R31
                 	.ENDM
                 
                 	.MACRO __PUTD1RON
                 	MOV  R26,R@0
                 	MOV  R27,R@1
                 	SUBI R26,LOW(-@2)
                 	SBCI R27,HIGH(-@2)
                 	RCALL __PUTDP1
                 	.ENDM
                 
                 	.MACRO __PUTB1RONS
                 	MOV  R26,R@0
                 	MOV  R27,R@1
                 	ADIW R26,@2
                 	ST   X,R30
                 	.ENDM
                 
                 	.MACRO __PUTW1RONS
                 	MOV  R26,R@0
                 	MOV  R27,R@1
                 	ADIW R26,@2
                 	ST   X+,R30
                 	ST   X,R31
                 	.ENDM
                 
                 	.MACRO __PUTD1RONS
                 	MOV  R26,R@0
                 	MOV  R27,R@1
                 	ADIW R26,@2
                 	RCALL __PUTDP1
                 	.ENDM
                 
                 
                 	.MACRO __GETB1SX
                 	MOVW R30,R28
                 	SUBI R30,LOW(-@0)
                 	SBCI R31,HIGH(-@0)
                 	LD   R30,Z
                 	.ENDM
                 
                 	.MACRO __GETB1HSX
                 	MOVW R30,R28
                 	SUBI R30,LOW(-@0)
                 	SBCI R31,HIGH(-@0)
                 	LD   R31,Z
                 	.ENDM
                 
                 	.MACRO __GETW1SX
                 	MOVW R30,R28
                 	SUBI R30,LOW(-@0)
                 	SBCI R31,HIGH(-@0)
                 	LD   R0,Z+
                 	LD   R31,Z
                 	MOV  R30,R0
                 	.ENDM
                 
                 	.MACRO __GETD1SX
                 	MOVW R30,R28
                 	SUBI R30,LOW(-@0)
                 	SBCI R31,HIGH(-@0)
                 	LD   R0,Z+
                 	LD   R1,Z+
                 	LD   R22,Z+
                 	LD   R23,Z
                 	MOVW R30,R0
                 	.ENDM
                 
                 	.MACRO __GETB2SX
                 	MOVW R26,R28
                 	SUBI R26,LOW(-@0)
                 	SBCI R27,HIGH(-@0)
                 	LD   R26,X
                 	.ENDM
                 
                 	.MACRO __GETW2SX
                 	MOVW R26,R28
                 	SUBI R26,LOW(-@0)
                 	SBCI R27,HIGH(-@0)
                 	LD   R0,X+
                 	LD   R27,X
                 	MOV  R26,R0
                 	.ENDM
                 
                 	.MACRO __GETD2SX
                 	MOVW R26,R28
                 	SUBI R26,LOW(-@0)
                 	SBCI R27,HIGH(-@0)
                 	LD   R0,X+
                 	LD   R1,X+
                 	LD   R24,X+
                 	LD   R25,X
                 	MOVW R26,R0
                 	.ENDM
                 
                 	.MACRO __GETBRSX
                 	MOVW R30,R28
                 	SUBI R30,LOW(-@1)
                 	SBCI R31,HIGH(-@1)
                 	LD   R@0,Z
                 	.ENDM
                 
                 	.MACRO __GETWRSX
                 	MOVW R30,R28
                 	SUBI R30,LOW(-@2)
                 	SBCI R31,HIGH(-@2)
                 	LD   R@0,Z+
                 	LD   R@1,Z
                 	.ENDM
                 
                 	.MACRO __GETBRSX2
                 	MOVW R26,R28
                 	SUBI R26,LOW(-@1)
                 	SBCI R27,HIGH(-@1)
                 	LD   R@0,X
                 	.ENDM
                 
                 	.MACRO __GETWRSX2
                 	MOVW R26,R28
                 	SUBI R26,LOW(-@2)
                 	SBCI R27,HIGH(-@2)
                 	LD   R@0,X+
                 	LD   R@1,X
                 	.ENDM
                 
                 	.MACRO __LSLW8SX
                 	MOVW R30,R28
                 	SUBI R30,LOW(-@0)
                 	SBCI R31,HIGH(-@0)
                 	LD   R31,Z
                 	CLR  R30
                 	.ENDM
                 
                 	.MACRO __PUTB1SX
                 	MOVW R26,R28
                 	SUBI R26,LOW(-@0)
                 	SBCI R27,HIGH(-@0)
                 	ST   X,R30
                 	.ENDM
                 
                 	.MACRO __PUTW1SX
                 	MOVW R26,R28
                 	SUBI R26,LOW(-@0)
                 	SBCI R27,HIGH(-@0)
                 	ST   X+,R30
                 	ST   X,R31
                 	.ENDM
                 
                 	.MACRO __PUTD1SX
                 	MOVW R26,R28
                 	SUBI R26,LOW(-@0)
                 	SBCI R27,HIGH(-@0)
                 	ST   X+,R30
                 	ST   X+,R31
                 	ST   X+,R22
                 	ST   X,R23
                 	.ENDM
                 
                 	.MACRO __CLRW1SX
                 	MOVW R26,R28
                 	SUBI R26,LOW(-@0)
                 	SBCI R27,HIGH(-@0)
                 	ST   X+,R30
                 	ST   X,R30
                 	.ENDM
                 
                 	.MACRO __CLRD1SX
                 	MOVW R26,R28
                 	SUBI R26,LOW(-@0)
                 	SBCI R27,HIGH(-@0)
                 	ST   X+,R30
                 	ST   X+,R30
                 	ST   X+,R30
                 	ST   X,R30
                 	.ENDM
                 
                 	.MACRO __PUTB2SX
                 	MOVW R30,R28
                 	SUBI R30,LOW(-@0)
                 	SBCI R31,HIGH(-@0)
                 	ST   Z,R26
                 	.ENDM
                 
                 	.MACRO __PUTW2SX
                 	MOVW R30,R28
                 	SUBI R30,LOW(-@0)
                 	SBCI R31,HIGH(-@0)
                 	ST   Z+,R26
                 	ST   Z,R27
                 	.ENDM
                 
                 	.MACRO __PUTD2SX
                 	MOVW R30,R28
                 	SUBI R30,LOW(-@0)
                 	SBCI R31,HIGH(-@0)
                 	ST   Z+,R26
                 	ST   Z+,R27
                 	ST   Z+,R24
                 	ST   Z,R25
                 	.ENDM
                 
                 	.MACRO __PUTBSRX
                 	MOVW R30,R28
                 	SUBI R30,LOW(-@1)
                 	SBCI R31,HIGH(-@1)
                 	ST   Z,R@0
                 	.ENDM
                 
                 	.MACRO __PUTWSRX
                 	MOVW R30,R28
                 	SUBI R30,LOW(-@2)
                 	SBCI R31,HIGH(-@2)
                 	ST   Z+,R@0
                 	ST   Z,R@1
                 	.ENDM
                 
                 	.MACRO __PUTB1SNX
                 	MOVW R26,R28
                 	SUBI R26,LOW(-@0)
                 	SBCI R27,HIGH(-@0)
                 	LD   R0,X+
                 	LD   R27,X
                 	MOV  R26,R0
                 	SUBI R26,LOW(-@1)
                 	SBCI R27,HIGH(-@1)
                 	ST   X,R30
                 	.ENDM
                 
                 	.MACRO __PUTW1SNX
                 	MOVW R26,R28
                 	SUBI R26,LOW(-@0)
                 	SBCI R27,HIGH(-@0)
                 	LD   R0,X+
                 	LD   R27,X
                 	MOV  R26,R0
                 	SUBI R26,LOW(-@1)
                 	SBCI R27,HIGH(-@1)
                 	ST   X+,R30
                 	ST   X,R31
                 	.ENDM
                 
                 	.MACRO __PUTD1SNX
                 	MOVW R26,R28
                 	SUBI R26,LOW(-@0)
                 	SBCI R27,HIGH(-@0)
                 	LD   R0,X+
                 	LD   R27,X
                 	MOV  R26,R0
                 	SUBI R26,LOW(-@1)
                 	SBCI R27,HIGH(-@1)
                 	ST   X+,R30
                 	ST   X+,R31
                 	ST   X+,R22
                 	ST   X,R23
                 	.ENDM
                 
                 	.MACRO __MULBRR
                 	MULS R@0,R@1
                 	MOVW R30,R0
                 	.ENDM
                 
                 	.MACRO __MULBRRU
                 	MUL  R@0,R@1
                 	MOVW R30,R0
                 	.ENDM
                 
                 	.MACRO __MULBRR0
                 	MULS R@0,R@1
                 	.ENDM
                 
                 	.MACRO __MULBRRU0
                 	MUL  R@0,R@1
                 	.ENDM
                 
                 	.MACRO __MULBNWRU
                 	LDI  R26,@2
                 	MUL  R26,R@0
                 	MOVW R30,R0
                 	MUL  R26,R@1
                 	ADD  R31,R0
                 	.ENDM
                 
                 ;NAME DEFINITIONS FOR GLOBAL VARIABLES ALLOCATED TO REGISTERS
                 	.DEF _Cmd_SetAddr=R5
                 	.DEF _Cmd_DispCtrl=R4
                 	.DEF __PointFlag=R7
                 	.DEF __DispType=R6
                 	.DEF _DecPoint=R9
                 	.DEF _BlankingFlag=R8
                 
                 	.CSEG
                 	.ORG 0x00
                 
                 ;START OF CODE MARKER
                 __START_OF_CODE:
                 
                 ;INTERRUPT VECTORS
000000 c021      	RJMP __RESET
000001 cffe      	RJMP 0x00
000002 cffd      	RJMP 0x00
000003 cffc      	RJMP 0x00
000004 cffb      	RJMP 0x00
000005 cffa      	RJMP 0x00
000006 cff9      	RJMP 0x00
000007 cff8      	RJMP 0x00
000008 cff7      	RJMP 0x00
000009 cff6      	RJMP 0x00
00000a cff5      	RJMP 0x00
00000b cff4      	RJMP 0x00
00000c cff3      	RJMP 0x00
00000d cff2      	RJMP 0x00
00000e cff1      	RJMP 0x00
00000f cff0      	RJMP 0x00
000010 cfef      	RJMP 0x00
000011 cfee      	RJMP 0x00
000012 cfed      	RJMP 0x00
                 
                 _0x3:
000013 063f
000014 4f5b
000015 6d66
000016 077d      	.DB  0x3F,0x6,0x5B,0x4F,0x66,0x6D,0x7D,0x7
000017 6f7f
000018 7c77
000019 5e39
00001a 7179      	.DB  0x7F,0x6F,0x77,0x7C,0x39,0x5E,0x79,0x71
D:\Projects AVR\TM1637_Pin\Debug\List\TM1637_Pin.asm(1123): warning: .cseg .db misalignment - padding zero byte
00001b 0040      	.DB  0x40
                 _0x40:
00001c 0100
00001d 0302      	.DB  0x0,0x1,0x2,0x3
                 
                 __GLOBAL_INI_TBL:
00001e 0011      	.DW  0x11
00001f 0160      	.DW  _TubeTab_G000
000020 0026      	.DW  _0x3*2
                 
                 _0xFFFFFFFF:
000021 0000      	.DW  0
                 
                 #define __GLOBAL_INI_TBL_PRESENT 1
                 
                 __RESET:
000022 94f8      	CLI
000023 27ee      	CLR  R30
000024 bbec      	OUT  EECR,R30
                 
                 ;INTERRUPT VECTORS ARE PLACED
                 ;AT THE START OF FLASH
000025 e0f1      	LDI  R31,1
000026 bffb      	OUT  GICR,R31
000027 bfeb      	OUT  GICR,R30
000028 bfe5      	OUT  MCUCR,R30
                 
                 ;CLEAR R2-R14
000029 e08d      	LDI  R24,(14-2)+1
00002a e0a2      	LDI  R26,2
00002b 27bb      	CLR  R27
                 __CLEAR_REG:
00002c 93ed      	ST   X+,R30
00002d 958a      	DEC  R24
00002e f7e9      	BRNE __CLEAR_REG
                 
                 ;CLEAR SRAM
00002f e080      	LDI  R24,LOW(__CLEAR_SRAM_SIZE)
000030 e094      	LDI  R25,HIGH(__CLEAR_SRAM_SIZE)
000031 e6a0      	LDI  R26,__SRAM_START
                 __CLEAR_SRAM:
000032 93ed      	ST   X+,R30
000033 9701      	SBIW R24,1
000034 f7e9      	BRNE __CLEAR_SRAM
                 
                 ;GLOBAL VARIABLES INITIALIZATION
000035 e3ec      	LDI  R30,LOW(__GLOBAL_INI_TBL*2)
000036 e0f0      	LDI  R31,HIGH(__GLOBAL_INI_TBL*2)
                 __GLOBAL_INI_NEXT:
000037 9185      	LPM  R24,Z+
000038 9195      	LPM  R25,Z+
000039 9700      	SBIW R24,0
00003a f061      	BREQ __GLOBAL_INI_END
00003b 91a5      	LPM  R26,Z+
00003c 91b5      	LPM  R27,Z+
00003d 9005      	LPM  R0,Z+
00003e 9015      	LPM  R1,Z+
00003f 01bf      	MOVW R22,R30
000040 01f0      	MOVW R30,R0
                 __GLOBAL_INI_LOOP:
000041 9005      	LPM  R0,Z+
000042 920d      	ST   X+,R0
000043 9701      	SBIW R24,1
000044 f7e1      	BRNE __GLOBAL_INI_LOOP
000045 01fb      	MOVW R30,R22
000046 cff0      	RJMP __GLOBAL_INI_NEXT
                 __GLOBAL_INI_END:
                 
                 ;HARDWARE STACK POINTER INITIALIZATION
000047 e5ef      	LDI  R30,LOW(__SRAM_END-__HEAP_SIZE)
000048 bfed      	OUT  SPL,R30
000049 e0e4      	LDI  R30,HIGH(__SRAM_END-__HEAP_SIZE)
00004a bfee      	OUT  SPH,R30
                 
                 ;DATA STACK POINTER INITIALIZATION
00004b e6c0      	LDI  R28,LOW(__SRAM_START+__DSTACK_SIZE)
00004c e0d1      	LDI  R29,HIGH(__SRAM_START+__DSTACK_SIZE)
                 
00004d c17e      	RJMP _main
                 
                 	.ESEG
                 	.ORG 0
                 
                 	.DSEG
                 	.ORG 0x160
                 
                 	.CSEG
                 ;/*******************************************************
                 ;This program was created by the
                 ;CodeWizardAVR V3.12 Advanced
                 ;Automatic Program Generator
                 ;© Copyright 1998-2014 Pavel Haiduc, HP InfoTech s.r.l.
                 ;http://www.hpinfotech.com
                 ;
                 ;Project :
                 ;Version :
                 ;Date    : 15.02.2018
                 ;Author  :
                 ;Company :
                 ;Comments:
                 ;
                 ;
                 ;Chip type               : ATmega8A
                 ;Program type            : Application
                 ;AVR Core Clock frequency: 8,000000 MHz
                 ;Memory model            : Small
                 ;External RAM size       : 0
                 ;Data Stack size         : 256
                 ;*******************************************************/
                 ;
                 ;#include <mega8.h>
                 	#ifndef __SLEEP_DEFINED__
                 	#define __SLEEP_DEFINED__
                 	.EQU __se_bit=0x80
                 	.EQU __sm_mask=0x70
                 	.EQU __sm_powerdown=0x20
                 	.EQU __sm_powersave=0x30
                 	.EQU __sm_standby=0x60
                 	.EQU __sm_ext_standby=0x70
                 	.EQU __sm_adc_noise_red=0x10
                 	.SET power_ctrl_reg=mcucr
                 	#endif
                 ;#include "TM1637.h"
                 
                 	.DSEG
                 
                 	.CSEG
                 _TM1637_writeByte:
                 ; .FSTART _TM1637_writeByte
00004e 93aa      	ST   -Y,R26
00004f 931a      	ST   -Y,R17
                 ;	wr_data -> Y+1
                 ;	i -> R17
000050 e010      	LDI  R17,LOW(0)
                 _0x5:
000051 3018      	CPI  R17,8
000052 f498      	BRSH _0x6
000053 98c0      	CBI  0x18,0
000054 81e9      	LDD  R30,Y+1
000055 70e1      	ANDI R30,LOW(0x1)
000056 f011      	BREQ _0x7
000057 9ac1      	SBI  0x18,1
000058 c001      	RJMP _0x8
                 _0x7:
000059 98c1      	CBI  0x18,1
                 _0x8:
                +
00005a e088     +LDI R24 , LOW ( 8 )
                +__DELAY_USB_LOOP :
00005b 958a     +DEC R24
00005c f7f1     +BRNE __DELAY_USB_LOOP
                 	__DELAY_USB 8
00005d 81e9      	LDD  R30,Y+1
00005e 95e6      	LSR  R30
00005f 83e9      	STD  Y+1,R30
000060 9ac0      	SBI  0x18,0
                +
000061 e088     +LDI R24 , LOW ( 8 )
                +__DELAY_USB_LOOP :
000062 958a     +DEC R24
000063 f7f1     +BRNE __DELAY_USB_LOOP
                 	__DELAY_USB 8
000064 5f1f      	SUBI R17,-1
000065 cfeb      	RJMP _0x5
                 _0x6:
000066 98c0      	CBI  0x18,0
                +
000067 e08d     +LDI R24 , LOW ( 13 )
                +__DELAY_USB_LOOP :
000068 958a     +DEC R24
000069 f7f1     +BRNE __DELAY_USB_LOOP
                 	__DELAY_USB 13
00006a 98b9      	CBI  0x17,1
                 _0x9:
00006b 99b1      	SBIC 0x16,1
00006c cffe      	RJMP _0x9
00006d 9ab9      	SBI  0x17,1
00006e d19e      	RCALL SUBOPT_0x0
00006f 98c0      	CBI  0x18,0
000070 c054      	RJMP _0x2000004
                 ; .FEND
                 _TM1637_start:
                 ; .FSTART _TM1637_start
000071 9ac0      	SBI  0x18,0
000072 9ac1      	SBI  0x18,1
000073 d19e      	RCALL SUBOPT_0x1
000074 9508      	RET
                 ; .FEND
                 _TM1637_stop:
                 ; .FSTART _TM1637_stop
000075 98c0      	CBI  0x18,0
000076 d19b      	RCALL SUBOPT_0x1
                +
000077 e085     +LDI R24 , LOW ( 5 )
                +__DELAY_USB_LOOP :
000078 958a     +DEC R24
000079 f7f1     +BRNE __DELAY_USB_LOOP
                 	__DELAY_USB 5
00007a d192      	RCALL SUBOPT_0x0
00007b 9ac1      	SBI  0x18,1
00007c 9508      	RET
                 ; .FEND
                 _TM1637_coding_all:
                 ; .FSTART _TM1637_coding_all
00007d 93ba      	ST   -Y,R27
00007e 93aa      	ST   -Y,R26
00007f d3bd      	RCALL __SAVELOCR2
                 ;	DispData -> Y+2
                 ;	PointData -> R17
                 ;	i -> R16
000080 e0e1      	LDI  R30,LOW(1)
000081 15e7      	CP   R30,R7
000082 f411      	BRNE _0xC
000083 e810      	LDI  R17,LOW(128)
000084 c001      	RJMP _0xD
                 _0xC:
000085 e010      	LDI  R17,LOW(0)
                 _0xD:
000086 e000      	LDI  R16,LOW(0)
                 _0xF:
000087 3004      	CPI  R16,4
000088 f4c0      	BRSH _0x10
000089 d18d      	RCALL SUBOPT_0x2
00008a 91ac      	LD   R26,X
00008b 37af      	CPI  R26,LOW(0x7F)
00008c f411      	BRNE _0x11
00008d d189      	RCALL SUBOPT_0x2
00008e c00b      	RJMP _0x45
                 _0x11:
00008f 2fe0      	MOV  R30,R16
000090 81aa      	LDD  R26,Y+2
000091 81bb      	LDD  R27,Y+2+1
000092 e0f0      	LDI  R31,0
000093 0fea      	ADD  R30,R26
000094 1ffb      	ADC  R31,R27
000095 010f      	MOVW R0,R30
000096 d180      	RCALL SUBOPT_0x2
000097 91ec      	LD   R30,X
000098 d184      	RCALL SUBOPT_0x3
000099 01d0      	MOVW R26,R0
                 _0x45:
00009a 93ec      	ST   X,R30
00009b d17b      	RCALL SUBOPT_0x2
00009c 91ec      	LD   R30,X
00009d 58e0      	SUBI R30,-LOW(128)
00009e 93ec      	ST   X,R30
00009f 5f0f      	SUBI R16,-1
0000a0 cfe6      	RJMP _0xF
                 _0x10:
0000a1 e0e1      	LDI  R30,LOW(1)
0000a2 15e6      	CP   R30,R6
0000a3 f419      	BRNE _0x14
0000a4 e0e3      	LDI  R30,LOW(3)
0000a5 15e9      	CP   R30,R9
0000a6 f409      	BRNE _0x15
                 _0x14:
0000a7 c00a      	RJMP _0x13
                 _0x15:
0000a8 81aa      	LDD  R26,Y+2
0000a9 81bb      	LDD  R27,Y+2+1
0000aa 27ee      	CLR  R30
0000ab 0da9      	ADD  R26,R9
0000ac 1fbe      	ADC  R27,R30
0000ad 91ec      	LD   R30,X
0000ae 58e0      	SUBI R30,-LOW(128)
0000af 93ec      	ST   X,R30
0000b0 e0e3      	LDI  R30,LOW(3)
0000b1 2e9e      	MOV  R9,R30
                 _0x13:
0000b2 d38f      	RCALL __LOADLOCR2
0000b3 9624      	ADIW R28,4
0000b4 9508      	RET
                 ; .FEND
                 _TM1637_coding:
                 ; .FSTART _TM1637_coding
0000b5 93aa      	ST   -Y,R26
0000b6 931a      	ST   -Y,R17
                 ;	DispData -> Y+1
                 ;	PointData -> R17
0000b7 e0e1      	LDI  R30,LOW(1)
0000b8 15e7      	CP   R30,R7
0000b9 f411      	BRNE _0x16
0000ba e810      	LDI  R17,LOW(128)
0000bb c001      	RJMP _0x17
                 _0x16:
0000bc e010      	LDI  R17,LOW(0)
                 _0x17:
0000bd 81a9      	LDD  R26,Y+1
0000be 37af      	CPI  R26,LOW(0x7F)
0000bf f411      	BRNE _0x18
0000c0 2fe1      	MOV  R30,R17
0000c1 c002      	RJMP _0x46
                 _0x18:
0000c2 81e9      	LDD  R30,Y+1
0000c3 d159      	RCALL SUBOPT_0x3
                 _0x46:
0000c4 83e9      	STD  Y+1,R30
                 _0x2000004:
0000c5 8118      	LDD  R17,Y+0
0000c6 9622      	ADIW R28,2
0000c7 9508      	RET
                 ; .FEND
                 _TM1637_display_all:
                 ; .FSTART _TM1637_display_all
0000c8 93ba      	ST   -Y,R27
0000c9 93aa      	ST   -Y,R26
0000ca 9724      	SBIW R28,4
0000cb 931a      	ST   -Y,R17
                 ;	DispData -> Y+5
                 ;	SegData -> Y+1
                 ;	i -> R17
0000cc e010      	LDI  R17,LOW(0)
                 _0x1B:
0000cd 3014      	CPI  R17,4
0000ce f470      	BRSH _0x1C
0000cf d153      	RCALL SUBOPT_0x4
0000d0 0fea      	ADD  R30,R26
0000d1 1ffb      	ADC  R31,R27
0000d2 010f      	MOVW R0,R30
0000d3 81ad      	LDD  R26,Y+5
0000d4 81be      	LDD  R27,Y+5+1
0000d5 27ee      	CLR  R30
0000d6 0fa1      	ADD  R26,R17
0000d7 1fbe      	ADC  R27,R30
0000d8 91ec      	LD   R30,X
0000d9 01d0      	MOVW R26,R0
0000da 93ec      	ST   X,R30
0000db 5f1f      	SUBI R17,-1
0000dc cff0      	RJMP _0x1B
                 _0x1C:
0000dd 01de      	MOVW R26,R28
0000de 9611      	ADIW R26,1
0000df df9d      	RCALL _TM1637_coding_all
0000e0 df90      	RCALL _TM1637_start
0000e1 e4a0      	LDI  R26,LOW(64)
0000e2 d145      	RCALL SUBOPT_0x5
0000e3 df8d      	RCALL _TM1637_start
0000e4 2da5      	MOV  R26,R5
0000e5 df68      	RCALL _TM1637_writeByte
0000e6 e010      	LDI  R17,LOW(0)
                 _0x1E:
0000e7 3014      	CPI  R17,4
0000e8 f438      	BRSH _0x1F
0000e9 d139      	RCALL SUBOPT_0x4
0000ea 0fae      	ADD  R26,R30
0000eb 1fbf      	ADC  R27,R31
0000ec 91ac      	LD   R26,X
0000ed df60      	RCALL _TM1637_writeByte
0000ee 5f1f      	SUBI R17,-1
0000ef cff7      	RJMP _0x1E
                 _0x1F:
0000f0 df84      	RCALL _TM1637_stop
0000f1 df7f      	RCALL _TM1637_start
0000f2 2da4      	MOV  R26,R4
0000f3 d134      	RCALL SUBOPT_0x5
0000f4 8118      	LDD  R17,Y+0
0000f5 9627      	ADIW R28,7
0000f6 9508      	RET
                 ; .FEND
                 _TM1637_display:
                 ; .FSTART _TM1637_display
0000f7 93aa      	ST   -Y,R26
0000f8 931a      	ST   -Y,R17
                 ;	BitAddr -> Y+2
                 ;	DispData -> Y+1
                 ;	SegData -> R17
0000f9 81a9      	LDD  R26,Y+1
0000fa dfba      	RCALL _TM1637_coding
0000fb 2f1e      	MOV  R17,R30
0000fc df74      	RCALL _TM1637_start
0000fd e4a4      	LDI  R26,LOW(68)
0000fe d129      	RCALL SUBOPT_0x5
0000ff df71      	RCALL _TM1637_start
000100 81ea      	LDD  R30,Y+2
000101 6ce0      	ORI  R30,LOW(0xC0)
000102 2fae      	MOV  R26,R30
000103 df4a      	RCALL _TM1637_writeByte
000104 2fa1      	MOV  R26,R17
000105 d122      	RCALL SUBOPT_0x5
000106 df6a      	RCALL _TM1637_start
000107 2da4      	MOV  R26,R4
000108 d11f      	RCALL SUBOPT_0x5
000109 8118      	LDD  R17,Y+0
00010a c0bf      	RJMP _0x2000001
                 ; .FEND
                 _TM1637_display_int_decimal:
                 ; .FSTART _TM1637_display_int_decimal
00010b 93ba      	ST   -Y,R27
00010c 93aa      	ST   -Y,R26
00010d 9724      	SBIW R28,4
                 ;	Decimal -> Y+4
                 ;	temp -> Y+0
00010e d11b      	RCALL SUBOPT_0x6
00010f 31a0      	CPI  R26,LOW(0x2710)
000110 e2e7      	LDI  R30,HIGH(0x2710)
000111 07be      	CPC  R27,R30
000112 f42c      	BRGE _0x21
000113 d116      	RCALL SUBOPT_0x6
000114 31a9      	CPI  R26,LOW(0xFC19)
000115 efec      	LDI  R30,HIGH(0xFC19)
000116 07be      	CPC  R27,R30
000117 f40c      	BRGE _0x20
                 _0x21:
000118 c037      	RJMP _0x2000003
                 _0x20:
000119 81ad      	LDD  R26,Y+5
00011a 23aa      	TST  R26
00011b f4aa      	BRPL _0x23
00011c e1e0      	LDI  R30,LOW(16)
00011d 83e8      	ST   Y,R30
00011e 81ec      	LDD  R30,Y+4
00011f 81fd      	LDD  R31,Y+4+1
000120 95e0      	COM  R30
000121 95f0      	COM  R31
000122 9631      	ADIW R30,1
000123 d109      	RCALL SUBOPT_0x7
000124 d10b      	RCALL SUBOPT_0x8
000125 d10d      	RCALL SUBOPT_0x9
000126 d112      	RCALL SUBOPT_0xA
000127 d114      	RCALL SUBOPT_0xB
000128 f039      	BREQ _0x24
000129 81e9      	LDD  R30,Y+1
00012a 30e0      	CPI  R30,0
00012b f421      	BRNE _0x25
00012c d117      	RCALL SUBOPT_0xC
00012d f411      	BRNE _0x26
00012e e1e1      	LDI  R30,LOW(17)
00012f 83ea      	STD  Y+2,R30
                 _0x26:
                 _0x25:
                 _0x24:
000130 c01b      	RJMP _0x27
                 _0x23:
000131 d0f8      	RCALL SUBOPT_0x6
000132 eee8      	LDI  R30,LOW(1000)
000133 e0f3      	LDI  R31,HIGH(1000)
000134 d2c8      	RCALL __DIVW21
000135 83e8      	ST   Y,R30
000136 d0f3      	RCALL SUBOPT_0x6
000137 eee8      	LDI  R30,LOW(1000)
000138 e0f3      	LDI  R31,HIGH(1000)
000139 d2c8      	RCALL __MODW21
00013a d0f2      	RCALL SUBOPT_0x7
00013b d0f4      	RCALL SUBOPT_0x8
00013c d0f6      	RCALL SUBOPT_0x9
00013d d0fb      	RCALL SUBOPT_0xA
00013e d0fd      	RCALL SUBOPT_0xB
00013f f061      	BREQ _0x28
000140 81e8      	LD   R30,Y
000141 30e0      	CPI  R30,0
000142 f449      	BRNE _0x29
000143 e1e1      	LDI  R30,LOW(17)
000144 83e8      	ST   Y,R30
000145 81e9      	LDD  R30,Y+1
000146 30e0      	CPI  R30,0
000147 f421      	BRNE _0x2A
000148 d0fb      	RCALL SUBOPT_0xC
000149 f411      	BRNE _0x2B
00014a e1e1      	LDI  R30,LOW(17)
00014b 83ea      	STD  Y+2,R30
                 _0x2B:
                 _0x2A:
                 _0x29:
                 _0x28:
                 _0x27:
00014c e0e1      	LDI  R30,LOW(1)
00014d 2e8e      	MOV  R8,R30
00014e 01de      	MOVW R26,R28
00014f df78      	RCALL _TM1637_display_all
                 _0x2000003:
000150 9626      	ADIW R28,6
000151 9508      	RET
                 ; .FEND
                 _TM1637_display_float_decimal:
                 ; .FSTART _TM1637_display_float_decimal
000152 d2cb      	RCALL __PUTPARD2
000153 d2e7      	RCALL __SAVELOCR4
                 ;	Decimal -> Y+4
                 ;	temp -> R16,R17
                 ;	i -> R19
000154 d0f4      	RCALL SUBOPT_0xD
                +
000155 e0e0     +LDI R30 , LOW ( 0x461C3C00 )
000156 e3fc     +LDI R31 , HIGH ( 0x461C3C00 )
000157 e16c     +LDI R22 , BYTE3 ( 0x461C3C00 )
000158 e476     +LDI R23 , BYTE4 ( 0x461C3C00 )
                 	__GETD1N 0x461C3C00
000159 d25a      	RCALL __CMPF12
00015a f009      	BREQ PC+2
00015b f408      	BRCC PC+2
00015c c001      	RJMP _0x2C
00015d c049      	RJMP _0x2000002
                 _0x2C:
00015e d0ea      	RCALL SUBOPT_0xD
                +
00015f e0e0     +LDI R30 , LOW ( 0xC479C000 )
000160 ecf0     +LDI R31 , HIGH ( 0xC479C000 )
000161 e769     +LDI R22 , BYTE3 ( 0xC479C000 )
000162 ec74     +LDI R23 , BYTE4 ( 0xC479C000 )
                 	__GETD1N 0xC479C000
000163 d250      	RCALL __CMPF12
000164 f408      	BRSH _0x2E
000165 c041      	RJMP _0x2000002
                 _0x2E:
000166 d0e2      	RCALL SUBOPT_0xD
000167 d2cd      	RCALL __CPD02
000168 f4dc      	BRGE _0x2F
000169 e033      	LDI  R19,LOW(3)
                 _0x31:
00016a 3031      	CPI  R19,1
00016b f060      	BRLO _0x32
00016c d0dc      	RCALL SUBOPT_0xD
                +
00016d e0e0     +LDI R30 , LOW ( 0x447A0000 )
00016e e0f0     +LDI R31 , HIGH ( 0x447A0000 )
00016f e76a     +LDI R22 , BYTE3 ( 0x447A0000 )
000170 e474     +LDI R23 , BYTE4 ( 0x447A0000 )
                 	__GETD1N 0x447A0000
000171 d242      	RCALL __CMPF12
000172 f410      	BRSH _0x33
000173 d0da      	RCALL SUBOPT_0xE
000174 c001      	RJMP _0x34
                 _0x33:
000175 c002      	RJMP _0x32
                 _0x34:
000176 5031      	SUBI R19,1
000177 cff2      	RJMP _0x31
                 _0x32:
000178 d0e0      	RCALL SUBOPT_0xF
000179 01f8      	MOVW R30,R16
00017a d0ce      	RCALL SUBOPT_0xD
00017b d264      	RCALL __CWD1
00017c d164      	RCALL __CDF1
00017d d0e2      	RCALL SUBOPT_0x10
00017e f009      	BREQ PC+2
00017f f408      	BRCC PC+2
000180 c002      	RJMP _0x35
                +
000181 5f0f     +SUBI R16 , LOW ( - 1 )
000182 4f1f     +SBCI R17 , HIGH ( - 1 )
                 	__ADDWRN 16,17,1
                 _0x35:
000183 c01f      	RJMP _0x36
                 _0x2F:
000184 e033      	LDI  R19,LOW(3)
                 _0x38:
000185 3032      	CPI  R19,2
000186 f070      	BRLO _0x39
000187 d0c1      	RCALL SUBOPT_0xD
                +
000188 e0e0     +LDI R30 , LOW ( 0xC2C80000 )
000189 e0f0     +LDI R31 , HIGH ( 0xC2C80000 )
00018a ec68     +LDI R22 , BYTE3 ( 0xC2C80000 )
00018b ec72     +LDI R23 , BYTE4 ( 0xC2C80000 )
                 	__GETD1N 0xC2C80000
00018c d227      	RCALL __CMPF12
00018d f009      	BREQ PC+2
00018e f408      	BRCC PC+2
00018f c002      	RJMP _0x3A
000190 d0bd      	RCALL SUBOPT_0xE
000191 c001      	RJMP _0x3B
                 _0x3A:
000192 c002      	RJMP _0x39
                 _0x3B:
000193 5031      	SUBI R19,1
000194 cff0      	RJMP _0x38
                 _0x39:
000195 d0c3      	RCALL SUBOPT_0xF
                +
000196 81ec     +LDD R30 , Y + 4
000197 81fd     +LDD R31 , Y + 4 + 1
000198 816e     +LDD R22 , Y + 4 + 2
000199 817f     +LDD R23 , Y + 4 + 3
                 	__GETD1S 4
00019a 01d8      	MOVW R26,R16
00019b d249      	RCALL __CWD2
00019c d288      	RCALL __CDF2
00019d d0c2      	RCALL SUBOPT_0x10
00019e f009      	BREQ PC+2
00019f f408      	BRCC PC+2
0001a0 c002      	RJMP _0x3C
                +
0001a1 5001     +SUBI R16 , LOW ( 1 )
0001a2 4010     +SBCI R17 , HIGH ( 1 )
                 	__SUBWRN 16,17,1
                 _0x3C:
                 _0x36:
0001a3 2e93      	MOV  R9,R19
0001a4 2488      	CLR  R8
0001a5 01d8      	MOVW R26,R16
0001a6 df64      	RCALL _TM1637_display_int_decimal
                 _0x2000002:
0001a7 d298      	RCALL __LOADLOCR4
0001a8 9628      	ADIW R28,8
0001a9 9508      	RET
                 ; .FEND
                 _TM1637_clearDisplay:
                 ; .FSTART _TM1637_clearDisplay
0001aa e0e0      	LDI  R30,LOW(0)
0001ab d0be      	RCALL SUBOPT_0x11
0001ac e0e1      	LDI  R30,LOW(1)
0001ad d0bc      	RCALL SUBOPT_0x11
0001ae e0e2      	LDI  R30,LOW(2)
0001af d0ba      	RCALL SUBOPT_0x11
0001b0 e0e3      	LDI  R30,LOW(3)
0001b1 d0b8      	RCALL SUBOPT_0x11
0001b2 9508      	RET
                 ; .FEND
                 _TM1637_init:
                 ; .FSTART _TM1637_init
0001b3 93aa      	ST   -Y,R26
                 ;	DispType -> Y+0
0001b4 b3e7      	IN   R30,0x17
0001b5 60e3      	ORI  R30,LOW(0x3)
0001b6 bbe7      	OUT  0x17,R30
0001b7 8068      	LDD  R6,Y+0
0001b8 e0e1      	LDI  R30,LOW(1)
0001b9 2e8e      	MOV  R8,R30
0001ba 15e6      	CP   R30,R6
0001bb f411      	BRNE _0x3D
0001bc 2e7e      	MOV  R7,R30
0001bd c001      	RJMP _0x3E
                 _0x3D:
0001be 2477      	CLR  R7
                 _0x3E:
0001bf e0e3      	LDI  R30,LOW(3)
0001c0 2e9e      	MOV  R9,R30
0001c1 dfe8      	RCALL _TM1637_clearDisplay
0001c2 9621      	ADIW R28,1
0001c3 9508      	RET
                 ; .FEND
                 _TM1637_set:
                 ; .FSTART _TM1637_set
0001c4 93aa      	ST   -Y,R26
                 ;	brightness -> Y+2
                 ;	DispOnOff -> Y+1
                 ;	SetAddr -> Y+0
0001c5 8058      	LDD  R5,Y+0
0001c6 81ea      	LDD  R30,Y+2
0001c7 81a9      	LDD  R26,Y+1
0001c8 0fea      	ADD  R30,R26
0001c9 2e4e      	MOV  R4,R30
                 _0x2000001:
0001ca 9623      	ADIW R28,3
0001cb 9508      	RET
                 ; .FEND
                 ;	PointFlag -> Y+0
                 ;
                 ;// Declare your global variables here
                 ;
                 ;unsigned char SegData1[4]={0,1,2,3};//çàïèñûâàåì â ìàññèâ öèôðû 0,1,2,3
                 
                 	.DSEG
                 ;
                 ;void main(void)
                 ; 0000 0020 {
                 
                 	.CSEG
                 _main:
                 ; .FSTART _main
                 ; 0000 0021 // Declare your local variables here
                 ; 0000 0022 
                 ; 0000 0023 // Input/Output Ports initialization
                 ; 0000 0024 // Port B initialization
                 ; 0000 0025 // Function: Bit7=In Bit6=In Bit5=In Bit4=In Bit3=In Bit2=In Bit1=Out Bit0=Out
                 ; 0000 0026 DDRB=(0<<DDB7) | (0<<DDB6) | (0<<DDB5) | (0<<DDB4) | (0<<DDB3) | (0<<DDB2) | (1<<DDB1) | (1<<DDB0);
0001cc e0e3      	LDI  R30,LOW(3)
0001cd bbe7      	OUT  0x17,R30
                 ; 0000 0027 // State: Bit7=T Bit6=T Bit5=T Bit4=T Bit3=T Bit2=T Bit1=1 Bit0=1
                 ; 0000 0028 PORTB=(0<<PORTB7) | (0<<PORTB6) | (0<<PORTB5) | (0<<PORTB4) | (0<<PORTB3) | (0<<PORTB2) | (1<<PORTB1) | (1<<PORTB0);
0001ce bbe8      	OUT  0x18,R30
                 ; 0000 0029 
                 ; 0000 002A // Port C initialization
                 ; 0000 002B // Function: Bit6=In Bit5=In Bit4=In Bit3=In Bit2=In Bit1=In Bit0=In
                 ; 0000 002C DDRC=(0<<DDC6) | (0<<DDC5) | (0<<DDC4) | (0<<DDC3) | (0<<DDC2) | (0<<DDC1) | (0<<DDC0);
0001cf e0e0      	LDI  R30,LOW(0)
0001d0 bbe4      	OUT  0x14,R30
                 ; 0000 002D // State: Bit6=T Bit5=T Bit4=T Bit3=T Bit2=T Bit1=T Bit0=T
                 ; 0000 002E PORTC=(0<<PORTC6) | (0<<PORTC5) | (0<<PORTC4) | (0<<PORTC3) | (0<<PORTC2) | (0<<PORTC1) | (0<<PORTC0);
0001d1 bbe5      	OUT  0x15,R30
                 ; 0000 002F 
                 ; 0000 0030 // Port D initialization
                 ; 0000 0031 // Function: Bit7=In Bit6=In Bit5=In Bit4=In Bit3=In Bit2=In Bit1=In Bit0=In
                 ; 0000 0032 DDRD=(0<<DDD7) | (0<<DDD6) | (0<<DDD5) | (0<<DDD4) | (0<<DDD3) | (0<<DDD2) | (0<<DDD1) | (0<<DDD0);
0001d2 bbe1      	OUT  0x11,R30
                 ; 0000 0033 // State: Bit7=T Bit6=T Bit5=T Bit4=T Bit3=T Bit2=T Bit1=T Bit0=T
                 ; 0000 0034 PORTD=(0<<PORTD7) | (0<<PORTD6) | (0<<PORTD5) | (0<<PORTD4) | (0<<PORTD3) | (0<<PORTD2) | (0<<PORTD1) | (0<<PORTD0);
0001d3 bbe2      	OUT  0x12,R30
                 ; 0000 0035 
                 ; 0000 0036 // Timer/Counter 0 initialization
                 ; 0000 0037 // Clock source: System Clock
                 ; 0000 0038 // Clock value: Timer 0 Stopped
                 ; 0000 0039 TCCR0=(0<<CS02) | (0<<CS01) | (0<<CS00);
0001d4 bfe3      	OUT  0x33,R30
                 ; 0000 003A TCNT0=0x00;
0001d5 bfe2      	OUT  0x32,R30
                 ; 0000 003B 
                 ; 0000 003C // Timer/Counter 1 initialization
                 ; 0000 003D // Clock source: System Clock
                 ; 0000 003E // Clock value: Timer1 Stopped
                 ; 0000 003F // Mode: Normal top=0xFFFF
                 ; 0000 0040 // OC1A output: Disconnected
                 ; 0000 0041 // OC1B output: Disconnected
                 ; 0000 0042 // Noise Canceler: Off
                 ; 0000 0043 // Input Capture on Falling Edge
                 ; 0000 0044 // Timer1 Overflow Interrupt: Off
                 ; 0000 0045 // Input Capture Interrupt: Off
                 ; 0000 0046 // Compare A Match Interrupt: Off
                 ; 0000 0047 // Compare B Match Interrupt: Off
                 ; 0000 0048 TCCR1A=(0<<COM1A1) | (0<<COM1A0) | (0<<COM1B1) | (0<<COM1B0) | (0<<WGM11) | (0<<WGM10);
0001d6 bdef      	OUT  0x2F,R30
                 ; 0000 0049 TCCR1B=(0<<ICNC1) | (0<<ICES1) | (0<<WGM13) | (0<<WGM12) | (0<<CS12) | (0<<CS11) | (0<<CS10);
0001d7 bdee      	OUT  0x2E,R30
                 ; 0000 004A TCNT1H=0x00;
0001d8 bded      	OUT  0x2D,R30
                 ; 0000 004B TCNT1L=0x00;
0001d9 bdec      	OUT  0x2C,R30
                 ; 0000 004C ICR1H=0x00;
0001da bde7      	OUT  0x27,R30
                 ; 0000 004D ICR1L=0x00;
0001db bde6      	OUT  0x26,R30
                 ; 0000 004E OCR1AH=0x00;
0001dc bdeb      	OUT  0x2B,R30
                 ; 0000 004F OCR1AL=0x00;
0001dd bdea      	OUT  0x2A,R30
                 ; 0000 0050 OCR1BH=0x00;
0001de bde9      	OUT  0x29,R30
                 ; 0000 0051 OCR1BL=0x00;
0001df bde8      	OUT  0x28,R30
                 ; 0000 0052 
                 ; 0000 0053 // Timer/Counter 2 initialization
                 ; 0000 0054 // Clock source: System Clock
                 ; 0000 0055 // Clock value: Timer2 Stopped
                 ; 0000 0056 // Mode: Normal top=0xFF
                 ; 0000 0057 // OC2 output: Disconnected
                 ; 0000 0058 ASSR=0<<AS2;
0001e0 bde2      	OUT  0x22,R30
                 ; 0000 0059 TCCR2=(0<<PWM2) | (0<<COM21) | (0<<COM20) | (0<<CTC2) | (0<<CS22) | (0<<CS21) | (0<<CS20);
0001e1 bde5      	OUT  0x25,R30
                 ; 0000 005A TCNT2=0x00;
0001e2 bde4      	OUT  0x24,R30
                 ; 0000 005B OCR2=0x00;
0001e3 bde3      	OUT  0x23,R30
                 ; 0000 005C 
                 ; 0000 005D // Timer(s)/Counter(s) Interrupt(s) initialization
                 ; 0000 005E TIMSK=(0<<OCIE2) | (0<<TOIE2) | (0<<TICIE1) | (0<<OCIE1A) | (0<<OCIE1B) | (0<<TOIE1) | (0<<TOIE0);
0001e4 bfe9      	OUT  0x39,R30
                 ; 0000 005F 
                 ; 0000 0060 // External Interrupt(s) initialization
                 ; 0000 0061 // INT0: Off
                 ; 0000 0062 // INT1: Off
                 ; 0000 0063 MCUCR=(0<<ISC11) | (0<<ISC10) | (0<<ISC01) | (0<<ISC00);
0001e5 bfe5      	OUT  0x35,R30
                 ; 0000 0064 
                 ; 0000 0065 // USART initialization
                 ; 0000 0066 // USART disabled
                 ; 0000 0067 UCSRB=(0<<RXCIE) | (0<<TXCIE) | (0<<UDRIE) | (0<<RXEN) | (0<<TXEN) | (0<<UCSZ2) | (0<<RXB8) | (0<<TXB8);
0001e6 b9ea      	OUT  0xA,R30
                 ; 0000 0068 
                 ; 0000 0069 // Analog Comparator initialization
                 ; 0000 006A // Analog Comparator: Off
                 ; 0000 006B // The Analog Comparator's positive input is
                 ; 0000 006C // connected to the AIN0 pin
                 ; 0000 006D // The Analog Comparator's negative input is
                 ; 0000 006E // connected to the AIN1 pin
                 ; 0000 006F ACSR=(1<<ACD) | (0<<ACBG) | (0<<ACO) | (0<<ACI) | (0<<ACIE) | (0<<ACIC) | (0<<ACIS1) | (0<<ACIS0);
0001e7 e8e0      	LDI  R30,LOW(128)
0001e8 b9e8      	OUT  0x8,R30
                 ; 0000 0070 SFIOR=(0<<ACME);
0001e9 e0e0      	LDI  R30,LOW(0)
0001ea bfe0      	OUT  0x30,R30
                 ; 0000 0071 
                 ; 0000 0072 // ADC initialization
                 ; 0000 0073 // ADC disabled
                 ; 0000 0074 ADCSRA=(0<<ADEN) | (0<<ADSC) | (0<<ADFR) | (0<<ADIF) | (0<<ADIE) | (0<<ADPS2) | (0<<ADPS1) | (0<<ADPS0);
0001eb b9e6      	OUT  0x6,R30
                 ; 0000 0075 
                 ; 0000 0076 // SPI initialization
                 ; 0000 0077 // SPI disabled
                 ; 0000 0078 SPCR=(0<<SPIE) | (0<<SPE) | (0<<DORD) | (0<<MSTR) | (0<<CPOL) | (0<<CPHA) | (0<<SPR1) | (0<<SPR0);
0001ec b9ed      	OUT  0xD,R30
                 ; 0000 0079 
                 ; 0000 007A // TWI initialization
                 ; 0000 007B // TWI disabled
                 ; 0000 007C TWCR=(0<<TWEA) | (0<<TWSTA) | (0<<TWSTO) | (0<<TWEN) | (0<<TWIE);
0001ed bfe6      	OUT  0x36,R30
                 ; 0000 007D 
                 ; 0000 007E TM1637_init(D4056A);//óñòàíàâëèâàåì ïèíû SCL è SDA
0001ee e0a1      	LDI  R26,LOW(1)
0001ef dfc3      	RCALL _TM1637_init
                 ; 0000 007F TM1637_set(2,DISPLAY_ON,STARTADDR);// ñòàâèì ¤ðêîñòü 2
0001f0 e0e2      	LDI  R30,LOW(2)
0001f1 93ea      	ST   -Y,R30
0001f2 e8e8      	LDI  R30,LOW(136)
0001f3 93ea      	ST   -Y,R30
0001f4 eca0      	LDI  R26,LOW(192)
0001f5 dfce      	RCALL _TM1637_set
                 ; 0000 0080 TM1637_clearDisplay();
0001f6 dfb3      	RCALL _TM1637_clearDisplay
                 ; 0000 0081 delay_ms(200);//íå çíàþ çà÷åì, íî òóïèì íåìíîãî
0001f7 eca8      	LDI  R26,LOW(200)
0001f8 e0b0      	LDI  R27,0
0001f9 d077      	RCALL _delay_ms
                 ; 0000 0082 TM1637_display(2,3);
0001fa e0e2      	LDI  R30,LOW(2)
0001fb 93ea      	ST   -Y,R30
0001fc e0a3      	LDI  R26,LOW(3)
0001fd def9      	RCALL _TM1637_display
                 ; 0000 0083 delay_ms(2000);
0001fe d06e      	RCALL SUBOPT_0x12
                 ; 0000 0084 TM1637_clearDisplay();
                 ; 0000 0085 TM1637_display_int_decimal(4235);
0001ff e8ab      	LDI  R26,LOW(4235)
000200 e1b0      	LDI  R27,HIGH(4235)
000201 df09      	RCALL _TM1637_display_int_decimal
                 ; 0000 0086 delay_ms(2000);
000202 d06a      	RCALL SUBOPT_0x12
                 ; 0000 0087 TM1637_clearDisplay();
                 ; 0000 0088 TM1637_display_float_decimal(15.6);
                +
000203 e9aa     +LDI R26 , LOW ( 0x4179999A )
000204 e9b9     +LDI R27 , HIGH ( 0x4179999A )
000205 e789     +LDI R24 , BYTE3 ( 0x4179999A )
000206 e491     +LDI R25 , BYTE4 ( 0x4179999A )
                 	__GETD2N 0x4179999A
000207 df4a      	RCALL _TM1637_display_float_decimal
                 ; 0000 0089 delay_ms(2000);
000208 eda0      	LDI  R26,LOW(2000)
000209 e0b7      	LDI  R27,HIGH(2000)
00020a d066      	RCALL _delay_ms
                 ; 0000 008A 
                 ; 0000 008B while (1)
                 _0x41:
                 ; 0000 008C       {
                 ; 0000 008D       // Place your code here
                 ; 0000 008E //      char j;
                 ; 0000 008F //      for (j=0;j<=15;j++)
                 ; 0000 0090 //		{
                 ; 0000 0091 //			SegData1[3]=j;
                 ; 0000 0092 //			SegData1[2]=j;
                 ; 0000 0093 //            SegData1[1]=j;
                 ; 0000 0094 //            SegData1[0]=j;
                 ; 0000 0095 //			TM1637_display_all(SegData1);
                 ; 0000 0096 //			delay_ms(800);
                 ; 0000 0097 //
                 ; 0000 0098 //		}
                 ; 0000 0099 
                 ; 0000 009A       }
00020b cfff      	RJMP _0x41
                 ; 0000 009B }
                 _0x44:
00020c cfff      	RJMP _0x44
                 ; .FEND
                 
                 	.DSEG
                 _TubeTab_G000:
000160           	.BYTE 0x12
                 
                 	.CSEG
                 ;OPTIMIZER ADDED SUBROUTINE, CALLED 2 TIMES, CODE SIZE REDUCTION:1 WORDS
                 SUBOPT_0x0:
00020d 9ac0      	SBI  0x18,0
                +
00020e e085     +LDI R24 , LOW ( 5 )
                +__DELAY_USB_LOOP :
00020f 958a     +DEC R24
000210 f7f1     +BRNE __DELAY_USB_LOOP
                 	__DELAY_USB 5
000211 9508      	RET
                 
                 ;OPTIMIZER ADDED SUBROUTINE, CALLED 2 TIMES, CODE SIZE REDUCTION:1 WORDS
                 SUBOPT_0x1:
                +
000212 e085     +LDI R24 , LOW ( 5 )
                +__DELAY_USB_LOOP :
000213 958a     +DEC R24
000214 f7f1     +BRNE __DELAY_USB_LOOP
                 	__DELAY_USB 5
000215 98c1      	CBI  0x18,1
000216 9508      	RET
                 
                 ;OPTIMIZER ADDED SUBROUTINE, CALLED 4 TIMES, CODE SIZE REDUCTION:10 WORDS
                 SUBOPT_0x2:
000217 81aa      	LDD  R26,Y+2
000218 81bb      	LDD  R27,Y+2+1
000219 27ee      	CLR  R30
00021a 0fa0      	ADD  R26,R16
00021b 1fbe      	ADC  R27,R30
00021c 9508      	RET
                 
                 ;OPTIMIZER ADDED SUBROUTINE, CALLED 2 TIMES, CODE SIZE REDUCTION:2 WORDS
                 SUBOPT_0x3:
00021d e0f0      	LDI  R31,0
00021e 5ae0      	SUBI R30,LOW(-_TubeTab_G000)
00021f 4ffe      	SBCI R31,HIGH(-_TubeTab_G000)
000220 81e0      	LD   R30,Z
000221 0fe1      	ADD  R30,R17
000222 9508      	RET
                 
                 ;OPTIMIZER ADDED SUBROUTINE, CALLED 2 TIMES, CODE SIZE REDUCTION:1 WORDS
                 SUBOPT_0x4:
000223 2fe1      	MOV  R30,R17
000224 e0f0      	LDI  R31,0
000225 01de      	MOVW R26,R28
000226 9611      	ADIW R26,1
000227 9508      	RET
                 
                 ;OPTIMIZER ADDED SUBROUTINE, CALLED 5 TIMES, CODE SIZE REDUCTION:2 WORDS
                 SUBOPT_0x5:
000228 de25      	RCALL _TM1637_writeByte
000229 ce4b      	RJMP _TM1637_stop
                 
                 ;OPTIMIZER ADDED SUBROUTINE, CALLED 12 TIMES, CODE SIZE REDUCTION:9 WORDS
                 SUBOPT_0x6:
00022a 81ac      	LDD  R26,Y+4
00022b 81bd      	LDD  R27,Y+4+1
00022c 9508      	RET
                 
                 ;OPTIMIZER ADDED SUBROUTINE, CALLED 4 TIMES, CODE SIZE REDUCTION:4 WORDS
                 SUBOPT_0x7:
00022d 83ec      	STD  Y+4,R30
00022e 83fd      	STD  Y+4+1,R31
00022f cffa      	RJMP SUBOPT_0x6
                 
                 ;OPTIMIZER ADDED SUBROUTINE, CALLED 4 TIMES, CODE SIZE REDUCTION:1 WORDS
                 SUBOPT_0x8:
000230 e6e4      	LDI  R30,LOW(100)
000231 e0f0      	LDI  R31,HIGH(100)
000232 9508      	RET
                 
                 ;OPTIMIZER ADDED SUBROUTINE, CALLED 2 TIMES, CODE SIZE REDUCTION:3 WORDS
                 SUBOPT_0x9:
000233 d1c9      	RCALL __DIVW21
000234 83e9      	STD  Y+1,R30
000235 dff4      	RCALL SUBOPT_0x6
000236 dff9      	RCALL SUBOPT_0x8
000237 d1ca      	RCALL __MODW21
000238 cff4      	RJMP SUBOPT_0x7
                 
                 ;OPTIMIZER ADDED SUBROUTINE, CALLED 4 TIMES, CODE SIZE REDUCTION:1 WORDS
                 SUBOPT_0xA:
000239 e0ea      	LDI  R30,LOW(10)
00023a e0f0      	LDI  R31,HIGH(10)
00023b 9508      	RET
                 
                 ;OPTIMIZER ADDED SUBROUTINE, CALLED 2 TIMES, CODE SIZE REDUCTION:4 WORDS
                 SUBOPT_0xB:
00023c d1c0      	RCALL __DIVW21
00023d 83ea      	STD  Y+2,R30
00023e dfeb      	RCALL SUBOPT_0x6
00023f dff9      	RCALL SUBOPT_0xA
000240 d1c1      	RCALL __MODW21
000241 83eb      	STD  Y+3,R30
000242 2088      	TST  R8
000243 9508      	RET
                 
                 ;OPTIMIZER ADDED SUBROUTINE, CALLED 2 TIMES, CODE SIZE REDUCTION:1 WORDS
                 SUBOPT_0xC:
000244 e1e1      	LDI  R30,LOW(17)
000245 83e9      	STD  Y+1,R30
000246 81ea      	LDD  R30,Y+2
000247 30e0      	CPI  R30,0
000248 9508      	RET
                 
                 ;OPTIMIZER ADDED SUBROUTINE, CALLED 8 TIMES, CODE SIZE REDUCTION:19 WORDS
                 SUBOPT_0xD:
                +
000249 81ac     +LDD R26 , Y + 4
00024a 81bd     +LDD R27 , Y + 4 + 1
00024b 818e     +LDD R24 , Y + 4 + 2
00024c 819f     +LDD R25 , Y + 4 + 3
                 	__GETD2S 4
00024d 9508      	RET
                 
                 ;OPTIMIZER ADDED SUBROUTINE, CALLED 2 TIMES, CODE SIZE REDUCTION:7 WORDS
                 SUBOPT_0xE:
00024e dffa      	RCALL SUBOPT_0xD
                +
00024f e0e0     +LDI R30 , LOW ( 0x41200000 )
000250 e0f0     +LDI R31 , HIGH ( 0x41200000 )
000251 e260     +LDI R22 , BYTE3 ( 0x41200000 )
000252 e471     +LDI R23 , BYTE4 ( 0x41200000 )
                 	__GETD1N 0x41200000
000253 d112      	RCALL __MULF12
                +
000254 83ec     +STD Y + 4 , R30
000255 83fd     +STD Y + 4 + 1 , R31
000256 836e     +STD Y + 4 + 2 , R22
000257 837f     +STD Y + 4 + 3 , R23
                 	__PUTD1S 4
000258 9508      	RET
                 
                 ;OPTIMIZER ADDED SUBROUTINE, CALLED 2 TIMES, CODE SIZE REDUCTION:3 WORDS
                 SUBOPT_0xF:
                +
000259 81ec     +LDD R30 , Y + 4
00025a 81fd     +LDD R31 , Y + 4 + 1
00025b 816e     +LDD R22 , Y + 4 + 2
00025c 817f     +LDD R23 , Y + 4 + 3
                 	__GETD1S 4
00025d d04c      	RCALL __CFD1
00025e 018f      	MOVW R16,R30
00025f 9508      	RET
                 
                 ;OPTIMIZER ADDED SUBROUTINE, CALLED 2 TIMES, CODE SIZE REDUCTION:6 WORDS
                 SUBOPT_0x10:
000260 d1c7      	RCALL __SWAPD12
000261 d0b2      	RCALL __SUBF12
000262 01df      	MOVW R26,R30
000263 01cb      	MOVW R24,R22
                +
000264 e0e0     +LDI R30 , LOW ( 0x3F000000 )
000265 e0f0     +LDI R31 , HIGH ( 0x3F000000 )
000266 e060     +LDI R22 , BYTE3 ( 0x3F000000 )
000267 e37f     +LDI R23 , BYTE4 ( 0x3F000000 )
                 	__GETD1N 0x3F000000
000268 d14b      	RCALL __CMPF12
000269 9508      	RET
                 
                 ;OPTIMIZER ADDED SUBROUTINE, CALLED 4 TIMES, CODE SIZE REDUCTION:4 WORDS
                 SUBOPT_0x11:
00026a 93ea      	ST   -Y,R30
00026b e1a1      	LDI  R26,LOW(17)
00026c ce8a      	RJMP _TM1637_display
                 
                 ;OPTIMIZER ADDED SUBROUTINE, CALLED 2 TIMES, CODE SIZE REDUCTION:1 WORDS
                 SUBOPT_0x12:
00026d eda0      	LDI  R26,LOW(2000)
00026e e0b7      	LDI  R27,HIGH(2000)
00026f d001      	RCALL _delay_ms
000270 cf39      	RJMP _TM1637_clearDisplay
                 
                 
                 	.CSEG
                 _delay_ms:
000271 9610      	adiw r26,0
000272 f039      	breq __delay_ms1
                 __delay_ms0:
                +
000273 ed80     +LDI R24 , LOW ( 0x7D0 )
000274 e097     +LDI R25 , HIGH ( 0x7D0 )
                +__DELAY_USW_LOOP :
000275 9701     +SBIW R24 , 1
000276 f7f1     +BRNE __DELAY_USW_LOOP
                 	__DELAY_USW 0x7D0
000277 95a8      	wdr
000278 9711      	sbiw r26,1
000279 f7c9      	brne __delay_ms0
                 __delay_ms1:
00027a 9508      	ret
                 
                 __ROUND_REPACK:
00027b 2355      	TST  R21
00027c f442      	BRPL __REPACK
00027d 3850      	CPI  R21,0x80
00027e f411      	BRNE __ROUND_REPACK0
00027f ffe0      	SBRS R30,0
000280 c004      	RJMP __REPACK
                 __ROUND_REPACK0:
000281 9631      	ADIW R30,1
000282 1f69      	ADC  R22,R25
000283 1f79      	ADC  R23,R25
000284 f06b      	BRVS __REPACK1
                 
                 __REPACK:
000285 e850      	LDI  R21,0x80
000286 2757      	EOR  R21,R23
000287 f411      	BRNE __REPACK0
000288 935f      	PUSH R21
000289 c0ca      	RJMP __ZERORES
                 __REPACK0:
00028a 3f5f      	CPI  R21,0xFF
00028b f031      	BREQ __REPACK1
00028c 0f66      	LSL  R22
00028d 0c00      	LSL  R0
00028e 9557      	ROR  R21
00028f 9567      	ROR  R22
000290 2f75      	MOV  R23,R21
000291 9508      	RET
                 __REPACK1:
000292 935f      	PUSH R21
000293 2000      	TST  R0
000294 f00a      	BRMI __REPACK2
000295 c0ca      	RJMP __MAXRES
                 __REPACK2:
000296 c0c3      	RJMP __MINRES
                 
                 __UNPACK:
000297 e850      	LDI  R21,0x80
000298 2e19      	MOV  R1,R25
000299 2215      	AND  R1,R21
00029a 0f88      	LSL  R24
00029b 1f99      	ROL  R25
00029c 2795      	EOR  R25,R21
00029d 0f55      	LSL  R21
00029e 9587      	ROR  R24
                 
                 __UNPACK1:
00029f e850      	LDI  R21,0x80
0002a0 2e07      	MOV  R0,R23
0002a1 2205      	AND  R0,R21
0002a2 0f66      	LSL  R22
0002a3 1f77      	ROL  R23
0002a4 2775      	EOR  R23,R21
0002a5 0f55      	LSL  R21
0002a6 9567      	ROR  R22
0002a7 9508      	RET
                 
                 __CFD1U:
0002a8 9468      	SET
0002a9 c001      	RJMP __CFD1U0
                 __CFD1:
0002aa 94e8      	CLT
                 __CFD1U0:
0002ab 935f      	PUSH R21
0002ac dff2      	RCALL __UNPACK1
0002ad 3870      	CPI  R23,0x80
0002ae f018      	BRLO __CFD10
0002af 3f7f      	CPI  R23,0xFF
0002b0 f408      	BRCC __CFD10
0002b1 c0a2      	RJMP __ZERORES
                 __CFD10:
0002b2 e156      	LDI  R21,22
0002b3 1b57      	SUB  R21,R23
0002b4 f4aa      	BRPL __CFD11
0002b5 9551      	NEG  R21
0002b6 3058      	CPI  R21,8
0002b7 f40e      	BRTC __CFD19
0002b8 3059      	CPI  R21,9
                 __CFD19:
0002b9 f030      	BRLO __CFD17
0002ba efef      	SER  R30
0002bb efff      	SER  R31
0002bc ef6f      	SER  R22
0002bd e77f      	LDI  R23,0x7F
0002be f977      	BLD  R23,7
0002bf c01a      	RJMP __CFD15
                 __CFD17:
0002c0 2777      	CLR  R23
0002c1 2355      	TST  R21
0002c2 f0b9      	BREQ __CFD15
                 __CFD18:
0002c3 0fee      	LSL  R30
0002c4 1fff      	ROL  R31
0002c5 1f66      	ROL  R22
0002c6 1f77      	ROL  R23
0002c7 955a      	DEC  R21
0002c8 f7d1      	BRNE __CFD18
0002c9 c010      	RJMP __CFD15
                 __CFD11:
0002ca 2777      	CLR  R23
                 __CFD12:
0002cb 3058      	CPI  R21,8
0002cc f028      	BRLO __CFD13
0002cd 2fef      	MOV  R30,R31
0002ce 2ff6      	MOV  R31,R22
0002cf 2f67      	MOV  R22,R23
0002d0 5058      	SUBI R21,8
0002d1 cff9      	RJMP __CFD12
                 __CFD13:
0002d2 2355      	TST  R21
0002d3 f031      	BREQ __CFD15
                 __CFD14:
0002d4 9576      	LSR  R23
0002d5 9567      	ROR  R22
0002d6 95f7      	ROR  R31
0002d7 95e7      	ROR  R30
0002d8 955a      	DEC  R21
0002d9 f7d1      	BRNE __CFD14
                 __CFD15:
0002da 2000      	TST  R0
0002db f40a      	BRPL __CFD16
0002dc d0fb      	RCALL __ANEGD1
                 __CFD16:
0002dd 915f      	POP  R21
0002de 9508      	RET
                 
                 __CDF1U:
0002df 9468      	SET
0002e0 c001      	RJMP __CDF1U0
                 __CDF1:
0002e1 94e8      	CLT
                 __CDF1U0:
0002e2 9730      	SBIW R30,0
0002e3 4060      	SBCI R22,0
0002e4 4070      	SBCI R23,0
0002e5 f0b1      	BREQ __CDF10
0002e6 2400      	CLR  R0
0002e7 f026      	BRTS __CDF11
0002e8 2377      	TST  R23
0002e9 f412      	BRPL __CDF11
0002ea 9400      	COM  R0
0002eb d0ec      	RCALL __ANEGD1
                 __CDF11:
0002ec 2e17      	MOV  R1,R23
0002ed e17e      	LDI  R23,30
0002ee 2011      	TST  R1
                 __CDF12:
0002ef f032      	BRMI __CDF13
0002f0 957a      	DEC  R23
0002f1 0fee      	LSL  R30
0002f2 1fff      	ROL  R31
0002f3 1f66      	ROL  R22
0002f4 1c11      	ROL  R1
0002f5 cff9      	RJMP __CDF12
                 __CDF13:
0002f6 2fef      	MOV  R30,R31
0002f7 2ff6      	MOV  R31,R22
0002f8 2d61      	MOV  R22,R1
0002f9 935f      	PUSH R21
0002fa df8a      	RCALL __REPACK
0002fb 915f      	POP  R21
                 __CDF10:
0002fc 9508      	RET
                 
                 __SWAPACC:
0002fd 934f      	PUSH R20
0002fe 01af      	MOVW R20,R30
0002ff 01fd      	MOVW R30,R26
000300 01da      	MOVW R26,R20
000301 01ab      	MOVW R20,R22
000302 01bc      	MOVW R22,R24
000303 01ca      	MOVW R24,R20
000304 2d40      	MOV  R20,R0
000305 2c01      	MOV  R0,R1
000306 2e14      	MOV  R1,R20
000307 914f      	POP  R20
000308 9508      	RET
                 
                 __UADD12:
000309 0fea      	ADD  R30,R26
00030a 1ffb      	ADC  R31,R27
00030b 1f68      	ADC  R22,R24
00030c 9508      	RET
                 
                 __NEGMAN1:
00030d 95e0      	COM  R30
00030e 95f0      	COM  R31
00030f 9560      	COM  R22
000310 5fef      	SUBI R30,-1
000311 4fff      	SBCI R31,-1
000312 4f6f      	SBCI R22,-1
000313 9508      	RET
                 
                 __SUBF12:
000314 935f      	PUSH R21
000315 df81      	RCALL __UNPACK
000316 3890      	CPI  R25,0x80
000317 f149      	BREQ __ADDF129
000318 e850      	LDI  R21,0x80
000319 2615      	EOR  R1,R21
                 
                 __ADDF120:
00031a 3870      	CPI  R23,0x80
00031b f121      	BREQ __ADDF128
                 __ADDF121:
00031c 2f57      	MOV  R21,R23
00031d 1b59      	SUB  R21,R25
00031e f12b      	BRVS __ADDF1211
00031f f412      	BRPL __ADDF122
000320 dfdc      	RCALL __SWAPACC
000321 cffa      	RJMP __ADDF121
                 __ADDF122:
000322 3158      	CPI  R21,24
000323 f018      	BRLO __ADDF123
000324 27aa      	CLR  R26
000325 27bb      	CLR  R27
000326 2788      	CLR  R24
                 __ADDF123:
000327 3058      	CPI  R21,8
000328 f028      	BRLO __ADDF124
000329 2fab      	MOV  R26,R27
00032a 2fb8      	MOV  R27,R24
00032b 2788      	CLR  R24
00032c 5058      	SUBI R21,8
00032d cff9      	RJMP __ADDF123
                 __ADDF124:
00032e 2355      	TST  R21
00032f f029      	BREQ __ADDF126
                 __ADDF125:
000330 9586      	LSR  R24
000331 95b7      	ROR  R27
000332 95a7      	ROR  R26
000333 955a      	DEC  R21
000334 f7d9      	BRNE __ADDF125
                 __ADDF126:
000335 2d50      	MOV  R21,R0
000336 2551      	EOR  R21,R1
000337 f072      	BRMI __ADDF127
000338 dfd0      	RCALL __UADD12
000339 f438      	BRCC __ADDF129
00033a 9567      	ROR  R22
00033b 95f7      	ROR  R31
00033c 95e7      	ROR  R30
00033d 9573      	INC  R23
00033e f413      	BRVC __ADDF129
00033f c020      	RJMP __MAXRES
                 __ADDF128:
000340 dfbc      	RCALL __SWAPACC
                 __ADDF129:
000341 df43      	RCALL __REPACK
000342 915f      	POP  R21
000343 9508      	RET
                 __ADDF1211:
000344 f7d8      	BRCC __ADDF128
000345 cffb      	RJMP __ADDF129
                 __ADDF127:
000346 1bea      	SUB  R30,R26
000347 0bfb      	SBC  R31,R27
000348 0b68      	SBC  R22,R24
000349 f051      	BREQ __ZERORES
00034a f410      	BRCC __ADDF1210
00034b 9400      	COM  R0
00034c dfc0      	RCALL __NEGMAN1
                 __ADDF1210:
00034d 2366      	TST  R22
00034e f392      	BRMI __ADDF129
00034f 0fee      	LSL  R30
000350 1fff      	ROL  R31
000351 1f66      	ROL  R22
000352 957a      	DEC  R23
000353 f7cb      	BRVC __ADDF1210
                 
                 __ZERORES:
000354 27ee      	CLR  R30
000355 27ff      	CLR  R31
000356 2766      	CLR  R22
000357 2777      	CLR  R23
000358 915f      	POP  R21
000359 9508      	RET
                 
                 __MINRES:
00035a efef      	SER  R30
00035b efff      	SER  R31
00035c e76f      	LDI  R22,0x7F
00035d ef7f      	SER  R23
00035e 915f      	POP  R21
00035f 9508      	RET
                 
                 __MAXRES:
000360 efef      	SER  R30
000361 efff      	SER  R31
000362 e76f      	LDI  R22,0x7F
000363 e77f      	LDI  R23,0x7F
000364 915f      	POP  R21
000365 9508      	RET
                 
                 __MULF12:
000366 935f      	PUSH R21
000367 df2f      	RCALL __UNPACK
000368 3870      	CPI  R23,0x80
000369 f351      	BREQ __ZERORES
00036a 3890      	CPI  R25,0x80
00036b f341      	BREQ __ZERORES
00036c 2401      	EOR  R0,R1
00036d 9408      	SEC
00036e 1f79      	ADC  R23,R25
00036f f423      	BRVC __MULF124
000370 f31c      	BRLT __ZERORES
                 __MULF125:
000371 2000      	TST  R0
000372 f33a      	BRMI __MINRES
000373 cfec      	RJMP __MAXRES
                 __MULF124:
000374 920f      	PUSH R0
000375 931f      	PUSH R17
000376 932f      	PUSH R18
000377 933f      	PUSH R19
000378 934f      	PUSH R20
000379 2711      	CLR  R17
00037a 2722      	CLR  R18
00037b 2799      	CLR  R25
00037c 9f68      	MUL  R22,R24
00037d 01a0      	MOVW R20,R0
00037e 9f8f      	MUL  R24,R31
00037f 2d30      	MOV  R19,R0
000380 0d41      	ADD  R20,R1
000381 1f59      	ADC  R21,R25
000382 9f6b      	MUL  R22,R27
000383 0d30      	ADD  R19,R0
000384 1d41      	ADC  R20,R1
000385 1f59      	ADC  R21,R25
000386 9f8e      	MUL  R24,R30
000387 d027      	RCALL __MULF126
000388 9fbf      	MUL  R27,R31
000389 d025      	RCALL __MULF126
00038a 9f6a      	MUL  R22,R26
00038b d023      	RCALL __MULF126
00038c 9fbe      	MUL  R27,R30
00038d d01d      	RCALL __MULF127
00038e 9faf      	MUL  R26,R31
00038f d01b      	RCALL __MULF127
000390 9fae      	MUL  R26,R30
000391 0d11      	ADD  R17,R1
000392 1f29      	ADC  R18,R25
000393 1f39      	ADC  R19,R25
000394 1f49      	ADC  R20,R25
000395 1f59      	ADC  R21,R25
000396 2fe3      	MOV  R30,R19
000397 2ff4      	MOV  R31,R20
000398 2f65      	MOV  R22,R21
000399 2f52      	MOV  R21,R18
00039a 914f      	POP  R20
00039b 913f      	POP  R19
00039c 912f      	POP  R18
00039d 911f      	POP  R17
00039e 900f      	POP  R0
00039f 2366      	TST  R22
0003a0 f02a      	BRMI __MULF122
0003a1 0f55      	LSL  R21
0003a2 1fee      	ROL  R30
0003a3 1fff      	ROL  R31
0003a4 1f66      	ROL  R22
0003a5 c002      	RJMP __MULF123
                 __MULF122:
0003a6 9573      	INC  R23
0003a7 f24b      	BRVS __MULF125
                 __MULF123:
0003a8 ded2      	RCALL __ROUND_REPACK
0003a9 915f      	POP  R21
0003aa 9508      	RET
                 
                 __MULF127:
0003ab 0d10      	ADD  R17,R0
0003ac 1d21      	ADC  R18,R1
0003ad 1f39      	ADC  R19,R25
0003ae c002      	RJMP __MULF128
                 __MULF126:
0003af 0d20      	ADD  R18,R0
0003b0 1d31      	ADC  R19,R1
                 __MULF128:
0003b1 1f49      	ADC  R20,R25
0003b2 1f59      	ADC  R21,R25
0003b3 9508      	RET
                 
                 __CMPF12:
0003b4 2399      	TST  R25
0003b5 f09a      	BRMI __CMPF120
0003b6 2377      	TST  R23
0003b7 f042      	BRMI __CMPF121
0003b8 1797      	CP   R25,R23
0003b9 f048      	BRLO __CMPF122
0003ba f429      	BRNE __CMPF121
0003bb 17ae      	CP   R26,R30
0003bc 07bf      	CPC  R27,R31
0003bd 0786      	CPC  R24,R22
0003be f020      	BRLO __CMPF122
0003bf f031      	BREQ __CMPF123
                 __CMPF121:
0003c0 9498      	CLZ
0003c1 9488      	CLC
0003c2 9508      	RET
                 __CMPF122:
0003c3 9498      	CLZ
0003c4 9408      	SEC
0003c5 9508      	RET
                 __CMPF123:
0003c6 9418      	SEZ
0003c7 9488      	CLC
0003c8 9508      	RET
                 __CMPF120:
0003c9 2377      	TST  R23
0003ca f7c2      	BRPL __CMPF122
0003cb 1797      	CP   R25,R23
0003cc f398      	BRLO __CMPF121
0003cd f7a9      	BRNE __CMPF122
0003ce 17ea      	CP   R30,R26
0003cf 07fb      	CPC  R31,R27
0003d0 0768      	CPC  R22,R24
0003d1 f388      	BRLO __CMPF122
0003d2 f399      	BREQ __CMPF123
0003d3 cfec      	RJMP __CMPF121
                 
                 __ANEGW1:
0003d4 95f1      	NEG  R31
0003d5 95e1      	NEG  R30
0003d6 40f0      	SBCI R31,0
0003d7 9508      	RET
                 
                 __ANEGD1:
0003d8 95f0      	COM  R31
0003d9 9560      	COM  R22
0003da 9570      	COM  R23
0003db 95e1      	NEG  R30
0003dc 4fff      	SBCI R31,-1
0003dd 4f6f      	SBCI R22,-1
0003de 4f7f      	SBCI R23,-1
0003df 9508      	RET
                 
                 __CWD1:
0003e0 2f6f      	MOV  R22,R31
0003e1 0f66      	ADD  R22,R22
0003e2 0b66      	SBC  R22,R22
0003e3 2f76      	MOV  R23,R22
0003e4 9508      	RET
                 
                 __CWD2:
0003e5 2f8b      	MOV  R24,R27
0003e6 0f88      	ADD  R24,R24
0003e7 0b88      	SBC  R24,R24
0003e8 2f98      	MOV  R25,R24
0003e9 9508      	RET
                 
                 __DIVW21U:
0003ea 2400      	CLR  R0
0003eb 2411      	CLR  R1
0003ec e190      	LDI  R25,16
                 __DIVW21U1:
0003ed 0faa      	LSL  R26
0003ee 1fbb      	ROL  R27
0003ef 1c00      	ROL  R0
0003f0 1c11      	ROL  R1
0003f1 1a0e      	SUB  R0,R30
0003f2 0a1f      	SBC  R1,R31
0003f3 f418      	BRCC __DIVW21U2
0003f4 0e0e      	ADD  R0,R30
0003f5 1e1f      	ADC  R1,R31
0003f6 c001      	RJMP __DIVW21U3
                 __DIVW21U2:
0003f7 60a1      	SBR  R26,1
                 __DIVW21U3:
0003f8 959a      	DEC  R25
0003f9 f799      	BRNE __DIVW21U1
0003fa 01fd      	MOVW R30,R26
0003fb 01d0      	MOVW R26,R0
0003fc 9508      	RET
                 
                 __DIVW21:
0003fd d012      	RCALL __CHKSIGNW
0003fe dfeb      	RCALL __DIVW21U
0003ff f40e      	BRTC __DIVW211
000400 dfd3      	RCALL __ANEGW1
                 __DIVW211:
000401 9508      	RET
                 
                 __MODW21:
000402 94e8      	CLT
000403 ffb7      	SBRS R27,7
000404 c004      	RJMP __MODW211
000405 95a0      	COM  R26
000406 95b0      	COM  R27
000407 9611      	ADIW R26,1
000408 9468      	SET
                 __MODW211:
000409 fdf7      	SBRC R31,7
00040a dfc9      	RCALL __ANEGW1
00040b dfde      	RCALL __DIVW21U
00040c 01fd      	MOVW R30,R26
00040d f40e      	BRTC __MODW212
00040e dfc5      	RCALL __ANEGW1
                 __MODW212:
00040f 9508      	RET
                 
                 __CHKSIGNW:
000410 94e8      	CLT
000411 fff7      	SBRS R31,7
000412 c002      	RJMP __CHKSW1
000413 dfc0      	RCALL __ANEGW1
000414 9468      	SET
                 __CHKSW1:
000415 ffb7      	SBRS R27,7
000416 c006      	RJMP __CHKSW2
000417 95a0      	COM  R26
000418 95b0      	COM  R27
000419 9611      	ADIW R26,1
00041a f800      	BLD  R0,0
00041b 9403      	INC  R0
00041c fa00      	BST  R0,0
                 __CHKSW2:
00041d 9508      	RET
                 
                 __PUTPARD2:
00041e 939a      	ST   -Y,R25
00041f 938a      	ST   -Y,R24
000420 93ba      	ST   -Y,R27
000421 93aa      	ST   -Y,R26
000422 9508      	RET
                 
                 __CDF2U:
000423 9468      	SET
000424 c001      	RJMP __CDF2U0
                 __CDF2:
000425 94e8      	CLT
                 __CDF2U0:
000426 d001      	RCALL __SWAPD12
000427 deba      	RCALL __CDF1U0
                 
                 __SWAPD12:
000428 2e18      	MOV  R1,R24
000429 2f86      	MOV  R24,R22
00042a 2d61      	MOV  R22,R1
00042b 2e19      	MOV  R1,R25
00042c 2f97      	MOV  R25,R23
00042d 2d71      	MOV  R23,R1
                 
                 __SWAPW12:
00042e 2e1b      	MOV  R1,R27
00042f 2fbf      	MOV  R27,R31
000430 2df1      	MOV  R31,R1
                 
                 __SWAPB12:
000431 2e1a      	MOV  R1,R26
000432 2fae      	MOV  R26,R30
000433 2de1      	MOV  R30,R1
000434 9508      	RET
                 
                 __CPD02:
000435 2400      	CLR  R0
000436 160a      	CP   R0,R26
000437 060b      	CPC  R0,R27
000438 0608      	CPC  R0,R24
000439 0609      	CPC  R0,R25
00043a 9508      	RET
                 
                 __SAVELOCR4:
00043b 933a      	ST   -Y,R19
                 __SAVELOCR3:
00043c 932a      	ST   -Y,R18
                 __SAVELOCR2:
00043d 931a      	ST   -Y,R17
00043e 930a      	ST   -Y,R16
00043f 9508      	RET
                 
                 __LOADLOCR4:
000440 813b      	LDD  R19,Y+3
                 __LOADLOCR3:
000441 812a      	LDD  R18,Y+2
                 __LOADLOCR2:
000442 8119      	LDD  R17,Y+1
000443 8108      	LD   R16,Y
000444 9508      	RET
                 
                 ;END OF CODE MARKER
                 __END_OF_CODE:


RESOURCE USE INFORMATION
------------------------

Notice:
The register and instruction counts are symbol table hit counts,
and hence implicitly used resources are not counted, eg, the
'lpm' instruction without operands implicitly uses r0 and z,
none of which are counted.

x,y,z are separate entities in the symbol table and are
counted separately from r26..r31 here.

.dseg memory usage only counts static data declared with .byte

ATmega8A register use summary:
r0 :  41 r1 :  29 r2 :   0 r3 :   0 r4 :   3 r5 :   2 r6 :   3 r7 :   4 
r8 :   4 r9 :   5 r10:   0 r11:   0 r12:   0 r13:   0 r14:   0 r15:   0 
r16:  13 r17:  35 r18:   9 r19:  17 r20:  16 r21:  57 r22:  56 r23:  49 
r24:  49 r25:  34 r26:  88 r27:  45 r28:  13 r29:   1 r30: 202 r31:  61 
x  :  13 y  :  90 z  :   8 
Registers used: 27 out of 35 (77.1%)

ATmega8A instruction use summary:
.lds  :   0 .lds.l:   0 .sts  :   0 .sts.l:   0 adc   :  24 add   :  17 
adiw  :  14 and   :   2 andi  :   1 asr   :   0 bclr  :   0 bld   :   2 
brbc  :   0 brbs  :   0 brcc  :   9 brcs  :   0 break :   0 breq  :  21 
brge  :   3 brhc  :   0 brhs  :   0 brid  :   0 brie  :   0 brlo  :  11 
brlt  :   1 brmi  :   8 brne  :  31 brpl  :   7 brsh  :   6 brtc  :   3 
brts  :   1 brvc  :   3 brvs  :   3 bset  :   0 bst   :   1 cbi   :   7 
cbr   :   0 clc   :   2 clh   :   0 cli   :   1 cln   :   0 clr   :  24 
cls   :   0 clt   :   5 clv   :   0 clz   :   2 com   :  14 cp    :  10 
cpc   :   9 cpi   :  27 cpse  :   0 dec   :  13 des   :   0 eor   :   6 
fmul  :   0 fmuls :   0 fmulsu:   0 icall :   0 ijmp  :   0 in    :   1 
inc   :   3 ld    :   9 ldd   :  44 ldi   : 120 lds   :   0 lpm   :   7 
lsl   :  11 lsr   :   3 mov   :  54 movw  :  26 mul   :   9 muls  :   0 
mulsu :   0 neg   :   4 nop   :   0 or    :   0 ori   :   2 out   :  37 
pop   :  13 push  :  12 rcall : 132 ret   :  54 reti  :   0 rjmp  :  81 
rol   :  16 ror   :  12 sbc   :   5 sbci  :  11 sbi   :   7 sbic  :   1 
sbis  :   0 sbiw  :   8 sbr   :   1 sbrc  :   1 sbrs  :   4 sec   :   2 
seh   :   0 sei   :   0 sen   :   0 ser   :   8 ses   :   0 set   :   5 
sev   :   0 sez   :   1 sleep :   0 spm   :   0 st    :  37 std   :  14 
sts   :   0 sub   :   4 subi  :  14 swap  :   0 tst   :  16 wdr   :   1 

Instructions used: 71 out of 114 (62.3%)

ATmega8A memory use summary [bytes]:
Segment   Begin    End      Code   Data   Used    Size   Use%
---------------------------------------------------------------
[.cseg] 0x000000 0x00088a   2156     30   2186    8192  26.7%
[.dseg] 0x000060 0x000172      0     18     18    1024   1.8%
[.eseg] 0x000000 0x000000      0      0      0     512   0.0%

Assembly complete, 0 errors, 7 warnings
