
AVRASM ver. 2.1.30  D:\Projects AVR\TM1637_I2C\Debug\List\TM1637_I2C.asm Fri Feb 16 16:53:50 2018

D:\Projects AVR\TM1637_I2C\Debug\List\TM1637_I2C.asm(1086): warning: Register r5 already defined by the .DEF directive
D:\Projects AVR\TM1637_I2C\Debug\List\TM1637_I2C.asm(1087): warning: Register r4 already defined by the .DEF directive
D:\Projects AVR\TM1637_I2C\Debug\List\TM1637_I2C.asm(1088): warning: Register r7 already defined by the .DEF directive
D:\Projects AVR\TM1637_I2C\Debug\List\TM1637_I2C.asm(1089): warning: Register r6 already defined by the .DEF directive
D:\Projects AVR\TM1637_I2C\Debug\List\TM1637_I2C.asm(1090): warning: Register r9 already defined by the .DEF directive
D:\Projects AVR\TM1637_I2C\Debug\List\TM1637_I2C.asm(1091): warning: Register r8 already defined by the .DEF directive
                 
                 
                 ;CodeVisionAVR C Compiler V3.12 Advanced
                 ;(C) Copyright 1998-2014 Pavel Haiduc, HP InfoTech s.r.l.
                 ;http://www.hpinfotech.com
                 
                 ;Build configuration    : Debug
                 ;Chip type              : ATmega8A
                 ;Program type           : Application
                 ;Clock frequency        : 8,000000 MHz
                 ;Memory model           : Small
                 ;Optimize for           : Size
                 ;(s)printf features     : int, width
                 ;(s)scanf features      : int, width
                 ;External RAM size      : 0
                 ;Data Stack size        : 256 byte(s)
                 ;Heap size              : 0 byte(s)
                 ;Promote 'char' to 'int': Yes
                 ;'char' is unsigned     : Yes
                 ;8 bit enums            : Yes
                 ;Global 'const' stored in FLASH: Yes
                 ;Enhanced function parameter passing: Yes
                 ;Enhanced core instructions: On
                 ;Automatic register allocation for global variables: On
                 ;Smart register allocation: On
                 
                 	#define _MODEL_SMALL_
                 
                 	#pragma AVRPART ADMIN PART_NAME ATmega8A
                 	#pragma AVRPART MEMORY PROG_FLASH 8192
                 	#pragma AVRPART MEMORY EEPROM 512
                 	#pragma AVRPART MEMORY INT_SRAM SIZE 1024
                 	#pragma AVRPART MEMORY INT_SRAM START_ADDR 0x60
                 
                 	.LISTMAC
                 	.EQU UDRE=0x5
                 	.EQU RXC=0x7
                 	.EQU USR=0xB
                 	.EQU UDR=0xC
                 	.EQU SPSR=0xE
                 	.EQU SPDR=0xF
                 	.EQU EERE=0x0
                 	.EQU EEWE=0x1
                 	.EQU EEMWE=0x2
                 	.EQU EECR=0x1C
                 	.EQU EEDR=0x1D
                 	.EQU EEARL=0x1E
                 	.EQU EEARH=0x1F
                 	.EQU WDTCR=0x21
                 	.EQU MCUCR=0x35
                 	.EQU GICR=0x3B
                 	.EQU SPL=0x3D
                 	.EQU SPH=0x3E
                 	.EQU SREG=0x3F
                 
                 	.DEF R0X0=R0
                 	.DEF R0X1=R1
                 	.DEF R0X2=R2
                 	.DEF R0X3=R3
                 	.DEF R0X4=R4
                 	.DEF R0X5=R5
                 	.DEF R0X6=R6
                 	.DEF R0X7=R7
                 	.DEF R0X8=R8
                 	.DEF R0X9=R9
                 	.DEF R0XA=R10
                 	.DEF R0XB=R11
                 	.DEF R0XC=R12
                 	.DEF R0XD=R13
                 	.DEF R0XE=R14
                 	.DEF R0XF=R15
                 	.DEF R0X10=R16
                 	.DEF R0X11=R17
                 	.DEF R0X12=R18
                 	.DEF R0X13=R19
                 	.DEF R0X14=R20
                 	.DEF R0X15=R21
                 	.DEF R0X16=R22
                 	.DEF R0X17=R23
                 	.DEF R0X18=R24
                 	.DEF R0X19=R25
                 	.DEF R0X1A=R26
                 	.DEF R0X1B=R27
                 	.DEF R0X1C=R28
                 	.DEF R0X1D=R29
                 	.DEF R0X1E=R30
                 	.DEF R0X1F=R31
                 
                 	.EQU __SRAM_START=0x0060
                 	.EQU __SRAM_END=0x045F
                 	.EQU __DSTACK_SIZE=0x0100
                 	.EQU __HEAP_SIZE=0x0000
                 	.EQU __CLEAR_SRAM_SIZE=__SRAM_END-__SRAM_START+1
                 
                 	.MACRO __CPD1N
                 	CPI  R30,LOW(@0)
                 	LDI  R26,HIGH(@0)
                 	CPC  R31,R26
                 	LDI  R26,BYTE3(@0)
                 	CPC  R22,R26
                 	LDI  R26,BYTE4(@0)
                 	CPC  R23,R26
                 	.ENDM
                 
                 	.MACRO __CPD2N
                 	CPI  R26,LOW(@0)
                 	LDI  R30,HIGH(@0)
                 	CPC  R27,R30
                 	LDI  R30,BYTE3(@0)
                 	CPC  R24,R30
                 	LDI  R30,BYTE4(@0)
                 	CPC  R25,R30
                 	.ENDM
                 
                 	.MACRO __CPWRR
                 	CP   R@0,R@2
                 	CPC  R@1,R@3
                 	.ENDM
                 
                 	.MACRO __CPWRN
                 	CPI  R@0,LOW(@2)
                 	LDI  R30,HIGH(@2)
                 	CPC  R@1,R30
                 	.ENDM
                 
                 	.MACRO __ADDB1MN
                 	SUBI R30,LOW(-@0-(@1))
                 	.ENDM
                 
                 	.MACRO __ADDB2MN
                 	SUBI R26,LOW(-@0-(@1))
                 	.ENDM
                 
                 	.MACRO __ADDW1MN
                 	SUBI R30,LOW(-@0-(@1))
                 	SBCI R31,HIGH(-@0-(@1))
                 	.ENDM
                 
                 	.MACRO __ADDW2MN
                 	SUBI R26,LOW(-@0-(@1))
                 	SBCI R27,HIGH(-@0-(@1))
                 	.ENDM
                 
                 	.MACRO __ADDW1FN
                 	SUBI R30,LOW(-2*@0-(@1))
                 	SBCI R31,HIGH(-2*@0-(@1))
                 	.ENDM
                 
                 	.MACRO __ADDD1FN
                 	SUBI R30,LOW(-2*@0-(@1))
                 	SBCI R31,HIGH(-2*@0-(@1))
                 	SBCI R22,BYTE3(-2*@0-(@1))
                 	.ENDM
                 
                 	.MACRO __ADDD1N
                 	SUBI R30,LOW(-@0)
                 	SBCI R31,HIGH(-@0)
                 	SBCI R22,BYTE3(-@0)
                 	SBCI R23,BYTE4(-@0)
                 	.ENDM
                 
                 	.MACRO __ADDD2N
                 	SUBI R26,LOW(-@0)
                 	SBCI R27,HIGH(-@0)
                 	SBCI R24,BYTE3(-@0)
                 	SBCI R25,BYTE4(-@0)
                 	.ENDM
                 
                 	.MACRO __SUBD1N
                 	SUBI R30,LOW(@0)
                 	SBCI R31,HIGH(@0)
                 	SBCI R22,BYTE3(@0)
                 	SBCI R23,BYTE4(@0)
                 	.ENDM
                 
                 	.MACRO __SUBD2N
                 	SUBI R26,LOW(@0)
                 	SBCI R27,HIGH(@0)
                 	SBCI R24,BYTE3(@0)
                 	SBCI R25,BYTE4(@0)
                 	.ENDM
                 
                 	.MACRO __ANDBMNN
                 	LDS  R30,@0+(@1)
                 	ANDI R30,LOW(@2)
                 	STS  @0+(@1),R30
                 	.ENDM
                 
                 	.MACRO __ANDWMNN
                 	LDS  R30,@0+(@1)
                 	ANDI R30,LOW(@2)
                 	STS  @0+(@1),R30
                 	LDS  R30,@0+(@1)+1
                 	ANDI R30,HIGH(@2)
                 	STS  @0+(@1)+1,R30
                 	.ENDM
                 
                 	.MACRO __ANDD1N
                 	ANDI R30,LOW(@0)
                 	ANDI R31,HIGH(@0)
                 	ANDI R22,BYTE3(@0)
                 	ANDI R23,BYTE4(@0)
                 	.ENDM
                 
                 	.MACRO __ANDD2N
                 	ANDI R26,LOW(@0)
                 	ANDI R27,HIGH(@0)
                 	ANDI R24,BYTE3(@0)
                 	ANDI R25,BYTE4(@0)
                 	.ENDM
                 
                 	.MACRO __ORBMNN
                 	LDS  R30,@0+(@1)
                 	ORI  R30,LOW(@2)
                 	STS  @0+(@1),R30
                 	.ENDM
                 
                 	.MACRO __ORWMNN
                 	LDS  R30,@0+(@1)
                 	ORI  R30,LOW(@2)
                 	STS  @0+(@1),R30
                 	LDS  R30,@0+(@1)+1
                 	ORI  R30,HIGH(@2)
                 	STS  @0+(@1)+1,R30
                 	.ENDM
                 
                 	.MACRO __ORD1N
                 	ORI  R30,LOW(@0)
                 	ORI  R31,HIGH(@0)
                 	ORI  R22,BYTE3(@0)
                 	ORI  R23,BYTE4(@0)
                 	.ENDM
                 
                 	.MACRO __ORD2N
                 	ORI  R26,LOW(@0)
                 	ORI  R27,HIGH(@0)
                 	ORI  R24,BYTE3(@0)
                 	ORI  R25,BYTE4(@0)
                 	.ENDM
                 
                 	.MACRO __DELAY_USB
                 	LDI  R24,LOW(@0)
                 __DELAY_USB_LOOP:
                 	DEC  R24
                 	BRNE __DELAY_USB_LOOP
                 	.ENDM
                 
                 	.MACRO __DELAY_USW
                 	LDI  R24,LOW(@0)
                 	LDI  R25,HIGH(@0)
                 __DELAY_USW_LOOP:
                 	SBIW R24,1
                 	BRNE __DELAY_USW_LOOP
                 	.ENDM
                 
                 	.MACRO __GETD1S
                 	LDD  R30,Y+@0
                 	LDD  R31,Y+@0+1
                 	LDD  R22,Y+@0+2
                 	LDD  R23,Y+@0+3
                 	.ENDM
                 
                 	.MACRO __GETD2S
                 	LDD  R26,Y+@0
                 	LDD  R27,Y+@0+1
                 	LDD  R24,Y+@0+2
                 	LDD  R25,Y+@0+3
                 	.ENDM
                 
                 	.MACRO __PUTD1S
                 	STD  Y+@0,R30
                 	STD  Y+@0+1,R31
                 	STD  Y+@0+2,R22
                 	STD  Y+@0+3,R23
                 	.ENDM
                 
                 	.MACRO __PUTD2S
                 	STD  Y+@0,R26
                 	STD  Y+@0+1,R27
                 	STD  Y+@0+2,R24
                 	STD  Y+@0+3,R25
                 	.ENDM
                 
                 	.MACRO __PUTDZ2
                 	STD  Z+@0,R26
                 	STD  Z+@0+1,R27
                 	STD  Z+@0+2,R24
                 	STD  Z+@0+3,R25
                 	.ENDM
                 
                 	.MACRO __CLRD1S
                 	STD  Y+@0,R30
                 	STD  Y+@0+1,R30
                 	STD  Y+@0+2,R30
                 	STD  Y+@0+3,R30
                 	.ENDM
                 
                 	.MACRO __POINTB1MN
                 	LDI  R30,LOW(@0+(@1))
                 	.ENDM
                 
                 	.MACRO __POINTW1MN
                 	LDI  R30,LOW(@0+(@1))
                 	LDI  R31,HIGH(@0+(@1))
                 	.ENDM
                 
                 	.MACRO __POINTD1M
                 	LDI  R30,LOW(@0)
                 	LDI  R31,HIGH(@0)
                 	LDI  R22,BYTE3(@0)
                 	LDI  R23,BYTE4(@0)
                 	.ENDM
                 
                 	.MACRO __POINTW1FN
                 	LDI  R30,LOW(2*@0+(@1))
                 	LDI  R31,HIGH(2*@0+(@1))
                 	.ENDM
                 
                 	.MACRO __POINTD1FN
                 	LDI  R30,LOW(2*@0+(@1))
                 	LDI  R31,HIGH(2*@0+(@1))
                 	LDI  R22,BYTE3(2*@0+(@1))
                 	LDI  R23,BYTE4(2*@0+(@1))
                 	.ENDM
                 
                 	.MACRO __POINTB2MN
                 	LDI  R26,LOW(@0+(@1))
                 	.ENDM
                 
                 	.MACRO __POINTW2MN
                 	LDI  R26,LOW(@0+(@1))
                 	LDI  R27,HIGH(@0+(@1))
                 	.ENDM
                 
                 	.MACRO __POINTW2FN
                 	LDI  R26,LOW(2*@0+(@1))
                 	LDI  R27,HIGH(2*@0+(@1))
                 	.ENDM
                 
                 	.MACRO __POINTD2FN
                 	LDI  R26,LOW(2*@0+(@1))
                 	LDI  R27,HIGH(2*@0+(@1))
                 	LDI  R24,BYTE3(2*@0+(@1))
                 	LDI  R25,BYTE4(2*@0+(@1))
                 	.ENDM
                 
                 	.MACRO __POINTBRM
                 	LDI  R@0,LOW(@1)
                 	.ENDM
                 
                 	.MACRO __POINTWRM
                 	LDI  R@0,LOW(@2)
                 	LDI  R@1,HIGH(@2)
                 	.ENDM
                 
                 	.MACRO __POINTBRMN
                 	LDI  R@0,LOW(@1+(@2))
                 	.ENDM
                 
                 	.MACRO __POINTWRMN
                 	LDI  R@0,LOW(@2+(@3))
                 	LDI  R@1,HIGH(@2+(@3))
                 	.ENDM
                 
                 	.MACRO __POINTWRFN
                 	LDI  R@0,LOW(@2*2+(@3))
                 	LDI  R@1,HIGH(@2*2+(@3))
                 	.ENDM
                 
                 	.MACRO __GETD1N
                 	LDI  R30,LOW(@0)
                 	LDI  R31,HIGH(@0)
                 	LDI  R22,BYTE3(@0)
                 	LDI  R23,BYTE4(@0)
                 	.ENDM
                 
                 	.MACRO __GETD2N
                 	LDI  R26,LOW(@0)
                 	LDI  R27,HIGH(@0)
                 	LDI  R24,BYTE3(@0)
                 	LDI  R25,BYTE4(@0)
                 	.ENDM
                 
                 	.MACRO __GETB1MN
                 	LDS  R30,@0+(@1)
                 	.ENDM
                 
                 	.MACRO __GETB1HMN
                 	LDS  R31,@0+(@1)
                 	.ENDM
                 
                 	.MACRO __GETW1MN
                 	LDS  R30,@0+(@1)
                 	LDS  R31,@0+(@1)+1
                 	.ENDM
                 
                 	.MACRO __GETD1MN
                 	LDS  R30,@0+(@1)
                 	LDS  R31,@0+(@1)+1
                 	LDS  R22,@0+(@1)+2
                 	LDS  R23,@0+(@1)+3
                 	.ENDM
                 
                 	.MACRO __GETBRMN
                 	LDS  R@0,@1+(@2)
                 	.ENDM
                 
                 	.MACRO __GETWRMN
                 	LDS  R@0,@2+(@3)
                 	LDS  R@1,@2+(@3)+1
                 	.ENDM
                 
                 	.MACRO __GETWRZ
                 	LDD  R@0,Z+@2
                 	LDD  R@1,Z+@2+1
                 	.ENDM
                 
                 	.MACRO __GETD2Z
                 	LDD  R26,Z+@0
                 	LDD  R27,Z+@0+1
                 	LDD  R24,Z+@0+2
                 	LDD  R25,Z+@0+3
                 	.ENDM
                 
                 	.MACRO __GETB2MN
                 	LDS  R26,@0+(@1)
                 	.ENDM
                 
                 	.MACRO __GETW2MN
                 	LDS  R26,@0+(@1)
                 	LDS  R27,@0+(@1)+1
                 	.ENDM
                 
                 	.MACRO __GETD2MN
                 	LDS  R26,@0+(@1)
                 	LDS  R27,@0+(@1)+1
                 	LDS  R24,@0+(@1)+2
                 	LDS  R25,@0+(@1)+3
                 	.ENDM
                 
                 	.MACRO __PUTB1MN
                 	STS  @0+(@1),R30
                 	.ENDM
                 
                 	.MACRO __PUTW1MN
                 	STS  @0+(@1),R30
                 	STS  @0+(@1)+1,R31
                 	.ENDM
                 
                 	.MACRO __PUTD1MN
                 	STS  @0+(@1),R30
                 	STS  @0+(@1)+1,R31
                 	STS  @0+(@1)+2,R22
                 	STS  @0+(@1)+3,R23
                 	.ENDM
                 
                 	.MACRO __PUTB1EN
                 	LDI  R26,LOW(@0+(@1))
                 	LDI  R27,HIGH(@0+(@1))
                 	RCALL __EEPROMWRB
                 	.ENDM
                 
                 	.MACRO __PUTW1EN
                 	LDI  R26,LOW(@0+(@1))
                 	LDI  R27,HIGH(@0+(@1))
                 	RCALL __EEPROMWRW
                 	.ENDM
                 
                 	.MACRO __PUTD1EN
                 	LDI  R26,LOW(@0+(@1))
                 	LDI  R27,HIGH(@0+(@1))
                 	RCALL __EEPROMWRD
                 	.ENDM
                 
                 	.MACRO __PUTBR0MN
                 	STS  @0+(@1),R0
                 	.ENDM
                 
                 	.MACRO __PUTBMRN
                 	STS  @0+(@1),R@2
                 	.ENDM
                 
                 	.MACRO __PUTWMRN
                 	STS  @0+(@1),R@2
                 	STS  @0+(@1)+1,R@3
                 	.ENDM
                 
                 	.MACRO __PUTBZR
                 	STD  Z+@1,R@0
                 	.ENDM
                 
                 	.MACRO __PUTWZR
                 	STD  Z+@2,R@0
                 	STD  Z+@2+1,R@1
                 	.ENDM
                 
                 	.MACRO __GETW1R
                 	MOV  R30,R@0
                 	MOV  R31,R@1
                 	.ENDM
                 
                 	.MACRO __GETW2R
                 	MOV  R26,R@0
                 	MOV  R27,R@1
                 	.ENDM
                 
                 	.MACRO __GETWRN
                 	LDI  R@0,LOW(@2)
                 	LDI  R@1,HIGH(@2)
                 	.ENDM
                 
                 	.MACRO __PUTW1R
                 	MOV  R@0,R30
                 	MOV  R@1,R31
                 	.ENDM
                 
                 	.MACRO __PUTW2R
                 	MOV  R@0,R26
                 	MOV  R@1,R27
                 	.ENDM
                 
                 	.MACRO __ADDWRN
                 	SUBI R@0,LOW(-@2)
                 	SBCI R@1,HIGH(-@2)
                 	.ENDM
                 
                 	.MACRO __ADDWRR
                 	ADD  R@0,R@2
                 	ADC  R@1,R@3
                 	.ENDM
                 
                 	.MACRO __SUBWRN
                 	SUBI R@0,LOW(@2)
                 	SBCI R@1,HIGH(@2)
                 	.ENDM
                 
                 	.MACRO __SUBWRR
                 	SUB  R@0,R@2
                 	SBC  R@1,R@3
                 	.ENDM
                 
                 	.MACRO __ANDWRN
                 	ANDI R@0,LOW(@2)
                 	ANDI R@1,HIGH(@2)
                 	.ENDM
                 
                 	.MACRO __ANDWRR
                 	AND  R@0,R@2
                 	AND  R@1,R@3
                 	.ENDM
                 
                 	.MACRO __ORWRN
                 	ORI  R@0,LOW(@2)
                 	ORI  R@1,HIGH(@2)
                 	.ENDM
                 
                 	.MACRO __ORWRR
                 	OR   R@0,R@2
                 	OR   R@1,R@3
                 	.ENDM
                 
                 	.MACRO __EORWRR
                 	EOR  R@0,R@2
                 	EOR  R@1,R@3
                 	.ENDM
                 
                 	.MACRO __GETWRS
                 	LDD  R@0,Y+@2
                 	LDD  R@1,Y+@2+1
                 	.ENDM
                 
                 	.MACRO __PUTBSR
                 	STD  Y+@1,R@0
                 	.ENDM
                 
                 	.MACRO __PUTWSR
                 	STD  Y+@2,R@0
                 	STD  Y+@2+1,R@1
                 	.ENDM
                 
                 	.MACRO __MOVEWRR
                 	MOV  R@0,R@2
                 	MOV  R@1,R@3
                 	.ENDM
                 
                 	.MACRO __INWR
                 	IN   R@0,@2
                 	IN   R@1,@2+1
                 	.ENDM
                 
                 	.MACRO __OUTWR
                 	OUT  @2+1,R@1
                 	OUT  @2,R@0
                 	.ENDM
                 
                 	.MACRO __CALL1MN
                 	LDS  R30,@0+(@1)
                 	LDS  R31,@0+(@1)+1
                 	ICALL
                 	.ENDM
                 
                 	.MACRO __CALL1FN
                 	LDI  R30,LOW(2*@0+(@1))
                 	LDI  R31,HIGH(2*@0+(@1))
                 	RCALL __GETW1PF
                 	ICALL
                 	.ENDM
                 
                 	.MACRO __CALL2EN
                 	PUSH R26
                 	PUSH R27
                 	LDI  R26,LOW(@0+(@1))
                 	LDI  R27,HIGH(@0+(@1))
                 	RCALL __EEPROMRDW
                 	POP  R27
                 	POP  R26
                 	ICALL
                 	.ENDM
                 
                 	.MACRO __CALL2EX
                 	SUBI R26,LOW(-@0)
                 	SBCI R27,HIGH(-@0)
                 	RCALL __EEPROMRDD
                 	ICALL
                 	.ENDM
                 
                 	.MACRO __GETW1STACK
                 	IN   R30,SPL
                 	IN   R31,SPH
                 	ADIW R30,@0+1
                 	LD   R0,Z+
                 	LD   R31,Z
                 	MOV  R30,R0
                 	.ENDM
                 
                 	.MACRO __GETD1STACK
                 	IN   R30,SPL
                 	IN   R31,SPH
                 	ADIW R30,@0+1
                 	LD   R0,Z+
                 	LD   R1,Z+
                 	LD   R22,Z
                 	MOVW R30,R0
                 	.ENDM
                 
                 	.MACRO __NBST
                 	BST  R@0,@1
                 	IN   R30,SREG
                 	LDI  R31,0x40
                 	EOR  R30,R31
                 	OUT  SREG,R30
                 	.ENDM
                 
                 
                 	.MACRO __PUTB1SN
                 	LDD  R26,Y+@0
                 	LDD  R27,Y+@0+1
                 	SUBI R26,LOW(-@1)
                 	SBCI R27,HIGH(-@1)
                 	ST   X,R30
                 	.ENDM
                 
                 	.MACRO __PUTW1SN
                 	LDD  R26,Y+@0
                 	LDD  R27,Y+@0+1
                 	SUBI R26,LOW(-@1)
                 	SBCI R27,HIGH(-@1)
                 	ST   X+,R30
                 	ST   X,R31
                 	.ENDM
                 
                 	.MACRO __PUTD1SN
                 	LDD  R26,Y+@0
                 	LDD  R27,Y+@0+1
                 	SUBI R26,LOW(-@1)
                 	SBCI R27,HIGH(-@1)
                 	RCALL __PUTDP1
                 	.ENDM
                 
                 	.MACRO __PUTB1SNS
                 	LDD  R26,Y+@0
                 	LDD  R27,Y+@0+1
                 	ADIW R26,@1
                 	ST   X,R30
                 	.ENDM
                 
                 	.MACRO __PUTW1SNS
                 	LDD  R26,Y+@0
                 	LDD  R27,Y+@0+1
                 	ADIW R26,@1
                 	ST   X+,R30
                 	ST   X,R31
                 	.ENDM
                 
                 	.MACRO __PUTD1SNS
                 	LDD  R26,Y+@0
                 	LDD  R27,Y+@0+1
                 	ADIW R26,@1
                 	RCALL __PUTDP1
                 	.ENDM
                 
                 	.MACRO __PUTB1PMN
                 	LDS  R26,@0
                 	LDS  R27,@0+1
                 	SUBI R26,LOW(-@1)
                 	SBCI R27,HIGH(-@1)
                 	ST   X,R30
                 	.ENDM
                 
                 	.MACRO __PUTW1PMN
                 	LDS  R26,@0
                 	LDS  R27,@0+1
                 	SUBI R26,LOW(-@1)
                 	SBCI R27,HIGH(-@1)
                 	ST   X+,R30
                 	ST   X,R31
                 	.ENDM
                 
                 	.MACRO __PUTD1PMN
                 	LDS  R26,@0
                 	LDS  R27,@0+1
                 	SUBI R26,LOW(-@1)
                 	SBCI R27,HIGH(-@1)
                 	RCALL __PUTDP1
                 	.ENDM
                 
                 	.MACRO __PUTB1PMNS
                 	LDS  R26,@0
                 	LDS  R27,@0+1
                 	ADIW R26,@1
                 	ST   X,R30
                 	.ENDM
                 
                 	.MACRO __PUTW1PMNS
                 	LDS  R26,@0
                 	LDS  R27,@0+1
                 	ADIW R26,@1
                 	ST   X+,R30
                 	ST   X,R31
                 	.ENDM
                 
                 	.MACRO __PUTD1PMNS
                 	LDS  R26,@0
                 	LDS  R27,@0+1
                 	ADIW R26,@1
                 	RCALL __PUTDP1
                 	.ENDM
                 
                 	.MACRO __PUTB1RN
                 	MOVW R26,R@0
                 	SUBI R26,LOW(-@1)
                 	SBCI R27,HIGH(-@1)
                 	ST   X,R30
                 	.ENDM
                 
                 	.MACRO __PUTW1RN
                 	MOVW R26,R@0
                 	SUBI R26,LOW(-@1)
                 	SBCI R27,HIGH(-@1)
                 	ST   X+,R30
                 	ST   X,R31
                 	.ENDM
                 
                 	.MACRO __PUTD1RN
                 	MOVW R26,R@0
                 	SUBI R26,LOW(-@1)
                 	SBCI R27,HIGH(-@1)
                 	RCALL __PUTDP1
                 	.ENDM
                 
                 	.MACRO __PUTB1RNS
                 	MOVW R26,R@0
                 	ADIW R26,@1
                 	ST   X,R30
                 	.ENDM
                 
                 	.MACRO __PUTW1RNS
                 	MOVW R26,R@0
                 	ADIW R26,@1
                 	ST   X+,R30
                 	ST   X,R31
                 	.ENDM
                 
                 	.MACRO __PUTD1RNS
                 	MOVW R26,R@0
                 	ADIW R26,@1
                 	RCALL __PUTDP1
                 	.ENDM
                 
                 	.MACRO __PUTB1RON
                 	MOV  R26,R@0
                 	MOV  R27,R@1
                 	SUBI R26,LOW(-@2)
                 	SBCI R27,HIGH(-@2)
                 	ST   X,R30
                 	.ENDM
                 
                 	.MACRO __PUTW1RON
                 	MOV  R26,R@0
                 	MOV  R27,R@1
                 	SUBI R26,LOW(-@2)
                 	SBCI R27,HIGH(-@2)
                 	ST   X+,R30
                 	ST   X,R31
                 	.ENDM
                 
                 	.MACRO __PUTD1RON
                 	MOV  R26,R@0
                 	MOV  R27,R@1
                 	SUBI R26,LOW(-@2)
                 	SBCI R27,HIGH(-@2)
                 	RCALL __PUTDP1
                 	.ENDM
                 
                 	.MACRO __PUTB1RONS
                 	MOV  R26,R@0
                 	MOV  R27,R@1
                 	ADIW R26,@2
                 	ST   X,R30
                 	.ENDM
                 
                 	.MACRO __PUTW1RONS
                 	MOV  R26,R@0
                 	MOV  R27,R@1
                 	ADIW R26,@2
                 	ST   X+,R30
                 	ST   X,R31
                 	.ENDM
                 
                 	.MACRO __PUTD1RONS
                 	MOV  R26,R@0
                 	MOV  R27,R@1
                 	ADIW R26,@2
                 	RCALL __PUTDP1
                 	.ENDM
                 
                 
                 	.MACRO __GETB1SX
                 	MOVW R30,R28
                 	SUBI R30,LOW(-@0)
                 	SBCI R31,HIGH(-@0)
                 	LD   R30,Z
                 	.ENDM
                 
                 	.MACRO __GETB1HSX
                 	MOVW R30,R28
                 	SUBI R30,LOW(-@0)
                 	SBCI R31,HIGH(-@0)
                 	LD   R31,Z
                 	.ENDM
                 
                 	.MACRO __GETW1SX
                 	MOVW R30,R28
                 	SUBI R30,LOW(-@0)
                 	SBCI R31,HIGH(-@0)
                 	LD   R0,Z+
                 	LD   R31,Z
                 	MOV  R30,R0
                 	.ENDM
                 
                 	.MACRO __GETD1SX
                 	MOVW R30,R28
                 	SUBI R30,LOW(-@0)
                 	SBCI R31,HIGH(-@0)
                 	LD   R0,Z+
                 	LD   R1,Z+
                 	LD   R22,Z+
                 	LD   R23,Z
                 	MOVW R30,R0
                 	.ENDM
                 
                 	.MACRO __GETB2SX
                 	MOVW R26,R28
                 	SUBI R26,LOW(-@0)
                 	SBCI R27,HIGH(-@0)
                 	LD   R26,X
                 	.ENDM
                 
                 	.MACRO __GETW2SX
                 	MOVW R26,R28
                 	SUBI R26,LOW(-@0)
                 	SBCI R27,HIGH(-@0)
                 	LD   R0,X+
                 	LD   R27,X
                 	MOV  R26,R0
                 	.ENDM
                 
                 	.MACRO __GETD2SX
                 	MOVW R26,R28
                 	SUBI R26,LOW(-@0)
                 	SBCI R27,HIGH(-@0)
                 	LD   R0,X+
                 	LD   R1,X+
                 	LD   R24,X+
                 	LD   R25,X
                 	MOVW R26,R0
                 	.ENDM
                 
                 	.MACRO __GETBRSX
                 	MOVW R30,R28
                 	SUBI R30,LOW(-@1)
                 	SBCI R31,HIGH(-@1)
                 	LD   R@0,Z
                 	.ENDM
                 
                 	.MACRO __GETWRSX
                 	MOVW R30,R28
                 	SUBI R30,LOW(-@2)
                 	SBCI R31,HIGH(-@2)
                 	LD   R@0,Z+
                 	LD   R@1,Z
                 	.ENDM
                 
                 	.MACRO __GETBRSX2
                 	MOVW R26,R28
                 	SUBI R26,LOW(-@1)
                 	SBCI R27,HIGH(-@1)
                 	LD   R@0,X
                 	.ENDM
                 
                 	.MACRO __GETWRSX2
                 	MOVW R26,R28
                 	SUBI R26,LOW(-@2)
                 	SBCI R27,HIGH(-@2)
                 	LD   R@0,X+
                 	LD   R@1,X
                 	.ENDM
                 
                 	.MACRO __LSLW8SX
                 	MOVW R30,R28
                 	SUBI R30,LOW(-@0)
                 	SBCI R31,HIGH(-@0)
                 	LD   R31,Z
                 	CLR  R30
                 	.ENDM
                 
                 	.MACRO __PUTB1SX
                 	MOVW R26,R28
                 	SUBI R26,LOW(-@0)
                 	SBCI R27,HIGH(-@0)
                 	ST   X,R30
                 	.ENDM
                 
                 	.MACRO __PUTW1SX
                 	MOVW R26,R28
                 	SUBI R26,LOW(-@0)
                 	SBCI R27,HIGH(-@0)
                 	ST   X+,R30
                 	ST   X,R31
                 	.ENDM
                 
                 	.MACRO __PUTD1SX
                 	MOVW R26,R28
                 	SUBI R26,LOW(-@0)
                 	SBCI R27,HIGH(-@0)
                 	ST   X+,R30
                 	ST   X+,R31
                 	ST   X+,R22
                 	ST   X,R23
                 	.ENDM
                 
                 	.MACRO __CLRW1SX
                 	MOVW R26,R28
                 	SUBI R26,LOW(-@0)
                 	SBCI R27,HIGH(-@0)
                 	ST   X+,R30
                 	ST   X,R30
                 	.ENDM
                 
                 	.MACRO __CLRD1SX
                 	MOVW R26,R28
                 	SUBI R26,LOW(-@0)
                 	SBCI R27,HIGH(-@0)
                 	ST   X+,R30
                 	ST   X+,R30
                 	ST   X+,R30
                 	ST   X,R30
                 	.ENDM
                 
                 	.MACRO __PUTB2SX
                 	MOVW R30,R28
                 	SUBI R30,LOW(-@0)
                 	SBCI R31,HIGH(-@0)
                 	ST   Z,R26
                 	.ENDM
                 
                 	.MACRO __PUTW2SX
                 	MOVW R30,R28
                 	SUBI R30,LOW(-@0)
                 	SBCI R31,HIGH(-@0)
                 	ST   Z+,R26
                 	ST   Z,R27
                 	.ENDM
                 
                 	.MACRO __PUTD2SX
                 	MOVW R30,R28
                 	SUBI R30,LOW(-@0)
                 	SBCI R31,HIGH(-@0)
                 	ST   Z+,R26
                 	ST   Z+,R27
                 	ST   Z+,R24
                 	ST   Z,R25
                 	.ENDM
                 
                 	.MACRO __PUTBSRX
                 	MOVW R30,R28
                 	SUBI R30,LOW(-@1)
                 	SBCI R31,HIGH(-@1)
                 	ST   Z,R@0
                 	.ENDM
                 
                 	.MACRO __PUTWSRX
                 	MOVW R30,R28
                 	SUBI R30,LOW(-@2)
                 	SBCI R31,HIGH(-@2)
                 	ST   Z+,R@0
                 	ST   Z,R@1
                 	.ENDM
                 
                 	.MACRO __PUTB1SNX
                 	MOVW R26,R28
                 	SUBI R26,LOW(-@0)
                 	SBCI R27,HIGH(-@0)
                 	LD   R0,X+
                 	LD   R27,X
                 	MOV  R26,R0
                 	SUBI R26,LOW(-@1)
                 	SBCI R27,HIGH(-@1)
                 	ST   X,R30
                 	.ENDM
                 
                 	.MACRO __PUTW1SNX
                 	MOVW R26,R28
                 	SUBI R26,LOW(-@0)
                 	SBCI R27,HIGH(-@0)
                 	LD   R0,X+
                 	LD   R27,X
                 	MOV  R26,R0
                 	SUBI R26,LOW(-@1)
                 	SBCI R27,HIGH(-@1)
                 	ST   X+,R30
                 	ST   X,R31
                 	.ENDM
                 
                 	.MACRO __PUTD1SNX
                 	MOVW R26,R28
                 	SUBI R26,LOW(-@0)
                 	SBCI R27,HIGH(-@0)
                 	LD   R0,X+
                 	LD   R27,X
                 	MOV  R26,R0
                 	SUBI R26,LOW(-@1)
                 	SBCI R27,HIGH(-@1)
                 	ST   X+,R30
                 	ST   X+,R31
                 	ST   X+,R22
                 	ST   X,R23
                 	.ENDM
                 
                 	.MACRO __MULBRR
                 	MULS R@0,R@1
                 	MOVW R30,R0
                 	.ENDM
                 
                 	.MACRO __MULBRRU
                 	MUL  R@0,R@1
                 	MOVW R30,R0
                 	.ENDM
                 
                 	.MACRO __MULBRR0
                 	MULS R@0,R@1
                 	.ENDM
                 
                 	.MACRO __MULBRRU0
                 	MUL  R@0,R@1
                 	.ENDM
                 
                 	.MACRO __MULBNWRU
                 	LDI  R26,@2
                 	MUL  R26,R@0
                 	MOVW R30,R0
                 	MUL  R26,R@1
                 	ADD  R31,R0
                 	.ENDM
                 
                 ;NAME DEFINITIONS FOR GLOBAL VARIABLES ALLOCATED TO REGISTERS
                 	.DEF _Cmd_SetAddr=R5
                 	.DEF _Cmd_DispCtrl=R4
                 	.DEF __PointFlag=R7
                 	.DEF __DispType=R6
                 	.DEF _DecPoint=R9
                 	.DEF _BlankingFlag=R8
                 
                 	.CSEG
                 	.ORG 0x00
                 
                 ;START OF CODE MARKER
                 __START_OF_CODE:
                 
                 ;INTERRUPT VECTORS
000000 c021      	RJMP __RESET
000001 cffe      	RJMP 0x00
000002 cffd      	RJMP 0x00
000003 cffc      	RJMP 0x00
000004 cffb      	RJMP 0x00
000005 cffa      	RJMP 0x00
000006 cff9      	RJMP 0x00
000007 cff8      	RJMP 0x00
000008 cff7      	RJMP 0x00
000009 cff6      	RJMP 0x00
00000a cff5      	RJMP 0x00
00000b cff4      	RJMP 0x00
00000c cff3      	RJMP 0x00
00000d cff2      	RJMP 0x00
00000e cff1      	RJMP 0x00
00000f cff0      	RJMP 0x00
000010 cfef      	RJMP 0x00
000011 cfee      	RJMP 0x00
000012 cfed      	RJMP 0x00
                 
                 _0x3:
000013 063f
000014 4f5b
000015 6d66
000016 077d      	.DB  0x3F,0x6,0x5B,0x4F,0x66,0x6D,0x7D,0x7
000017 6f7f
000018 7c77
000019 5e39
00001a 7179      	.DB  0x7F,0x6F,0x77,0x7C,0x39,0x5E,0x79,0x71
D:\Projects AVR\TM1637_I2C\Debug\List\TM1637_I2C.asm(1123): warning: .cseg .db misalignment - padding zero byte
00001b 0040      	.DB  0x40
                 _0x38:
00001c 0100
00001d 0302      	.DB  0x0,0x1,0x2,0x3
                 
                 __GLOBAL_INI_TBL:
00001e 0011      	.DW  0x11
00001f 0160      	.DW  _TubeTab_G000
000020 0026      	.DW  _0x3*2
                 
                 _0xFFFFFFFF:
000021 0000      	.DW  0
                 
                 #define __GLOBAL_INI_TBL_PRESENT 1
                 
                 __RESET:
000022 94f8      	CLI
000023 27ee      	CLR  R30
000024 bbec      	OUT  EECR,R30
                 
                 ;INTERRUPT VECTORS ARE PLACED
                 ;AT THE START OF FLASH
000025 e0f1      	LDI  R31,1
000026 bffb      	OUT  GICR,R31
000027 bfeb      	OUT  GICR,R30
000028 bfe5      	OUT  MCUCR,R30
                 
                 ;CLEAR R2-R14
000029 e08d      	LDI  R24,(14-2)+1
00002a e0a2      	LDI  R26,2
00002b 27bb      	CLR  R27
                 __CLEAR_REG:
00002c 93ed      	ST   X+,R30
00002d 958a      	DEC  R24
00002e f7e9      	BRNE __CLEAR_REG
                 
                 ;CLEAR SRAM
00002f e080      	LDI  R24,LOW(__CLEAR_SRAM_SIZE)
000030 e094      	LDI  R25,HIGH(__CLEAR_SRAM_SIZE)
000031 e6a0      	LDI  R26,__SRAM_START
                 __CLEAR_SRAM:
000032 93ed      	ST   X+,R30
000033 9701      	SBIW R24,1
000034 f7e9      	BRNE __CLEAR_SRAM
                 
                 ;GLOBAL VARIABLES INITIALIZATION
000035 e3ec      	LDI  R30,LOW(__GLOBAL_INI_TBL*2)
000036 e0f0      	LDI  R31,HIGH(__GLOBAL_INI_TBL*2)
                 __GLOBAL_INI_NEXT:
000037 9185      	LPM  R24,Z+
000038 9195      	LPM  R25,Z+
000039 9700      	SBIW R24,0
00003a f061      	BREQ __GLOBAL_INI_END
00003b 91a5      	LPM  R26,Z+
00003c 91b5      	LPM  R27,Z+
00003d 9005      	LPM  R0,Z+
00003e 9015      	LPM  R1,Z+
00003f 01bf      	MOVW R22,R30
000040 01f0      	MOVW R30,R0
                 __GLOBAL_INI_LOOP:
000041 9005      	LPM  R0,Z+
000042 920d      	ST   X+,R0
000043 9701      	SBIW R24,1
000044 f7e1      	BRNE __GLOBAL_INI_LOOP
000045 01fb      	MOVW R30,R22
000046 cff0      	RJMP __GLOBAL_INI_NEXT
                 __GLOBAL_INI_END:
                 
                 ;HARDWARE STACK POINTER INITIALIZATION
000047 e5ef      	LDI  R30,LOW(__SRAM_END-__HEAP_SIZE)
000048 bfed      	OUT  SPL,R30
000049 e0e4      	LDI  R30,HIGH(__SRAM_END-__HEAP_SIZE)
00004a bfee      	OUT  SPH,R30
                 
                 ;DATA STACK POINTER INITIALIZATION
00004b e6c0      	LDI  R28,LOW(__SRAM_START+__DSTACK_SIZE)
00004c e0d1      	LDI  R29,HIGH(__SRAM_START+__DSTACK_SIZE)
                 
00004d c059      	RJMP _main
                 
                 	.ESEG
                 	.ORG 0
                 
                 	.DSEG
                 	.ORG 0x160
                 
                 	.CSEG
                 ;/*******************************************************
                 ;This program was created by the
                 ;CodeWizardAVR V3.12 Advanced
                 ;Automatic Program Generator
                 ;© Copyright 1998-2014 Pavel Haiduc, HP InfoTech s.r.l.
                 ;http://www.hpinfotech.com
                 ;
                 ;Project :
                 ;Version :
                 ;Date    : 14.02.2018
                 ;Author  :
                 ;Company :
                 ;Comments:
                 ;
                 ;
                 ;Chip type               : ATmega8A
                 ;Program type            : Application
                 ;AVR Core Clock frequency: 8,000000 MHz
                 ;Memory model            : Small
                 ;External RAM size       : 0
                 ;Data Stack size         : 256
                 ;*******************************************************/
                 ;
                 ;#include <mega8.h>
                 	#ifndef __SLEEP_DEFINED__
                 	#define __SLEEP_DEFINED__
                 	.EQU __se_bit=0x80
                 	.EQU __sm_mask=0x70
                 	.EQU __sm_powerdown=0x20
                 	.EQU __sm_powersave=0x30
                 	.EQU __sm_standby=0x60
                 	.EQU __sm_ext_standby=0x70
                 	.EQU __sm_adc_noise_red=0x10
                 	.SET power_ctrl_reg=mcucr
                 	#endif
                 ;
                 ;// I2C Bus functions
                 ;#include <i2c.h>
                 ;#include "TM1637.h"
                 
                 	.DSEG
                 
                 	.CSEG
                 _TM1637_writeByte:
                 ; .FSTART _TM1637_writeByte
00004e 93ba      	ST   -Y,R27
00004f 93aa      	ST   -Y,R26
                 ;	wr_data -> Y+0
000050 81a8      	LD   R26,Y
000051 d0c5      	RCALL _i2c_write
000052 c015      	RJMP _0x2000002
                 ; .FEND
                 ;	DispData -> Y+2
                 ;	PointData -> R17
                 ;	i -> R16
                 _TM1637_coding:
                 ; .FSTART _TM1637_coding
000053 93aa      	ST   -Y,R26
000054 931a      	ST   -Y,R17
                 ;	DispData -> Y+1
                 ;	PointData -> R17
000055 e0e1      	LDI  R30,LOW(1)
000056 15e7      	CP   R30,R7
000057 f411      	BRNE _0xE
000058 e810      	LDI  R17,LOW(128)
000059 c001      	RJMP _0xF
                 _0xE:
00005a e010      	LDI  R17,LOW(0)
                 _0xF:
00005b 81a9      	LDD  R26,Y+1
00005c 37af      	CPI  R26,LOW(0x7F)
00005d f411      	BRNE _0x10
00005e 2fe1      	MOV  R30,R17
00005f c006      	RJMP _0x3E
                 _0x10:
000060 81e9      	LDD  R30,Y+1
000061 e0f0      	LDI  R31,0
000062 5ae0      	SUBI R30,LOW(-_TubeTab_G000)
000063 4ffe      	SBCI R31,HIGH(-_TubeTab_G000)
000064 81e0      	LD   R30,Z
000065 0fe1      	ADD  R30,R17
                 _0x3E:
000066 83e9      	STD  Y+1,R30
000067 8118      	LDD  R17,Y+0
                 _0x2000002:
000068 9622      	ADIW R28,2
000069 9508      	RET
                 ; .FEND
                 ;	DispData -> Y+5
                 ;	SegData -> Y+1
                 ;	i -> R17
                 _TM1637_display:
                 ; .FSTART _TM1637_display
00006a 93aa      	ST   -Y,R26
00006b 931a      	ST   -Y,R17
                 ;	BitAddr -> Y+2
                 ;	DispData -> Y+1
                 ;	SegData -> R17
00006c 81a9      	LDD  R26,Y+1
00006d dfe5      	RCALL _TM1637_coding
00006e 2f1e      	MOV  R17,R30
00006f e4a4      	LDI  R26,LOW(68)
000070 e0b0      	LDI  R27,0
000071 dfdc      	RCALL _TM1637_writeByte
000072 d07f      	RCALL _i2c_stop
000073 d06f      	RCALL _i2c_start
000074 81ea      	LDD  R30,Y+2
000075 e0f0      	LDI  R31,0
000076 6ce0      	ORI  R30,LOW(0xC0)
000077 01df      	MOVW R26,R30
000078 dfd5      	RCALL _TM1637_writeByte
000079 2fa1      	MOV  R26,R17
00007a 27bb      	CLR  R27
00007b dfd2      	RCALL _TM1637_writeByte
00007c d075      	RCALL _i2c_stop
00007d d065      	RCALL _i2c_start
00007e 2da4      	MOV  R26,R4
00007f 27bb      	CLR  R27
000080 dfcd      	RCALL _TM1637_writeByte
000081 d070      	RCALL _i2c_stop
000082 8118      	LDD  R17,Y+0
000083 c021      	RJMP _0x2000001
                 ; .FEND
                 ;	Decimal -> Y+4
                 ;	temp -> Y+0
                 ;	Decimal -> Y+4
                 ;	temp -> R16,R17
                 ;	i -> R19
                 _TM1637_clearDisplay:
                 ; .FSTART _TM1637_clearDisplay
000084 e0e0      	LDI  R30,LOW(0)
000085 d055      	RCALL SUBOPT_0x0
000086 e0e1      	LDI  R30,LOW(1)
000087 d053      	RCALL SUBOPT_0x0
000088 e0e2      	LDI  R30,LOW(2)
000089 d051      	RCALL SUBOPT_0x0
00008a e0e3      	LDI  R30,LOW(3)
00008b d04f      	RCALL SUBOPT_0x0
00008c 9508      	RET
                 ; .FEND
                 _TM1637_init:
                 ; .FSTART _TM1637_init
00008d 93aa      	ST   -Y,R26
                 ;	DispType -> Y+0
00008e d04f      	RCALL _i2c_init
                +
00008f e18b     +LDI R24 , LOW ( 27 )
                +__DELAY_USB_LOOP :
000090 958a     +DEC R24
000091 f7f1     +BRNE __DELAY_USB_LOOP
                 	__DELAY_USB 27
000092 8068      	LDD  R6,Y+0
000093 e0e1      	LDI  R30,LOW(1)
000094 2e8e      	MOV  R8,R30
000095 15e6      	CP   R30,R6
000096 f411      	BRNE _0x35
000097 2e7e      	MOV  R7,R30
000098 c001      	RJMP _0x36
                 _0x35:
000099 2477      	CLR  R7
                 _0x36:
00009a e0e3      	LDI  R30,LOW(3)
00009b 2e9e      	MOV  R9,R30
00009c dfe7      	RCALL _TM1637_clearDisplay
00009d 9621      	ADIW R28,1
00009e 9508      	RET
                 ; .FEND
                 _TM1637_set:
                 ; .FSTART _TM1637_set
00009f 93aa      	ST   -Y,R26
                 ;	brightness -> Y+2
                 ;	DispOnOff -> Y+1
                 ;	SetAddr -> Y+0
0000a0 8058      	LDD  R5,Y+0
0000a1 81ea      	LDD  R30,Y+2
0000a2 81a9      	LDD  R26,Y+1
0000a3 0fea      	ADD  R30,R26
0000a4 2e4e      	MOV  R4,R30
                 _0x2000001:
0000a5 9623      	ADIW R28,3
0000a6 9508      	RET
                 ; .FEND
                 ;	PointFlag -> Y+0
                 ;
                 ;// Declare your global variables here
                 ;unsigned char SegData1[4]={0,1,2,3};//записываем в массив цифры 0,1,2,3
                 
                 	.DSEG
                 ;
                 ;
                 ;void main(void)
                 ; 0000 0023 {
                 
                 	.CSEG
                 _main:
                 ; .FSTART _main
                 ; 0000 0024 // Declare your local variables here
                 ; 0000 0025 
                 ; 0000 0026 // Input/Output Ports initialization
                 ; 0000 0027 // Port B initialization
                 ; 0000 0028 // Function: Bit7=In Bit6=In Bit5=In Bit4=In Bit3=In Bit2=In Bit1=In Bit0=In
                 ; 0000 0029 DDRB=(0<<DDB7) | (0<<DDB6) | (0<<DDB5) | (0<<DDB4) | (0<<DDB3) | (0<<DDB2) | (1<<DDB1) | (1<<DDB0);
0000a7 e0e3      	LDI  R30,LOW(3)
0000a8 bbe7      	OUT  0x17,R30
                 ; 0000 002A // State: Bit7=T Bit6=T Bit5=T Bit4=T Bit3=T Bit2=T Bit1=T Bit0=T
                 ; 0000 002B PORTB=(0<<PORTB7) | (0<<PORTB6) | (0<<PORTB5) | (0<<PORTB4) | (0<<PORTB3) | (0<<PORTB2) | (1<<PORTB1) | (1<<PORTB0);
0000a9 bbe8      	OUT  0x18,R30
                 ; 0000 002C 
                 ; 0000 002D // Port C initialization
                 ; 0000 002E // Function: Bit6=In Bit5=In Bit4=In Bit3=In Bit2=In Bit1=In Bit0=In
                 ; 0000 002F DDRC=(0<<DDC6) | (0<<DDC5) | (0<<DDC4) | (0<<DDC3) | (0<<DDC2) | (0<<DDC1) | (0<<DDC0);
0000aa e0e0      	LDI  R30,LOW(0)
0000ab bbe4      	OUT  0x14,R30
                 ; 0000 0030 // State: Bit6=T Bit5=T Bit4=T Bit3=T Bit2=T Bit1=T Bit0=T
                 ; 0000 0031 PORTC=(0<<PORTC6) | (0<<PORTC5) | (0<<PORTC4) | (0<<PORTC3) | (0<<PORTC2) | (0<<PORTC1) | (0<<PORTC0);
0000ac bbe5      	OUT  0x15,R30
                 ; 0000 0032 
                 ; 0000 0033 // Port D initialization
                 ; 0000 0034 // Function: Bit7=In Bit6=In Bit5=In Bit4=In Bit3=In Bit2=In Bit1=In Bit0=In
                 ; 0000 0035 DDRD=(0<<DDD7) | (0<<DDD6) | (0<<DDD5) | (0<<DDD4) | (0<<DDD3) | (0<<DDD2) | (0<<DDD1) | (0<<DDD0);
0000ad bbe1      	OUT  0x11,R30
                 ; 0000 0036 // State: Bit7=T Bit6=T Bit5=T Bit4=T Bit3=T Bit2=T Bit1=T Bit0=T
                 ; 0000 0037 PORTD=(0<<PORTD7) | (0<<PORTD6) | (0<<PORTD5) | (0<<PORTD4) | (0<<PORTD3) | (0<<PORTD2) | (0<<PORTD1) | (0<<PORTD0);
0000ae bbe2      	OUT  0x12,R30
                 ; 0000 0038 
                 ; 0000 0039 // Timer/Counter 0 initialization
                 ; 0000 003A // Clock source: System Clock
                 ; 0000 003B // Clock value: Timer 0 Stopped
                 ; 0000 003C TCCR0=(0<<CS02) | (0<<CS01) | (0<<CS00);
0000af bfe3      	OUT  0x33,R30
                 ; 0000 003D TCNT0=0x00;
0000b0 bfe2      	OUT  0x32,R30
                 ; 0000 003E 
                 ; 0000 003F // Timer/Counter 1 initialization
                 ; 0000 0040 // Clock source: System Clock
                 ; 0000 0041 // Clock value: Timer1 Stopped
                 ; 0000 0042 // Mode: Normal top=0xFFFF
                 ; 0000 0043 // OC1A output: Disconnected
                 ; 0000 0044 // OC1B output: Disconnected
                 ; 0000 0045 // Noise Canceler: Off
                 ; 0000 0046 // Input Capture on Falling Edge
                 ; 0000 0047 // Timer1 Overflow Interrupt: Off
                 ; 0000 0048 // Input Capture Interrupt: Off
                 ; 0000 0049 // Compare A Match Interrupt: Off
                 ; 0000 004A // Compare B Match Interrupt: Off
                 ; 0000 004B TCCR1A=(0<<COM1A1) | (0<<COM1A0) | (0<<COM1B1) | (0<<COM1B0) | (0<<WGM11) | (0<<WGM10);
0000b1 bdef      	OUT  0x2F,R30
                 ; 0000 004C TCCR1B=(0<<ICNC1) | (0<<ICES1) | (0<<WGM13) | (0<<WGM12) | (0<<CS12) | (0<<CS11) | (0<<CS10);
0000b2 bdee      	OUT  0x2E,R30
                 ; 0000 004D TCNT1H=0x00;
0000b3 bded      	OUT  0x2D,R30
                 ; 0000 004E TCNT1L=0x00;
0000b4 bdec      	OUT  0x2C,R30
                 ; 0000 004F ICR1H=0x00;
0000b5 bde7      	OUT  0x27,R30
                 ; 0000 0050 ICR1L=0x00;
0000b6 bde6      	OUT  0x26,R30
                 ; 0000 0051 OCR1AH=0x00;
0000b7 bdeb      	OUT  0x2B,R30
                 ; 0000 0052 OCR1AL=0x00;
0000b8 bdea      	OUT  0x2A,R30
                 ; 0000 0053 OCR1BH=0x00;
0000b9 bde9      	OUT  0x29,R30
                 ; 0000 0054 OCR1BL=0x00;
0000ba bde8      	OUT  0x28,R30
                 ; 0000 0055 
                 ; 0000 0056 // Timer/Counter 2 initialization
                 ; 0000 0057 // Clock source: System Clock
                 ; 0000 0058 // Clock value: Timer2 Stopped
                 ; 0000 0059 // Mode: Normal top=0xFF
                 ; 0000 005A // OC2 output: Disconnected
                 ; 0000 005B ASSR=0<<AS2;
0000bb bde2      	OUT  0x22,R30
                 ; 0000 005C TCCR2=(0<<PWM2) | (0<<COM21) | (0<<COM20) | (0<<CTC2) | (0<<CS22) | (0<<CS21) | (0<<CS20);
0000bc bde5      	OUT  0x25,R30
                 ; 0000 005D TCNT2=0x00;
0000bd bde4      	OUT  0x24,R30
                 ; 0000 005E OCR2=0x00;
0000be bde3      	OUT  0x23,R30
                 ; 0000 005F 
                 ; 0000 0060 // Timer(s)/Counter(s) Interrupt(s) initialization
                 ; 0000 0061 TIMSK=(0<<OCIE2) | (0<<TOIE2) | (0<<TICIE1) | (0<<OCIE1A) | (0<<OCIE1B) | (0<<TOIE1) | (0<<TOIE0);
0000bf bfe9      	OUT  0x39,R30
                 ; 0000 0062 
                 ; 0000 0063 // External Interrupt(s) initialization
                 ; 0000 0064 // INT0: Off
                 ; 0000 0065 // INT1: Off
                 ; 0000 0066 MCUCR=(0<<ISC11) | (0<<ISC10) | (0<<ISC01) | (0<<ISC00);
0000c0 bfe5      	OUT  0x35,R30
                 ; 0000 0067 
                 ; 0000 0068 // USART initialization
                 ; 0000 0069 // USART disabled
                 ; 0000 006A UCSRB=(0<<RXCIE) | (0<<TXCIE) | (0<<UDRIE) | (0<<RXEN) | (0<<TXEN) | (0<<UCSZ2) | (0<<RXB8) | (0<<TXB8);
0000c1 b9ea      	OUT  0xA,R30
                 ; 0000 006B 
                 ; 0000 006C // Analog Comparator initialization
                 ; 0000 006D // Analog Comparator: Off
                 ; 0000 006E // The Analog Comparator's positive input is
                 ; 0000 006F // connected to the AIN0 pin
                 ; 0000 0070 // The Analog Comparator's negative input is
                 ; 0000 0071 // connected to the AIN1 pin
                 ; 0000 0072 ACSR=(1<<ACD) | (0<<ACBG) | (0<<ACO) | (0<<ACI) | (0<<ACIE) | (0<<ACIC) | (0<<ACIS1) | (0<<ACIS0);
0000c2 e8e0      	LDI  R30,LOW(128)
0000c3 b9e8      	OUT  0x8,R30
                 ; 0000 0073 SFIOR=(0<<ACME);
0000c4 e0e0      	LDI  R30,LOW(0)
0000c5 bfe0      	OUT  0x30,R30
                 ; 0000 0074 
                 ; 0000 0075 // ADC initialization
                 ; 0000 0076 // ADC disabled
                 ; 0000 0077 ADCSRA=(0<<ADEN) | (0<<ADSC) | (0<<ADFR) | (0<<ADIF) | (0<<ADIE) | (0<<ADPS2) | (0<<ADPS1) | (0<<ADPS0);
0000c6 b9e6      	OUT  0x6,R30
                 ; 0000 0078 
                 ; 0000 0079 // SPI initialization
                 ; 0000 007A // SPI disabled
                 ; 0000 007B SPCR=(0<<SPIE) | (0<<SPE) | (0<<DORD) | (0<<MSTR) | (0<<CPOL) | (0<<CPHA) | (0<<SPR1) | (0<<SPR0);
0000c7 b9ed      	OUT  0xD,R30
                 ; 0000 007C 
                 ; 0000 007D // TWI initialization
                 ; 0000 007E // TWI disabled
                 ; 0000 007F TWCR=(0<<TWEA) | (0<<TWSTA) | (0<<TWSTO) | (0<<TWEN) | (0<<TWIE);
0000c8 bfe6      	OUT  0x36,R30
                 ; 0000 0080 
                 ; 0000 0081 // Bit-Banged I2C Bus initialization
                 ; 0000 0082 // I2C Port: PORTB
                 ; 0000 0083 // I2C SDA bit: 1
                 ; 0000 0084 // I2C SCL bit: 0
                 ; 0000 0085 // Bit Rate: 100 kHz
                 ; 0000 0086 // Note: I2C settings are specified in the
                 ; 0000 0087 // Project|Configure|C Compiler|Libraries|I2C menu.
                 ; 0000 0088 
                 ; 0000 0089     //i2c_init();
                 ; 0000 008A 	TM1637_init(D4056A);//устанавливаем пины SCL и SDA
0000c9 e0a1      	LDI  R26,LOW(1)
0000ca dfc2      	RCALL _TM1637_init
                 ; 0000 008B 	TM1637_set(2,DISPLAY_ON,STARTADDR);// ставим ¤ркость 2
0000cb e0e2      	LDI  R30,LOW(2)
0000cc 93ea      	ST   -Y,R30
0000cd e8e8      	LDI  R30,LOW(136)
0000ce 93ea      	ST   -Y,R30
0000cf eca0      	LDI  R26,LOW(192)
0000d0 dfce      	RCALL _TM1637_set
                 ; 0000 008C     TM1637_clearDisplay();
0000d1 dfb2      	RCALL _TM1637_clearDisplay
                 ; 0000 008D 	delay_ms(800);//не знаю зачем, но тупим немного
0000d2 e2a0      	LDI  R26,LOW(800)
0000d3 e0b3      	LDI  R27,HIGH(800)
0000d4 d05a      	RCALL _delay_ms
                 ; 0000 008E     TM1637_display(2,3);
0000d5 e0e2      	LDI  R30,LOW(2)
0000d6 93ea      	ST   -Y,R30
0000d7 e0a3      	LDI  R26,LOW(3)
0000d8 df91      	RCALL _TM1637_display
                 ; 0000 008F 
                 ; 0000 0090 while (1)
                 _0x39:
                 ; 0000 0091       {
                 ; 0000 0092       // Place your code here
                 ; 0000 0093 //      char j;
                 ; 0000 0094 //      for (j=0;j<=15;j++)
                 ; 0000 0095 //		{
                 ; 0000 0096 //			SegData1[3]=j;
                 ; 0000 0097 //			SegData1[0]=j;
                 ; 0000 0098 //			TM1637_display_all(SegData1);
                 ; 0000 0099 //			delay_ms(800);
                 ; 0000 009A //
                 ; 0000 009B //		}
                 ; 0000 009C 
                 ; 0000 009D       }
0000d9 cfff      	RJMP _0x39
                 ; 0000 009E }
                 _0x3C:
0000da cfff      	RJMP _0x3C
                 ; .FEND
                 
                 	.DSEG
                 _TubeTab_G000:
000160           	.BYTE 0x12
                 
                 	.CSEG
                 ;OPTIMIZER ADDED SUBROUTINE, CALLED 4 TIMES, CODE SIZE REDUCTION:4 WORDS
                 SUBOPT_0x0:
0000db 93ea      	ST   -Y,R30
0000dc e1a1      	LDI  R26,LOW(17)
0000dd cf8c      	RJMP _TM1637_display
                 
                 
                 	.CSEG
                 	.equ __sda_bit=1
                 	.equ __scl_bit=0
                 	.equ __i2c_port=0x18 ;PORTB
                 	.equ __i2c_dir=__i2c_port-1
                 	.equ __i2c_pin=__i2c_port-2
                 
                 _i2c_init:
0000de 98c0      	cbi  __i2c_port,__scl_bit
0000df 98c1      	cbi  __i2c_port,__sda_bit
0000e0 9ab8      	sbi  __i2c_dir,__scl_bit
0000e1 98b9      	cbi  __i2c_dir,__sda_bit
0000e2 c015      	rjmp __i2c_delay2
                 _i2c_start:
0000e3 98b9      	cbi  __i2c_dir,__sda_bit
0000e4 98b8      	cbi  __i2c_dir,__scl_bit
0000e5 27ee      	clr  r30
0000e6 0000      	nop
0000e7 9bb1      	sbis __i2c_pin,__sda_bit
0000e8 9508      	ret
0000e9 9bb0      	sbis __i2c_pin,__scl_bit
0000ea 9508      	ret
0000eb d004      	rcall __i2c_delay1
0000ec 9ab9      	sbi  __i2c_dir,__sda_bit
0000ed d002      	rcall __i2c_delay1
0000ee 9ab8      	sbi  __i2c_dir,__scl_bit
0000ef e0e1      	ldi  r30,1
                 __i2c_delay1:
0000f0 e06d      	ldi  r22,13
0000f1 c007      	rjmp __i2c_delay2l
                 _i2c_stop:
0000f2 9ab9      	sbi  __i2c_dir,__sda_bit
0000f3 9ab8      	sbi  __i2c_dir,__scl_bit
0000f4 d003      	rcall __i2c_delay2
0000f5 98b8      	cbi  __i2c_dir,__scl_bit
0000f6 dff9      	rcall __i2c_delay1
0000f7 98b9      	cbi  __i2c_dir,__sda_bit
                 __i2c_delay2:
0000f8 e16b      	ldi  r22,27
                 __i2c_delay2l:
0000f9 956a      	dec  r22
0000fa f7f1      	brne __i2c_delay2l
0000fb 9508      	ret
                 _i2c_read:
0000fc e078      	ldi  r23,8
                 __i2c_read0:
0000fd 98b8      	cbi  __i2c_dir,__scl_bit
0000fe dff1      	rcall __i2c_delay1
                 __i2c_read3:
0000ff 9bb0      	sbis __i2c_pin,__scl_bit
000100 cffe      	rjmp __i2c_read3
000101 dfee      	rcall __i2c_delay1
000102 9488      	clc
000103 99b1      	sbic __i2c_pin,__sda_bit
000104 9408      	sec
000105 9ab8      	sbi  __i2c_dir,__scl_bit
000106 dff1      	rcall __i2c_delay2
000107 1fee      	rol  r30
000108 957a      	dec  r23
000109 f799      	brne __i2c_read0
00010a 2f7a      	mov  r23,r26
00010b 2377      	tst  r23
00010c f411      	brne __i2c_read1
00010d 98b9      	cbi  __i2c_dir,__sda_bit
00010e c001      	rjmp __i2c_read2
                 __i2c_read1:
00010f 9ab9      	sbi  __i2c_dir,__sda_bit
                 __i2c_read2:
000110 dfdf      	rcall __i2c_delay1
000111 98b8      	cbi  __i2c_dir,__scl_bit
000112 dfe5      	rcall __i2c_delay2
000113 9ab8      	sbi  __i2c_dir,__scl_bit
000114 dfdb      	rcall __i2c_delay1
000115 98b9      	cbi  __i2c_dir,__sda_bit
000116 cfd9      	rjmp __i2c_delay1
                 
                 _i2c_write:
000117 e078      	ldi  r23,8
                 __i2c_write0:
000118 0faa      	lsl  r26
000119 f410      	brcc __i2c_write1
00011a 98b9      	cbi  __i2c_dir,__sda_bit
00011b c001      	rjmp __i2c_write2
                 __i2c_write1:
00011c 9ab9      	sbi  __i2c_dir,__sda_bit
                 __i2c_write2:
00011d dfda      	rcall __i2c_delay2
00011e 98b8      	cbi  __i2c_dir,__scl_bit
00011f dfd0      	rcall __i2c_delay1
                 __i2c_write3:
000120 9bb0      	sbis __i2c_pin,__scl_bit
000121 cffe      	rjmp __i2c_write3
000122 dfcd      	rcall __i2c_delay1
000123 9ab8      	sbi  __i2c_dir,__scl_bit
000124 957a      	dec  r23
000125 f791      	brne __i2c_write0
000126 98b9      	cbi  __i2c_dir,__sda_bit
000127 dfc8      	rcall __i2c_delay1
000128 98b8      	cbi  __i2c_dir,__scl_bit
000129 dfce      	rcall __i2c_delay2
00012a e0e1      	ldi  r30,1
00012b 99b1      	sbic __i2c_pin,__sda_bit
00012c 27ee      	clr  r30
00012d 9ab8      	sbi  __i2c_dir,__scl_bit
00012e cfc1      	rjmp __i2c_delay1
                 
                 _delay_ms:
00012f 9610      	adiw r26,0
000130 f039      	breq __delay_ms1
                 __delay_ms0:
                +
000131 ed80     +LDI R24 , LOW ( 0x7D0 )
000132 e097     +LDI R25 , HIGH ( 0x7D0 )
                +__DELAY_USW_LOOP :
000133 9701     +SBIW R24 , 1
000134 f7f1     +BRNE __DELAY_USW_LOOP
                 	__DELAY_USW 0x7D0
000135 95a8      	wdr
000136 9711      	sbiw r26,1
000137 f7c9      	brne __delay_ms0
                 __delay_ms1:
000138 9508      	ret
                 
                 ;END OF CODE MARKER
                 __END_OF_CODE:


RESOURCE USE INFORMATION
------------------------

Notice:
The register and instruction counts are symbol table hit counts,
and hence implicitly used resources are not counted, eg, the
'lpm' instruction without operands implicitly uses r0 and z,
none of which are counted.

x,y,z are separate entities in the symbol table and are
counted separately from r26..r31 here.

.dseg memory usage only counts static data declared with .byte

ATmega8A register use summary:
r0 :   4 r1 :   1 r2 :   0 r3 :   0 r4 :   2 r5 :   1 r6 :   2 r7 :   3 
r8 :   1 r9 :   1 r10:   0 r11:   0 r12:   0 r13:   0 r14:   0 r15:   0 
r16:   0 r17:  10 r18:   0 r19:   0 r20:   0 r21:   0 r22:   5 r23:   6 
r24:  11 r25:   3 r26:  27 r27:   7 r28:   4 r29:   1 r30:  85 r31:   6 
x  :   3 y  :  24 z  :   8 
Registers used: 22 out of 35 (62.9%)

ATmega8A instruction use summary:
.lds  :   0 .lds.l:   0 .sts  :   0 .sts.l:   0 adc   :   0 add   :   2 
adiw  :   4 and   :   0 andi  :   0 asr   :   0 bclr  :   0 bld   :   0 
brbc  :   0 brbs  :   0 brcc  :   1 brcs  :   0 break :   0 breq  :   2 
brge  :   0 brhc  :   0 brhs  :   0 brid  :   0 brie  :   0 brlo  :   0 
brlt  :   0 brmi  :   0 brne  :  13 brpl  :   0 brsh  :   0 brtc  :   0 
brts  :   0 brvc  :   0 brvs  :   0 bset  :   0 bst   :   0 cbi   :  15 
cbr   :   0 clc   :   1 clh   :   0 cli   :   1 cln   :   0 clr   :   7 
cls   :   0 clt   :   0 clv   :   0 clz   :   0 com   :   0 cp    :   2 
cpc   :   0 cpi   :   1 cpse  :   0 dec   :   5 des   :   0 eor   :   0 
fmul  :   0 fmuls :   0 fmulsu:   0 icall :   0 ijmp  :   0 in    :   0 
inc   :   0 ld    :   2 ldd   :  10 ldi   :  47 lds   :   0 lpm   :   7 
lsl   :   1 lsr   :   0 mov   :   9 movw  :   4 mul   :   0 muls  :   0 
mulsu :   0 neg   :   0 nop   :   1 or    :   0 ori   :   1 out   :  36 
pop   :   0 push  :   0 rcall :  37 ret   :   8 reti  :   0 rjmp  :  37 
rol   :   1 ror   :   0 sbc   :   0 sbci  :   1 sbi   :  11 sbic  :   2 
sbis  :   4 sbiw  :   5 sbr   :   0 sbrc  :   0 sbrs  :   0 sec   :   1 
seh   :   0 sei   :   0 sen   :   0 ser   :   0 ses   :   0 set   :   0 
sev   :   0 sez   :   0 sleep :   0 spm   :   0 st    :  15 std   :   1 
sts   :   0 sub   :   0 subi  :   1 swap  :   0 tst   :   1 wdr   :   1 

Instructions used: 37 out of 114 (32.5%)

ATmega8A memory use summary [bytes]:
Segment   Begin    End      Code   Data   Used    Size   Use%
---------------------------------------------------------------
[.cseg] 0x000000 0x000272    596     30    626    8192   7.6%
[.dseg] 0x000060 0x000172      0     18     18    1024   1.8%
[.eseg] 0x000000 0x000000      0      0      0     512   0.0%

Assembly complete, 0 errors, 7 warnings
