
AVRASM ver. 2.1.30  D:\Projects AVR\PWM\Debug\List\PWM.asm Thu Nov 26 19:51:09 2015

D:\Projects AVR\PWM\Debug\List\PWM.asm(1086): warning: Register r5 already defined by the .DEF directive
D:\Projects AVR\PWM\Debug\List\PWM.asm(1087): warning: Register r4 already defined by the .DEF directive
D:\Projects AVR\PWM\Debug\List\PWM.asm(1088): warning: Register r7 already defined by the .DEF directive
D:\Projects AVR\PWM\Debug\List\PWM.asm(1089): warning: Register r6 already defined by the .DEF directive
D:\Projects AVR\PWM\Debug\List\PWM.asm(1090): warning: Register r9 already defined by the .DEF directive
D:\Projects AVR\PWM\Debug\List\PWM.asm(1091): warning: Register r8 already defined by the .DEF directive
D:\Projects AVR\PWM\Debug\List\PWM.asm(1092): warning: Register r11 already defined by the .DEF directive
D:\Projects AVR\PWM\Debug\List\PWM.asm(1093): warning: Register r10 already defined by the .DEF directive
D:\Projects AVR\PWM\Debug\List\PWM.asm(1094): warning: Register r13 already defined by the .DEF directive
                 
                 
                 ;CodeVisionAVR C Compiler V3.12 Advanced
                 ;(C) Copyright 1998-2014 Pavel Haiduc, HP InfoTech s.r.l.
                 ;http://www.hpinfotech.com
                 
                 ;Build configuration    : Debug
                 ;Chip type              : ATmega8
                 ;Program type           : Application
                 ;Clock frequency        : 8,000000 MHz
                 ;Memory model           : Small
                 ;Optimize for           : Size
                 ;(s)printf features     : int, width
                 ;(s)scanf features      : int, width
                 ;External RAM size      : 0
                 ;Data Stack size        : 256 byte(s)
                 ;Heap size              : 0 byte(s)
                 ;Promote 'char' to 'int': Yes
                 ;'char' is unsigned     : Yes
                 ;8 bit enums            : Yes
                 ;Global 'const' stored in FLASH: Yes
                 ;Enhanced function parameter passing: Yes
                 ;Enhanced core instructions: On
                 ;Automatic register allocation for global variables: On
                 ;Smart register allocation: On
                 
                 	#define _MODEL_SMALL_
                 
                 	#pragma AVRPART ADMIN PART_NAME ATmega8
                 	#pragma AVRPART MEMORY PROG_FLASH 8192
                 	#pragma AVRPART MEMORY EEPROM 512
                 	#pragma AVRPART MEMORY INT_SRAM SIZE 1024
                 	#pragma AVRPART MEMORY INT_SRAM START_ADDR 0x60
                 
                 	.LISTMAC
                 	.EQU UDRE=0x5
                 	.EQU RXC=0x7
                 	.EQU USR=0xB
                 	.EQU UDR=0xC
                 	.EQU SPSR=0xE
                 	.EQU SPDR=0xF
                 	.EQU EERE=0x0
                 	.EQU EEWE=0x1
                 	.EQU EEMWE=0x2
                 	.EQU EECR=0x1C
                 	.EQU EEDR=0x1D
                 	.EQU EEARL=0x1E
                 	.EQU EEARH=0x1F
                 	.EQU WDTCR=0x21
                 	.EQU MCUCR=0x35
                 	.EQU GICR=0x3B
                 	.EQU SPL=0x3D
                 	.EQU SPH=0x3E
                 	.EQU SREG=0x3F
                 
                 	.DEF R0X0=R0
                 	.DEF R0X1=R1
                 	.DEF R0X2=R2
                 	.DEF R0X3=R3
                 	.DEF R0X4=R4
                 	.DEF R0X5=R5
                 	.DEF R0X6=R6
                 	.DEF R0X7=R7
                 	.DEF R0X8=R8
                 	.DEF R0X9=R9
                 	.DEF R0XA=R10
                 	.DEF R0XB=R11
                 	.DEF R0XC=R12
                 	.DEF R0XD=R13
                 	.DEF R0XE=R14
                 	.DEF R0XF=R15
                 	.DEF R0X10=R16
                 	.DEF R0X11=R17
                 	.DEF R0X12=R18
                 	.DEF R0X13=R19
                 	.DEF R0X14=R20
                 	.DEF R0X15=R21
                 	.DEF R0X16=R22
                 	.DEF R0X17=R23
                 	.DEF R0X18=R24
                 	.DEF R0X19=R25
                 	.DEF R0X1A=R26
                 	.DEF R0X1B=R27
                 	.DEF R0X1C=R28
                 	.DEF R0X1D=R29
                 	.DEF R0X1E=R30
                 	.DEF R0X1F=R31
                 
                 	.EQU __SRAM_START=0x0060
                 	.EQU __SRAM_END=0x045F
                 	.EQU __DSTACK_SIZE=0x0100
                 	.EQU __HEAP_SIZE=0x0000
                 	.EQU __CLEAR_SRAM_SIZE=__SRAM_END-__SRAM_START+1
                 
                 	.MACRO __CPD1N
                 	CPI  R30,LOW(@0)
                 	LDI  R26,HIGH(@0)
                 	CPC  R31,R26
                 	LDI  R26,BYTE3(@0)
                 	CPC  R22,R26
                 	LDI  R26,BYTE4(@0)
                 	CPC  R23,R26
                 	.ENDM
                 
                 	.MACRO __CPD2N
                 	CPI  R26,LOW(@0)
                 	LDI  R30,HIGH(@0)
                 	CPC  R27,R30
                 	LDI  R30,BYTE3(@0)
                 	CPC  R24,R30
                 	LDI  R30,BYTE4(@0)
                 	CPC  R25,R30
                 	.ENDM
                 
                 	.MACRO __CPWRR
                 	CP   R@0,R@2
                 	CPC  R@1,R@3
                 	.ENDM
                 
                 	.MACRO __CPWRN
                 	CPI  R@0,LOW(@2)
                 	LDI  R30,HIGH(@2)
                 	CPC  R@1,R30
                 	.ENDM
                 
                 	.MACRO __ADDB1MN
                 	SUBI R30,LOW(-@0-(@1))
                 	.ENDM
                 
                 	.MACRO __ADDB2MN
                 	SUBI R26,LOW(-@0-(@1))
                 	.ENDM
                 
                 	.MACRO __ADDW1MN
                 	SUBI R30,LOW(-@0-(@1))
                 	SBCI R31,HIGH(-@0-(@1))
                 	.ENDM
                 
                 	.MACRO __ADDW2MN
                 	SUBI R26,LOW(-@0-(@1))
                 	SBCI R27,HIGH(-@0-(@1))
                 	.ENDM
                 
                 	.MACRO __ADDW1FN
                 	SUBI R30,LOW(-2*@0-(@1))
                 	SBCI R31,HIGH(-2*@0-(@1))
                 	.ENDM
                 
                 	.MACRO __ADDD1FN
                 	SUBI R30,LOW(-2*@0-(@1))
                 	SBCI R31,HIGH(-2*@0-(@1))
                 	SBCI R22,BYTE3(-2*@0-(@1))
                 	.ENDM
                 
                 	.MACRO __ADDD1N
                 	SUBI R30,LOW(-@0)
                 	SBCI R31,HIGH(-@0)
                 	SBCI R22,BYTE3(-@0)
                 	SBCI R23,BYTE4(-@0)
                 	.ENDM
                 
                 	.MACRO __ADDD2N
                 	SUBI R26,LOW(-@0)
                 	SBCI R27,HIGH(-@0)
                 	SBCI R24,BYTE3(-@0)
                 	SBCI R25,BYTE4(-@0)
                 	.ENDM
                 
                 	.MACRO __SUBD1N
                 	SUBI R30,LOW(@0)
                 	SBCI R31,HIGH(@0)
                 	SBCI R22,BYTE3(@0)
                 	SBCI R23,BYTE4(@0)
                 	.ENDM
                 
                 	.MACRO __SUBD2N
                 	SUBI R26,LOW(@0)
                 	SBCI R27,HIGH(@0)
                 	SBCI R24,BYTE3(@0)
                 	SBCI R25,BYTE4(@0)
                 	.ENDM
                 
                 	.MACRO __ANDBMNN
                 	LDS  R30,@0+(@1)
                 	ANDI R30,LOW(@2)
                 	STS  @0+(@1),R30
                 	.ENDM
                 
                 	.MACRO __ANDWMNN
                 	LDS  R30,@0+(@1)
                 	ANDI R30,LOW(@2)
                 	STS  @0+(@1),R30
                 	LDS  R30,@0+(@1)+1
                 	ANDI R30,HIGH(@2)
                 	STS  @0+(@1)+1,R30
                 	.ENDM
                 
                 	.MACRO __ANDD1N
                 	ANDI R30,LOW(@0)
                 	ANDI R31,HIGH(@0)
                 	ANDI R22,BYTE3(@0)
                 	ANDI R23,BYTE4(@0)
                 	.ENDM
                 
                 	.MACRO __ANDD2N
                 	ANDI R26,LOW(@0)
                 	ANDI R27,HIGH(@0)
                 	ANDI R24,BYTE3(@0)
                 	ANDI R25,BYTE4(@0)
                 	.ENDM
                 
                 	.MACRO __ORBMNN
                 	LDS  R30,@0+(@1)
                 	ORI  R30,LOW(@2)
                 	STS  @0+(@1),R30
                 	.ENDM
                 
                 	.MACRO __ORWMNN
                 	LDS  R30,@0+(@1)
                 	ORI  R30,LOW(@2)
                 	STS  @0+(@1),R30
                 	LDS  R30,@0+(@1)+1
                 	ORI  R30,HIGH(@2)
                 	STS  @0+(@1)+1,R30
                 	.ENDM
                 
                 	.MACRO __ORD1N
                 	ORI  R30,LOW(@0)
                 	ORI  R31,HIGH(@0)
                 	ORI  R22,BYTE3(@0)
                 	ORI  R23,BYTE4(@0)
                 	.ENDM
                 
                 	.MACRO __ORD2N
                 	ORI  R26,LOW(@0)
                 	ORI  R27,HIGH(@0)
                 	ORI  R24,BYTE3(@0)
                 	ORI  R25,BYTE4(@0)
                 	.ENDM
                 
                 	.MACRO __DELAY_USB
                 	LDI  R24,LOW(@0)
                 __DELAY_USB_LOOP:
                 	DEC  R24
                 	BRNE __DELAY_USB_LOOP
                 	.ENDM
                 
                 	.MACRO __DELAY_USW
                 	LDI  R24,LOW(@0)
                 	LDI  R25,HIGH(@0)
                 __DELAY_USW_LOOP:
                 	SBIW R24,1
                 	BRNE __DELAY_USW_LOOP
                 	.ENDM
                 
                 	.MACRO __GETD1S
                 	LDD  R30,Y+@0
                 	LDD  R31,Y+@0+1
                 	LDD  R22,Y+@0+2
                 	LDD  R23,Y+@0+3
                 	.ENDM
                 
                 	.MACRO __GETD2S
                 	LDD  R26,Y+@0
                 	LDD  R27,Y+@0+1
                 	LDD  R24,Y+@0+2
                 	LDD  R25,Y+@0+3
                 	.ENDM
                 
                 	.MACRO __PUTD1S
                 	STD  Y+@0,R30
                 	STD  Y+@0+1,R31
                 	STD  Y+@0+2,R22
                 	STD  Y+@0+3,R23
                 	.ENDM
                 
                 	.MACRO __PUTD2S
                 	STD  Y+@0,R26
                 	STD  Y+@0+1,R27
                 	STD  Y+@0+2,R24
                 	STD  Y+@0+3,R25
                 	.ENDM
                 
                 	.MACRO __PUTDZ2
                 	STD  Z+@0,R26
                 	STD  Z+@0+1,R27
                 	STD  Z+@0+2,R24
                 	STD  Z+@0+3,R25
                 	.ENDM
                 
                 	.MACRO __CLRD1S
                 	STD  Y+@0,R30
                 	STD  Y+@0+1,R30
                 	STD  Y+@0+2,R30
                 	STD  Y+@0+3,R30
                 	.ENDM
                 
                 	.MACRO __POINTB1MN
                 	LDI  R30,LOW(@0+(@1))
                 	.ENDM
                 
                 	.MACRO __POINTW1MN
                 	LDI  R30,LOW(@0+(@1))
                 	LDI  R31,HIGH(@0+(@1))
                 	.ENDM
                 
                 	.MACRO __POINTD1M
                 	LDI  R30,LOW(@0)
                 	LDI  R31,HIGH(@0)
                 	LDI  R22,BYTE3(@0)
                 	LDI  R23,BYTE4(@0)
                 	.ENDM
                 
                 	.MACRO __POINTW1FN
                 	LDI  R30,LOW(2*@0+(@1))
                 	LDI  R31,HIGH(2*@0+(@1))
                 	.ENDM
                 
                 	.MACRO __POINTD1FN
                 	LDI  R30,LOW(2*@0+(@1))
                 	LDI  R31,HIGH(2*@0+(@1))
                 	LDI  R22,BYTE3(2*@0+(@1))
                 	LDI  R23,BYTE4(2*@0+(@1))
                 	.ENDM
                 
                 	.MACRO __POINTB2MN
                 	LDI  R26,LOW(@0+(@1))
                 	.ENDM
                 
                 	.MACRO __POINTW2MN
                 	LDI  R26,LOW(@0+(@1))
                 	LDI  R27,HIGH(@0+(@1))
                 	.ENDM
                 
                 	.MACRO __POINTW2FN
                 	LDI  R26,LOW(2*@0+(@1))
                 	LDI  R27,HIGH(2*@0+(@1))
                 	.ENDM
                 
                 	.MACRO __POINTD2FN
                 	LDI  R26,LOW(2*@0+(@1))
                 	LDI  R27,HIGH(2*@0+(@1))
                 	LDI  R24,BYTE3(2*@0+(@1))
                 	LDI  R25,BYTE4(2*@0+(@1))
                 	.ENDM
                 
                 	.MACRO __POINTBRM
                 	LDI  R@0,LOW(@1)
                 	.ENDM
                 
                 	.MACRO __POINTWRM
                 	LDI  R@0,LOW(@2)
                 	LDI  R@1,HIGH(@2)
                 	.ENDM
                 
                 	.MACRO __POINTBRMN
                 	LDI  R@0,LOW(@1+(@2))
                 	.ENDM
                 
                 	.MACRO __POINTWRMN
                 	LDI  R@0,LOW(@2+(@3))
                 	LDI  R@1,HIGH(@2+(@3))
                 	.ENDM
                 
                 	.MACRO __POINTWRFN
                 	LDI  R@0,LOW(@2*2+(@3))
                 	LDI  R@1,HIGH(@2*2+(@3))
                 	.ENDM
                 
                 	.MACRO __GETD1N
                 	LDI  R30,LOW(@0)
                 	LDI  R31,HIGH(@0)
                 	LDI  R22,BYTE3(@0)
                 	LDI  R23,BYTE4(@0)
                 	.ENDM
                 
                 	.MACRO __GETD2N
                 	LDI  R26,LOW(@0)
                 	LDI  R27,HIGH(@0)
                 	LDI  R24,BYTE3(@0)
                 	LDI  R25,BYTE4(@0)
                 	.ENDM
                 
                 	.MACRO __GETB1MN
                 	LDS  R30,@0+(@1)
                 	.ENDM
                 
                 	.MACRO __GETB1HMN
                 	LDS  R31,@0+(@1)
                 	.ENDM
                 
                 	.MACRO __GETW1MN
                 	LDS  R30,@0+(@1)
                 	LDS  R31,@0+(@1)+1
                 	.ENDM
                 
                 	.MACRO __GETD1MN
                 	LDS  R30,@0+(@1)
                 	LDS  R31,@0+(@1)+1
                 	LDS  R22,@0+(@1)+2
                 	LDS  R23,@0+(@1)+3
                 	.ENDM
                 
                 	.MACRO __GETBRMN
                 	LDS  R@0,@1+(@2)
                 	.ENDM
                 
                 	.MACRO __GETWRMN
                 	LDS  R@0,@2+(@3)
                 	LDS  R@1,@2+(@3)+1
                 	.ENDM
                 
                 	.MACRO __GETWRZ
                 	LDD  R@0,Z+@2
                 	LDD  R@1,Z+@2+1
                 	.ENDM
                 
                 	.MACRO __GETD2Z
                 	LDD  R26,Z+@0
                 	LDD  R27,Z+@0+1
                 	LDD  R24,Z+@0+2
                 	LDD  R25,Z+@0+3
                 	.ENDM
                 
                 	.MACRO __GETB2MN
                 	LDS  R26,@0+(@1)
                 	.ENDM
                 
                 	.MACRO __GETW2MN
                 	LDS  R26,@0+(@1)
                 	LDS  R27,@0+(@1)+1
                 	.ENDM
                 
                 	.MACRO __GETD2MN
                 	LDS  R26,@0+(@1)
                 	LDS  R27,@0+(@1)+1
                 	LDS  R24,@0+(@1)+2
                 	LDS  R25,@0+(@1)+3
                 	.ENDM
                 
                 	.MACRO __PUTB1MN
                 	STS  @0+(@1),R30
                 	.ENDM
                 
                 	.MACRO __PUTW1MN
                 	STS  @0+(@1),R30
                 	STS  @0+(@1)+1,R31
                 	.ENDM
                 
                 	.MACRO __PUTD1MN
                 	STS  @0+(@1),R30
                 	STS  @0+(@1)+1,R31
                 	STS  @0+(@1)+2,R22
                 	STS  @0+(@1)+3,R23
                 	.ENDM
                 
                 	.MACRO __PUTB1EN
                 	LDI  R26,LOW(@0+(@1))
                 	LDI  R27,HIGH(@0+(@1))
                 	RCALL __EEPROMWRB
                 	.ENDM
                 
                 	.MACRO __PUTW1EN
                 	LDI  R26,LOW(@0+(@1))
                 	LDI  R27,HIGH(@0+(@1))
                 	RCALL __EEPROMWRW
                 	.ENDM
                 
                 	.MACRO __PUTD1EN
                 	LDI  R26,LOW(@0+(@1))
                 	LDI  R27,HIGH(@0+(@1))
                 	RCALL __EEPROMWRD
                 	.ENDM
                 
                 	.MACRO __PUTBR0MN
                 	STS  @0+(@1),R0
                 	.ENDM
                 
                 	.MACRO __PUTBMRN
                 	STS  @0+(@1),R@2
                 	.ENDM
                 
                 	.MACRO __PUTWMRN
                 	STS  @0+(@1),R@2
                 	STS  @0+(@1)+1,R@3
                 	.ENDM
                 
                 	.MACRO __PUTBZR
                 	STD  Z+@1,R@0
                 	.ENDM
                 
                 	.MACRO __PUTWZR
                 	STD  Z+@2,R@0
                 	STD  Z+@2+1,R@1
                 	.ENDM
                 
                 	.MACRO __GETW1R
                 	MOV  R30,R@0
                 	MOV  R31,R@1
                 	.ENDM
                 
                 	.MACRO __GETW2R
                 	MOV  R26,R@0
                 	MOV  R27,R@1
                 	.ENDM
                 
                 	.MACRO __GETWRN
                 	LDI  R@0,LOW(@2)
                 	LDI  R@1,HIGH(@2)
                 	.ENDM
                 
                 	.MACRO __PUTW1R
                 	MOV  R@0,R30
                 	MOV  R@1,R31
                 	.ENDM
                 
                 	.MACRO __PUTW2R
                 	MOV  R@0,R26
                 	MOV  R@1,R27
                 	.ENDM
                 
                 	.MACRO __ADDWRN
                 	SUBI R@0,LOW(-@2)
                 	SBCI R@1,HIGH(-@2)
                 	.ENDM
                 
                 	.MACRO __ADDWRR
                 	ADD  R@0,R@2
                 	ADC  R@1,R@3
                 	.ENDM
                 
                 	.MACRO __SUBWRN
                 	SUBI R@0,LOW(@2)
                 	SBCI R@1,HIGH(@2)
                 	.ENDM
                 
                 	.MACRO __SUBWRR
                 	SUB  R@0,R@2
                 	SBC  R@1,R@3
                 	.ENDM
                 
                 	.MACRO __ANDWRN
                 	ANDI R@0,LOW(@2)
                 	ANDI R@1,HIGH(@2)
                 	.ENDM
                 
                 	.MACRO __ANDWRR
                 	AND  R@0,R@2
                 	AND  R@1,R@3
                 	.ENDM
                 
                 	.MACRO __ORWRN
                 	ORI  R@0,LOW(@2)
                 	ORI  R@1,HIGH(@2)
                 	.ENDM
                 
                 	.MACRO __ORWRR
                 	OR   R@0,R@2
                 	OR   R@1,R@3
                 	.ENDM
                 
                 	.MACRO __EORWRR
                 	EOR  R@0,R@2
                 	EOR  R@1,R@3
                 	.ENDM
                 
                 	.MACRO __GETWRS
                 	LDD  R@0,Y+@2
                 	LDD  R@1,Y+@2+1
                 	.ENDM
                 
                 	.MACRO __PUTBSR
                 	STD  Y+@1,R@0
                 	.ENDM
                 
                 	.MACRO __PUTWSR
                 	STD  Y+@2,R@0
                 	STD  Y+@2+1,R@1
                 	.ENDM
                 
                 	.MACRO __MOVEWRR
                 	MOV  R@0,R@2
                 	MOV  R@1,R@3
                 	.ENDM
                 
                 	.MACRO __INWR
                 	IN   R@0,@2
                 	IN   R@1,@2+1
                 	.ENDM
                 
                 	.MACRO __OUTWR
                 	OUT  @2+1,R@1
                 	OUT  @2,R@0
                 	.ENDM
                 
                 	.MACRO __CALL1MN
                 	LDS  R30,@0+(@1)
                 	LDS  R31,@0+(@1)+1
                 	ICALL
                 	.ENDM
                 
                 	.MACRO __CALL1FN
                 	LDI  R30,LOW(2*@0+(@1))
                 	LDI  R31,HIGH(2*@0+(@1))
                 	RCALL __GETW1PF
                 	ICALL
                 	.ENDM
                 
                 	.MACRO __CALL2EN
                 	PUSH R26
                 	PUSH R27
                 	LDI  R26,LOW(@0+(@1))
                 	LDI  R27,HIGH(@0+(@1))
                 	RCALL __EEPROMRDW
                 	POP  R27
                 	POP  R26
                 	ICALL
                 	.ENDM
                 
                 	.MACRO __CALL2EX
                 	SUBI R26,LOW(-@0)
                 	SBCI R27,HIGH(-@0)
                 	RCALL __EEPROMRDD
                 	ICALL
                 	.ENDM
                 
                 	.MACRO __GETW1STACK
                 	IN   R30,SPL
                 	IN   R31,SPH
                 	ADIW R30,@0+1
                 	LD   R0,Z+
                 	LD   R31,Z
                 	MOV  R30,R0
                 	.ENDM
                 
                 	.MACRO __GETD1STACK
                 	IN   R30,SPL
                 	IN   R31,SPH
                 	ADIW R30,@0+1
                 	LD   R0,Z+
                 	LD   R1,Z+
                 	LD   R22,Z
                 	MOVW R30,R0
                 	.ENDM
                 
                 	.MACRO __NBST
                 	BST  R@0,@1
                 	IN   R30,SREG
                 	LDI  R31,0x40
                 	EOR  R30,R31
                 	OUT  SREG,R30
                 	.ENDM
                 
                 
                 	.MACRO __PUTB1SN
                 	LDD  R26,Y+@0
                 	LDD  R27,Y+@0+1
                 	SUBI R26,LOW(-@1)
                 	SBCI R27,HIGH(-@1)
                 	ST   X,R30
                 	.ENDM
                 
                 	.MACRO __PUTW1SN
                 	LDD  R26,Y+@0
                 	LDD  R27,Y+@0+1
                 	SUBI R26,LOW(-@1)
                 	SBCI R27,HIGH(-@1)
                 	ST   X+,R30
                 	ST   X,R31
                 	.ENDM
                 
                 	.MACRO __PUTD1SN
                 	LDD  R26,Y+@0
                 	LDD  R27,Y+@0+1
                 	SUBI R26,LOW(-@1)
                 	SBCI R27,HIGH(-@1)
                 	RCALL __PUTDP1
                 	.ENDM
                 
                 	.MACRO __PUTB1SNS
                 	LDD  R26,Y+@0
                 	LDD  R27,Y+@0+1
                 	ADIW R26,@1
                 	ST   X,R30
                 	.ENDM
                 
                 	.MACRO __PUTW1SNS
                 	LDD  R26,Y+@0
                 	LDD  R27,Y+@0+1
                 	ADIW R26,@1
                 	ST   X+,R30
                 	ST   X,R31
                 	.ENDM
                 
                 	.MACRO __PUTD1SNS
                 	LDD  R26,Y+@0
                 	LDD  R27,Y+@0+1
                 	ADIW R26,@1
                 	RCALL __PUTDP1
                 	.ENDM
                 
                 	.MACRO __PUTB1PMN
                 	LDS  R26,@0
                 	LDS  R27,@0+1
                 	SUBI R26,LOW(-@1)
                 	SBCI R27,HIGH(-@1)
                 	ST   X,R30
                 	.ENDM
                 
                 	.MACRO __PUTW1PMN
                 	LDS  R26,@0
                 	LDS  R27,@0+1
                 	SUBI R26,LOW(-@1)
                 	SBCI R27,HIGH(-@1)
                 	ST   X+,R30
                 	ST   X,R31
                 	.ENDM
                 
                 	.MACRO __PUTD1PMN
                 	LDS  R26,@0
                 	LDS  R27,@0+1
                 	SUBI R26,LOW(-@1)
                 	SBCI R27,HIGH(-@1)
                 	RCALL __PUTDP1
                 	.ENDM
                 
                 	.MACRO __PUTB1PMNS
                 	LDS  R26,@0
                 	LDS  R27,@0+1
                 	ADIW R26,@1
                 	ST   X,R30
                 	.ENDM
                 
                 	.MACRO __PUTW1PMNS
                 	LDS  R26,@0
                 	LDS  R27,@0+1
                 	ADIW R26,@1
                 	ST   X+,R30
                 	ST   X,R31
                 	.ENDM
                 
                 	.MACRO __PUTD1PMNS
                 	LDS  R26,@0
                 	LDS  R27,@0+1
                 	ADIW R26,@1
                 	RCALL __PUTDP1
                 	.ENDM
                 
                 	.MACRO __PUTB1RN
                 	MOVW R26,R@0
                 	SUBI R26,LOW(-@1)
                 	SBCI R27,HIGH(-@1)
                 	ST   X,R30
                 	.ENDM
                 
                 	.MACRO __PUTW1RN
                 	MOVW R26,R@0
                 	SUBI R26,LOW(-@1)
                 	SBCI R27,HIGH(-@1)
                 	ST   X+,R30
                 	ST   X,R31
                 	.ENDM
                 
                 	.MACRO __PUTD1RN
                 	MOVW R26,R@0
                 	SUBI R26,LOW(-@1)
                 	SBCI R27,HIGH(-@1)
                 	RCALL __PUTDP1
                 	.ENDM
                 
                 	.MACRO __PUTB1RNS
                 	MOVW R26,R@0
                 	ADIW R26,@1
                 	ST   X,R30
                 	.ENDM
                 
                 	.MACRO __PUTW1RNS
                 	MOVW R26,R@0
                 	ADIW R26,@1
                 	ST   X+,R30
                 	ST   X,R31
                 	.ENDM
                 
                 	.MACRO __PUTD1RNS
                 	MOVW R26,R@0
                 	ADIW R26,@1
                 	RCALL __PUTDP1
                 	.ENDM
                 
                 	.MACRO __PUTB1RON
                 	MOV  R26,R@0
                 	MOV  R27,R@1
                 	SUBI R26,LOW(-@2)
                 	SBCI R27,HIGH(-@2)
                 	ST   X,R30
                 	.ENDM
                 
                 	.MACRO __PUTW1RON
                 	MOV  R26,R@0
                 	MOV  R27,R@1
                 	SUBI R26,LOW(-@2)
                 	SBCI R27,HIGH(-@2)
                 	ST   X+,R30
                 	ST   X,R31
                 	.ENDM
                 
                 	.MACRO __PUTD1RON
                 	MOV  R26,R@0
                 	MOV  R27,R@1
                 	SUBI R26,LOW(-@2)
                 	SBCI R27,HIGH(-@2)
                 	RCALL __PUTDP1
                 	.ENDM
                 
                 	.MACRO __PUTB1RONS
                 	MOV  R26,R@0
                 	MOV  R27,R@1
                 	ADIW R26,@2
                 	ST   X,R30
                 	.ENDM
                 
                 	.MACRO __PUTW1RONS
                 	MOV  R26,R@0
                 	MOV  R27,R@1
                 	ADIW R26,@2
                 	ST   X+,R30
                 	ST   X,R31
                 	.ENDM
                 
                 	.MACRO __PUTD1RONS
                 	MOV  R26,R@0
                 	MOV  R27,R@1
                 	ADIW R26,@2
                 	RCALL __PUTDP1
                 	.ENDM
                 
                 
                 	.MACRO __GETB1SX
                 	MOVW R30,R28
                 	SUBI R30,LOW(-@0)
                 	SBCI R31,HIGH(-@0)
                 	LD   R30,Z
                 	.ENDM
                 
                 	.MACRO __GETB1HSX
                 	MOVW R30,R28
                 	SUBI R30,LOW(-@0)
                 	SBCI R31,HIGH(-@0)
                 	LD   R31,Z
                 	.ENDM
                 
                 	.MACRO __GETW1SX
                 	MOVW R30,R28
                 	SUBI R30,LOW(-@0)
                 	SBCI R31,HIGH(-@0)
                 	LD   R0,Z+
                 	LD   R31,Z
                 	MOV  R30,R0
                 	.ENDM
                 
                 	.MACRO __GETD1SX
                 	MOVW R30,R28
                 	SUBI R30,LOW(-@0)
                 	SBCI R31,HIGH(-@0)
                 	LD   R0,Z+
                 	LD   R1,Z+
                 	LD   R22,Z+
                 	LD   R23,Z
                 	MOVW R30,R0
                 	.ENDM
                 
                 	.MACRO __GETB2SX
                 	MOVW R26,R28
                 	SUBI R26,LOW(-@0)
                 	SBCI R27,HIGH(-@0)
                 	LD   R26,X
                 	.ENDM
                 
                 	.MACRO __GETW2SX
                 	MOVW R26,R28
                 	SUBI R26,LOW(-@0)
                 	SBCI R27,HIGH(-@0)
                 	LD   R0,X+
                 	LD   R27,X
                 	MOV  R26,R0
                 	.ENDM
                 
                 	.MACRO __GETD2SX
                 	MOVW R26,R28
                 	SUBI R26,LOW(-@0)
                 	SBCI R27,HIGH(-@0)
                 	LD   R0,X+
                 	LD   R1,X+
                 	LD   R24,X+
                 	LD   R25,X
                 	MOVW R26,R0
                 	.ENDM
                 
                 	.MACRO __GETBRSX
                 	MOVW R30,R28
                 	SUBI R30,LOW(-@1)
                 	SBCI R31,HIGH(-@1)
                 	LD   R@0,Z
                 	.ENDM
                 
                 	.MACRO __GETWRSX
                 	MOVW R30,R28
                 	SUBI R30,LOW(-@2)
                 	SBCI R31,HIGH(-@2)
                 	LD   R@0,Z+
                 	LD   R@1,Z
                 	.ENDM
                 
                 	.MACRO __GETBRSX2
                 	MOVW R26,R28
                 	SUBI R26,LOW(-@1)
                 	SBCI R27,HIGH(-@1)
                 	LD   R@0,X
                 	.ENDM
                 
                 	.MACRO __GETWRSX2
                 	MOVW R26,R28
                 	SUBI R26,LOW(-@2)
                 	SBCI R27,HIGH(-@2)
                 	LD   R@0,X+
                 	LD   R@1,X
                 	.ENDM
                 
                 	.MACRO __LSLW8SX
                 	MOVW R30,R28
                 	SUBI R30,LOW(-@0)
                 	SBCI R31,HIGH(-@0)
                 	LD   R31,Z
                 	CLR  R30
                 	.ENDM
                 
                 	.MACRO __PUTB1SX
                 	MOVW R26,R28
                 	SUBI R26,LOW(-@0)
                 	SBCI R27,HIGH(-@0)
                 	ST   X,R30
                 	.ENDM
                 
                 	.MACRO __PUTW1SX
                 	MOVW R26,R28
                 	SUBI R26,LOW(-@0)
                 	SBCI R27,HIGH(-@0)
                 	ST   X+,R30
                 	ST   X,R31
                 	.ENDM
                 
                 	.MACRO __PUTD1SX
                 	MOVW R26,R28
                 	SUBI R26,LOW(-@0)
                 	SBCI R27,HIGH(-@0)
                 	ST   X+,R30
                 	ST   X+,R31
                 	ST   X+,R22
                 	ST   X,R23
                 	.ENDM
                 
                 	.MACRO __CLRW1SX
                 	MOVW R26,R28
                 	SUBI R26,LOW(-@0)
                 	SBCI R27,HIGH(-@0)
                 	ST   X+,R30
                 	ST   X,R30
                 	.ENDM
                 
                 	.MACRO __CLRD1SX
                 	MOVW R26,R28
                 	SUBI R26,LOW(-@0)
                 	SBCI R27,HIGH(-@0)
                 	ST   X+,R30
                 	ST   X+,R30
                 	ST   X+,R30
                 	ST   X,R30
                 	.ENDM
                 
                 	.MACRO __PUTB2SX
                 	MOVW R30,R28
                 	SUBI R30,LOW(-@0)
                 	SBCI R31,HIGH(-@0)
                 	ST   Z,R26
                 	.ENDM
                 
                 	.MACRO __PUTW2SX
                 	MOVW R30,R28
                 	SUBI R30,LOW(-@0)
                 	SBCI R31,HIGH(-@0)
                 	ST   Z+,R26
                 	ST   Z,R27
                 	.ENDM
                 
                 	.MACRO __PUTD2SX
                 	MOVW R30,R28
                 	SUBI R30,LOW(-@0)
                 	SBCI R31,HIGH(-@0)
                 	ST   Z+,R26
                 	ST   Z+,R27
                 	ST   Z+,R24
                 	ST   Z,R25
                 	.ENDM
                 
                 	.MACRO __PUTBSRX
                 	MOVW R30,R28
                 	SUBI R30,LOW(-@1)
                 	SBCI R31,HIGH(-@1)
                 	ST   Z,R@0
                 	.ENDM
                 
                 	.MACRO __PUTWSRX
                 	MOVW R30,R28
                 	SUBI R30,LOW(-@2)
                 	SBCI R31,HIGH(-@2)
                 	ST   Z+,R@0
                 	ST   Z,R@1
                 	.ENDM
                 
                 	.MACRO __PUTB1SNX
                 	MOVW R26,R28
                 	SUBI R26,LOW(-@0)
                 	SBCI R27,HIGH(-@0)
                 	LD   R0,X+
                 	LD   R27,X
                 	MOV  R26,R0
                 	SUBI R26,LOW(-@1)
                 	SBCI R27,HIGH(-@1)
                 	ST   X,R30
                 	.ENDM
                 
                 	.MACRO __PUTW1SNX
                 	MOVW R26,R28
                 	SUBI R26,LOW(-@0)
                 	SBCI R27,HIGH(-@0)
                 	LD   R0,X+
                 	LD   R27,X
                 	MOV  R26,R0
                 	SUBI R26,LOW(-@1)
                 	SBCI R27,HIGH(-@1)
                 	ST   X+,R30
                 	ST   X,R31
                 	.ENDM
                 
                 	.MACRO __PUTD1SNX
                 	MOVW R26,R28
                 	SUBI R26,LOW(-@0)
                 	SBCI R27,HIGH(-@0)
                 	LD   R0,X+
                 	LD   R27,X
                 	MOV  R26,R0
                 	SUBI R26,LOW(-@1)
                 	SBCI R27,HIGH(-@1)
                 	ST   X+,R30
                 	ST   X+,R31
                 	ST   X+,R22
                 	ST   X,R23
                 	.ENDM
                 
                 	.MACRO __MULBRR
                 	MULS R@0,R@1
                 	MOVW R30,R0
                 	.ENDM
                 
                 	.MACRO __MULBRRU
                 	MUL  R@0,R@1
                 	MOVW R30,R0
                 	.ENDM
                 
                 	.MACRO __MULBRR0
                 	MULS R@0,R@1
                 	.ENDM
                 
                 	.MACRO __MULBRRU0
                 	MUL  R@0,R@1
                 	.ENDM
                 
                 	.MACRO __MULBNWRU
                 	LDI  R26,@2
                 	MUL  R26,R@0
                 	MOVW R30,R0
                 	MUL  R26,R@1
                 	ADD  R31,R0
                 	.ENDM
                 
                 ;NAME DEFINITIONS FOR GLOBAL VARIABLES ALLOCATED TO REGISTERS
                 	.DEF _NewState=R5
                 	.DEF _OldState=R4
                 	.DEF _OldVol=R7
                 	.DEF _upState=R6
                 	.DEF _downState=R9
                 	.DEF _Vol=R8
                 	.DEF __lcd_x=R11
                 	.DEF __lcd_y=R10
                 	.DEF __lcd_maxx=R13
                 
                 	.CSEG
                 	.ORG 0x00
                 
                 ;START OF CODE MARKER
                 __START_OF_CODE:
                 
                 ;INTERRUPT VECTORS
000000 c02c      	RJMP __RESET
000001 cffe      	RJMP 0x00
000002 cffd      	RJMP 0x00
000003 cffc      	RJMP 0x00
000004 cffb      	RJMP 0x00
000005 cffa      	RJMP 0x00
000006 cff9      	RJMP 0x00
000007 cff8      	RJMP 0x00
000008 cff7      	RJMP 0x00
000009 c04f      	RJMP _timer0_ovf_isr
00000a cff5      	RJMP 0x00
00000b cff4      	RJMP 0x00
00000c cff3      	RJMP 0x00
00000d cff2      	RJMP 0x00
00000e cff1      	RJMP 0x00
00000f cff0      	RJMP 0x00
000010 cfef      	RJMP 0x00
000011 cfee      	RJMP 0x00
000012 cfed      	RJMP 0x00
                 
                 ;GLOBAL REGISTER VARIABLES INITIALIZATION
                 __REG_VARS:
D:\Projects AVR\PWM\Debug\List\PWM.asm(1125): warning: .cseg .db misalignment - padding zero byte
000013 007f      	.DB  0x7F
                 
                 _0x0:
000014 7544
000015 7974
000016 6320
000017 6369      	.DB  0x44,0x75,0x74,0x79,0x20,0x63,0x69,0x63
000018 656c
000019 3d20
00001a 2500
D:\Projects AVR\PWM\Debug\List\PWM.asm(1129): warning: .cseg .db misalignment - padding zero byte
00001b 0000      	.DB  0x6C,0x65,0x20,0x3D,0x0,0x25,0x0
                 _0x2000003:
00001c c080      	.DB  0x80,0xC0
                 _0x2020060:
D:\Projects AVR\PWM\Debug\List\PWM.asm(1133): warning: .cseg .db misalignment - padding zero byte
00001d 0001      	.DB  0x1
                 _0x2020000:
00001e 4e2d
00001f 4e41
000020 4900
000021 464e      	.DB  0x2D,0x4E,0x41,0x4E,0x0,0x49,0x4E,0x46
D:\Projects AVR\PWM\Debug\List\PWM.asm(1136): warning: .cseg .db misalignment - padding zero byte
000022 0000      	.DB  0x0
                 
                 __GLOBAL_INI_TBL:
000023 0001      	.DW  0x01
000024 0008      	.DW  0x08
000025 0026      	.DW  __REG_VARS*2
                 
000026 0002      	.DW  0x02
000027 0160      	.DW  __base_y_G100
000028 0038      	.DW  _0x2000003*2
                 
000029 0001      	.DW  0x01
00002a 0164      	.DW  __seed_G101
00002b 003a      	.DW  _0x2020060*2
                 
                 _0xFFFFFFFF:
00002c 0000      	.DW  0
                 
                 #define __GLOBAL_INI_TBL_PRESENT 1
                 
                 __RESET:
00002d 94f8      	CLI
00002e 27ee      	CLR  R30
00002f bbec      	OUT  EECR,R30
                 
                 ;INTERRUPT VECTORS ARE PLACED
                 ;AT THE START OF FLASH
000030 e0f1      	LDI  R31,1
000031 bffb      	OUT  GICR,R31
000032 bfeb      	OUT  GICR,R30
000033 bfe5      	OUT  MCUCR,R30
                 
                 ;CLEAR R2-R14
000034 e08d      	LDI  R24,(14-2)+1
000035 e0a2      	LDI  R26,2
000036 27bb      	CLR  R27
                 __CLEAR_REG:
000037 93ed      	ST   X+,R30
000038 958a      	DEC  R24
000039 f7e9      	BRNE __CLEAR_REG
                 
                 ;CLEAR SRAM
00003a e080      	LDI  R24,LOW(__CLEAR_SRAM_SIZE)
00003b e094      	LDI  R25,HIGH(__CLEAR_SRAM_SIZE)
00003c e6a0      	LDI  R26,__SRAM_START
                 __CLEAR_SRAM:
00003d 93ed      	ST   X+,R30
00003e 9701      	SBIW R24,1
00003f f7e9      	BRNE __CLEAR_SRAM
                 
                 ;GLOBAL VARIABLES INITIALIZATION
000040 e4e6      	LDI  R30,LOW(__GLOBAL_INI_TBL*2)
000041 e0f0      	LDI  R31,HIGH(__GLOBAL_INI_TBL*2)
                 __GLOBAL_INI_NEXT:
000042 9185      	LPM  R24,Z+
000043 9195      	LPM  R25,Z+
000044 9700      	SBIW R24,0
000045 f061      	BREQ __GLOBAL_INI_END
000046 91a5      	LPM  R26,Z+
000047 91b5      	LPM  R27,Z+
000048 9005      	LPM  R0,Z+
000049 9015      	LPM  R1,Z+
00004a 01bf      	MOVW R22,R30
00004b 01f0      	MOVW R30,R0
                 __GLOBAL_INI_LOOP:
00004c 9005      	LPM  R0,Z+
00004d 920d      	ST   X+,R0
00004e 9701      	SBIW R24,1
00004f f7e1      	BRNE __GLOBAL_INI_LOOP
000050 01fb      	MOVW R30,R22
000051 cff0      	RJMP __GLOBAL_INI_NEXT
                 __GLOBAL_INI_END:
                 
                 ;HARDWARE STACK POINTER INITIALIZATION
000052 e5ef      	LDI  R30,LOW(__SRAM_END-__HEAP_SIZE)
000053 bfed      	OUT  SPL,R30
000054 e0e4      	LDI  R30,HIGH(__SRAM_END-__HEAP_SIZE)
000055 bfee      	OUT  SPH,R30
                 
                 ;DATA STACK POINTER INITIALIZATION
000056 e6c0      	LDI  R28,LOW(__SRAM_START+__DSTACK_SIZE)
000057 e0d1      	LDI  R29,HIGH(__SRAM_START+__DSTACK_SIZE)
                 
000058 c078      	RJMP _main
                 
                 	.ESEG
                 	.ORG 0
                 
                 	.DSEG
                 	.ORG 0x160
                 
                 	.CSEG
                 ;/*******************************************************
                 ;This program was created by the
                 ;CodeWizardAVR V3.22 Evaluation
                 ;Automatic Program Generator
                 ;© Copyright 1998-2015 Pavel Haiduc, HP InfoTech s.r.l.
                 ;http://www.hpinfotech.com
                 ;
                 ;Project :
                 ;Version :
                 ;Date    : 26.11.2015
                 ;Author  :
                 ;Company :
                 ;Comments:
                 ;
                 ;
                 ;Chip type               : ATmega8
                 ;Program type            : Application
                 ;AVR Core Clock frequency: 8,000000 MHz
                 ;Memory model            : Small
                 ;External RAM size       : 0
                 ;Data Stack size         : 256
                 ;*******************************************************/
                 ;
                 ;#include <io.h>
                 	#ifndef __SLEEP_DEFINED__
                 	#define __SLEEP_DEFINED__
                 	.EQU __se_bit=0x80
                 	.EQU __sm_mask=0x70
                 	.EQU __sm_powerdown=0x20
                 	.EQU __sm_powersave=0x30
                 	.EQU __sm_standby=0x60
                 	.EQU __sm_ext_standby=0x70
                 	.EQU __sm_adc_noise_red=0x10
                 	.SET power_ctrl_reg=mcucr
                 	#endif
                 ;
                 ;// Alphanumeric LCD functions
                 ;#include <alcd.h>
                 ;#include <stdlib.h>
                 ;
                 ;// Declare your global variables here
                 ;unsigned char NewState, OldState, OldVol, upState, downState;
                 ;unsigned char Vol = 0x7F;
                 ;
                 ;void EncoderScan(void);
                 ;void LcdOut (unsigned char);
                 ;
                 ;
                 ;// Timer 0 overflow interrupt service routine
                 ;interrupt [TIM0_OVF] void timer0_ovf_isr(void)
                 ; 0000 0028 {
                 
                 	.CSEG
                 _timer0_ovf_isr:
                 ; .FSTART _timer0_ovf_isr
000059 920a      	ST   -Y,R0
00005a 921a      	ST   -Y,R1
00005b 92fa      	ST   -Y,R15
00005c 936a      	ST   -Y,R22
00005d 937a      	ST   -Y,R23
00005e 938a      	ST   -Y,R24
00005f 939a      	ST   -Y,R25
000060 93aa      	ST   -Y,R26
000061 93ba      	ST   -Y,R27
000062 93ea      	ST   -Y,R30
000063 93fa      	ST   -Y,R31
000064 b7ef      	IN   R30,SREG
000065 93ea      	ST   -Y,R30
                 ; 0000 0029     // Reinitialize Timer 0 value
                 ; 0000 002A     TCNT0=0xAD;
000066 eaed      	LDI  R30,LOW(173)
000067 bfe2      	OUT  0x32,R30
                 ; 0000 002B     // Place your code here
                 ; 0000 002C     EncoderScan();
000068 d00e      	RCALL _EncoderScan
                 ; 0000 002D 
                 ; 0000 002E }
000069 91e9      	LD   R30,Y+
00006a bfef      	OUT  SREG,R30
00006b 91f9      	LD   R31,Y+
00006c 91e9      	LD   R30,Y+
00006d 91b9      	LD   R27,Y+
00006e 91a9      	LD   R26,Y+
00006f 9199      	LD   R25,Y+
000070 9189      	LD   R24,Y+
000071 9179      	LD   R23,Y+
000072 9169      	LD   R22,Y+
000073 90f9      	LD   R15,Y+
000074 9019      	LD   R1,Y+
000075 9009      	LD   R0,Y+
000076 9518      	RETI
                 ; .FEND
                 ;
                 ;void EncoderScan(void)
                 ; 0000 0031 {
                 _EncoderScan:
                 ; .FSTART _EncoderScan
                 ; 0000 0032     NewState = PINB & 0x03;
000077 b3e6      	IN   R30,0x16
000078 70e3      	ANDI R30,LOW(0x3)
000079 2e5e      	MOV  R5,R30
                 ; 0000 0033     if (NewState != OldState) {
00007a 1445      	CP   R4,R5
00007b f1e1      	BREQ _0x3
                 ; 0000 0034         switch (OldState) {
00007c 2de4      	MOV  R30,R4
00007d e0f0      	LDI  R31,0
                 ; 0000 0035             case 2:
00007e 30e2      	CPI  R30,LOW(0x2)
00007f e0a0      	LDI  R26,HIGH(0x2)
000080 07fa      	CPC  R31,R26
000081 f441      	BRNE _0x7
                 ; 0000 0036                 {
                 ; 0000 0037                 if (NewState == 3)upState++;
000082 e0e3      	LDI  R30,LOW(3)
000083 15e5      	CP   R30,R5
000084 f409      	BRNE _0x8
000085 9463      	INC  R6
                 ; 0000 0038                 if (NewState == 0)downState++;
                 _0x8:
000086 2055      	TST  R5
000087 f409      	BRNE _0x9
000088 9493      	INC  R9
                 ; 0000 0039                 break;
                 _0x9:
000089 c023      	RJMP _0x6
                 ; 0000 003A                 }
                 ; 0000 003B             case 0:
                 _0x7:
00008a 9730      	SBIW R30,0
00008b f449      	BRNE _0xA
                 ; 0000 003C                 {
                 ; 0000 003D                 if (NewState == 2)upState++;
00008c e0e2      	LDI  R30,LOW(2)
00008d 15e5      	CP   R30,R5
00008e f409      	BRNE _0xB
00008f 9463      	INC  R6
                 ; 0000 003E                 if (NewState == 1)downState++;
                 _0xB:
000090 e0e1      	LDI  R30,LOW(1)
000091 15e5      	CP   R30,R5
000092 f409      	BRNE _0xC
000093 9493      	INC  R9
                 ; 0000 003F                 break;
                 _0xC:
000094 c018      	RJMP _0x6
                 ; 0000 0040                 }
                 ; 0000 0041             case 1:
                 _0xA:
000095 30e1      	CPI  R30,LOW(0x1)
000096 e0a0      	LDI  R26,HIGH(0x1)
000097 07fa      	CPC  R31,R26
000098 f441      	BRNE _0xD
                 ; 0000 0042                 {
                 ; 0000 0043                 if (NewState == 0)upState++;
000099 2055      	TST  R5
00009a f409      	BRNE _0xE
00009b 9463      	INC  R6
                 ; 0000 0044                 if (NewState == 3)downState++;
                 _0xE:
00009c e0e3      	LDI  R30,LOW(3)
00009d 15e5      	CP   R30,R5
00009e f409      	BRNE _0xF
00009f 9493      	INC  R9
                 ; 0000 0045                 break;
                 _0xF:
0000a0 c00c      	RJMP _0x6
                 ; 0000 0046                 }
                 ; 0000 0047             case 3:
                 _0xD:
0000a1 30e3      	CPI  R30,LOW(0x3)
0000a2 e0a0      	LDI  R26,HIGH(0x3)
0000a3 07fa      	CPC  R31,R26
0000a4 f441      	BRNE _0x6
                 ; 0000 0048                 {
                 ; 0000 0049                 if (NewState == 1)upState++;
0000a5 e0e1      	LDI  R30,LOW(1)
0000a6 15e5      	CP   R30,R5
0000a7 f409      	BRNE _0x11
0000a8 9463      	INC  R6
                 ; 0000 004A                 if (NewState == 2)downState++;
                 _0x11:
0000a9 e0e2      	LDI  R30,LOW(2)
0000aa 15e5      	CP   R30,R5
0000ab f409      	BRNE _0x12
0000ac 9493      	INC  R9
                 ; 0000 004B                 break;
                 _0x12:
                 ; 0000 004C                 }
                 ; 0000 004D         };
                 _0x6:
                 ; 0000 004E         OldState = NewState;
0000ad 2c45      	MOV  R4,R5
                 ; 0000 004F         if (upState >= 4) {
0000ae e0e4      	LDI  R30,LOW(4)
0000af 166e      	CP   R6,R30
0000b0 f010      	BRLO _0x13
                 ; 0000 0050             Vol++;
0000b1 9483      	INC  R8
                 ; 0000 0051             upState = 0;
0000b2 2466      	CLR  R6
                 ; 0000 0052         };
                 _0x13:
                 ; 0000 0053         if (downState >= 4) {
0000b3 e0e4      	LDI  R30,LOW(4)
0000b4 169e      	CP   R9,R30
0000b5 f010      	BRLO _0x14
                 ; 0000 0054             Vol--;
0000b6 948a      	DEC  R8
                 ; 0000 0055             downState = 0;
0000b7 2499      	CLR  R9
                 ; 0000 0056         };
                 _0x14:
                 ; 0000 0057 
                 ; 0000 0058     };
                 _0x3:
                 ; 0000 0059 
                 ; 0000 005A }
0000b8 9508      	RET
                 ; .FEND
                 ;
                 ;
                 ;void LcdOut (unsigned char pwVol )
                 ; 0000 005E {
                 _LcdOut:
                 ; .FSTART _LcdOut
                 ; 0000 005F      char Duty[];
                 ; 0000 0060      lcd_clear();
0000b9 93aa      	ST   -Y,R26
                 ;	pwVol -> Y+0
                 ;	Duty -> Y+0
0000ba d085      	RCALL _lcd_clear
                 ; 0000 0061      lcd_putsf("Duty cicle =");
                +
0000bb e2a8     +LDI R26 , LOW ( 2 * _0x0 + ( 0 ) )
0000bc e0b0     +LDI R27 , HIGH ( 2 * _0x0 + ( 0 ) )
                 	__POINTW2FN _0x0,0
0000bd d0b0      	RCALL _lcd_putsf
                 ; 0000 0062      itoa(pwVol*100/255,Duty);
0000be 81a8      	LD   R26,Y
0000bf e6e4      	LDI  R30,LOW(100)
0000c0 9fea      	MUL  R30,R26
0000c1 01f0      	MOVW R30,R0
0000c2 01df      	MOVW R26,R30
0000c3 efef      	LDI  R30,LOW(255)
0000c4 e0f0      	LDI  R31,HIGH(255)
0000c5 d144      	RCALL __DIVW21
0000c6 93fa      	ST   -Y,R31
0000c7 93ea      	ST   -Y,R30
0000c8 01de      	MOVW R26,R28
0000c9 9612      	ADIW R26,2
0000ca d0e1      	RCALL _itoa
                 ; 0000 0063      lcd_puts(Duty);
0000cb 01de      	MOVW R26,R28
0000cc d092      	RCALL _lcd_puts
                 ; 0000 0064      lcd_putsf("%");
                +
0000cd e3a5     +LDI R26 , LOW ( 2 * _0x0 + ( 13 ) )
0000ce e0b0     +LDI R27 , HIGH ( 2 * _0x0 + ( 13 ) )
                 	__POINTW2FN _0x0,13
0000cf d09e      	RCALL _lcd_putsf
                 ; 0000 0065 }
0000d0 c0d9      	RJMP _0x20A0001
                 ; .FEND
                 ;
                 ;void main(void)
                 ; 0000 0068 {
                 _main:
                 ; .FSTART _main
                 ; 0000 0069 // Declare your local variables here
                 ; 0000 006A 
                 ; 0000 006B // Input/Output Ports initialization
                 ; 0000 006C // Port B initialization
                 ; 0000 006D // Function: Bit7=In Bit6=In Bit5=In Bit4=Out Bit3=Out Bit2=In Bit1=In Bit0=In
                 ; 0000 006E DDRB=(0<<DDB7) | (0<<DDB6) | (0<<DDB5) | (1<<DDB4) | (1<<DDB3) | (0<<DDB2) | (0<<DDB1) | (0<<DDB0);
0000d1 e1e8      	LDI  R30,LOW(24)
0000d2 bbe7      	OUT  0x17,R30
                 ; 0000 006F // State: Bit7=T Bit6=T Bit5=T Bit4=0 Bit3=0 Bit2=T Bit1=P Bit0=P
                 ; 0000 0070 PORTB=(0<<PORTB7) | (0<<PORTB6) | (0<<PORTB5) | (0<<PORTB4) | (0<<PORTB3) | (0<<PORTB2) | (1<<PORTB1) | (1<<PORTB0);
0000d3 e0e3      	LDI  R30,LOW(3)
0000d4 bbe8      	OUT  0x18,R30
                 ; 0000 0071 
                 ; 0000 0072 // Port C initialization
                 ; 0000 0073 // Function: Bit6=In Bit5=Out Bit4=Out Bit3=Out Bit2=Out Bit1=Out Bit0=Out
                 ; 0000 0074 DDRC=(0<<DDC6) | (1<<DDC5) | (1<<DDC4) | (1<<DDC3) | (1<<DDC2) | (1<<DDC1) | (1<<DDC0);
0000d5 e3ef      	LDI  R30,LOW(63)
0000d6 bbe4      	OUT  0x14,R30
                 ; 0000 0075 // State: Bit6=T Bit5=0 Bit4=0 Bit3=0 Bit2=0 Bit1=0 Bit0=0
                 ; 0000 0076 PORTC=(0<<PORTC6) | (0<<PORTC5) | (0<<PORTC4) | (0<<PORTC3) | (0<<PORTC2) | (0<<PORTC1) | (0<<PORTC0);
0000d7 e0e0      	LDI  R30,LOW(0)
0000d8 bbe5      	OUT  0x15,R30
                 ; 0000 0077 
                 ; 0000 0078 // Port D initialization
                 ; 0000 0079 // Function: Bit7=In Bit6=In Bit5=In Bit4=In Bit3=In Bit2=In Bit1=In Bit0=In
                 ; 0000 007A DDRD=(0<<DDD7) | (0<<DDD6) | (0<<DDD5) | (0<<DDD4) | (0<<DDD3) | (0<<DDD2) | (0<<DDD1) | (0<<DDD0);
0000d9 bbe1      	OUT  0x11,R30
                 ; 0000 007B // State: Bit7=T Bit6=T Bit5=T Bit4=T Bit3=T Bit2=T Bit1=T Bit0=T
                 ; 0000 007C PORTD=(0<<PORTD7) | (0<<PORTD6) | (0<<PORTD5) | (0<<PORTD4) | (0<<PORTD3) | (0<<PORTD2) | (0<<PORTD1) | (0<<PORTD0);
0000da bbe2      	OUT  0x12,R30
                 ; 0000 007D 
                 ; 0000 007E // Timer/Counter 0 initialization
                 ; 0000 007F // Clock source: System Clock
                 ; 0000 0080 // Clock value: 125,000 kHz
                 ; 0000 0081 TCCR0=(0<<CS02) | (1<<CS01) | (1<<CS00);
0000db e0e3      	LDI  R30,LOW(3)
0000dc bfe3      	OUT  0x33,R30
                 ; 0000 0082 TCNT0=0xAD;
0000dd eaed      	LDI  R30,LOW(173)
0000de bfe2      	OUT  0x32,R30
                 ; 0000 0083 
                 ; 0000 0084 // Timer/Counter 1 initialization
                 ; 0000 0085 // Clock source: System Clock
                 ; 0000 0086 // Clock value: Timer1 Stopped
                 ; 0000 0087 // Mode: Normal top=0xFFFF
                 ; 0000 0088 // OC1A output: Disconnected
                 ; 0000 0089 // OC1B output: Disconnected
                 ; 0000 008A // Noise Canceler: Off
                 ; 0000 008B // Input Capture on Falling Edge
                 ; 0000 008C // Timer1 Overflow Interrupt: Off
                 ; 0000 008D // Input Capture Interrupt: Off
                 ; 0000 008E // Compare A Match Interrupt: Off
                 ; 0000 008F // Compare B Match Interrupt: Off
                 ; 0000 0090 TCCR1A=(0<<COM1A1) | (0<<COM1A0) | (0<<COM1B1) | (0<<COM1B0) | (0<<WGM11) | (0<<WGM10);
0000df e0e0      	LDI  R30,LOW(0)
0000e0 bdef      	OUT  0x2F,R30
                 ; 0000 0091 TCCR1B=(0<<ICNC1) | (0<<ICES1) | (0<<WGM13) | (0<<WGM12) | (0<<CS12) | (0<<CS11) | (0<<CS10);
0000e1 bdee      	OUT  0x2E,R30
                 ; 0000 0092 TCNT1H=0x00;
0000e2 bded      	OUT  0x2D,R30
                 ; 0000 0093 TCNT1L=0x00;
0000e3 bdec      	OUT  0x2C,R30
                 ; 0000 0094 ICR1H=0x00;
0000e4 bde7      	OUT  0x27,R30
                 ; 0000 0095 ICR1L=0x00;
0000e5 bde6      	OUT  0x26,R30
                 ; 0000 0096 OCR1AH=0x00;
0000e6 bdeb      	OUT  0x2B,R30
                 ; 0000 0097 OCR1AL=0x00;
0000e7 bdea      	OUT  0x2A,R30
                 ; 0000 0098 OCR1BH=0x00;
0000e8 bde9      	OUT  0x29,R30
                 ; 0000 0099 OCR1BL=0x00;
0000e9 bde8      	OUT  0x28,R30
                 ; 0000 009A 
                 ; 0000 009B // Timer/Counter 2 initialization
                 ; 0000 009C // Clock source: System Clock
                 ; 0000 009D // Clock value: 125,000 kHz
                 ; 0000 009E // Mode: Fast PWM top=0xFF
                 ; 0000 009F // OC2 output: Non-Inverted PWM
                 ; 0000 00A0 // Timer Period: 2,048 ms
                 ; 0000 00A1 // Output Pulse(s):
                 ; 0000 00A2 // OC2 Period: 2,048 ms Width: 0,99589 ms
                 ; 0000 00A3 ASSR=0<<AS2;
0000ea bde2      	OUT  0x22,R30
                 ; 0000 00A4 TCCR2=(1<<PWM2) | (1<<COM21) | (0<<COM20) | (1<<CTC2) | (1<<CS22) | (0<<CS21) | (0<<CS20);
0000eb e6ec      	LDI  R30,LOW(108)
0000ec bde5      	OUT  0x25,R30
                 ; 0000 00A5 TCNT2=0x83;
0000ed e8e3      	LDI  R30,LOW(131)
0000ee bde4      	OUT  0x24,R30
                 ; 0000 00A6 OCR2=0x7F;
0000ef e7ef      	LDI  R30,LOW(127)
0000f0 bde3      	OUT  0x23,R30
                 ; 0000 00A7 
                 ; 0000 00A8 // Timer(s)/Counter(s) Interrupt(s) initialization
                 ; 0000 00A9 TIMSK=(0<<OCIE2) | (0<<TOIE2) | (0<<TICIE1) | (0<<OCIE1A) | (0<<OCIE1B) | (0<<TOIE1) | (1<<TOIE0);
0000f1 e0e1      	LDI  R30,LOW(1)
0000f2 bfe9      	OUT  0x39,R30
                 ; 0000 00AA 
                 ; 0000 00AB // External Interrupt(s) initialization
                 ; 0000 00AC // INT0: Off
                 ; 0000 00AD // INT1: Off
                 ; 0000 00AE MCUCR=(0<<ISC11) | (0<<ISC10) | (0<<ISC01) | (0<<ISC00);
0000f3 e0e0      	LDI  R30,LOW(0)
0000f4 bfe5      	OUT  0x35,R30
                 ; 0000 00AF 
                 ; 0000 00B0 // USART initialization
                 ; 0000 00B1 // USART disabled
                 ; 0000 00B2 UCSRB=(0<<RXCIE) | (0<<TXCIE) | (0<<UDRIE) | (0<<RXEN) | (0<<TXEN) | (0<<UCSZ2) | (0<<RXB8) | (0<<TXB8);
0000f5 b9ea      	OUT  0xA,R30
                 ; 0000 00B3 
                 ; 0000 00B4 // Analog Comparator initialization
                 ; 0000 00B5 // Analog Comparator: Off
                 ; 0000 00B6 // The Analog Comparator's positive input is
                 ; 0000 00B7 // connected to the AIN0 pin
                 ; 0000 00B8 // The Analog Comparator's negative input is
                 ; 0000 00B9 // connected to the AIN1 pin
                 ; 0000 00BA ACSR=(1<<ACD) | (0<<ACBG) | (0<<ACO) | (0<<ACI) | (0<<ACIE) | (0<<ACIC) | (0<<ACIS1) | (0<<ACIS0);
0000f6 e8e0      	LDI  R30,LOW(128)
0000f7 b9e8      	OUT  0x8,R30
                 ; 0000 00BB SFIOR=(0<<ACME);
0000f8 e0e0      	LDI  R30,LOW(0)
0000f9 bfe0      	OUT  0x30,R30
                 ; 0000 00BC 
                 ; 0000 00BD // ADC initialization
                 ; 0000 00BE // ADC disabled
                 ; 0000 00BF ADCSRA=(0<<ADEN) | (0<<ADSC) | (0<<ADFR) | (0<<ADIF) | (0<<ADIE) | (0<<ADPS2) | (0<<ADPS1) | (0<<ADPS0);
0000fa b9e6      	OUT  0x6,R30
                 ; 0000 00C0 
                 ; 0000 00C1 // SPI initialization
                 ; 0000 00C2 // SPI disabled
                 ; 0000 00C3 SPCR=(0<<SPIE) | (0<<SPE) | (0<<DORD) | (0<<MSTR) | (0<<CPOL) | (0<<CPHA) | (0<<SPR1) | (0<<SPR0);
0000fb b9ed      	OUT  0xD,R30
                 ; 0000 00C4 
                 ; 0000 00C5 // TWI initialization
                 ; 0000 00C6 // TWI disabled
                 ; 0000 00C7 TWCR=(0<<TWEA) | (0<<TWSTA) | (0<<TWSTO) | (0<<TWEN) | (0<<TWIE);
0000fc bfe6      	OUT  0x36,R30
                 ; 0000 00C8 
                 ; 0000 00C9 // Alphanumeric LCD initialization
                 ; 0000 00CA // Connections are specified in the
                 ; 0000 00CB // Project|Configure|C Compiler|Libraries|Alphanumeric LCD menu:
                 ; 0000 00CC // RS - PORTC Bit 0
                 ; 0000 00CD // RD - PORTB Bit 4
                 ; 0000 00CE // EN - PORTC Bit 1
                 ; 0000 00CF // D4 - PORTC Bit 2
                 ; 0000 00D0 // D5 - PORTC Bit 3
                 ; 0000 00D1 // D6 - PORTC Bit 4
                 ; 0000 00D2 // D7 - PORTC Bit 5
                 ; 0000 00D3 // Characters/line: 16
                 ; 0000 00D4 lcd_init(16);
0000fd e1a0      	LDI  R26,LOW(16)
0000fe d082      	RCALL _lcd_init
                 ; 0000 00D5 
                 ; 0000 00D6 // Globally enable interrupts
                 ; 0000 00D7 #asm("sei")
0000ff 9478      	sei
                 ; 0000 00D8 
                 ; 0000 00D9 while (1)
                 _0x15:
                 ; 0000 00DA       {
                 ; 0000 00DB       // Place your code here
                 ; 0000 00DC       if (Vol != OldVol) {
000100 1478      	CP   R7,R8
000101 f021      	BREQ _0x18
                 ; 0000 00DD           LcdOut(Vol);
000102 2da8      	MOV  R26,R8
000103 dfb5      	RCALL _LcdOut
                 ; 0000 00DE           OldVol = Vol;
000104 2c78      	MOV  R7,R8
                 ; 0000 00DF           OCR2=Vol;
000105 bc83      	OUT  0x23,R8
                 ; 0000 00E0       };
                 _0x18:
                 ; 0000 00E1 
                 ; 0000 00E2 
                 ; 0000 00E3       }
000106 cff9      	RJMP _0x15
                 ; 0000 00E4 }
                 _0x19:
000107 cfff      	RJMP _0x19
                 ; .FEND
                 	#ifndef __SLEEP_DEFINED__
                 	#endif
                 
                 	.DSEG
                 
                 	.CSEG
                 __lcd_write_nibble_G100:
                 ; .FSTART __lcd_write_nibble_G100
000108 93aa      	ST   -Y,R26
000109 81e8      	LD   R30,Y
00010a 71e0      	ANDI R30,LOW(0x10)
00010b f011      	BREQ _0x2000004
00010c 9aaa      	SBI  0x15,2
00010d c001      	RJMP _0x2000005
                 _0x2000004:
00010e 98aa      	CBI  0x15,2
                 _0x2000005:
00010f 81e8      	LD   R30,Y
000110 72e0      	ANDI R30,LOW(0x20)
000111 f011      	BREQ _0x2000006
000112 9aab      	SBI  0x15,3
000113 c001      	RJMP _0x2000007
                 _0x2000006:
000114 98ab      	CBI  0x15,3
                 _0x2000007:
000115 81e8      	LD   R30,Y
000116 74e0      	ANDI R30,LOW(0x40)
000117 f011      	BREQ _0x2000008
000118 9aac      	SBI  0x15,4
000119 c001      	RJMP _0x2000009
                 _0x2000008:
00011a 98ac      	CBI  0x15,4
                 _0x2000009:
00011b 81e8      	LD   R30,Y
00011c 78e0      	ANDI R30,LOW(0x80)
00011d f011      	BREQ _0x200000A
00011e 9aad      	SBI  0x15,5
00011f c001      	RJMP _0x200000B
                 _0x200000A:
000120 98ad      	CBI  0x15,5
                 _0x200000B:
000121 d0b8      	RCALL SUBOPT_0x0
000122 9aa9      	SBI  0x15,1
000123 d0b6      	RCALL SUBOPT_0x0
000124 98a9      	CBI  0x15,1
000125 d0b4      	RCALL SUBOPT_0x0
000126 c083      	RJMP _0x20A0001
                 ; .FEND
                 __lcd_write_data:
                 ; .FSTART __lcd_write_data
000127 93aa      	ST   -Y,R26
000128 81a8      	LD   R26,Y
000129 dfde      	RCALL __lcd_write_nibble_G100
00012a 81e8          ld    r30,y
00012b 95e2          swap  r30
00012c 83e8          st    y,r30
00012d 81a8      	LD   R26,Y
00012e dfd9      	RCALL __lcd_write_nibble_G100
                +
00012f e885     +LDI R24 , LOW ( 133 )
                +__DELAY_USB_LOOP :
000130 958a     +DEC R24
000131 f7f1     +BRNE __DELAY_USB_LOOP
                 	__DELAY_USB 133
000132 c077      	RJMP _0x20A0001
                 ; .FEND
                 _lcd_gotoxy:
                 ; .FSTART _lcd_gotoxy
000133 93aa      	ST   -Y,R26
000134 81e8      	LD   R30,Y
000135 e0f0      	LDI  R31,0
000136 5ae0      	SUBI R30,LOW(-__base_y_G100)
000137 4ffe      	SBCI R31,HIGH(-__base_y_G100)
000138 81e0      	LD   R30,Z
000139 81a9      	LDD  R26,Y+1
00013a 0fae      	ADD  R26,R30
00013b dfeb      	RCALL __lcd_write_data
00013c 80b9      	LDD  R11,Y+1
00013d 80a8      	LDD  R10,Y+0
00013e 9622      	ADIW R28,2
00013f 9508      	RET
                 ; .FEND
                 _lcd_clear:
                 ; .FSTART _lcd_clear
000140 e0a2      	LDI  R26,LOW(2)
000141 d09c      	RCALL SUBOPT_0x1
000142 e0ac      	LDI  R26,LOW(12)
000143 dfe3      	RCALL __lcd_write_data
000144 e0a1      	LDI  R26,LOW(1)
000145 d098      	RCALL SUBOPT_0x1
000146 e0e0      	LDI  R30,LOW(0)
000147 2eae      	MOV  R10,R30
000148 2ebe      	MOV  R11,R30
000149 9508      	RET
                 ; .FEND
                 _lcd_putchar:
                 ; .FSTART _lcd_putchar
00014a 93aa      	ST   -Y,R26
00014b 81a8      	LD   R26,Y
00014c 30aa      	CPI  R26,LOW(0xA)
00014d f011      	BREQ _0x2000011
00014e 14bd      	CP   R11,R13
00014f f048      	BRLO _0x2000010
                 _0x2000011:
000150 e0e0      	LDI  R30,LOW(0)
000151 93ea      	ST   -Y,R30
000152 94a3      	INC  R10
000153 2daa      	MOV  R26,R10
000154 dfde      	RCALL _lcd_gotoxy
000155 81a8      	LD   R26,Y
000156 30aa      	CPI  R26,LOW(0xA)
000157 f409      	BRNE _0x2000013
000158 c051      	RJMP _0x20A0001
                 _0x2000013:
                 _0x2000010:
000159 94b3      	INC  R11
00015a 9aa8      	SBI  0x15,0
00015b 81a8      	LD   R26,Y
00015c dfca      	RCALL __lcd_write_data
00015d 98a8      	CBI  0x15,0
00015e c04b      	RJMP _0x20A0001
                 ; .FEND
                 _lcd_puts:
                 ; .FSTART _lcd_puts
00015f 93ba      	ST   -Y,R27
000160 93aa      	ST   -Y,R26
000161 931a      	ST   -Y,R17
                 _0x2000014:
000162 81a9      	LDD  R26,Y+1
000163 81ba      	LDD  R27,Y+1+1
000164 91ed      	LD   R30,X+
000165 83a9      	STD  Y+1,R26
000166 83ba      	STD  Y+1+1,R27
000167 2f1e      	MOV  R17,R30
000168 30e0      	CPI  R30,0
000169 f019      	BREQ _0x2000016
00016a 2fa1      	MOV  R26,R17
00016b dfde      	RCALL _lcd_putchar
00016c cff5      	RJMP _0x2000014
                 _0x2000016:
00016d c010      	RJMP _0x20A0002
                 ; .FEND
                 _lcd_putsf:
                 ; .FSTART _lcd_putsf
00016e 93ba      	ST   -Y,R27
00016f 93aa      	ST   -Y,R26
000170 931a      	ST   -Y,R17
                 _0x2000017:
000171 81e9      	LDD  R30,Y+1
000172 81fa      	LDD  R31,Y+1+1
000173 9631      	ADIW R30,1
000174 83e9      	STD  Y+1,R30
000175 83fa      	STD  Y+1+1,R31
000176 9731      	SBIW R30,1
000177 91e4      	LPM  R30,Z
000178 2f1e      	MOV  R17,R30
000179 30e0      	CPI  R30,0
00017a f019      	BREQ _0x2000019
00017b 2fa1      	MOV  R26,R17
00017c dfcd      	RCALL _lcd_putchar
00017d cff3      	RJMP _0x2000017
                 _0x2000019:
                 _0x20A0002:
00017e 8118      	LDD  R17,Y+0
00017f 9623      	ADIW R28,3
000180 9508      	RET
                 ; .FEND
                 _lcd_init:
                 ; .FSTART _lcd_init
000181 93aa      	ST   -Y,R26
000182 9aa2      	SBI  0x14,2
000183 9aa3      	SBI  0x14,3
000184 9aa4      	SBI  0x14,4
000185 9aa5      	SBI  0x14,5
000186 9aa1      	SBI  0x14,1
000187 9aa0      	SBI  0x14,0
000188 9abc      	SBI  0x17,4
000189 98a9      	CBI  0x15,1
00018a 98a8      	CBI  0x15,0
00018b 98c4      	CBI  0x18,4
00018c 80d8      	LDD  R13,Y+0
00018d 81e8      	LD   R30,Y
00018e 58e0      	SUBI R30,-LOW(128)
                +
00018f 93e0 0162+STS __base_y_G100 + ( 2 ) , R30
                 	__PUTB1MN __base_y_G100,2
000191 81e8      	LD   R30,Y
000192 54e0      	SUBI R30,-LOW(192)
                +
000193 93e0 0163+STS __base_y_G100 + ( 3 ) , R30
                 	__PUTB1MN __base_y_G100,3
000195 e1a4      	LDI  R26,LOW(20)
000196 e0b0      	LDI  R27,0
000197 d051      	RCALL _delay_ms
000198 d049      	RCALL SUBOPT_0x2
000199 d048      	RCALL SUBOPT_0x2
00019a d047      	RCALL SUBOPT_0x2
00019b e2a0      	LDI  R26,LOW(32)
00019c df6b      	RCALL __lcd_write_nibble_G100
                +
00019d ec88     +LDI R24 , LOW ( 200 )
00019e e090     +LDI R25 , HIGH ( 200 )
                +__DELAY_USW_LOOP :
00019f 9701     +SBIW R24 , 1
0001a0 f7f1     +BRNE __DELAY_USW_LOOP
                 	__DELAY_USW 200
0001a1 e2a8      	LDI  R26,LOW(40)
0001a2 df84      	RCALL __lcd_write_data
0001a3 e0a4      	LDI  R26,LOW(4)
0001a4 df82      	RCALL __lcd_write_data
0001a5 e8a5      	LDI  R26,LOW(133)
0001a6 df80      	RCALL __lcd_write_data
0001a7 e0a6      	LDI  R26,LOW(6)
0001a8 df7e      	RCALL __lcd_write_data
0001a9 df96      	RCALL _lcd_clear
                 _0x20A0001:
0001aa 9621      	ADIW R28,1
0001ab 9508      	RET
                 ; .FEND
                 
                 	.CSEG
                 _itoa:
                 ; .FSTART _itoa
0001ac 93ba      	ST   -Y,R27
0001ad 93aa      	ST   -Y,R26
0001ae 91a9          ld   r26,y+
0001af 91b9          ld   r27,y+
0001b0 91e9          ld   r30,y+
0001b1 91f9          ld   r31,y+
0001b2 9630          adiw r30,0
0001b3 f42a          brpl __itoa0
0001b4 95e0          com  r30
0001b5 95f0          com  r31
0001b6 9631          adiw r30,1
0001b7 e26d          ldi  r22,'-'
0001b8 936d          st   x+,r22
                 __itoa0:
0001b9 94e8          clt
0001ba e180          ldi  r24,low(10000)
0001bb e297          ldi  r25,high(10000)
0001bc d00d          rcall __itoa1
0001bd ee88          ldi  r24,low(1000)
0001be e093          ldi  r25,high(1000)
0001bf d00a          rcall __itoa1
0001c0 e684          ldi  r24,100
0001c1 2799          clr  r25
0001c2 d007          rcall __itoa1
0001c3 e08a          ldi  r24,10
0001c4 d005          rcall __itoa1
0001c5 2f6e          mov  r22,r30
0001c6 d010          rcall __itoa5
0001c7 2766          clr  r22
0001c8 936c          st   x,r22
0001c9 9508          ret
                 
                 __itoa1:
0001ca 2766          clr	 r22
                 __itoa2:
0001cb 17e8          cp   r30,r24
0001cc 07f9          cpc  r31,r25
0001cd f020          brlo __itoa3
0001ce 9563          inc  r22
0001cf 1be8          sub  r30,r24
0001d0 0bf9          sbc  r31,r25
0001d1 f7c9          brne __itoa2
                 __itoa3:
0001d2 2366          tst  r22
0001d3 f411          brne __itoa4
0001d4 f016          brts __itoa5
0001d5 9508          ret
                 __itoa4:
0001d6 9468          set
                 __itoa5:
0001d7 5d60          subi r22,-0x30
0001d8 936d          st   x+,r22
0001d9 9508          ret
                 ; .FEND
                 
                 	.DSEG
                 
                 	.CSEG
                 
                 	.CSEG
                 
                 	.CSEG
                 
                 	.CSEG
                 
                 	.DSEG
                 __base_y_G100:
000160           	.BYTE 0x4
                 __seed_G101:
000164           	.BYTE 0x4
                 
                 	.CSEG
                 ;OPTIMIZER ADDED SUBROUTINE, CALLED 3 TIMES, CODE SIZE REDUCTION:2 WORDS
                 SUBOPT_0x0:
                +
0001da e08d     +LDI R24 , LOW ( 13 )
                +__DELAY_USB_LOOP :
0001db 958a     +DEC R24
0001dc f7f1     +BRNE __DELAY_USB_LOOP
                 	__DELAY_USB 13
0001dd 9508      	RET
                 
                 ;OPTIMIZER ADDED SUBROUTINE, CALLED 2 TIMES, CODE SIZE REDUCTION:1 WORDS
                 SUBOPT_0x1:
0001de df48      	RCALL __lcd_write_data
0001df e0a3      	LDI  R26,LOW(3)
0001e0 e0b0      	LDI  R27,0
0001e1 c007      	RJMP _delay_ms
                 
                 ;OPTIMIZER ADDED SUBROUTINE, CALLED 3 TIMES, CODE SIZE REDUCTION:8 WORDS
                 SUBOPT_0x2:
0001e2 e3a0      	LDI  R26,LOW(48)
0001e3 df24      	RCALL __lcd_write_nibble_G100
                +
0001e4 ec88     +LDI R24 , LOW ( 200 )
0001e5 e090     +LDI R25 , HIGH ( 200 )
                +__DELAY_USW_LOOP :
0001e6 9701     +SBIW R24 , 1
0001e7 f7f1     +BRNE __DELAY_USW_LOOP
                 	__DELAY_USW 200
0001e8 9508      	RET
                 
                 
                 	.CSEG
                 _delay_ms:
0001e9 9610      	adiw r26,0
0001ea f039      	breq __delay_ms1
                 __delay_ms0:
                +
0001eb ed80     +LDI R24 , LOW ( 0x7D0 )
0001ec e097     +LDI R25 , HIGH ( 0x7D0 )
                +__DELAY_USW_LOOP :
0001ed 9701     +SBIW R24 , 1
0001ee f7f1     +BRNE __DELAY_USW_LOOP
                 	__DELAY_USW 0x7D0
0001ef 95a8      	wdr
0001f0 9711      	sbiw r26,1
0001f1 f7c9      	brne __delay_ms0
                 __delay_ms1:
0001f2 9508      	ret
                 
                 __ANEGW1:
0001f3 95f1      	NEG  R31
0001f4 95e1      	NEG  R30
0001f5 40f0      	SBCI R31,0
0001f6 9508      	RET
                 
                 __DIVW21U:
0001f7 2400      	CLR  R0
0001f8 2411      	CLR  R1
0001f9 e190      	LDI  R25,16
                 __DIVW21U1:
0001fa 0faa      	LSL  R26
0001fb 1fbb      	ROL  R27
0001fc 1c00      	ROL  R0
0001fd 1c11      	ROL  R1
0001fe 1a0e      	SUB  R0,R30
0001ff 0a1f      	SBC  R1,R31
000200 f418      	BRCC __DIVW21U2
000201 0e0e      	ADD  R0,R30
000202 1e1f      	ADC  R1,R31
000203 c001      	RJMP __DIVW21U3
                 __DIVW21U2:
000204 60a1      	SBR  R26,1
                 __DIVW21U3:
000205 959a      	DEC  R25
000206 f799      	BRNE __DIVW21U1
000207 01fd      	MOVW R30,R26
000208 01d0      	MOVW R26,R0
000209 9508      	RET
                 
                 __DIVW21:
00020a d004      	RCALL __CHKSIGNW
00020b dfeb      	RCALL __DIVW21U
00020c f40e      	BRTC __DIVW211
00020d dfe5      	RCALL __ANEGW1
                 __DIVW211:
00020e 9508      	RET
                 
                 __CHKSIGNW:
00020f 94e8      	CLT
000210 fff7      	SBRS R31,7
000211 c002      	RJMP __CHKSW1
000212 dfe0      	RCALL __ANEGW1
000213 9468      	SET
                 __CHKSW1:
000214 ffb7      	SBRS R27,7
000215 c006      	RJMP __CHKSW2
000216 95a0      	COM  R26
000217 95b0      	COM  R27
000218 9611      	ADIW R26,1
000219 f800      	BLD  R0,0
00021a 9403      	INC  R0
00021b fa00      	BST  R0,0
                 __CHKSW2:
00021c 9508      	RET
                 
                 ;END OF CODE MARKER
                 __END_OF_CODE:


RESOURCE USE INFORMATION
------------------------

Notice:
The register and instruction counts are symbol table hit counts,
and hence implicitly used resources are not counted, eg, the
'lpm' instruction without operands implicitly uses r0 and z,
none of which are counted.

x,y,z are separate entities in the symbol table and are
counted separately from r26..r31 here.

.dseg memory usage only counts static data declared with .byte

ATmega8 register use summary:
r0 :  15 r1 :   7 r2 :   0 r3 :   0 r4 :   3 r5 :  11 r6 :   6 r7 :   2 
r8 :   6 r9 :   6 r10:   4 r11:   4 r12:   0 r13:   2 r14:   0 r15:   2 
r16:   0 r17:   7 r18:   0 r19:   0 r20:   0 r21:   0 r22:  14 r23:   2 
r24:  25 r25:  14 r26:  64 r27:  17 r28:   6 r29:   1 r30: 143 r31:  24 
x  :   7 y  :  73 z  :   9 
Registers used: 26 out of 35 (74.3%)

ATmega8 instruction use summary:
.lds  :   0 .lds.l:   0 .sts  :   0 .sts.l:   0 adc   :   1 add   :   2 
adiw  :   9 and   :   0 andi  :   5 asr   :   0 bclr  :   0 bld   :   1 
brbc  :   0 brbs  :   0 brcc  :   1 brcs  :   0 break :   0 breq  :  11 
brge  :   0 brhc  :   0 brhs  :   0 brid  :   0 brie  :   0 brlo  :   4 
brlt  :   0 brmi  :   0 brne  :  25 brpl  :   1 brsh  :   0 brtc  :   1 
brts  :   1 brvc  :   0 brvs  :   0 bset  :   0 bst   :   1 cbi   :   9 
cbr   :   0 clc   :   0 clh   :   0 cli   :   1 cln   :   0 clr   :   9 
cls   :   0 clt   :   2 clv   :   0 clz   :   0 com   :   4 cp    :  12 
cpc   :   4 cpi   :   7 cpse  :   0 dec   :   5 des   :   0 eor   :   0 
fmul  :   0 fmuls :   0 fmulsu:   0 icall :   0 ijmp  :   0 in    :   2 
inc   :  13 ld    :  32 ldd   :   9 ldi   :  79 lds   :   0 lpm   :   9 
lsl   :   1 lsr   :   0 mov   :  13 movw  :   9 mul   :   1 muls  :   0 
mulsu :   0 neg   :   2 nop   :   0 or    :   0 ori   :   0 out   :  39 
pop   :   0 push  :   0 rcall :  43 ret   :  15 reti  :   1 rjmp  :  42 
rol   :   3 ror   :   0 sbc   :   2 sbci  :   2 sbi   :  13 sbic  :   0 
sbis  :   0 sbiw  :   9 sbr   :   1 sbrc  :   0 sbrs  :   2 sec   :   0 
seh   :   0 sei   :   1 sen   :   0 ser   :   0 ses   :   0 set   :   2 
sev   :   0 sez   :   0 sleep :   0 spm   :   0 st    :  36 std   :   4 
sts   :   2 sub   :   2 subi  :   4 swap  :   1 tst   :   3 wdr   :   1 

Instructions used: 55 out of 114 (48.2%)

ATmega8 memory use summary [bytes]:
Segment   Begin    End      Code   Data   Used    Size   Use%
---------------------------------------------------------------
[.cseg] 0x000000 0x00043a   1030     52   1082    8192  13.2%
[.dseg] 0x000060 0x000168      0      8      8    1024   0.8%
[.eseg] 0x000000 0x000000      0      0      0     512   0.0%

Assembly complete, 0 errors, 13 warnings
